#
# A fatal error has been detected by the Java Runtime Environment:
#
#  EXCEPTION_PRIV_INSTRUCTION (0xc0000096) at pc=0x018b26e1, pid=3964, tid=3200
#
# JRE version: 6.0_31-b05
# Java VM: Java HotSpot(TM) Client VM (20.6-b01 mixed mode, sharing windows-x86 )
# Problematic frame:
# j  org.eclipse.jdt.internal.core.search.PatternSearchJob.search(Lorg/eclipse/jdt/internal/core/index/Index;Lorg/eclipse/core/runtime/IProgressMonitor;)Z+73
#
# If you would like to submit a bug report, please visit:
#   http://java.sun.com/webapps/bugreport/crash.jsp
#

---------------  T H R E A D  ---------------

Current thread (0x06cc6c00):  JavaThread "org.eclipse.jdt.internal.ui.text.JavaReconciler" daemon [_thread_in_Java, id=3200, stack(0x091d0000,0x092d0000)]

siginfo: ExceptionCode=0xc0000096

Registers:
EAX=0x00000000, EBX=0x00000061, ECX=0x00000008, EDX=0x00300000
ESP=0x092cef2c, EBP=0x092cef90, ESI=0x299bc0f7, EDI=0x092cefb0
EIP=0x018b26e1, EFLAGS=0x00010216

Top of Stack: (sp=0x092cef2c)
0x092cef2c:   092cefb0 299bc0f7 092cef90 092cef4c
0x092cef3c:   00000061 00000136 00000040 bb9886ab
0x092cef4c:   018b26db 6da0c04c bb9886ab 00000136
0x092cef5c:   bb9886ab 00000136 00000000 00000000
0x092cef6c:   18735698 092cef70 299bc0f1 092cefb0
0x092cef7c:   299be9f8 00000000 299bc188 00000000
0x092cef8c:   092cefa8 092cefd8 018b304d 00000000
0x092cef9c:   bb9886ab 00000136 1df8cc88 00000000 

Instructions: (pc=0x018b26e1)
0x018b26c1:   7c c0 a0 6d e8 00 00 00 00 60 e8 80 76 08 6c f4
0x018b26d1:   68 4c c0 a0 6d e8 00 00 00 00 60 e8 6f 76 08 6c
0x018b26e1:   f4 66 90 00 00 00 00 00 00 00 00 00 00 00 00 c0
0x018b26f1:   15 00 00 38 c0 a0 6d ff ff ff ff 00 00 00 00 e9 


Register to memory mapping:

EAX=0x00000000 is an unknown value
EBX=0x00000061 is an unknown value
ECX=0x00000008 is an unknown value
EDX=0x00300000 is an unknown value
ESP=0x092cef2c is pointing into the stack for thread: 0x06cc6c00
EBP=0x092cef90 is pointing into the stack for thread: 0x06cc6c00
ESI=0x299bc0f7 is an oop
{constMethod} 
 - klass: {other class}
 - method:       0x299bc188 {method} 'search' '(Lorg/eclipse/jdt/internal/core/index/Index;Lorg/eclipse/core/runtime/IProgressMonitor;)Z' in 'org/eclipse/jdt/internal/core/search/PatternSearchJob'
 - exceptions:   0x299bc038
bci_from(299BC0F7) = 79; print_codes():
EDI=0x092cefb0 is pointing into the stack for thread: 0x06cc6c00


Stack: [0x091d0000,0x092d0000],  sp=0x092cef2c,  free space=1019k
Native frames: (J=compiled Java code, j=interpreted, Vv=VM code, C=native code)
j  org.eclipse.jdt.internal.core.search.PatternSearchJob.search(Lorg/eclipse/jdt/internal/core/index/Index;Lorg/eclipse/core/runtime/IProgressMonitor;)Z+73
j  org.eclipse.jdt.internal.core.search.PatternSearchJob.execute(Lorg/eclipse/core/runtime/IProgressMonitor;)Z+65
j  org.eclipse.jdt.internal.core.search.processing.JobManager.performConcurrentJob(Lorg/eclipse/jdt/internal/core/search/processing/IJob;ILorg/eclipse/core/runtime/IProgressMonitor;)Z+794
j  org.eclipse.jdt.internal.core.search.BasicSearchEngine.searchAllSecondaryTypeNames([Lorg/eclipse/jdt/core/IPackageFragmentRoot;Lorg/eclipse/jdt/internal/core/search/IRestrictedAccessTypeRequestor;ZLorg/eclipse/core/runtime/IProgressMonitor;)V+314
j  org.eclipse.jdt.internal.core.JavaModelManager.secondaryTypesSearching(Lorg/eclipse/jdt/core/IJavaProject;ZLorg/eclipse/core/runtime/IProgressMonitor;Lorg/eclipse/jdt/internal/core/JavaModelManager$PerProjectInfo;)Ljava/util/Map;+192
j  org.eclipse.jdt.internal.core.JavaModelManager.secondaryTypes(Lorg/eclipse/jdt/core/IJavaProject;ZLorg/eclipse/core/runtime/IProgressMonitor;)Ljava/util/Map;+133
j  org.eclipse.jdt.internal.core.NameLookup.findSecondaryType(Ljava/lang/String;Ljava/lang/String;Lorg/eclipse/jdt/core/IJavaProject;ZLorg/eclipse/core/runtime/IProgressMonitor;)Lorg/eclipse/jdt/core/IType;+93
j  org.eclipse.jdt.internal.core.NameLookup.findType(Ljava/lang/String;Ljava/lang/String;ZIZZZLorg/eclipse/core/runtime/IProgressMonitor;)Lorg/eclipse/jdt/internal/core/NameLookup$Answer;+356
j  org.eclipse.jdt.internal.core.NameLookup.findType(Ljava/lang/String;Ljava/lang/String;ZIZ)Lorg/eclipse/jdt/internal/core/NameLookup$Answer;+11
j  org.eclipse.jdt.internal.core.SearchableEnvironment.find(Ljava/lang/String;Ljava/lang/String;)Lorg/eclipse/jdt/internal/compiler/env/NameEnvironmentAnswer;+20
j  org.eclipse.jdt.internal.core.SearchableEnvironment.findType([C[[C)Lorg/eclipse/jdt/internal/compiler/env/NameEnvironmentAnswer;+32
j  org.eclipse.jdt.internal.core.CancelableNameEnvironment.findType([C[[C)Lorg/eclipse/jdt/internal/compiler/env/NameEnvironmentAnswer;+7
j  org.eclipse.jdt.internal.compiler.lookup.LookupEnvironment.askForType(Lorg/eclipse/jdt/internal/compiler/lookup/PackageBinding;[C)Lorg/eclipse/jdt/internal/compiler/lookup/ReferenceBinding;+27
j  org.eclipse.jdt.internal.compiler.lookup.PackageBinding.getTypeOrPackage([C)Lorg/eclipse/jdt/internal/compiler/lookup/Binding;+76
j  org.eclipse.jdt.internal.compiler.lookup.Scope.getTypeOrPackage([CI)Lorg/eclipse/jdt/internal/compiler/lookup/Binding;+923
j  org.eclipse.jdt.internal.compiler.lookup.Scope.getType([C)Lorg/eclipse/jdt/internal/compiler/lookup/TypeBinding;+14
j  org.eclipse.jdt.internal.compiler.ast.SingleTypeReference.getTypeBinding(Lorg/eclipse/jdt/internal/compiler/lookup/Scope;)Lorg/eclipse/jdt/internal/compiler/lookup/TypeBinding;+18
j  org.eclipse.jdt.internal.compiler.ast.TypeReference.resolveType(Lorg/eclipse/jdt/internal/compiler/lookup/ClassScope;)Lorg/eclipse/jdt/internal/compiler/lookup/TypeBinding;+36
j  org.eclipse.jdt.internal.compiler.ast.TypeReference.resolveSuperType(Lorg/eclipse/jdt/internal/compiler/lookup/ClassScope;)Lorg/eclipse/jdt/internal/compiler/lookup/TypeBinding;+2
j  org.eclipse.jdt.internal.compiler.lookup.ClassScope.findSupertype(Lorg/eclipse/jdt/internal/compiler/ast/TypeReference;)Lorg/eclipse/jdt/internal/compiler/lookup/ReferenceBinding;+35
j  org.eclipse.jdt.internal.compiler.lookup.ClassScope.connectSuperInterfaces()Z+134
j  org.eclipse.jdt.internal.compiler.lookup.ClassScope.connectTypeHierarchy()V+40
j  org.eclipse.jdt.internal.compiler.lookup.CompilationUnitScope.connectTypeHierarchy()V+20
j  org.eclipse.jdt.internal.compiler.lookup.LookupEnvironment.completeTypeBindings()V+72
j  org.eclipse.jdt.internal.compiler.lookup.LookupEnvironment.completeTypeBindings(Lorg/eclipse/jdt/internal/compiler/ast/CompilationUnitDeclaration;)V+9
j  org.eclipse.jdt.internal.core.CompilationUnitProblemFinder.accept([Lorg/eclipse/jdt/internal/compiler/env/ISourceType;Lorg/eclipse/jdt/internal/compiler/lookup/PackageBinding;Lorg/eclipse/jdt/internal/compiler/env/AccessRestriction;)V+64
j  org.eclipse.jdt.internal.compiler.lookup.LookupEnvironment.askForType(Lorg/eclipse/jdt/internal/compiler/lookup/PackageBinding;[C)Lorg/eclipse/jdt/internal/compiler/lookup/ReferenceBinding;+114
j  org.eclipse.jdt.internal.compiler.lookup.PackageBinding.getTypeOrPackage([C)Lorg/eclipse/jdt/internal/compiler/lookup/Binding;+76
j  org.eclipse.jdt.internal.compiler.lookup.CompilationUnitScope.findImport([[CI)Lorg/eclipse/jdt/internal/compiler/lookup/Binding;+41
j  org.eclipse.jdt.internal.compiler.lookup.CompilationUnitScope.findSingleImport([[CZ)Lorg/eclipse/jdt/internal/compiler/lookup/Binding;+91
j  org.eclipse.jdt.internal.compiler.lookup.CompilationUnitScope.faultInImports()V+468
j  org.eclipse.jdt.internal.compiler.lookup.CompilationUnitScope.faultInTypes()V+1
j  org.eclipse.jdt.internal.compiler.Compiler.resolve(Lorg/eclipse/jdt/internal/compiler/ast/CompilationUnitDeclaration;Lorg/eclipse/jdt/internal/compiler/env/ICompilationUnit;ZZZ)Lorg/eclipse/jdt/internal/compiler/ast/CompilationUnitDeclaration;+74
j  org.eclipse.jdt.internal.compiler.Compiler.resolve(Lorg/eclipse/jdt/internal/compiler/env/ICompilationUnit;ZZZ)Lorg/eclipse/jdt/internal/compiler/ast/CompilationUnitDeclaration;+7
j  org.eclipse.jdt.internal.core.CompilationUnitProblemFinder.process(Lorg/eclipse/jdt/internal/compiler/ast/CompilationUnitDeclaration;Lorg/eclipse/jdt/core/ICompilationUnit;[CLorg/eclipse/jdt/internal/compiler/parser/Parser;Lorg/eclipse/jdt/core/WorkingCopyOwner;Ljava/util/HashMap;ZILorg/eclipse/core/runtime/IProgressMonitor;)Lorg/eclipse/jdt/internal/compiler/ast/CompilationUnitDeclaration;+162
j  org.eclipse.jdt.internal.core.CompilationUnitProblemFinder.process(Lorg/eclipse/jdt/core/ICompilationUnit;[CLorg/eclipse/jdt/core/WorkingCopyOwner;Ljava/util/HashMap;ZILorg/eclipse/core/runtime/IProgressMonitor;)Lorg/eclipse/jdt/internal/compiler/ast/CompilationUnitDeclaration;+12
j  org.eclipse.jdt.internal.core.ReconcileWorkingCopyOperation.makeConsistent(Lorg/eclipse/jdt/internal/core/CompilationUnit;)Lorg/eclipse/jdt/core/dom/CompilationUnit;+208
j  org.eclipse.jdt.internal.core.ReconcileWorkingCopyOperation.executeOperation()V+130
j  org.eclipse.jdt.internal.core.JavaModelOperation.run(Lorg/eclipse/core/runtime/IProgressMonitor;)V+45
j  org.eclipse.jdt.internal.core.JavaModelOperation.runOperation(Lorg/eclipse/core/runtime/IProgressMonitor;)V+32
j  org.eclipse.jdt.internal.core.CompilationUnit.reconcile(IILorg/eclipse/jdt/core/WorkingCopyOwner;Lorg/eclipse/core/runtime/IProgressMonitor;)Lorg/eclipse/jdt/core/dom/CompilationUnit;+78
j  org.eclipse.jdt.internal.ui.text.java.JavaReconcilingStrategy$1.run()V+97
J  org.eclipse.core.runtime.SafeRunner.run(Lorg/eclipse/core/runtime/ISafeRunnable;)V
j  org.eclipse.jdt.internal.ui.text.java.JavaReconcilingStrategy.initialReconcile()V+2
j  org.eclipse.jdt.internal.ui.text.CompositeReconcilingStrategy.initialReconcile()V+36
j  org.eclipse.jdt.internal.ui.text.JavaCompositeReconcilingStrategy.initialReconcile()V+16
j  org.eclipse.jface.text.reconciler.MonoReconciler.initialProcess()V+19
j  org.eclipse.jdt.internal.ui.text.JavaReconciler.initialProcess()V+8
j  org.eclipse.jface.text.reconciler.AbstractReconciler$BackgroundThread.run()V+44
v  ~StubRoutines::call_stub
V  [jvm.dll+0xfac3b]
V  [jvm.dll+0x18c3a1]
V  [jvm.dll+0xfade1]
V  [jvm.dll+0xfae3b]
V  [jvm.dll+0xb5569]
V  [jvm.dll+0x118f14]
V  [jvm.dll+0x140ffc]
C  [MSVCR71.dll+0x9565]  endthreadex+0xa0
C  [kernel32.dll+0x4ed6c]  BaseThreadInitThunk+0x12
C  [ntdll.dll+0x6377b]  RtlInitializeExceptionChain+0xef
C  [ntdll.dll+0x6374e]  RtlInitializeExceptionChain+0xc2


---------------  P R O C E S S  ---------------

Java Threads: ( => current thread )
=>0x06cc6c00 JavaThread "org.eclipse.jdt.internal.ui.text.JavaReconciler" daemon [_thread_in_Java, id=3200, stack(0x091d0000,0x092d0000)]
  0x06cc6400 JavaThread "com.metys.merlin.generation.templates.presentation.JETReconciler" daemon [_thread_blocked, id=5248, stack(0x07fa0000,0x080a0000)]
  0x06cc6000 JavaThread "Thread-6" [_thread_blocked, id=2548, stack(0x07ea0000,0x07fa0000)]
  0x06cc5800 JavaThread "Timer-2" [_thread_blocked, id=5788, stack(0x07ca0000,0x07da0000)]
  0x06cc5400 JavaThread "Timer-1" [_thread_blocked, id=3636, stack(0x07ba0000,0x07ca0000)]
  0x06c26c00 JavaThread "Timer-0" [_thread_blocked, id=4624, stack(0x07aa0000,0x07ba0000)]
  0x06c35c00 JavaThread "Worker-4" [_thread_blocked, id=860, stack(0x079a0000,0x07aa0000)]
  0x04429c00 JavaThread "Worker-3" [_thread_blocked, id=5036, stack(0x05940000,0x05a40000)]
  0x0529cc00 JavaThread "Worker-2" [_thread_blocked, id=1928, stack(0x05840000,0x05940000)]
  0x068dac00 JavaThread "Worker-1" [_thread_blocked, id=1464, stack(0x074f0000,0x075f0000)]
  0x0557a400 JavaThread "Java indexing" daemon [_thread_blocked, id=5628, stack(0x072d0000,0x073d0000)]
  0x04432c00 JavaThread "Worker-0" [_thread_blocked, id=4792, stack(0x05740000,0x05840000)]
  0x04302000 JavaThread "Start Level Event Dispatcher" daemon [_thread_blocked, id=4340, stack(0x04940000,0x04a40000)]
  0x04301800 JavaThread "Framework Event Dispatcher" daemon [_thread_blocked, id=3056, stack(0x047e0000,0x048e0000)]
  0x04301000 JavaThread "State Data Manager" daemon [_thread_blocked, id=840, stack(0x046c0000,0x047c0000)]
  0x01838800 JavaThread "Low Memory Detector" daemon [_thread_blocked, id=5716, stack(0x04050000,0x04150000)]
  0x01834400 JavaThread "C1 CompilerThread0" daemon [_thread_blocked, id=3556, stack(0x03f50000,0x04050000)]
  0x01833c00 JavaThread "Attach Listener" daemon [_thread_blocked, id=4592, stack(0x03e50000,0x03f50000)]
  0x0182b000 JavaThread "Signal Dispatcher" daemon [_thread_blocked, id=1176, stack(0x03d50000,0x03e50000)]
  0x0181d800 JavaThread "Finalizer" daemon [_thread_blocked, id=5104, stack(0x03c50000,0x03d50000)]
  0x0181c400 JavaThread "Reference Handler" daemon [_thread_blocked, id=3904, stack(0x03b50000,0x03c50000)]
  0x003e9000 JavaThread "main" [_thread_in_native, id=4100, stack(0x00030000,0x00130000)]

Other Threads:
  0x017df800 VMThread [stack: 0x03a50000,0x03b50000] [id=5892]
  0x01839800 WatcherThread [stack: 0x04150000,0x04250000] [id=928]

VM state:not at safepoint (normal execution)

VM Mutex/Monitor currently owned by a thread: None

Heap
 def new generation   total 22336K, used 16947K [0x17760000, 0x18f90000, 0x1ccb0000)
  eden space 19904K,  81% used [0x17760000, 0x18736968, 0x18ad0000)
  from space 2432K,  29% used [0x18d30000, 0x18de6560, 0x18f90000)
  to   space 2432K,   0% used [0x18ad0000, 0x18ad0000, 0x18d30000)
 tenured generation   total 49332K, used 25187K [0x1ccb0000, 0x1fcdd000, 0x27760000)
   the space 49332K,  51% used [0x1ccb0000, 0x1e548dc8, 0x1e548e00, 0x1fcdd000)
 compacting perm gen  total 45056K, used 44883K [0x27760000, 0x2a360000, 0x37760000)
   the space 45056K,  99% used [0x27760000, 0x2a334f50, 0x2a335000, 0x2a360000)
    ro space 10240K,  51% used [0x37760000, 0x37c8e318, 0x37c8e400, 0x38160000)
    rw space 12288K,  55% used [0x38160000, 0x387fa088, 0x387fa200, 0x38d60000)

Code Cache  [0x018b0000, 0x01c88000, 0x038b0000)
 total_blobs=1851 nmethods=1646 adapters=138 free_code_cache=29554816 largest_free_block=384

Dynamic libraries:
0x00400000 - 0x0040e000 	C:\GeradorJava\jet\eclipse\eclipse.exe
0x776d0000 - 0x7780c000 	C:\Windows\SYSTEM32\ntdll.dll
0x760b0000 - 0x76184000 	C:\Windows\system32\kernel32.dll
0x75a80000 - 0x75aca000 	C:\Windows\system32\KERNELBASE.dll
0x75d10000 - 0x75dd9000 	C:\Windows\system32\USER32.dll
0x76980000 - 0x769ce000 	C:\Windows\system32\GDI32.dll
0x75b60000 - 0x75b6a000 	C:\Windows\system32\LPK.dll
0x76230000 - 0x762cd000 	C:\Windows\system32\USP10.dll
0x77850000 - 0x778fc000 	C:\Windows\system32\msvcrt.dll
0x659c0000 - 0x65a44000 	C:\Windows\WinSxS\x86_microsoft.windows.common-controls_6595b64144ccf1df_5.82.7601.17514_none_ec83dffa859149af\COMCTL32.dll
0x76190000 - 0x76230000 	C:\Windows\system32\ADVAPI32.dll
0x77820000 - 0x77839000 	C:\Windows\SYSTEM32\sechost.dll
0x77620000 - 0x776c1000 	C:\Windows\system32\RPCRT4.dll
0x763a0000 - 0x763bf000 	C:\Windows\system32\IMM32.DLL
0x763c0000 - 0x7648c000 	C:\Windows\system32\MSCTF.dll
0x72000000 - 0x72012000 	C:\GeradorJava\jet\eclipse\plugins\org.eclipse.equinox.launcher.win32.win32.x86_1.0.3.R33x_v20080118\eclipse_1023.dll
0x74d20000 - 0x74d29000 	C:\Windows\system32\VERSION.dll
0x745b0000 - 0x745f0000 	C:\Windows\system32\uxtheme.dll
0x70f00000 - 0x70f09000 	C:\ProgramData\Real\RealPlayer\BrowserRecordPlugin\Chrome\Hook\rpchrome150browserrecordhelper.dll
0x73920000 - 0x739c3000 	C:\Windows\WinSxS\x86_microsoft.vc90.crt_1fc8b3b9a1e18e3b_9.0.30729.6161_none_50934f2ebcb7eb57\MSVCR90.dll
0x769d0000 - 0x7761a000 	C:\Windows\system32\SHELL32.dll
0x76650000 - 0x766a7000 	C:\Windows\system32\SHLWAPI.dll
0x6d7f0000 - 0x6da9f000 	C:\Program Files\Java\jre6\bin\client\jvm.dll
0x70cd0000 - 0x70d02000 	C:\Windows\system32\WINMM.dll
0x7c340000 - 0x7c396000 	C:\Windows\system32\MSVCR71.dll
0x75790000 - 0x757dc000 	C:\Windows\system32\apphelp.dll
0x6d7a0000 - 0x6d7ac000 	C:\Program Files\Java\jre6\bin\verify.dll
0x6d320000 - 0x6d33f000 	C:\Program Files\Java\jre6\bin\java.dll
0x6d7e0000 - 0x6d7ef000 	C:\Program Files\Java\jre6\bin\zip.dll
0x752e0000 - 0x752f6000 	C:\Windows\system32\CRYPTSP.dll
0x75070000 - 0x750ab000 	C:\Windows\system32\rsaenh.dll
0x74e80000 - 0x74e97000 	C:\Windows\system32\USERENV.dll
0x75860000 - 0x7586b000 	C:\Windows\system32\profapi.dll
0x757e0000 - 0x757ec000 	C:\Windows\system32\CRYPTBASE.dll
0x6d600000 - 0x6d613000 	C:\Program Files\Java\jre6\bin\net.dll
0x762d0000 - 0x76305000 	C:\Windows\system32\WS2_32.dll
0x76010000 - 0x76016000 	C:\Windows\system32\NSI.dll
0x752a0000 - 0x752dc000 	C:\Windows\system32\mswsock.dll
0x75290000 - 0x75296000 	C:\Windows\System32\wship6.dll
0x733c0000 - 0x733d0000 	C:\Windows\system32\NLAapi.dll
0x6bb50000 - 0x6bb60000 	C:\Windows\system32\napinsp.dll
0x6bb30000 - 0x6bb42000 	C:\Windows\system32\pnrpnsp.dll
0x70550000 - 0x70577000 	C:\Program Files\Common Files\Microsoft Shared\Windows Live\WLIDNSP.DLL
0x77810000 - 0x77815000 	C:\Windows\system32\PSAPI.DLL
0x75160000 - 0x751a4000 	C:\Windows\system32\DNSAPI.dll
0x6bb20000 - 0x6bb28000 	C:\Windows\System32\winrnr.dll
0x74db0000 - 0x74db5000 	C:\Windows\System32\wshtcpip.dll
0x71ee0000 - 0x71efc000 	C:\Windows\system32\IPHLPAPI.DLL
0x71ec0000 - 0x71ec7000 	C:\Windows\system32\WINNSI.DLL
0x70540000 - 0x70546000 	C:\Windows\system32\rasadhlp.dll
0x71d90000 - 0x71dc8000 	C:\Windows\System32\fwpuclnt.dll
0x75eb0000 - 0x7600c000 	C:\Windows\system32\ole32.dll
0x76020000 - 0x760a3000 	C:\Windows\system32\CLBCatQ.DLL
0x766b0000 - 0x7673f000 	C:\Windows\system32\OLEAUT32.dll
0x6d620000 - 0x6d629000 	C:\Program Files\Java\jre6\bin\nio.dll
0x10000000 - 0x1004f000 	C:\GeradorJava\jet\eclipse\configuration\org.eclipse.osgi\bundles\334\1\.cp\swt-win32-3349.dll
0x74730000 - 0x748ce000 	C:\Windows\WinSxS\x86_microsoft.windows.common-controls_6595b64144ccf1df_6.0.7601.17514_none_41e6975e2bd6f2b2\COMCTL32.dll
0x75e30000 - 0x75eab000 	C:\Windows\system32\comdlg32.dll
0x76860000 - 0x7697b000 	C:\Windows\system32\WININET.dll
0x77840000 - 0x77843000 	C:\Windows\system32\Normaliz.dll
0x76490000 - 0x76648000 	C:\Windows\system32\iertutil.dll
0x76740000 - 0x76851000 	C:\Windows\system32\urlmon.dll
0x74280000 - 0x74293000 	C:\Windows\system32\dwmapi.dll
0x04900000 - 0x04908000 	C:\GeradorJava\jet\eclipse\configuration\org.eclipse.osgi\bundles\36\1\.cp\os\win32\x86\localfile_1_0_0.dll
0x73c70000 - 0x73cac000 	C:\Windows\system32\oleacc.dll
0x063d0000 - 0x063e4000 	C:\GeradorJava\jet\eclipse\configuration\org.eclipse.osgi\bundles\334\1\.cp\swt-gdip-win32-3349.dll
0x74420000 - 0x745b0000 	C:\Windows\WinSxS\x86_microsoft.windows.gdiplus_6595b64144ccf1df_1.1.7601.17514_none_72d18a4386696c80\gdiplus.dll
0x75850000 - 0x7585e000 	C:\Windows\system32\RpcRtRemote.dll
0x736c0000 - 0x736ee000 	C:\Windows\system32\mlang.dll
0x73cf0000 - 0x73cf5000 	C:\Windows\system32\msimg32.dll

VM Arguments:
jvm_args: -XX:MaxPermSize=256M 
java_command: <unknown>
Launcher Type: generic

Environment Variables:
JAVA_HOME=C:\JDK\6_30
PATH=C:\Program Files\Java\jre6\bin\client;C:\Program Files\Java\jre6\bin;C:\Program Files\Common Files\Microsoft Shared\Windows Live;C:\Windows\system32;C:\Windows;C:\Windows\System32\Wbem;C:\Windows\System32\WindowsPowerShell\v1.0\;C:\Program Files\Windows Live\Shared;C:\JDK\6_30\bin;c:\Program Files\Microsoft ASP.NET\ASP.NET Web Pages\v1.0\;C:\Program Files\TortoiseSVN\bin;c:\Program Files\Microsoft SQL Server\100\Tools\Binn\;c:\Program Files\Microsoft SQL Server\100\DTS\Binn\;c:\Program Files\Microsoft SQL Server\100\Tools\Binn\VSShell\Common7\IDE\;C:\Program Files\CVSNT\
USERNAME=Paulo
OS=Windows_NT
PROCESSOR_IDENTIFIER=x86 Family 6 Model 23 Stepping 10, GenuineIntel



---------------  S Y S T E M  ---------------

OS: Windows 7 Build 7601 Service Pack 1

CPU:total 2 (2 cores per cpu, 1 threads per core) family 6 model 23 stepping 10, cmov, cx8, fxsr, mmx, sse, sse2, sse3, ssse3

Memory: 4k page, physical 3135672k(1207628k free), swap 6269588k(3915268k free)

vm_info: Java HotSpot(TM) Client VM (20.6-b01) for windows-x86 JRE (1.6.0_31-b05), built on Feb  3 2012 18:44:09 by "java_re" with MS VC++ 7.1 (VS2003)

time: Mon Apr 16 11:39:57 2012
elapsed time: 68 seconds

