#
# A fatal error has been detected by the Java Runtime Environment:
#
#  EXCEPTION_ACCESS_VIOLATION (0xc0000005) at pc=0x1e455355, pid=47, tid=48
#
# JRE version: Java(TM) SE Runtime Environment (8.0_40-b25) (build 1.8.0_40-b25)
# Java VM: Java HotSpot(TM) Client VM (25.40-b25 mixed mode windows-x86 )
# Problematic frame:
# C  0x1e455355
#
# Failed to write core dump. Minidumps are not enabled by default on client versions of Windows
#
# If you would like to submit a bug report, please visit:
#   http://bugreport.java.com/bugreport/crash.jsp
# The crash happened outside the Java Virtual Machine in native code.
# See problematic frame for where to report the bug.
#

---------------  T H R E A D  ---------------

Current thread (0x00637000):  JavaThread "main" [_thread_in_native, id=48, stack(0x00240000,0x00340000)]

siginfo: ExceptionCode=0xc0000005, reading address 0x1e455355

Registers:
EAX=0x1e455355, EBX=0x7ec5a000, ECX=0x00000000, EDX=0x7ec5a000
ESP=0x0033da6c, EBP=0x0033da98, ESI=0x000a03ce, EDI=0x000a03ce
EIP=0x1e455355, EFLAGS=0x00210202

Top of Stack: (sp=0x0033da6c)
0x0033da6c:   7ec1a62a 000a03ce 00000086 00000000
0x0033da7c:   0003006e 6d2aa541 14030b30 0033daa8
0x0033da8c:   7ec5a000 000a03ce 000a03ce 0033dae8
0x0033da9c:   7ec1ad4b 1e455355 000a03ce 00000086
0x0033daac:   00000000 0003006e 7ec5a000 0033dae8
0x0033dabc:   7ec1ad19 00110060 00000020 7eb91c59
0x0033dacc:   7ec08a3c 7ed25320 0033db34 7ec1ad0b
0x0033dadc:   7ec5a000 00001e45 000a03ce 0033db38 

Instructions: (pc=0x1e455355)
0x1e455335:   
[error occurred during error reporting (printing registers, top of stack, instructions near pc), id 0xc0000005]

Register to memory mapping:

EAX=0x1e455355 is an unknown value
EBX=0x7ec5a000 is an unknown value
ECX=0x00000000 is an unknown value
EDX=0x7ec5a000 is an unknown value
ESP=0x0033da6c is pointing into the stack for thread: 0x00637000
EBP=0x0033da98 is pointing into the stack for thread: 0x00637000
ESI=0x000a03ce is an unknown value
EDI=0x000a03ce is an unknown value


Stack: [0x00240000,0x00340000],  sp=0x0033da6c,  free space=1014k
Native frames: (J=compiled Java code, j=interpreted, Vv=VM code, C=native code)
C  0x1e455355
C  [user32.dll+0x9ad4b]
C  [user32.dll+0x9d514]
C  [user32.dll+0x2cad0]  DefDlgProcW+0x70
C  [user32.dll+0x9a62a]  WINPROC_wrapper+0x1a
C  [user32.dll+0x9ac57]
C  [user32.dll+0x9d055]
C  [user32.dll+0x5eb4e]
C  [user32.dll+0x65794]
C  [user32.dll+0x65a10]  SendMessageW+0x60
C  [user32.dll+0x4107e]
C  [user32.dll+0x4134e]
C  [user32.dll+0x4147c]  SetForegroundWindow+0x5c
C  [user32.dll+0x953e1]
C  [user32.dll+0x8c832]
C  [user32.dll+0x8fc47]  DestroyWindow+0x197
C  [swt-win32-3349.dll+0x3578]
j  org.eclipse.swt.widgets.Control.destroyWidget()V+14
j  org.eclipse.swt.widgets.Shell.destroyWidget()V+5
j  org.eclipse.swt.widgets.Widget.release(Z)V+79
j  org.eclipse.swt.widgets.Widget.dispose()V+23
j  org.eclipse.swt.widgets.Decorations.dispose()V+52
j  org.eclipse.swt.widgets.Shell.dispose()V+1
j  org.eclipse.jface.window.Window.close()Z+65
j  org.eclipse.jface.dialogs.PopupDialog.close()Z+60
j  org.eclipse.jface.dialogs.PopupDialog$1.handleEvent(Lorg/eclipse/swt/widgets/Event;)V+42
J 1451 C1 org.eclipse.swt.widgets.EventTable.sendEvent(Lorg/eclipse/swt/widgets/Event;)V (532 bytes) @ 0x00a72868 [0x00a727b0+0xb8]
J 2698 C1 org.eclipse.swt.widgets.Widget.sendEvent(ILorg/eclipse/swt/widgets/Event;Z)V (88 bytes) @ 0x0096a630 [0x0096a4d0+0x160]
j  org.eclipse.swt.widgets.Widget.sendEvent(I)V+4
j  org.eclipse.swt.widgets.Decorations.WM_ACTIVATE(II)Lorg/eclipse/swt/internal/win32/LRESULT;+207
j  org.eclipse.swt.widgets.Shell.WM_ACTIVATE(II)Lorg/eclipse/swt/internal/win32/LRESULT;+166
J 1317 C1 org.eclipse.swt.widgets.Control.windowProc(IIII)I (1722 bytes) @ 0x00a3ceb4 [0x00a3c000+0xeb4]
J 2694 C1 org.eclipse.swt.widgets.Canvas.windowProc(IIII)I (49 bytes) @ 0x00b1fd98 [0x00b1fd30+0x68]
j  org.eclipse.swt.widgets.Decorations.windowProc(IIII)I+61
j  org.eclipse.swt.widgets.Shell.windowProc(IIII)I+131
J 1314 C1 org.eclipse.swt.widgets.Display.windowProc(IIII)I (158 bytes) @ 0x00a3b118 [0x00a3af80+0x198]
v  ~StubRoutines::call_stub
V  [jvm.dll+0x155c05]
V  [jvm.dll+0x21b0be]
V  [jvm.dll+0x155c9e]
V  [jvm.dll+0xdad67]
V  [jvm.dll+0xdcbac]
C  [swt-win32-3349.dll+0x1462]
C  0x027c0018
C  [user32.dll+0x9a62a]  WINPROC_wrapper+0x1a
C  [user32.dll+0x9ac57]
C  [user32.dll+0x9d055]
C  [user32.dll+0x5eb4e]
C  [user32.dll+0x65794]
C  [user32.dll+0x65a10]  SendMessageW+0x60
C  [user32.dll+0x41097]
C  [user32.dll+0x4134e]
C  [user32.dll+0x4147c]  SetForegroundWindow+0x5c
C  [winex11.drv+0x1cd5a]
C  [winex11.drv+0x1faa8]
C  [winex11.drv+0x1d4c3]
C  [winex11.drv+0x1e9df]
C  [winex11.drv+0x1fc93]
C  [user32.dll+0x9aeae]
C  [user32.dll+0x5ec84]
C  [user32.dll+0x610a1]  MsgWaitForMultipleObjectsEx+0xd1
C  [user32.dll+0x610ef]  WaitMessage+0x2f
C  [swt-win32-3349.dll+0xf72f]
j  org.eclipse.swt.widgets.Display.sleep()Z+38
J 2728 C1 org.eclipse.ui.application.WorkbenchAdvisor.eventLoopIdle(Lorg/eclipse/swt/widgets/Display;)V (6 bytes) @ 0x00978234 [0x00978210+0x24]
j  org.eclipse.ui.internal.Workbench.runEventLoop(Lorg/eclipse/jface/window/Window$IExceptionHandler;Lorg/eclipse/swt/widgets/Display;)V+20
j  org.eclipse.ui.internal.Workbench.runUI()I+336
j  org.eclipse.ui.internal.Workbench.access$4(Lorg/eclipse/ui/internal/Workbench;)I+1
j  org.eclipse.ui.internal.Workbench$4.run()V+23
j  org.eclipse.core.databinding.observable.Realm.runWithDefault(Lorg/eclipse/core/databinding/observable/Realm;Ljava/lang/Runnable;)V+12
j  org.eclipse.ui.internal.Workbench.createAndRunWorkbench(Lorg/eclipse/swt/widgets/Display;Lorg/eclipse/ui/application/WorkbenchAdvisor;)I+18
j  org.eclipse.ui.PlatformUI.createAndRunWorkbench(Lorg/eclipse/swt/widgets/Display;Lorg/eclipse/ui/application/WorkbenchAdvisor;)I+2
j  org.eclipse.ui.internal.ide.application.IDEApplication.start(Lorg/eclipse/equinox/app/IApplicationContext;)Ljava/lang/Object;+81
j  org.eclipse.equinox.internal.app.EclipseAppHandle.run(Ljava/lang/Object;)Ljava/lang/Object;+102
j  org.eclipse.core.runtime.internal.adaptor.EclipseAppLauncher.runApplication(Ljava/lang/Object;)Ljava/lang/Object;+103
j  org.eclipse.core.runtime.internal.adaptor.EclipseAppLauncher.start(Ljava/lang/Object;)Ljava/lang/Object;+29
j  org.eclipse.core.runtime.adaptor.EclipseStarter.run(Ljava/lang/Object;)Ljava/lang/Object;+149
j  org.eclipse.core.runtime.adaptor.EclipseStarter.run([Ljava/lang/String;Ljava/lang/Runnable;)Ljava/lang/Object;+183
v  ~StubRoutines::call_stub
V  [jvm.dll+0x155c05]
V  [jvm.dll+0x21b0be]
V  [jvm.dll+0x155c9e]
V  [jvm.dll+0x16236a]
V  [jvm.dll+0x1625c3]
V  [jvm.dll+0xffcb3]
C  [java.dll+0x3b22]
j  sun.reflect.NativeMethodAccessorImpl.invoke(Ljava/lang/Object;[Ljava/lang/Object;)Ljava/lang/Object;+100
j  sun.reflect.DelegatingMethodAccessorImpl.invoke(Ljava/lang/Object;[Ljava/lang/Object;)Ljava/lang/Object;+6
j  java.lang.reflect.Method.invoke(Ljava/lang/Object;[Ljava/lang/Object;)Ljava/lang/Object;+56
j  org.eclipse.equinox.launcher.Main.invokeFramework([Ljava/lang/String;[Ljava/net/URL;)V+210
j  org.eclipse.equinox.launcher.Main.basicRun([Ljava/lang/String;)V+114
j  org.eclipse.equinox.launcher.Main.run([Ljava/lang/String;)I+4
v  ~StubRoutines::call_stub
V  [jvm.dll+0x155c05]
V  [jvm.dll+0x21b0be]
V  [jvm.dll+0x155c9e]
V  [jvm.dll+0xdad67]
V  [jvm.dll+0xdca38]
C  [eclipse_1023.dll+0x4db0]
C  [eclipse_1023.dll+0x4595]
...<more frames>...

Java frames: (J=compiled Java code, j=interpreted, Vv=VM code)
j  org.eclipse.swt.internal.win32.OS.DestroyWindow(I)Z+0
j  org.eclipse.swt.widgets.Control.destroyWidget()V+14
j  org.eclipse.swt.widgets.Shell.destroyWidget()V+5
j  org.eclipse.swt.widgets.Widget.release(Z)V+79
j  org.eclipse.swt.widgets.Widget.dispose()V+23
j  org.eclipse.swt.widgets.Decorations.dispose()V+52
j  org.eclipse.swt.widgets.Shell.dispose()V+1
j  org.eclipse.jface.window.Window.close()Z+65
j  org.eclipse.jface.dialogs.PopupDialog.close()Z+60
j  org.eclipse.jface.dialogs.PopupDialog$1.handleEvent(Lorg/eclipse/swt/widgets/Event;)V+42
J 1451 C1 org.eclipse.swt.widgets.EventTable.sendEvent(Lorg/eclipse/swt/widgets/Event;)V (532 bytes) @ 0x00a72868 [0x00a727b0+0xb8]
J 2698 C1 org.eclipse.swt.widgets.Widget.sendEvent(ILorg/eclipse/swt/widgets/Event;Z)V (88 bytes) @ 0x0096a630 [0x0096a4d0+0x160]
j  org.eclipse.swt.widgets.Widget.sendEvent(I)V+4
j  org.eclipse.swt.widgets.Decorations.WM_ACTIVATE(II)Lorg/eclipse/swt/internal/win32/LRESULT;+207
j  org.eclipse.swt.widgets.Shell.WM_ACTIVATE(II)Lorg/eclipse/swt/internal/win32/LRESULT;+166
J 1317 C1 org.eclipse.swt.widgets.Control.windowProc(IIII)I (1722 bytes) @ 0x00a3ceb4 [0x00a3c000+0xeb4]
J 2694 C1 org.eclipse.swt.widgets.Canvas.windowProc(IIII)I (49 bytes) @ 0x00b1fd98 [0x00b1fd30+0x68]
j  org.eclipse.swt.widgets.Decorations.windowProc(IIII)I+61
j  org.eclipse.swt.widgets.Shell.windowProc(IIII)I+131
J 1314 C1 org.eclipse.swt.widgets.Display.windowProc(IIII)I (158 bytes) @ 0x00a3b118 [0x00a3af80+0x198]
v  ~StubRoutines::call_stub
J 2402  org.eclipse.swt.internal.win32.OS.WaitMessage()Z (0 bytes) @ 0x00818019 [0x00817fe0+0x39]
j  org.eclipse.swt.widgets.Display.sleep()Z+38
J 2728 C1 org.eclipse.ui.application.WorkbenchAdvisor.eventLoopIdle(Lorg/eclipse/swt/widgets/Display;)V (6 bytes) @ 0x00978234 [0x00978210+0x24]
j  org.eclipse.ui.internal.Workbench.runEventLoop(Lorg/eclipse/jface/window/Window$IExceptionHandler;Lorg/eclipse/swt/widgets/Display;)V+20
j  org.eclipse.ui.internal.Workbench.runUI()I+336
j  org.eclipse.ui.internal.Workbench.access$4(Lorg/eclipse/ui/internal/Workbench;)I+1
j  org.eclipse.ui.internal.Workbench$4.run()V+23
j  org.eclipse.core.databinding.observable.Realm.runWithDefault(Lorg/eclipse/core/databinding/observable/Realm;Ljava/lang/Runnable;)V+12
j  org.eclipse.ui.internal.Workbench.createAndRunWorkbench(Lorg/eclipse/swt/widgets/Display;Lorg/eclipse/ui/application/WorkbenchAdvisor;)I+18
j  org.eclipse.ui.PlatformUI.createAndRunWorkbench(Lorg/eclipse/swt/widgets/Display;Lorg/eclipse/ui/application/WorkbenchAdvisor;)I+2
j  org.eclipse.ui.internal.ide.application.IDEApplication.start(Lorg/eclipse/equinox/app/IApplicationContext;)Ljava/lang/Object;+81
j  org.eclipse.equinox.internal.app.EclipseAppHandle.run(Ljava/lang/Object;)Ljava/lang/Object;+102
j  org.eclipse.core.runtime.internal.adaptor.EclipseAppLauncher.runApplication(Ljava/lang/Object;)Ljava/lang/Object;+103
j  org.eclipse.core.runtime.internal.adaptor.EclipseAppLauncher.start(Ljava/lang/Object;)Ljava/lang/Object;+29
j  org.eclipse.core.runtime.adaptor.EclipseStarter.run(Ljava/lang/Object;)Ljava/lang/Object;+149
j  org.eclipse.core.runtime.adaptor.EclipseStarter.run([Ljava/lang/String;Ljava/lang/Runnable;)Ljava/lang/Object;+183
v  ~StubRoutines::call_stub
j  sun.reflect.NativeMethodAccessorImpl.invoke0(Ljava/lang/reflect/Method;Ljava/lang/Object;[Ljava/lang/Object;)Ljava/lang/Object;+0
j  sun.reflect.NativeMethodAccessorImpl.invoke(Ljava/lang/Object;[Ljava/lang/Object;)Ljava/lang/Object;+100
j  sun.reflect.DelegatingMethodAccessorImpl.invoke(Ljava/lang/Object;[Ljava/lang/Object;)Ljava/lang/Object;+6
j  java.lang.reflect.Method.invoke(Ljava/lang/Object;[Ljava/lang/Object;)Ljava/lang/Object;+56
j  org.eclipse.equinox.launcher.Main.invokeFramework([Ljava/lang/String;[Ljava/net/URL;)V+210
j  org.eclipse.equinox.launcher.Main.basicRun([Ljava/lang/String;)V+114
j  org.eclipse.equinox.launcher.Main.run([Ljava/lang/String;)I+4
v  ~StubRoutines::call_stub

---------------  P R O C E S S  ---------------

Java Threads: ( => current thread )
  0x136fb800 JavaThread "org.eclipse.jface.text.reconciler.MonoReconciler" daemon [_thread_blocked, id=78, stack(0x1b810000,0x1b910000)]
  0x1693d800 JavaThread "Thread-6" [_thread_blocked, id=77, stack(0x1b4a0000,0x1b5a0000)]
  0x16a0bc00 JavaThread "Timer-2" [_thread_blocked, id=76, stack(0x1b390000,0x1b490000)]
  0x16962400 JavaThread "Timer-1" [_thread_blocked, id=75, stack(0x1b280000,0x1b380000)]
  0x168c8400 JavaThread "Timer-0" [_thread_blocked, id=74, stack(0x1b070000,0x1b170000)]
  0x16382c00 JavaThread "Worker-6" [_thread_blocked, id=73, stack(0x1ab60000,0x1ac60000)]
  0x16381000 JavaThread "Worker-5" [_thread_blocked, id=72, stack(0x1aa50000,0x1ab50000)]
  0x1637e000 JavaThread "Worker-4" [_thread_blocked, id=71, stack(0x1a940000,0x1aa40000)]
  0x1637cc00 JavaThread "Worker-3" [_thread_blocked, id=70, stack(0x1a830000,0x1a930000)]
  0x1637b000 JavaThread "Worker-2" [_thread_blocked, id=69, stack(0x18990000,0x18a90000)]
  0x1679c400 JavaThread "Worker-1" [_thread_blocked, id=68, stack(0x15ad0000,0x15bd0000)]
  0x163f0c00 JavaThread "com.metys.merlin.generation.templates.presentation.JETReconciler" daemon [_thread_blocked, id=67, stack(0x199d0000,0x19ad0000)]
  0x162a8800 JavaThread "Java indexing" daemon [_thread_blocked, id=66, stack(0x19490000,0x19590000)]
  0x15fbf400 JavaThread "Worker-0" [_thread_blocked, id=62, stack(0x18500000,0x18600000)]
  0x13826c00 JavaThread "Start Level Event Dispatcher" daemon [_thread_blocked, id=59, stack(0x13e30000,0x13f30000)]
  0x13831400 JavaThread "Framework Event Dispatcher" daemon [_thread_blocked, id=57, stack(0x13c10000,0x13d10000)]
  0x130bb400 JavaThread "Service Thread" daemon [_thread_blocked, id=55, stack(0x134c0000,0x135c0000)]
  0x13091c00 JavaThread "C1 CompilerThread0" daemon [_thread_blocked, id=54, stack(0x133b0000,0x134b0000)]
  0x13090400 JavaThread "Attach Listener" daemon [_thread_blocked, id=53, stack(0x132a0000,0x133a0000)]
  0x1308f000 JavaThread "Signal Dispatcher" daemon [_thread_blocked, id=52, stack(0x13190000,0x13290000)]
  0x0073c800 JavaThread "Finalizer" daemon [_thread_blocked, id=51, stack(0x12f70000,0x13070000)]
  0x00737800 JavaThread "Reference Handler" daemon [_thread_blocked, id=50, stack(0x12e60000,0x12f60000)]
=>0x00637000 JavaThread "main" [_thread_in_native, id=48, stack(0x00240000,0x00340000)]

Other Threads:
  0x00734800 VMThread [stack: 0x12d50000,0x12e50000] [id=49]
  0x130bd400 WatcherThread [stack: 0x135d0000,0x136d0000] [id=56]

VM state:not at safepoint (normal execution)

VM Mutex/Monitor currently owned by a thread: None

Heap:
 def new generation   total 25984K, used 10654K [0x02800000, 0x04430000, 0x07d50000)
  eden space 23104K,  36% used [0x02800000, 0x030376b0, 0x03e90000)
  from space 2880K,  77% used [0x03e90000, 0x040c0490, 0x04160000)
  to   space 2880K,   0% used [0x04160000, 0x04160000, 0x04430000)
 tenured generation   total 57620K, used 37128K [0x07d50000, 0x0b595000, 0x12800000)
   the space 57620K,  64% used [0x07d50000, 0x0a192258, 0x0a192400, 0x0b595000)
 Metaspace       used 37286K, capacity 39270K, committed 39284K, reserved 39296K

Card table byte_map: [0x12800000,0x12890000] byte_map_base: 0x127ec000

Polling page: 0x00380000

CodeCache: size=32768Kb used=4075Kb max_used=4251Kb free=28692Kb
 bounds [0x00740000, 0x00b98000, 0x02740000]
 total_blobs=2043 nmethods=1804 adapters=167
 compilation: enabled

Compilation events (10 events):
Event: 119.269 Thread 0x13091c00 nmethod 2865 0x009df708 code [0x009df810, 0x009df94c]
Event: 119.367 Thread 0x13091c00 2866             org.eclipse.ui.internal.navigator.extensions.NavigatorContentDescriptorManager::findDescriptorsForPossibleChild (195 bytes)
Event: 119.370 Thread 0x13091c00 nmethod 2866 0x009e0888 code [0x009e0a70, 0x009e0fd0]
Event: 119.370 Thread 0x13091c00 2867             org.eclipse.ui.internal.expressions.WorkbenchWindowExpression::equals (26 bytes)
Event: 119.370 Thread 0x13091c00 nmethod 2867 0x009e0548 code [0x009e0650, 0x009e07ac]
Event: 120.357 Thread 0x13091c00 2868             org.eclipse.ui.internal.contexts.ContextAuthority::activateContext (258 bytes)
Event: 120.359 Thread 0x13091c00 nmethod 2868 0x00973988 code [0x00973c30, 0x00974504]
Event: 120.360 Thread 0x13091c00 2869   !         org.eclipse.ui.internal.contexts.ContextAuthority::sourceChanged (403 bytes)
Event: 120.362 Thread 0x13091c00 nmethod 2869 0x00971c88 code [0x00971f90, 0x00972888]
Event: 120.363 Thread 0x13091c00 2870             org.eclipse.swt.widgets.Display::getShells (144 bytes)

GC Heap History (10 events):
Event: 73.660 GC heap before
{Heap before GC invocations=55 (full 5):
 def new generation   total 21440K, used 20474K [0x02800000, 0x03f40000, 0x07d50000)
  eden space 19072K, 100% used [0x02800000, 0x03aa0000, 0x03aa0000)
  from space 2368K,  59% used [0x03aa0000, 0x03bfea58, 0x03cf0000)
  to   space 2368K,   0% used [0x03cf0000, 0x03cf0000, 0x03f40000)
 tenured generation   total 47468K, used 38903K [0x07d50000, 0x0abab000, 0x12800000)
   the space 47468K,  81% used [0x07d50000, 0x0a34dcd0, 0x0a34de00, 0x0abab000)
 Metaspace       used 33923K, capacity 35855K, committed 35956K, reserved 36224K
Event: 73.671 GC heap after
Heap after GC invocations=56 (full 5):
 def new generation   total 21440K, used 2368K [0x02800000, 0x03f40000, 0x07d50000)
  eden space 19072K,   0% used [0x02800000, 0x02800000, 0x03aa0000)
  from space 2368K, 100% used [0x03cf0000, 0x03f40000, 0x03f40000)
  to   space 2368K,   0% used [0x03aa0000, 0x03aa0000, 0x03cf0000)
 tenured generation   total 47468K, used 41145K [0x07d50000, 0x0abab000, 0x12800000)
   the space 47468K,  86% used [0x07d50000, 0x0a57e488, 0x0a57e600, 0x0abab000)
 Metaspace       used 33923K, capacity 35855K, committed 35956K, reserved 36224K
}
Event: 81.296 GC heap before
{Heap before GC invocations=56 (full 5):
 def new generation   total 21440K, used 21440K [0x02800000, 0x03f40000, 0x07d50000)
  eden space 19072K, 100% used [0x02800000, 0x03aa0000, 0x03aa0000)
  from space 2368K, 100% used [0x03cf0000, 0x03f40000, 0x03f40000)
  to   space 2368K,   0% used [0x03aa0000, 0x03aa0000, 0x03cf0000)
 tenured generation   total 47468K, used 41145K [0x07d50000, 0x0abab000, 0x12800000)
   the space 47468K,  86% used [0x07d50000, 0x0a57e488, 0x0a57e600, 0x0abab000)
 Metaspace       used 35724K, capacity 37641K, committed 37748K, reserved 38272K
Event: 81.312 GC heap after
Heap after GC invocations=57 (full 5):
 def new generation   total 21440K, used 2368K [0x02800000, 0x03f40000, 0x07d50000)
  eden space 19072K,   0% used [0x02800000, 0x02800000, 0x03aa0000)
  from space 2368K, 100% used [0x03aa0000, 0x03cf0000, 0x03cf0000)
  to   space 2368K,   0% used [0x03cf0000, 0x03cf0000, 0x03f40000)
 tenured generation   total 47468K, used 44009K [0x07d50000, 0x0abab000, 0x12800000)
   the space 47468K,  92% used [0x07d50000, 0x0a84a5a0, 0x0a84a600, 0x0abab000)
 Metaspace       used 35724K, capacity 37641K, committed 37748K, reserved 38272K
}
Event: 111.261 GC heap before
{Heap before GC invocations=57 (full 5):
 def new generation   total 21440K, used 21440K [0x02800000, 0x03f40000, 0x07d50000)
  eden space 19072K, 100% used [0x02800000, 0x03aa0000, 0x03aa0000)
  from space 2368K, 100% used [0x03aa0000, 0x03cf0000, 0x03cf0000)
  to   space 2368K,   0% used [0x03cf0000, 0x03cf0000, 0x03f40000)
 tenured generation   total 47468K, used 44009K [0x07d50000, 0x0abab000, 0x12800000)
   the space 47468K,  92% used [0x07d50000, 0x0a84a5a0, 0x0a84a600, 0x0abab000)
 Metaspace       used 36807K, capacity 38733K, committed 38772K, reserved 39296K
Event: 111.384 GC heap after
Heap after GC invocations=58 (full 6):
 def new generation   total 25984K, used 0K [0x02800000, 0x04430000, 0x07d50000)
  eden space 23104K,   0% used [0x02800000, 0x02800000, 0x03e90000)
  from space 2880K,   0% used [0x03e90000, 0x03e90000, 0x04160000)
  to   space 2880K,   0% used [0x04160000, 0x04160000, 0x04430000)
 tenured generation   total 57620K, used 34571K [0x07d50000, 0x0b595000, 0x12800000)
   the space 57620K,  59% used [0x07d50000, 0x09f12c88, 0x09f12e00, 0x0b595000)
 Metaspace       used 36795K, capacity 38716K, committed 38772K, reserved 39296K
}
Event: 119.035 GC heap before
{Heap before GC invocations=58 (full 6):
 def new generation   total 25984K, used 23104K [0x02800000, 0x04430000, 0x07d50000)
  eden space 23104K, 100% used [0x02800000, 0x03e90000, 0x03e90000)
  from space 2880K,   0% used [0x03e90000, 0x03e90000, 0x04160000)
  to   space 2880K,   0% used [0x04160000, 0x04160000, 0x04430000)
 tenured generation   total 57620K, used 34571K [0x07d50000, 0x0b595000, 0x12800000)
   the space 57620K,  59% used [0x07d50000, 0x09f12c88, 0x09f12e00, 0x0b595000)
 Metaspace       used 37219K, capacity 39206K, committed 39284K, reserved 39296K
Event: 119.047 GC heap after
Heap after GC invocations=59 (full 6):
 def new generation   total 25984K, used 2879K [0x02800000, 0x04430000, 0x07d50000)
  eden space 23104K,   0% used [0x02800000, 0x02800000, 0x03e90000)
  from space 2880K,  99% used [0x04160000, 0x0442fff8, 0x04430000)
  to   space 2880K,   0% used [0x03e90000, 0x03e90000, 0x04160000)
 tenured generation   total 57620K, used 34705K [0x07d50000, 0x0b595000, 0x12800000)
   the space 57620K,  60% used [0x07d50000, 0x09f34690, 0x09f34800, 0x0b595000)
 Metaspace       used 37219K, capacity 39206K, committed 39284K, reserved 39296K
}
Event: 119.099 GC heap before
{Heap before GC invocations=59 (full 6):
 def new generation   total 25984K, used 25983K [0x02800000, 0x04430000, 0x07d50000)
  eden space 23104K, 100% used [0x02800000, 0x03e90000, 0x03e90000)
  from space 2880K,  99% used [0x04160000, 0x0442fff8, 0x04430000)
  to   space 2880K,   0% used [0x03e90000, 0x03e90000, 0x04160000)
 tenured generation   total 57620K, used 34705K [0x07d50000, 0x0b595000, 0x12800000)
   the space 57620K,  60% used [0x07d50000, 0x09f34690, 0x09f34800, 0x0b595000)
 Metaspace       used 37219K, capacity 39206K, committed 39284K, reserved 39296K
Event: 119.118 GC heap after
Heap after GC invocations=60 (full 6):
 def new generation   total 25984K, used 2241K [0x02800000, 0x04430000, 0x07d50000)
  eden space 23104K,   0% used [0x02800000, 0x02800000, 0x03e90000)
  from space 2880K,  77% used [0x03e90000, 0x040c0490, 0x04160000)
  to   space 2880K,   0% used [0x04160000, 0x04160000, 0x04430000)
 tenured generation   total 57620K, used 37128K [0x07d50000, 0x0b595000, 0x12800000)
   the space 57620K,  64% used [0x07d50000, 0x0a192258, 0x0a192400, 0x0b595000)
 Metaspace       used 37219K, capacity 39206K, committed 39284K, reserved 39296K
}

Deoptimization events (0 events):
No events

Internal exceptions (10 events):
Event: 28.712 Thread 0x00637000 Exception <a 'java/io/FileNotFoundException'> (0x03697758) thrown at [D:\re\puppet\workspace\8-2-build-windows-i586-cygwin\jdk8u40\2855\hotspot\src\share\vm\prims\jni.cpp, line 709]
Event: 44.250 Thread 0x00637000 Implicit null exception at 0x00b581c3 to 0x00b588fc
Event: 44.250 Thread 0x00637000 Implicit null exception at 0x00b581c3 to 0x00b588fc
Event: 73.600 Thread 0x00637000 Exception <a 'java/io/FileNotFoundException'> (0x03a07170) thrown at [D:\re\puppet\workspace\8-2-build-windows-i586-cygwin\jdk8u40\2855\hotspot\src\share\vm\prims\jni.cpp, line 709]
Event: 74.968 Thread 0x00637000 Exception <a 'java/io/FileNotFoundException'> (0x02ea7f78) thrown at [D:\re\puppet\workspace\8-2-build-windows-i586-cygwin\jdk8u40\2855\hotspot\src\share\vm\prims\jni.cpp, line 709]
Event: 80.567 Thread 0x00637000 Exception <a 'java/io/FileNotFoundException'> (0x034d11b8) thrown at [D:\re\puppet\workspace\8-2-build-windows-i586-cygwin\jdk8u40\2855\hotspot\src\share\vm\prims\jni.cpp, line 709]
Event: 80.676 Thread 0x1637b000 Exception <a 'java/io/FileNotFoundException'> (0x03607278) thrown at [D:\re\puppet\workspace\8-2-build-windows-i586-cygwin\jdk8u40\2855\hotspot\src\share\vm\prims\jni.cpp, line 709]
Event: 80.676 Thread 0x1637b000 Exception <a 'java/io/FileNotFoundException'> (0x03608d38) thrown at [D:\re\puppet\workspace\8-2-build-windows-i586-cygwin\jdk8u40\2855\hotspot\src\share\vm\prims\jni.cpp, line 709]
Event: 80.677 Thread 0x1637b000 Exception <a 'java/io/FileNotFoundException'> (0x0360a100) thrown at [D:\re\puppet\workspace\8-2-build-windows-i586-cygwin\jdk8u40\2855\hotspot\src\share\vm\prims\jni.cpp, line 709]
Event: 80.965 Thread 0x1637b000 Exception <a 'java/io/FileNotFoundException'> (0x03847888) thrown at [D:\re\puppet\workspace\8-2-build-windows-i586-cygwin\jdk8u40\2855\hotspot\src\share\vm\prims\jni.cpp, line 709]

Events (10 events):
Event: 120.363 Thread 0x13091c00 flushing nmethod 0x009e2bc8
Event: 120.363 Thread 0x13091c00 flushing nmethod 0x009e2e08
Event: 120.363 Thread 0x13091c00 flushing nmethod 0x009e31c8
Event: 120.363 Thread 0x13091c00 flushing nmethod 0x009e3388
Event: 120.363 Thread 0x13091c00 flushing nmethod 0x009e35c8
Event: 120.363 Thread 0x13091c00 flushing nmethod 0x009e3788
Event: 120.363 Thread 0x13091c00 flushing nmethod 0x009e4288
Event: 120.363 Thread 0x13091c00 flushing nmethod 0x009e4448
Event: 120.363 Thread 0x13091c00 flushing nmethod 0x009e4608
Event: 120.363 Thread 0x13091c00 flushing nmethod 0x009e4f88


Dynamic libraries:
0x00400000 - 0x0040e000 	Z:\home\usuario\aplicacoes\java\gerador-java\jet\eclipse\eclipse.exe
0x7bc10000 - 0x7bcfa000 	C:\windows\system32\ntdll.dll
0x7b410000 - 0x7b7ea000 	C:\windows\system32\KERNEL32.dll
0x7eb80000 - 0x7ed4e000 	C:\windows\system32\user32.dll
0x7ea50000 - 0x7eb6e000 	C:\windows\system32\gdi32.dll
0x7e9d0000 - 0x7ea3f000 	C:\windows\system32\advapi32.dll
0x7eff0000 - 0x7f000000 	C:\windows\system32\version.dll
0x7e8b0000 - 0x7e9c7000 	C:\windows\system32\comctl32.dll
0x7e800000 - 0x7e8a8000 	C:\windows\system32\msvcrt.dll
0x7e5c0000 - 0x7e5dc000 	C:\windows\system32\imm32.dll
0x7e530000 - 0x7e5b8000 	C:\windows\system32\winex11.drv
0x7e1b0000 - 0x7e1e3000 	C:\windows\system32\uxtheme.dll
0x72000000 - 0x72012000 	Z:\home\usuario\aplicacoes\java\gerador-java\jet\eclipse\plugins\org.eclipse.equinox.launcher.win32.win32.x86_1.0.3.R33x_v20080118\eclipse_1023.dll
0x6d160000 - 0x6d520000 	Z:\home\usuario\aplicacoes\java\gerador-java\jet\eclipse\jre\bin\client\jvm.dll
0x7e510000 - 0x7e528000 	C:\windows\system32\wsock32.dll
0x7e180000 - 0x7e1ab000 	C:\windows\system32\ws2_32.dll
0x7e100000 - 0x7e11a000 	C:\windows\system32\iphlpapi.dll
0x7e040000 - 0x7e0f0000 	C:\windows\system32\winmm.dll
0x7def0000 - 0x7e038000 	C:\windows\system32\ole32.dll
0x7de70000 - 0x7dedd000 	C:\windows\system32\rpcrt4.dll
0x7de40000 - 0x7de5c000 	C:\windows\system32\msacm32.dll
0x7de20000 - 0x7de31000 	C:\windows\system32\psapi.dll
0x7dd60000 - 0x7de1d000 	C:\windows\system32\msvcr100.dll
0x6efb0000 - 0x6efbc000 	Z:\home\usuario\aplicacoes\java\gerador-java\jet\eclipse\jre\bin\verify.dll
0x6d9f0000 - 0x6da11000 	Z:\home\usuario\aplicacoes\java\gerador-java\jet\eclipse\jre\bin\java.dll
0x6f040000 - 0x6f053000 	Z:\home\usuario\aplicacoes\java\gerador-java\jet\eclipse\jre\bin\zip.dll
0x7db00000 - 0x7dd42000 	C:\windows\system32\shell32.dll
0x7da90000 - 0x7daf2000 	C:\windows\system32\shlwapi.dll
0x6ed90000 - 0x6eda5000 	Z:\home\usuario\aplicacoes\java\gerador-java\jet\eclipse\jre\bin\net.dll
0x6edb0000 - 0x6edbf000 	Z:\home\usuario\aplicacoes\java\gerador-java\jet\eclipse\jre\bin\nio.dll
0x003b0000 - 0x003ff000 	Z:\home\usuario\aplicacoes\java\gerador-java\jet\eclipse\configuration\org.eclipse.osgi\bundles\350\1\.cp\swt-win32-3349.dll
0x7d720000 - 0x7d800000 	C:\windows\system32\comdlg32.dll
0x7d970000 - 0x7d9a7000 	C:\windows\system32\winspool.drv
0x7d4e0000 - 0x7d600000 	C:\windows\system32\oleaut32.dll
0x7d930000 - 0x7d967000 	C:\windows\system32\usp10.dll
0x7d460000 - 0x7d4ce000 	C:\windows\system32\wininet.dll
0x7d430000 - 0x7d456000 	C:\windows\system32\mpr.dll
0x13b20000 - 0x13b28000 	Z:\home\usuario\aplicacoes\java\gerador-java\jet\eclipse\configuration\org.eclipse.osgi\bundles\45\1\.cp\os\win32\x86\localfile_1_0_0.dll
0x7cc40000 - 0x7cc91000 	C:\windows\system32\oleacc.dll
0x18df0000 - 0x18e04000 	Z:\home\usuario\aplicacoes\java\gerador-java\jet\eclipse\configuration\org.eclipse.osgi\bundles\350\1\.cp\swt-gdip-win32-3349.dll
0x7ca80000 - 0x7cb00000 	C:\windows\system32\gdiplus.dll
0x7cc10000 - 0x7cc33000 	C:\windows\system32\mlang.dll
0x7c6f0000 - 0x7c6fd000 	C:\windows\system32\msimg32.dll
0x7da20000 - 0x7da74000 	C:\windows\system32\dbghelp.dll

VM Arguments:
java_command: <unknown>
java_class_path (initial): Z:\home\usuario\aplicacoes\java\gerador-java\jet\eclipse\plugins\org.eclipse.equinox.launcher_1.0.1.R33x_v20080118.jar
Launcher Type: generic

Environment Variables:
PATH=Z:\home\usuario\aplicacoes\java\gerador-java\jet\eclipse\jre\bin\client;Z:\home\usuario\aplicacoes\java\gerador-java\jet\eclipse\jre\bin;C:\windows\system32;C:\windows;C:\windows\system32\wbem
USERNAME=usuario
SHELL=/bin/bash
DISPLAY=:0
OS=Windows_NT
PROCESSOR_IDENTIFIER=AMD64 Family 6 Model 42 Stepping 7, GenuineIntel



---------------  S Y S T E M  ---------------

OS: Windows 5.1 , 64 bit Build 2600 (5.1.2600.2180)

CPU:total 4 (4 cores per cpu, 1 threads per core) family 6 model 42 stepping 7, cmov, cx8, fxsr, mmx, sse, sse2, sse3, ssse3, sse4.1, sse4.2, popcnt, avx, aes, clmul, tsc, tscinvbit

Memory: 4k page, physical 3930579k(2460507k free), swap 3930580k(2460508k free)

vm_info: Java HotSpot(TM) Client VM (25.40-b25) for windows-x86 JRE (1.8.0_40-b25), built on Feb 10 2015 21:08:16 by "java_re" with MS VC++ 10.0 (VS2010)

time: Mon Sep 10 20:52:57 2018
elapsed time: 122 seconds (0d 0h 2m 2s)

