#
# A fatal error has been detected by the Java Runtime Environment:
#
#  EXCEPTION_ACCESS_VIOLATION (0xc0000005) at pc=0x00000000, pid=4888, tid=3012
#
# JRE version: 6.0_31-b05
# Java VM: Java HotSpot(TM) Client VM (20.6-b01 mixed mode, sharing windows-x86 )
# Problematic frame:
# C  0x00000000
#
# If you would like to submit a bug report, please visit:
#   http://java.sun.com/webapps/bugreport/crash.jsp
#

---------------  T H R E A D  ---------------

Current thread (0x016ef800):  VMThread [stack: 0x03a60000,0x03b60000] [id=3012]

siginfo: ExceptionCode=0xc0000005, reading address 0x00000000

Registers:
EAX=0x28b1d078, EBX=0x00000001, ECX=0x38382558, EDX=0x383830f0
ESP=0x03b5fb20, EBP=0x03b5fb3c, ESI=0x000003fe, EDI=0x286f3888
EIP=0x00000000, EFLAGS=0x00010202

Top of Stack: (sp=0x03b5fb20)
0x03b5fb20:   6d928653 28b1d078 6da60f08 38782948
0x03b5fb30:   0185cee8 00000003 03b5fb48 03b5fb48
0x03b5fb40:   6d9289e2 6da60f08 03b5fb5c 6d8599a4
0x03b5fb50:   6da6f158 6da60f08 0185cee8 03b5fb78
0x03b5fb60:   6d855e79 6da60f08 00000000 6da60f08
0x03b5fb70:   6da60f08 0185cee8 03b5fbb8 6d8502a0
0x03b5fb80:   00000001 00000001 00000002 6da60f08
0x03b5fb90:   03b5fba4 6da60f08 00000001 0185cee8 

Instructions: (pc=0x00000000)
0xffffffe0:   


Register to memory mapping:

EAX=0x28b1d078 is an oop

[error occurred during error reporting (printing register info), id 0xc0000005]

Stack: [0x03a60000,0x03b60000],  sp=0x03b5fb20,  free space=1022k
VM_Operation (0x0012b9a8): GenCollectForPermanentAllocation, mode: safepoint, requested by thread 0x01859000


---------------  P R O C E S S  ---------------

Java Threads: ( => current thread )
  0x042f5c00 JavaThread "Java indexing" daemon [_thread_blocked, id=4912, stack(0x07810000,0x07910000)]
  0x0539b800 JavaThread "Thread-2" [_thread_blocked, id=2152, stack(0x05e30000,0x05f30000)]
  0x04392800 JavaThread "Thread-1" [_thread_blocked, id=3696, stack(0x05a30000,0x05b30000)]
  0x04428800 JavaThread "Worker-0" [_thread_blocked, id=4500, stack(0x05930000,0x05a30000)]
  0x0432d800 JavaThread "Start Level Event Dispatcher" daemon [_thread_blocked, id=5604, stack(0x04c70000,0x04d70000)]
  0x0432d000 JavaThread "Framework Event Dispatcher" daemon [_thread_blocked, id=4944, stack(0x04a80000,0x04b80000)]
  0x0432c800 JavaThread "State Data Manager" daemon [_thread_blocked, id=4204, stack(0x048d0000,0x049d0000)]
  0x01756c00 JavaThread "Low Memory Detector" daemon [_thread_blocked, id=4644, stack(0x04060000,0x04160000)]
  0x01744000 JavaThread "C1 CompilerThread0" daemon [_thread_blocked, id=3228, stack(0x03f60000,0x04060000)]
  0x01743800 JavaThread "Attach Listener" daemon [_thread_blocked, id=3000, stack(0x03e60000,0x03f60000)]
  0x01742c00 JavaThread "Signal Dispatcher" daemon [_thread_blocked, id=1520, stack(0x03d60000,0x03e60000)]
  0x0172d800 JavaThread "Finalizer" daemon [_thread_blocked, id=5260, stack(0x03c60000,0x03d60000)]
  0x0172c400 JavaThread "Reference Handler" daemon [_thread_blocked, id=1312, stack(0x03b60000,0x03c60000)]
  0x01859000 JavaThread "main" [_thread_blocked, id=2792, stack(0x00030000,0x00130000)]

Other Threads:
=>0x016ef800 VMThread [stack: 0x03a60000,0x03b60000] [id=3012]
  0x01759800 WatcherThread [stack: 0x04160000,0x04260000] [id=3424]

VM state:at safepoint (normal execution)

VM Mutex/Monitor currently owned by a thread:  ([mutex/lock_event])
[0x01857618] Threads_lock - owner thread: 0x016ef800
[0x01857a28] Heap_lock - owner thread: 0x01859000

Heap
 def new generation   total 8256K, used 811K [0x17760000, 0x18050000, 0x1ccb0000)
  eden space 7360K,   1% used [0x17760000, 0x1777cef0, 0x17e90000)
  from space 896K,  77% used [0x17e90000, 0x17f3e0b0, 0x17f70000)
  to   space 896K,   0% used [0x17f70000, 0x17f70000, 0x18050000)
 tenured generation   total 18240K, used 12193K [0x1ccb0000, 0x1de80000, 0x27760000)
   the space 18240K,  66% used [0x1ccb0000, 0x1d8984e8, 0x1d898600, 0x1de80000)
 compacting perm gen  total 20480K, used 20479K [0x27760000, 0x28b60000, 0x37760000)
   the space 20480K,  99% used [0x27760000, 0x28b5ffc8, 0x28b60000, 0x28b60000)
    ro space 10240K,  51% used [0x37760000, 0x37c8e318, 0x37c8e400, 0x38160000)
    rw space 12288K,  55% used [0x38160000, 0x387fa088, 0x387fa200, 0x38d60000)

Code Cache  [0x01860000, 0x01a30000, 0x03860000)
 total_blobs=923 nmethods=750 adapters=108 free_code_cache=31678272 largest_free_block=256

Dynamic libraries:
0x00400000 - 0x0040e000 	C:\GeradorJava\jet\eclipse\eclipse.exe
0x776d0000 - 0x7780c000 	C:\Windows\SYSTEM32\ntdll.dll
0x760b0000 - 0x76184000 	C:\Windows\system32\kernel32.dll
0x75a80000 - 0x75aca000 	C:\Windows\system32\KERNELBASE.dll
0x75d10000 - 0x75dd9000 	C:\Windows\system32\USER32.dll
0x76980000 - 0x769ce000 	C:\Windows\system32\GDI32.dll
0x75b60000 - 0x75b6a000 	C:\Windows\system32\LPK.dll
0x76230000 - 0x762cd000 	C:\Windows\system32\USP10.dll
0x77850000 - 0x778fc000 	C:\Windows\system32\msvcrt.dll
0x659c0000 - 0x65a44000 	C:\Windows\WinSxS\x86_microsoft.windows.common-controls_6595b64144ccf1df_5.82.7601.17514_none_ec83dffa859149af\COMCTL32.dll
0x76190000 - 0x76230000 	C:\Windows\system32\ADVAPI32.dll
0x77820000 - 0x77839000 	C:\Windows\SYSTEM32\sechost.dll
0x77620000 - 0x776c1000 	C:\Windows\system32\RPCRT4.dll
0x763a0000 - 0x763bf000 	C:\Windows\system32\IMM32.DLL
0x763c0000 - 0x7648c000 	C:\Windows\system32\MSCTF.dll
0x72000000 - 0x72012000 	C:\GeradorJava\jet\eclipse\plugins\org.eclipse.equinox.launcher.win32.win32.x86_1.0.3.R33x_v20080118\eclipse_1023.dll
0x74d20000 - 0x74d29000 	C:\Windows\system32\VERSION.dll
0x745b0000 - 0x745f0000 	C:\Windows\system32\uxtheme.dll
0x70f00000 - 0x70f09000 	C:\ProgramData\Real\RealPlayer\BrowserRecordPlugin\Chrome\Hook\rpchrome150browserrecordhelper.dll
0x73920000 - 0x739c3000 	C:\Windows\WinSxS\x86_microsoft.vc90.crt_1fc8b3b9a1e18e3b_9.0.30729.6161_none_50934f2ebcb7eb57\MSVCR90.dll
0x769d0000 - 0x7761a000 	C:\Windows\system32\SHELL32.dll
0x76650000 - 0x766a7000 	C:\Windows\system32\SHLWAPI.dll
0x6d7f0000 - 0x6da9f000 	C:\Program Files\Java\jre6\bin\client\jvm.dll
0x70cd0000 - 0x70d02000 	C:\Windows\system32\WINMM.dll
0x7c340000 - 0x7c396000 	C:\Windows\system32\MSVCR71.dll
0x75790000 - 0x757dc000 	C:\Windows\system32\apphelp.dll
0x6d7a0000 - 0x6d7ac000 	C:\Program Files\Java\jre6\bin\verify.dll
0x6d320000 - 0x6d33f000 	C:\Program Files\Java\jre6\bin\java.dll
0x6d7e0000 - 0x6d7ef000 	C:\Program Files\Java\jre6\bin\zip.dll
0x752e0000 - 0x752f6000 	C:\Windows\system32\CRYPTSP.dll
0x75070000 - 0x750ab000 	C:\Windows\system32\rsaenh.dll
0x74e80000 - 0x74e97000 	C:\Windows\system32\USERENV.dll
0x75860000 - 0x7586b000 	C:\Windows\system32\profapi.dll
0x757e0000 - 0x757ec000 	C:\Windows\system32\CRYPTBASE.dll
0x6d600000 - 0x6d613000 	C:\Program Files\Java\jre6\bin\net.dll
0x762d0000 - 0x76305000 	C:\Windows\system32\WS2_32.dll
0x76010000 - 0x76016000 	C:\Windows\system32\NSI.dll
0x752a0000 - 0x752dc000 	C:\Windows\system32\mswsock.dll
0x75290000 - 0x75296000 	C:\Windows\System32\wship6.dll
0x733c0000 - 0x733d0000 	C:\Windows\system32\NLAapi.dll
0x6bb50000 - 0x6bb60000 	C:\Windows\system32\napinsp.dll
0x6bb30000 - 0x6bb42000 	C:\Windows\system32\pnrpnsp.dll
0x70550000 - 0x70577000 	C:\Program Files\Common Files\Microsoft Shared\Windows Live\WLIDNSP.DLL
0x77810000 - 0x77815000 	C:\Windows\system32\PSAPI.DLL
0x75160000 - 0x751a4000 	C:\Windows\system32\DNSAPI.dll
0x6bb20000 - 0x6bb28000 	C:\Windows\System32\winrnr.dll
0x74db0000 - 0x74db5000 	C:\Windows\System32\wshtcpip.dll
0x71ee0000 - 0x71efc000 	C:\Windows\system32\IPHLPAPI.DLL
0x71ec0000 - 0x71ec7000 	C:\Windows\system32\WINNSI.DLL
0x70540000 - 0x70546000 	C:\Windows\system32\rasadhlp.dll
0x71d90000 - 0x71dc8000 	C:\Windows\System32\fwpuclnt.dll
0x75eb0000 - 0x7600c000 	C:\Windows\system32\ole32.dll
0x76020000 - 0x760a3000 	C:\Windows\system32\CLBCatQ.DLL
0x766b0000 - 0x7673f000 	C:\Windows\system32\OLEAUT32.dll
0x6d620000 - 0x6d629000 	C:\Program Files\Java\jre6\bin\nio.dll
0x10000000 - 0x1004f000 	C:\GeradorJava\jet\eclipse\configuration\org.eclipse.osgi\bundles\334\1\.cp\swt-win32-3349.dll
0x74730000 - 0x748ce000 	C:\Windows\WinSxS\x86_microsoft.windows.common-controls_6595b64144ccf1df_6.0.7601.17514_none_41e6975e2bd6f2b2\COMCTL32.dll
0x75e30000 - 0x75eab000 	C:\Windows\system32\comdlg32.dll
0x76860000 - 0x7697b000 	C:\Windows\system32\WININET.dll
0x77840000 - 0x77843000 	C:\Windows\system32\Normaliz.dll
0x76490000 - 0x76648000 	C:\Windows\system32\iertutil.dll
0x76740000 - 0x76851000 	C:\Windows\system32\urlmon.dll
0x74280000 - 0x74293000 	C:\Windows\system32\dwmapi.dll
0x044b0000 - 0x044b8000 	C:\GeradorJava\jet\eclipse\configuration\org.eclipse.osgi\bundles\36\1\.cp\os\win32\x86\localfile_1_0_0.dll
0x73c70000 - 0x73cac000 	C:\Windows\system32\oleacc.dll
0x04da0000 - 0x04db4000 	C:\GeradorJava\jet\eclipse\configuration\org.eclipse.osgi\bundles\334\1\.cp\swt-gdip-win32-3349.dll
0x74420000 - 0x745b0000 	C:\Windows\WinSxS\x86_microsoft.windows.gdiplus_6595b64144ccf1df_1.1.7601.17514_none_72d18a4386696c80\gdiplus.dll
0x75850000 - 0x7585e000 	C:\Windows\system32\RpcRtRemote.dll
0x736c0000 - 0x736ee000 	C:\Windows\system32\mlang.dll

VM Arguments:
jvm_args: -XX:MaxPermSize=256M 
java_command: <unknown>
Launcher Type: generic

Environment Variables:
JAVA_HOME=C:\JDK\6_30
PATH=C:\Program Files\Java\jre6\bin\client;C:\Program Files\Java\jre6\bin;C:\Program Files\Common Files\Microsoft Shared\Windows Live;C:\Windows\system32;C:\Windows;C:\Windows\System32\Wbem;C:\Windows\System32\WindowsPowerShell\v1.0\;C:\Program Files\Windows Live\Shared;C:\JDK\6_30\bin;c:\Program Files\Microsoft ASP.NET\ASP.NET Web Pages\v1.0\;C:\Program Files\TortoiseSVN\bin;c:\Program Files\Microsoft SQL Server\100\Tools\Binn\;c:\Program Files\Microsoft SQL Server\100\DTS\Binn\;c:\Program Files\Microsoft SQL Server\100\Tools\Binn\VSShell\Common7\IDE\;C:\Program Files\CVSNT\
USERNAME=Paulo
OS=Windows_NT
PROCESSOR_IDENTIFIER=x86 Family 6 Model 23 Stepping 10, GenuineIntel



---------------  S Y S T E M  ---------------

OS: Windows 7 Build 7601 Service Pack 1

CPU:total 2 (2 cores per cpu, 1 threads per core) family 6 model 23 stepping 10, cmov, cx8, fxsr, mmx, sse, sse2, sse3, ssse3

Memory: 4k page, physical 3135672k(1624220k free), swap 6269588k(4172992k free)

vm_info: Java HotSpot(TM) Client VM (20.6-b01) for windows-x86 JRE (1.6.0_31-b05), built on Feb  3 2012 18:44:09 by "java_re" with MS VC++ 7.1 (VS2003)

time: Thu Apr 19 20:03:47 2012
elapsed time: 3 seconds

