#
# A fatal error has been detected by the Java Runtime Environment:
#
#  EXCEPTION_ACCESS_VIOLATION (0xc0000005) at pc=0x6d8fff6b, pid=5368, tid=2896
#
# JRE version: 6.0_31-b05
# Java VM: Java HotSpot(TM) Client VM (20.6-b01 mixed mode, sharing windows-x86 )
# Problematic frame:
# V  [jvm.dll+0x10ff6b]
#
# If you would like to submit a bug report, please visit:
#   http://java.sun.com/webapps/bugreport/crash.jsp
#

---------------  T H R E A D  ---------------

Current thread (0x01999000):  JavaThread "main" [_thread_in_vm, id=2896, stack(0x00030000,0x00130000)]

siginfo: ExceptionCode=0xc0000005, reading address 0x39415923

Registers:
EAX=0x01999650, EBX=0x016e1230, ECX=0x39415919, EDX=0x01999650
ESP=0x0012e3f8, EBP=0x0012e504, ESI=0x0012e510, EDI=0x00000000
EIP=0x6d8fff6b, EFLAGS=0x00010246

Top of Stack: (sp=0x0012e3f8)
0x0012e3f8:   019965a0 0012e544 016e1230 6d8e28e9
0x0012e408:   00000004 01999684 0012e424 6d8e2f5c
0x0012e418:   01999684 ffffffff 01999684 0012e438
0x0012e428:   6d83b629 01999684 ffffffff 01999000
0x0012e438:   0012e47c 6d83d031 01999660 01999670
0x0012e448:   01999674 01999684 0000008f 01999000
0x0012e458:   01999660 01999000 00000000 0012e470
0x0012e468:   01999000 016e08f0 01999610 01999684 

Instructions: (pc=0x6d8fff6b)
0x6d8fff4b:   cc cc cc cc cc 55 8b ec 81 ec 00 01 00 00 53 56
0x6d8fff5b:   8b f1 8b 46 04 57 33 ff 89 7e 08 89 7e 0c 8b 08
0x6d8fff6b:   80 79 0a 28 74 24 6a 28 8d 95 00 ff ff ff 68 c8
0x6d8fff7b:   6d a2 6d 52 e8 3c 16 ef ff 50 6a 43 68 68 6d a2 


Register to memory mapping:

EAX=0x01999650 is an unknown value
EBX=0x016e1230 is an unknown value
ECX=0x39415919 is an unknown value
EDX=0x01999650 is an unknown value
ESP=0x0012e3f8 is pointing into the stack for thread: 0x01999000
EBP=0x0012e504 is pointing into the stack for thread: 0x01999000
ESI=0x0012e510 is pointing into the stack for thread: 0x01999000
EDI=0x00000000 is an unknown value


Stack: [0x00030000,0x00130000],  sp=0x0012e3f8,  free space=1016k
Native frames: (J=compiled Java code, j=interpreted, Vv=VM code, C=native code)
V  [jvm.dll+0x10ff6b]
V  [jvm.dll+0xf7a26]
V  [jvm.dll+0x4abcb]
j  org.eclipse.jdt.internal.core.CompilationUnit.findPrimaryType()Lorg/eclipse/jdt/core/IType;+15
j  org.eclipse.jem.internal.adapters.jdom.JavaReflectionSynchronizer.getFullNameFromElement(Lorg/eclipse/jdt/core/ICompilationUnit;)Ljava/lang/String;+1
j  org.eclipse.jem.internal.adapters.jdom.JavaReflectionSynchronizer.doFlush(Lorg/eclipse/jdt/core/ICompilationUnit;)Lorg/eclipse/emf/common/notify/Notification;+6
j  org.eclipse.jem.internal.adapters.jdom.JavaReflectionSynchronizer.flushTypes()V+105
j  org.eclipse.jem.internal.adapters.jdom.JavaReflectionSynchronizer.elementChanged(Lorg/eclipse/jdt/core/ElementChangedEvent;)V+33
j  org.eclipse.jdt.internal.core.DeltaProcessor$3.run()V+30
J  org.eclipse.core.runtime.SafeRunner.run(Lorg/eclipse/core/runtime/ISafeRunnable;)V
j  org.eclipse.jdt.internal.core.DeltaProcessor.firePostChangeDelta(Lorg/eclipse/jdt/core/IJavaElementDelta;[Lorg/eclipse/jdt/core/IElementChangedListener;[II)V+79
j  org.eclipse.jdt.internal.core.DeltaProcessor.fire(Lorg/eclipse/jdt/core/IJavaElementDelta;I)V+212
j  org.eclipse.jdt.internal.core.DeltaProcessor.resourceChanged(Lorg/eclipse/core/resources/IResourceChangeEvent;)V+393
j  org.eclipse.jdt.internal.core.DeltaProcessingState.resourceChanged(Lorg/eclipse/core/resources/IResourceChangeEvent;)V+57
j  org.eclipse.core.internal.events.NotificationManager$2.run()V+8
J  org.eclipse.core.runtime.SafeRunner.run(Lorg/eclipse/core/runtime/ISafeRunnable;)V
j  org.eclipse.core.internal.events.NotificationManager.broadcastChanges(Lorg/eclipse/core/internal/watson/ElementTree;Lorg/eclipse/core/internal/events/ResourceChangeEvent;Z)V+97
j  org.eclipse.core.internal.resources.Workspace.broadcastPostChange()V+22
j  org.eclipse.core.internal.resources.Workspace.endOperation(Lorg/eclipse/core/runtime/jobs/ISchedulingRule;ZLorg/eclipse/core/runtime/IProgressMonitor;)V+150
j  org.eclipse.core.internal.resources.Workspace.run(Lorg/eclipse/core/resources/IWorkspaceRunnable;Lorg/eclipse/core/runtime/jobs/ISchedulingRule;ILorg/eclipse/core/runtime/IProgressMonitor;)V+182
j  org.eclipse.ui.actions.WorkspaceModifyOperation.run(Lorg/eclipse/core/runtime/IProgressMonitor;)V+25
j  org.eclipse.ui.internal.editors.text.WorkspaceOperationRunner.run(ZZLorg/eclipse/jface/operation/IRunnableWithProgress;Lorg/eclipse/core/runtime/jobs/ISchedulingRule;)V+18
j  org.eclipse.ui.internal.editors.text.WorkspaceOperationRunner.run(ZZLorg/eclipse/jface/operation/IRunnableWithProgress;)V+20
j  org.eclipse.ui.editors.text.TextFileDocumentProvider.executeOperation(Lorg/eclipse/ui/editors/text/TextFileDocumentProvider$DocumentProviderOperation;Lorg/eclipse/core/runtime/IProgressMonitor;)V+14
j  org.eclipse.ui.editors.text.TextFileDocumentProvider.saveDocument(Lorg/eclipse/core/runtime/IProgressMonitor;Ljava/lang/Object;Lorg/eclipse/jface/text/IDocument;Z)V+24
j  org.eclipse.ui.texteditor.AbstractTextEditor.performSave(ZLorg/eclipse/core/runtime/IProgressMonitor;)V+42
j  org.eclipse.jdt.internal.ui.javaeditor.CompilationUnitEditor.performSave(ZLorg/eclipse/core/runtime/IProgressMonitor;)V+32
j  org.eclipse.jdt.internal.ui.javaeditor.CompilationUnitEditor.doSave(Lorg/eclipse/core/runtime/IProgressMonitor;)V+115
j  org.eclipse.ui.texteditor.AbstractTextEditor$TextEditorSavable.doSave(Lorg/eclipse/core/runtime/IProgressMonitor;)V+5
j  org.eclipse.ui.Saveable.doSave(Lorg/eclipse/core/runtime/IProgressMonitor;Lorg/eclipse/jface/window/IShellProvider;)Lorg/eclipse/ui/progress/IJobRunnable;+2
j  org.eclipse.ui.internal.SaveableHelper.doSaveModel(Lorg/eclipse/ui/Saveable;Lorg/eclipse/core/runtime/IProgressMonitor;Lorg/eclipse/jface/window/IShellProvider;Z)V+70
j  org.eclipse.ui.internal.SaveableHelper$2.run(Lorg/eclipse/core/runtime/IProgressMonitor;)V+84
j  org.eclipse.ui.internal.SaveableHelper$4.run(Lorg/eclipse/core/runtime/IProgressMonitor;)V+5
j  org.eclipse.jface.operation.ModalContext.runInCurrentThread(Lorg/eclipse/jface/operation/IRunnableWithProgress;Lorg/eclipse/core/runtime/IProgressMonitor;)V+6
j  org.eclipse.jface.operation.ModalContext.run(Lorg/eclipse/jface/operation/IRunnableWithProgress;ZLorg/eclipse/core/runtime/IProgressMonitor;Lorg/eclipse/swt/widgets/Display;)V+48
j  org.eclipse.jface.window.ApplicationWindow$1.run()V+19
j  org.eclipse.swt.custom.BusyIndicator.showWhile(Lorg/eclipse/swt/widgets/Display;Ljava/lang/Runnable;)V+116
j  org.eclipse.jface.window.ApplicationWindow.run(ZZLorg/eclipse/jface/operation/IRunnableWithProgress;)V+302
j  org.eclipse.ui.internal.WorkbenchWindow.run(ZZLorg/eclipse/jface/operation/IRunnableWithProgress;)V+170
j  org.eclipse.ui.internal.SaveableHelper.runProgressMonitorOperation(Ljava/lang/String;Lorg/eclipse/jface/operation/IRunnableWithProgress;Lorg/eclipse/jface/operation/IRunnableContext;Lorg/eclipse/jface/window/IShellProvider;)Z+22
j  org.eclipse.ui.internal.SaveableHelper.runProgressMonitorOperation(Ljava/lang/String;Lorg/eclipse/jface/operation/IRunnableWithProgress;Lorg/eclipse/ui/IWorkbenchWindow;)Z+4
j  org.eclipse.ui.internal.SaveableHelper.saveModels(Lorg/eclipse/ui/ISaveablesSource;Lorg/eclipse/ui/IWorkbenchWindow;Z)Z+83
j  org.eclipse.ui.internal.SaveableHelper.savePart(Lorg/eclipse/ui/ISaveablePart;Lorg/eclipse/ui/IWorkbenchPart;Lorg/eclipse/ui/IWorkbenchWindow;Z)Z+176
j  org.eclipse.ui.internal.EditorManager.savePart(Lorg/eclipse/ui/ISaveablePart;Lorg/eclipse/ui/IWorkbenchPart;Z)Z+7
j  org.eclipse.ui.internal.WorkbenchPage.savePart(Lorg/eclipse/ui/ISaveablePart;Lorg/eclipse/ui/IWorkbenchPart;Z)Z+7
j  org.eclipse.ui.internal.WorkbenchPage.saveEditor(Lorg/eclipse/ui/IEditorPart;Z)Z+4
j  org.eclipse.ui.internal.SaveAction.run()V+69
j  org.eclipse.jface.action.Action.runWithEvent(Lorg/eclipse/swt/widgets/Event;)V+1
j  org.eclipse.jface.action.ActionContributionItem.handleWidgetSelection(Lorg/eclipse/swt/widgets/Event;Z)V+281
j  org.eclipse.jface.action.ActionContributionItem.access$2(Lorg/eclipse/jface/action/ActionContributionItem;Lorg/eclipse/swt/widgets/Event;Z)V+3
j  org.eclipse.jface.action.ActionContributionItem$6.handleEvent(Lorg/eclipse/swt/widgets/Event;)V+60
J  org.eclipse.swt.widgets.EventTable.sendEvent(Lorg/eclipse/swt/widgets/Event;)V
j  org.eclipse.ui.internal.Workbench.runUI()I+336
j  org.eclipse.ui.internal.Workbench.access$4(Lorg/eclipse/ui/internal/Workbench;)I+1
j  org.eclipse.ui.internal.Workbench$4.run()V+23
j  org.eclipse.core.databinding.observable.Realm.runWithDefault(Lorg/eclipse/core/databinding/observable/Realm;Ljava/lang/Runnable;)V+12
j  org.eclipse.ui.internal.Workbench.createAndRunWorkbench(Lorg/eclipse/swt/widgets/Display;Lorg/eclipse/ui/application/WorkbenchAdvisor;)I+18
j  org.eclipse.ui.PlatformUI.createAndRunWorkbench(Lorg/eclipse/swt/widgets/Display;Lorg/eclipse/ui/application/WorkbenchAdvisor;)I+2
j  org.eclipse.ui.internal.ide.application.IDEApplication.start(Lorg/eclipse/equinox/app/IApplicationContext;)Ljava/lang/Object;+81
j  org.eclipse.equinox.internal.app.EclipseAppHandle.run(Ljava/lang/Object;)Ljava/lang/Object;+102
j  org.eclipse.core.runtime.internal.adaptor.EclipseAppLauncher.runApplication(Ljava/lang/Object;)Ljava/lang/Object;+103
j  org.eclipse.core.runtime.internal.adaptor.EclipseAppLauncher.start(Ljava/lang/Object;)Ljava/lang/Object;+29
j  org.eclipse.core.runtime.adaptor.EclipseStarter.run(Ljava/lang/Object;)Ljava/lang/Object;+149
j  org.eclipse.core.runtime.adaptor.EclipseStarter.run([Ljava/lang/String;Ljava/lang/Runnable;)Ljava/lang/Object;+183
v  ~StubRoutines::call_stub
V  [jvm.dll+0xfac3b]
V  [jvm.dll+0x18c3a1]
V  [jvm.dll+0xfacbd]
V  [jvm.dll+0x104ec3]
V  [jvm.dll+0x105806]
V  [jvm.dll+0xb702e]
C  [java.dll+0x7225]  Java_sun_reflect_NativeMethodAccessorImpl_invoke0+0x15
j  sun.reflect.NativeMethodAccessorImpl.invoke(Ljava/lang/Object;[Ljava/lang/Object;)Ljava/lang/Object;+87
j  sun.reflect.DelegatingMethodAccessorImpl.invoke(Ljava/lang/Object;[Ljava/lang/Object;)Ljava/lang/Object;+6
j  java.lang.reflect.Method.invoke(Ljava/lang/Object;[Ljava/lang/Object;)Ljava/lang/Object;+161
j  org.eclipse.equinox.launcher.Main.invokeFramework([Ljava/lang/String;[Ljava/net/URL;)V+210
j  org.eclipse.equinox.launcher.Main.basicRun([Ljava/lang/String;)V+114
j  org.eclipse.equinox.launcher.Main.run([Ljava/lang/String;)I+4
v  ~StubRoutines::call_stub
V  [jvm.dll+0xfac3b]
V  [jvm.dll+0x18c3a1]
V  [jvm.dll+0xfacbd]
V  [jvm.dll+0x95981]
V  [jvm.dll+0x976f9]
C  [eclipse_1023.dll+0x4db0]  runW+0x3d91
C  [eclipse_1023.dll+0x4595]  runW+0x3576
C  [eclipse_1023.dll+0x153c]  runW+0x51d
C  [eclipse.exe+0x1495]
C  [eclipse.exe+0x1181]
C  [eclipse.exe+0x45d6]
C  [kernel32.dll+0x4ed6c]  BaseThreadInitThunk+0x12
C  [ntdll.dll+0x6377b]  RtlInitializeExceptionChain+0xef
C  [ntdll.dll+0x6374e]  RtlInitializeExceptionChain+0xc2

Java frames: (J=compiled Java code, j=interpreted, Vv=VM code)
j  org.eclipse.jdt.internal.core.CompilationUnit.findPrimaryType()Lorg/eclipse/jdt/core/IType;+15
j  org.eclipse.jem.internal.adapters.jdom.JavaReflectionSynchronizer.getFullNameFromElement(Lorg/eclipse/jdt/core/ICompilationUnit;)Ljava/lang/String;+1
j  org.eclipse.jem.internal.adapters.jdom.JavaReflectionSynchronizer.doFlush(Lorg/eclipse/jdt/core/ICompilationUnit;)Lorg/eclipse/emf/common/notify/Notification;+6
j  org.eclipse.jem.internal.adapters.jdom.JavaReflectionSynchronizer.flushTypes()V+105
j  org.eclipse.jem.internal.adapters.jdom.JavaReflectionSynchronizer.elementChanged(Lorg/eclipse/jdt/core/ElementChangedEvent;)V+33
j  org.eclipse.jdt.internal.core.DeltaProcessor$3.run()V+30
J  org.eclipse.core.runtime.SafeRunner.run(Lorg/eclipse/core/runtime/ISafeRunnable;)V
j  org.eclipse.jdt.internal.core.DeltaProcessor.notifyListeners(Lorg/eclipse/jdt/core/IJavaElementDelta;I[Lorg/eclipse/jdt/core/IElementChangedListener;[II)V+101
j  org.eclipse.jdt.internal.core.DeltaProcessor.firePostChangeDelta(Lorg/eclipse/jdt/core/IJavaElementDelta;[Lorg/eclipse/jdt/core/IElementChangedListener;[II)V+79
j  org.eclipse.jdt.internal.core.DeltaProcessor.fire(Lorg/eclipse/jdt/core/IJavaElementDelta;I)V+212
j  org.eclipse.jdt.internal.core.DeltaProcessor.resourceChanged(Lorg/eclipse/core/resources/IResourceChangeEvent;)V+393
j  org.eclipse.jdt.internal.core.DeltaProcessingState.resourceChanged(Lorg/eclipse/core/resources/IResourceChangeEvent;)V+57
j  org.eclipse.core.internal.events.NotificationManager$2.run()V+8
J  org.eclipse.core.runtime.SafeRunner.run(Lorg/eclipse/core/runtime/ISafeRunnable;)V
j  org.eclipse.core.internal.events.NotificationManager.notify([Lorg/eclipse/core/internal/events/ResourceChangeListenerList$ListenerEntry;Lorg/eclipse/core/resources/IResourceChangeEvent;Z)V+79
j  org.eclipse.core.internal.events.NotificationManager.broadcastChanges(Lorg/eclipse/core/internal/watson/ElementTree;Lorg/eclipse/core/internal/events/ResourceChangeEvent;Z)V+97
j  org.eclipse.core.internal.resources.Workspace.broadcastPostChange()V+22
j  org.eclipse.core.internal.resources.Workspace.endOperation(Lorg/eclipse/core/runtime/jobs/ISchedulingRule;ZLorg/eclipse/core/runtime/IProgressMonitor;)V+150
j  org.eclipse.core.internal.resources.Workspace.run(Lorg/eclipse/core/resources/IWorkspaceRunnable;Lorg/eclipse/core/runtime/jobs/ISchedulingRule;ILorg/eclipse/core/runtime/IProgressMonitor;)V+182
j  org.eclipse.ui.actions.WorkspaceModifyOperation.run(Lorg/eclipse/core/runtime/IProgressMonitor;)V+25
j  org.eclipse.ui.internal.editors.text.WorkspaceOperationRunner.run(ZZLorg/eclipse/jface/operation/IRunnableWithProgress;Lorg/eclipse/core/runtime/jobs/ISchedulingRule;)V+18
j  org.eclipse.ui.internal.editors.text.WorkspaceOperationRunner.run(ZZLorg/eclipse/jface/operation/IRunnableWithProgress;)V+20
j  org.eclipse.ui.editors.text.TextFileDocumentProvider.executeOperation(Lorg/eclipse/ui/editors/text/TextFileDocumentProvider$DocumentProviderOperation;Lorg/eclipse/core/runtime/IProgressMonitor;)V+14
j  org.eclipse.ui.editors.text.TextFileDocumentProvider.saveDocument(Lorg/eclipse/core/runtime/IProgressMonitor;Ljava/lang/Object;Lorg/eclipse/jface/text/IDocument;Z)V+24
j  org.eclipse.ui.texteditor.AbstractTextEditor.performSave(ZLorg/eclipse/core/runtime/IProgressMonitor;)V+42
j  org.eclipse.jdt.internal.ui.javaeditor.CompilationUnitEditor.performSave(ZLorg/eclipse/core/runtime/IProgressMonitor;)V+32
j  org.eclipse.jdt.internal.ui.javaeditor.CompilationUnitEditor.doSave(Lorg/eclipse/core/runtime/IProgressMonitor;)V+115
j  org.eclipse.ui.texteditor.AbstractTextEditor$TextEditorSavable.doSave(Lorg/eclipse/core/runtime/IProgressMonitor;)V+5
j  org.eclipse.ui.Saveable.doSave(Lorg/eclipse/core/runtime/IProgressMonitor;Lorg/eclipse/jface/window/IShellProvider;)Lorg/eclipse/ui/progress/IJobRunnable;+2
j  org.eclipse.ui.internal.SaveableHelper.doSaveModel(Lorg/eclipse/ui/Saveable;Lorg/eclipse/core/runtime/IProgressMonitor;Lorg/eclipse/jface/window/IShellProvider;Z)V+70
j  org.eclipse.ui.internal.SaveableHelper$2.run(Lorg/eclipse/core/runtime/IProgressMonitor;)V+84
j  org.eclipse.ui.internal.SaveableHelper$4.run(Lorg/eclipse/core/runtime/IProgressMonitor;)V+5
j  org.eclipse.jface.operation.ModalContext.runInCurrentThread(Lorg/eclipse/jface/operation/IRunnableWithProgress;Lorg/eclipse/core/runtime/IProgressMonitor;)V+6
j  org.eclipse.jface.operation.ModalContext.run(Lorg/eclipse/jface/operation/IRunnableWithProgress;ZLorg/eclipse/core/runtime/IProgressMonitor;Lorg/eclipse/swt/widgets/Display;)V+48
j  org.eclipse.jface.window.ApplicationWindow$1.run()V+19
j  org.eclipse.swt.custom.BusyIndicator.showWhile(Lorg/eclipse/swt/widgets/Display;Ljava/lang/Runnable;)V+116
j  org.eclipse.jface.window.ApplicationWindow.run(ZZLorg/eclipse/jface/operation/IRunnableWithProgress;)V+302
j  org.eclipse.ui.internal.WorkbenchWindow.run(ZZLorg/eclipse/jface/operation/IRunnableWithProgress;)V+170
j  org.eclipse.ui.internal.SaveableHelper.runProgressMonitorOperation(Ljava/lang/String;Lorg/eclipse/jface/operation/IRunnableWithProgress;Lorg/eclipse/jface/operation/IRunnableContext;Lorg/eclipse/jface/window/IShellProvider;)Z+22
j  org.eclipse.ui.internal.SaveableHelper.runProgressMonitorOperation(Ljava/lang/String;Lorg/eclipse/jface/operation/IRunnableWithProgress;Lorg/eclipse/ui/IWorkbenchWindow;)Z+4
j  org.eclipse.ui.internal.SaveableHelper.saveModels(Lorg/eclipse/ui/ISaveablesSource;Lorg/eclipse/ui/IWorkbenchWindow;Z)Z+83
j  org.eclipse.ui.internal.SaveableHelper.savePart(Lorg/eclipse/ui/ISaveablePart;Lorg/eclipse/ui/IWorkbenchPart;Lorg/eclipse/ui/IWorkbenchWindow;Z)Z+176
j  org.eclipse.ui.internal.EditorManager.savePart(Lorg/eclipse/ui/ISaveablePart;Lorg/eclipse/ui/IWorkbenchPart;Z)Z+7
j  org.eclipse.ui.internal.WorkbenchPage.savePart(Lorg/eclipse/ui/ISaveablePart;Lorg/eclipse/ui/IWorkbenchPart;Z)Z+7
j  org.eclipse.ui.internal.WorkbenchPage.saveEditor(Lorg/eclipse/ui/IEditorPart;Z)Z+4
j  org.eclipse.ui.internal.SaveAction.run()V+69
j  org.eclipse.jface.action.Action.runWithEvent(Lorg/eclipse/swt/widgets/Event;)V+1
j  org.eclipse.jface.action.ActionContributionItem.handleWidgetSelection(Lorg/eclipse/swt/widgets/Event;Z)V+281
j  org.eclipse.jface.action.ActionContributionItem.access$2(Lorg/eclipse/jface/action/ActionContributionItem;Lorg/eclipse/swt/widgets/Event;Z)V+3
j  org.eclipse.jface.action.ActionContributionItem$6.handleEvent(Lorg/eclipse/swt/widgets/Event;)V+60
J  org.eclipse.swt.widgets.EventTable.sendEvent(Lorg/eclipse/swt/widgets/Event;)V
J  org.eclipse.swt.widgets.Display.runDeferredEvents()Z
J  org.eclipse.swt.widgets.Display.readAndDispatch()Z
j  org.eclipse.ui.internal.Workbench.runEventLoop(Lorg/eclipse/jface/window/Window$IExceptionHandler;Lorg/eclipse/swt/widgets/Display;)V+9
j  org.eclipse.ui.internal.Workbench.runUI()I+336
j  org.eclipse.ui.internal.Workbench.access$4(Lorg/eclipse/ui/internal/Workbench;)I+1
j  org.eclipse.ui.internal.Workbench$4.run()V+23
j  org.eclipse.core.databinding.observable.Realm.runWithDefault(Lorg/eclipse/core/databinding/observable/Realm;Ljava/lang/Runnable;)V+12
j  org.eclipse.ui.internal.Workbench.createAndRunWorkbench(Lorg/eclipse/swt/widgets/Display;Lorg/eclipse/ui/application/WorkbenchAdvisor;)I+18
j  org.eclipse.ui.PlatformUI.createAndRunWorkbench(Lorg/eclipse/swt/widgets/Display;Lorg/eclipse/ui/application/WorkbenchAdvisor;)I+2
j  org.eclipse.ui.internal.ide.application.IDEApplication.start(Lorg/eclipse/equinox/app/IApplicationContext;)Ljava/lang/Object;+81
j  org.eclipse.equinox.internal.app.EclipseAppHandle.run(Ljava/lang/Object;)Ljava/lang/Object;+102
j  org.eclipse.core.runtime.internal.adaptor.EclipseAppLauncher.runApplication(Ljava/lang/Object;)Ljava/lang/Object;+103
j  org.eclipse.core.runtime.internal.adaptor.EclipseAppLauncher.start(Ljava/lang/Object;)Ljava/lang/Object;+29
j  org.eclipse.core.runtime.adaptor.EclipseStarter.run(Ljava/lang/Object;)Ljava/lang/Object;+149
j  org.eclipse.core.runtime.adaptor.EclipseStarter.run([Ljava/lang/String;Ljava/lang/Runnable;)Ljava/lang/Object;+183
v  ~StubRoutines::call_stub
j  sun.reflect.NativeMethodAccessorImpl.invoke0(Ljava/lang/reflect/Method;Ljava/lang/Object;[Ljava/lang/Object;)Ljava/lang/Object;+0
j  sun.reflect.NativeMethodAccessorImpl.invoke(Ljava/lang/Object;[Ljava/lang/Object;)Ljava/lang/Object;+87
j  sun.reflect.DelegatingMethodAccessorImpl.invoke(Ljava/lang/Object;[Ljava/lang/Object;)Ljava/lang/Object;+6
j  java.lang.reflect.Method.invoke(Ljava/lang/Object;[Ljava/lang/Object;)Ljava/lang/Object;+161
j  org.eclipse.equinox.launcher.Main.invokeFramework([Ljava/lang/String;[Ljava/net/URL;)V+210
j  org.eclipse.equinox.launcher.Main.basicRun([Ljava/lang/String;)V+114
j  org.eclipse.equinox.launcher.Main.run([Ljava/lang/String;)I+4
v  ~StubRoutines::call_stub

---------------  P R O C E S S  ---------------

Java Threads: ( => current thread )
  0x06d74000 JavaThread "org.eclipse.jdt.internal.ui.text.JavaReconciler" daemon [_thread_blocked, id=3616, stack(0x08080000,0x08180000)]
  0x06d73800 JavaThread "Thread-6" [_thread_blocked, id=4388, stack(0x07f80000,0x08080000)]
  0x06d73400 JavaThread "Timer-2" [_thread_blocked, id=4812, stack(0x07e80000,0x07f80000)]
  0x06d72c00 JavaThread "Timer-1" [_thread_blocked, id=3888, stack(0x07c80000,0x07d80000)]
  0x06d72800 JavaThread "Worker-5" [_thread_blocked, id=4268, stack(0x07b80000,0x07c80000)]
  0x06d72000 JavaThread "Timer-0" [_thread_blocked, id=828, stack(0x07a80000,0x07b80000)]
  0x06c8b000 JavaThread "Worker-4" [_thread_blocked, id=2440, stack(0x07980000,0x07a80000)]
  0x06c92800 JavaThread "Worker-3" [_thread_blocked, id=4976, stack(0x05a00000,0x05b00000)]
  0x06982c00 JavaThread "Worker-1" [_thread_blocked, id=5468, stack(0x07570000,0x07670000)]
  0x06817000 JavaThread "com.metys.merlin.generation.templates.presentation.JETReconciler" daemon [_thread_blocked, id=3880, stack(0x07470000,0x07570000)]
  0x042f0c00 JavaThread "Java indexing" daemon [_thread_blocked, id=5496, stack(0x07370000,0x07470000)]
  0x05155c00 JavaThread "Worker-0" [_thread_blocked, id=2144, stack(0x05720000,0x05820000)]
  0x04303400 JavaThread "Start Level Event Dispatcher" daemon [_thread_blocked, id=2656, stack(0x04ff0000,0x050f0000)]
  0x04302400 JavaThread "Framework Event Dispatcher" daemon [_thread_blocked, id=1160, stack(0x04ef0000,0x04ff0000)]
  0x042fd800 JavaThread "State Data Manager" daemon [_thread_blocked, id=1600, stack(0x04980000,0x04a80000)]
  0x01752000 JavaThread "Low Memory Detector" daemon [_thread_blocked, id=2236, stack(0x04090000,0x04190000)]
  0x0174d400 JavaThread "C1 CompilerThread0" daemon [_thread_blocked, id=5044, stack(0x03f90000,0x04090000)]
  0x0174c400 JavaThread "Attach Listener" daemon [_thread_blocked, id=2672, stack(0x03e90000,0x03f90000)]
  0x0174b000 JavaThread "Signal Dispatcher" daemon [_thread_blocked, id=1320, stack(0x03d90000,0x03e90000)]
  0x0173d800 JavaThread "Finalizer" daemon [_thread_blocked, id=3972, stack(0x03c90000,0x03d90000)]
  0x0173c400 JavaThread "Reference Handler" daemon [_thread_blocked, id=4148, stack(0x03b90000,0x03c90000)]
=>0x01999000 JavaThread "main" [_thread_in_vm, id=2896, stack(0x00030000,0x00130000)]

Other Threads:
  0x016ff800 VMThread [stack: 0x03a90000,0x03b90000] [id=5744]
  0x0175b400 WatcherThread [stack: 0x04190000,0x04290000] [id=5436]

VM state:not at safepoint (normal execution)

VM Mutex/Monitor currently owned by a thread: None

Heap
 def new generation   total 26752K, used 15272K [0x17760000, 0x19460000, 0x1ccb0000)
  eden space 23808K,  64% used [0x17760000, 0x1864a0d0, 0x18ea0000)
  from space 2944K,   0% used [0x18ea0000, 0x18ea0000, 0x19180000)
  to   space 2944K,   0% used [0x19180000, 0x19180000, 0x19460000)
 tenured generation   total 59244K, used 35544K [0x1ccb0000, 0x2068b000, 0x27760000)
   the space 59244K,  59% used [0x1ccb0000, 0x1ef660b8, 0x1ef66200, 0x2068b000)
 compacting perm gen  total 49664K, used 49617K [0x27760000, 0x2a7e0000, 0x37760000)
   the space 49664K,  99% used [0x27760000, 0x2a7d45b0, 0x2a7d4600, 0x2a7e0000)
    ro space 10240K,  51% used [0x37760000, 0x37c8e318, 0x37c8e400, 0x38160000)
    rw space 12288K,  55% used [0x38160000, 0x387fa088, 0x387fa200, 0x38d60000)

Code Cache  [0x019a0000, 0x01e90000, 0x039a0000)
 total_blobs=2406 nmethods=2199 adapters=141 free_code_cache=28442432 largest_free_block=28544

Dynamic libraries:
0x00400000 - 0x0040e000 	C:\GeradorJava\jet\eclipse\eclipse.exe
0x77040000 - 0x7717c000 	C:\Windows\SYSTEM32\ntdll.dll
0x76cc0000 - 0x76d94000 	C:\Windows\system32\kernel32.dll
0x75270000 - 0x752ba000 	C:\Windows\system32\KERNELBASE.dll
0x756f0000 - 0x757b9000 	C:\Windows\system32\USER32.dll
0x75bc0000 - 0x75c0e000 	C:\Windows\system32\GDI32.dll
0x771b0000 - 0x771ba000 	C:\Windows\system32\LPK.dll
0x757c0000 - 0x7585d000 	C:\Windows\system32\USP10.dll
0x771c0000 - 0x7726c000 	C:\Windows\system32\msvcrt.dll
0x6dde0000 - 0x6de64000 	C:\Windows\WinSxS\x86_microsoft.windows.common-controls_6595b64144ccf1df_5.82.7601.17514_none_ec83dffa859149af\COMCTL32.dll
0x75a40000 - 0x75ae0000 	C:\Windows\system32\ADVAPI32.dll
0x75a20000 - 0x75a39000 	C:\Windows\SYSTEM32\sechost.dll
0x75d40000 - 0x75de1000 	C:\Windows\system32\RPCRT4.dll
0x756d0000 - 0x756ef000 	C:\Windows\system32\IMM32.DLL
0x75ae0000 - 0x75bac000 	C:\Windows\system32\MSCTF.dll
0x72000000 - 0x72012000 	C:\GeradorJava\jet\eclipse\plugins\org.eclipse.equinox.launcher.win32.win32.x86_1.0.3.R33x_v20080118\eclipse_1023.dll
0x74690000 - 0x74699000 	C:\Windows\system32\VERSION.dll
0x73f20000 - 0x73f60000 	C:\Windows\system32\uxtheme.dll
0x6d000000 - 0x6d009000 	C:\ProgramData\Real\RealPlayer\BrowserRecordPlugin\Chrome\Hook\rpchrome150browserrecordhelper.dll
0x717a0000 - 0x71843000 	C:\Windows\WinSxS\x86_microsoft.vc90.crt_1fc8b3b9a1e18e3b_9.0.30729.6161_none_50934f2ebcb7eb57\MSVCR90.dll
0x75f50000 - 0x76b9a000 	C:\Windows\system32\SHELL32.dll
0x75670000 - 0x756c7000 	C:\Windows\system32\SHLWAPI.dll
0x6d7f0000 - 0x6da9f000 	C:\Program Files\Java\jre6\bin\client\jvm.dll
0x702d0000 - 0x70302000 	C:\Windows\system32\WINMM.dll
0x7c340000 - 0x7c396000 	C:\Windows\system32\MSVCR71.dll
0x75100000 - 0x7514c000 	C:\Windows\system32\apphelp.dll
0x6d7a0000 - 0x6d7ac000 	C:\Program Files\Java\jre6\bin\verify.dll
0x6d320000 - 0x6d33f000 	C:\Program Files\Java\jre6\bin\java.dll
0x6d7e0000 - 0x6d7ef000 	C:\Program Files\Java\jre6\bin\zip.dll
0x74c50000 - 0x74c66000 	C:\Windows\system32\CRYPTSP.dll
0x749f0000 - 0x74a2b000 	C:\Windows\system32\rsaenh.dll
0x747f0000 - 0x74807000 	C:\Windows\system32\USERENV.dll
0x751d0000 - 0x751db000 	C:\Windows\system32\profapi.dll
0x75150000 - 0x7515c000 	C:\Windows\system32\CRYPTBASE.dll
0x6d600000 - 0x6d613000 	C:\Program Files\Java\jre6\bin\net.dll
0x75df0000 - 0x75e25000 	C:\Windows\system32\WS2_32.dll
0x75c10000 - 0x75c16000 	C:\Windows\system32\NSI.dll
0x74c10000 - 0x74c4c000 	C:\Windows\system32\mswsock.dll
0x74c00000 - 0x74c06000 	C:\Windows\System32\wship6.dll
0x72d10000 - 0x72d20000 	C:\Windows\system32\NLAapi.dll
0x70290000 - 0x702a0000 	C:\Windows\system32\napinsp.dll
0x70270000 - 0x70282000 	C:\Windows\system32\pnrpnsp.dll
0x706b0000 - 0x706d7000 	C:\Program Files\Common Files\Microsoft Shared\Windows Live\WLIDNSP.DLL
0x76c30000 - 0x76c35000 	C:\Windows\system32\PSAPI.DLL
0x74ad0000 - 0x74b14000 	C:\Windows\system32\DNSAPI.dll
0x70260000 - 0x70268000 	C:\Windows\System32\winrnr.dll
0x74720000 - 0x74725000 	C:\Windows\System32\wshtcpip.dll
0x73740000 - 0x7375c000 	C:\Windows\system32\IPHLPAPI.DLL
0x73730000 - 0x73737000 	C:\Windows\system32\WINNSI.DLL
0x702c0000 - 0x702c6000 	C:\Windows\system32\rasadhlp.dll
0x73390000 - 0x733c8000 	C:\Windows\System32\fwpuclnt.dll
0x758c0000 - 0x75a1c000 	C:\Windows\system32\ole32.dll
0x76ba0000 - 0x76c23000 	C:\Windows\system32\CLBCatQ.DLL
0x76da0000 - 0x76e2f000 	C:\Windows\system32\OLEAUT32.dll
0x6d620000 - 0x6d629000 	C:\Program Files\Java\jre6\bin\nio.dll
0x10000000 - 0x1004f000 	C:\GeradorJava\jet\eclipse\configuration\org.eclipse.osgi\bundles\334\1\.cp\swt-win32-3349.dll
0x740a0000 - 0x7423e000 	C:\Windows\WinSxS\x86_microsoft.windows.common-controls_6595b64144ccf1df_6.0.7601.17514_none_41e6975e2bd6f2b2\COMCTL32.dll
0x76c40000 - 0x76cbb000 	C:\Windows\system32\comdlg32.dll
0x75e30000 - 0x75f4b000 	C:\Windows\system32\WININET.dll
0x75bb0000 - 0x75bb3000 	C:\Windows\system32\Normaliz.dll
0x76e80000 - 0x77038000 	C:\Windows\system32\iertutil.dll
0x75c20000 - 0x75d31000 	C:\Windows\system32\urlmon.dll
0x73bf0000 - 0x73c03000 	C:\Windows\system32\dwmapi.dll
0x04520000 - 0x04528000 	C:\GeradorJava\jet\eclipse\configuration\org.eclipse.osgi\bundles\36\1\.cp\os\win32\x86\localfile_1_0_0.dll
0x73680000 - 0x736bc000 	C:\Windows\system32\oleacc.dll
0x05960000 - 0x05974000 	C:\GeradorJava\jet\eclipse\configuration\org.eclipse.osgi\bundles\334\1\.cp\swt-gdip-win32-3349.dll
0x73d90000 - 0x73f20000 	C:\Windows\WinSxS\x86_microsoft.windows.gdiplus_6595b64144ccf1df_1.1.7601.17514_none_72d18a4386696c80\gdiplus.dll
0x751c0000 - 0x751ce000 	C:\Windows\system32\RpcRtRemote.dll
0x712b0000 - 0x712de000 	C:\Windows\system32\mlang.dll
0x73ab0000 - 0x73ab5000 	C:\Windows\system32\msimg32.dll
0x6eea0000 - 0x6f7e6000 	C:\Windows\System32\ieframe.dll
0x75160000 - 0x751bf000 	C:\Windows\system32\SXS.DLL
0x750b0000 - 0x750b8000 	C:\Windows\system32\Secur32.dll
0x750d0000 - 0x750eb000 	C:\Windows\system32\SSPICLI.DLL
0x735b0000 - 0x735d1000 	C:\Windows\system32\ntmarta.dll
0x76e30000 - 0x76e75000 	C:\Windows\system32\WLDAP32.dll
0x62840000 - 0x633fb000 	C:\Windows\System32\mshtml.dll
0x73640000 - 0x7364b000 	C:\Windows\system32\msimtf.dll
0x6a040000 - 0x6a06b000 	C:\Windows\system32\msls31.dll
0x754d0000 - 0x7566d000 	C:\Windows\system32\setupapi.dll
0x752f0000 - 0x75317000 	C:\Windows\system32\CFGMGR32.dll
0x75250000 - 0x75262000 	C:\Windows\system32\DEVOBJ.dll
0x71e60000 - 0x71f1a000 	C:\Windows\system32\d2d1.dll
0x723a0000 - 0x724ab000 	C:\Windows\system32\DWrite.dll
0x6c840000 - 0x6c8c3000 	C:\Windows\system32\dxgi.dll
0x752c0000 - 0x752ed000 	C:\Windows\system32\WINTRUST.dll
0x75320000 - 0x7543d000 	C:\Windows\system32\CRYPT32.dll
0x75240000 - 0x7524c000 	C:\Windows\system32\MSASN1.dll
0x6d740000 - 0x6d76c000 	C:\Windows\system32\d3d10_1.dll
0x6d700000 - 0x6d73a000 	C:\Windows\system32\d3d10_1core.dll
0x646c0000 - 0x647ec000 	C:\Windows\system32\D3D10Warp.dll
0x73f60000 - 0x74055000 	C:\Windows\system32\PROPSYS.dll

VM Arguments:
jvm_args: -XX:MaxPermSize=256M 
java_command: <unknown>
Launcher Type: generic

Environment Variables:
JAVA_HOME=C:\JDK\6_30
PATH=C:\Program Files\Java\jre6\bin\client;C:\Program Files\Java\jre6\bin;C:\Program Files\Common Files\Microsoft Shared\Windows Live;C:\Windows\system32;C:\Windows;C:\Windows\System32\Wbem;C:\Windows\System32\WindowsPowerShell\v1.0\;C:\Program Files\Windows Live\Shared;C:\JDK\6_30\bin;c:\Program Files\Microsoft ASP.NET\ASP.NET Web Pages\v1.0\;C:\Program Files\TortoiseSVN\bin;c:\Program Files\Microsoft SQL Server\100\Tools\Binn\;c:\Program Files\Microsoft SQL Server\100\DTS\Binn\;c:\Program Files\Microsoft SQL Server\100\Tools\Binn\VSShell\Common7\IDE\;C:\Program Files\CVSNT\
USERNAME=Paulo
OS=Windows_NT
PROCESSOR_IDENTIFIER=x86 Family 6 Model 23 Stepping 10, GenuineIntel



---------------  S Y S T E M  ---------------

OS: Windows 7 Build 7601 Service Pack 1

CPU:total 2 (2 cores per cpu, 1 threads per core) family 6 model 23 stepping 10, cmov, cx8, fxsr, mmx, sse, sse2, sse3, ssse3

Memory: 4k page, physical 3135672k(1052852k free), swap 6269588k(3831568k free)

vm_info: Java HotSpot(TM) Client VM (20.6-b01) for windows-x86 JRE (1.6.0_31-b05), built on Feb  3 2012 18:44:09 by "java_re" with MS VC++ 7.1 (VS2003)

time: Wed May 09 12:40:55 2012
elapsed time: 176 seconds

