#
# A fatal error has been detected by the Java Runtime Environment:
#
#  EXCEPTION_ACCESS_VIOLATION (0xc0000005) at pc=0x45455246, pid=48, tid=49
#
# JRE version: Java(TM) SE Runtime Environment (8.0_77-b03) (build 1.8.0_77-b03)
# Java VM: Java HotSpot(TM) Client VM (25.77-b03 mixed mode windows-x86 )
# Problematic frame:
# C  0x45455246
#
# Failed to write core dump. Minidumps are not enabled by default on client versions of Windows
#
# If you would like to submit a bug report, please visit:
#   http://bugreport.java.com/bugreport/crash.jsp
# The crash happened outside the Java Virtual Machine in native code.
# See problematic frame for where to report the bug.
#

---------------  T H R E A D  ---------------

Current thread (0x00637000):  JavaThread "main" [_thread_in_native, id=49, stack(0x00240000,0x00340000)]

siginfo: ExceptionCode=0xc0000005, reading address 0x45455246

Registers:
EAX=0x45455246, EBX=0x7ec5a000, ECX=0x00000000, EDX=0x7ec5a000
ESP=0x0033cbac, EBP=0x0033cbd8, ESI=0x0002048e, EDI=0x0002048e
EIP=0x45455246, EFLAGS=0x00210206

Top of Stack: (sp=0x0033cbac)
0x0033cbac:   7ec1a62a 0002048e 00000002 00000000
0x0033cbbc:   00000000 0033cd2c 0033cc5c 0033cc38
0x0033cbcc:   7ec5a000 0002048e 0002048e 0033cc28
0x0033cbdc:   7ec1ad4b 45455246 0002048e 00000002
0x0033cbec:   00000000 00000000 7ec5a000 0033cc28
0x0033cbfc:   7ec1ad19 00110060 00000020 7eb91c59
0x0033cc0c:   7ec08a3c 7ed25320 f7d97088 7ec1ad0b
0x0033cc1c:   7ec5a000 00004545 0002048e 0033cc78 

Instructions: (pc=0x45455246)
0x45455226:   
[error occurred during error reporting (printing registers, top of stack, instructions near pc), id 0xc0000005]

Register to memory mapping:

EAX=0x45455246 is an unknown value
EBX=0x7ec5a000 is an unknown value
ECX=0x00000000 is an unknown value
EDX=0x7ec5a000 is an unknown value
ESP=0x0033cbac is pointing into the stack for thread: 0x00637000
EBP=0x0033cbd8 is pointing into the stack for thread: 0x00637000
ESI=0x0002048e is an unknown value
EDI=0x0002048e is an unknown value


Stack: [0x00240000,0x00340000],  sp=0x0033cbac,  free space=1010k
Native frames: (J=compiled Java code, j=interpreted, Vv=VM code, C=native code)
C  0x45455246
C  [user32.dll+0x9ad4b]
C  [user32.dll+0x9d514]
C  [user32.dll+0x2cad0]  DefDlgProcW+0x70
C  [user32.dll+0x9a62a]  WINPROC_wrapper+0x1a
C  [user32.dll+0x9ac57]
C  [user32.dll+0x9d055]
C  [user32.dll+0x5eb4e]
C  [user32.dll+0x65794]
C  [user32.dll+0x65a10]  SendMessageW+0x60
C  [user32.dll+0x8c739]
C  [user32.dll+0x8fc47]  DestroyWindow+0x197
C  [swt-win32-3349.dll+0x3578]
j  org.eclipse.swt.widgets.Control.destroyWidget()V+14
j  org.eclipse.swt.widgets.Shell.destroyWidget()V+5
j  org.eclipse.swt.widgets.Widget.release(Z)V+79
j  org.eclipse.swt.widgets.Widget.dispose()V+23
j  org.eclipse.swt.widgets.Decorations.dispose()V+52
j  org.eclipse.swt.widgets.Shell.dispose()V+1
j  org.eclipse.jface.internal.text.html.BrowserInformationControl.dispose()V+48
j  org.eclipse.jface.text.AbstractInformationControlManager.disposeInformationControl()V+11
j  org.eclipse.jface.text.AbstractInformationControlManager.dispose()V+18
j  org.eclipse.jface.text.AbstractHoverInformationControlManager.dispose()V+28
j  org.eclipse.jface.text.TextViewerHoverManager.dispose()V+56
j  org.eclipse.jface.text.TextViewer.handleDispose()V+217
j  org.eclipse.jface.text.source.SourceViewer.handleDispose()V+24
j  org.eclipse.jface.text.source.projection.ProjectionViewer.handleDispose()V+6
j  org.eclipse.jdt.internal.ui.javaeditor.JavaSourceViewer.handleDispose()V+20
j  org.eclipse.jface.text.TextViewer$2.widgetDisposed(Lorg/eclipse/swt/events/DisposeEvent;)V+4
J 3253 C1 org.eclipse.swt.widgets.TypedListener.handleEvent(Lorg/eclipse/swt/widgets/Event;)V (1138 bytes) @ 0x00a6eebc [0x00a6da60+0x145c]
J 1374 C1 org.eclipse.swt.widgets.EventTable.sendEvent(Lorg/eclipse/swt/widgets/Event;)V (532 bytes) @ 0x00a620a8 [0x00a61ff0+0xb8]
J 2391 C1 org.eclipse.swt.widgets.Widget.sendEvent(ILorg/eclipse/swt/widgets/Event;Z)V (88 bytes) @ 0x00812d70 [0x00812c10+0x160]
j  org.eclipse.swt.widgets.Widget.sendEvent(ILorg/eclipse/swt/widgets/Event;)V+4
j  org.eclipse.swt.widgets.Widget.notifyListeners(ILorg/eclipse/swt/widgets/Event;)V+19
j  org.eclipse.swt.custom.StyledText.handleDispose(Lorg/eclipse/swt/widgets/Event;)V+14
j  org.eclipse.swt.custom.StyledText$7.handleEvent(Lorg/eclipse/swt/widgets/Event;)V+93
J 1374 C1 org.eclipse.swt.widgets.EventTable.sendEvent(Lorg/eclipse/swt/widgets/Event;)V (532 bytes) @ 0x00a620a8 [0x00a61ff0+0xb8]
J 2391 C1 org.eclipse.swt.widgets.Widget.sendEvent(ILorg/eclipse/swt/widgets/Event;Z)V (88 bytes) @ 0x00812d70 [0x00812c10+0x160]
j  org.eclipse.swt.widgets.Widget.sendEvent(I)V+4
j  org.eclipse.swt.widgets.Widget.release(Z)V+26
j  org.eclipse.swt.widgets.Composite.releaseChildren(Z)V+31
j  org.eclipse.swt.widgets.Canvas.releaseChildren(Z)V+22
j  org.eclipse.swt.widgets.Widget.release(Z)V+40
j  org.eclipse.swt.widgets.Composite.releaseChildren(Z)V+31
j  org.eclipse.swt.widgets.Widget.release(Z)V+40
j  org.eclipse.swt.widgets.Composite.releaseChildren(Z)V+31
j  org.eclipse.swt.widgets.Widget.release(Z)V+40
j  org.eclipse.swt.widgets.Composite.releaseChildren(Z)V+31
j  org.eclipse.swt.widgets.Widget.release(Z)V+40
j  org.eclipse.swt.widgets.Composite.releaseChildren(Z)V+31
j  org.eclipse.swt.widgets.Widget.release(Z)V+40
j  org.eclipse.swt.widgets.Widget.dispose()V+23
j  org.eclipse.ui.internal.PartPane.dispose()V+46
j  org.eclipse.ui.internal.WorkbenchPartReference.dispose()V+106
j  org.eclipse.ui.internal.WorkbenchPage.disposePart(Lorg/eclipse/ui/internal/WorkbenchPartReference;)V+30
j  org.eclipse.ui.internal.WorkbenchPage.handleDeferredEvents()V+60
j  org.eclipse.ui.internal.WorkbenchPage.deferUpdates(Z)V+46
j  org.eclipse.ui.internal.WorkbenchPage.closeEditors([Lorg/eclipse/ui/IEditorReference;Z)Z+391
j  org.eclipse.ui.internal.WorkbenchPage.closeAllEditors(Z)Z+6
j  org.eclipse.ui.internal.WorkbenchPage.dispose()V+23
j  org.eclipse.ui.internal.WorkbenchWindow.closeAllPages()V+46
j  org.eclipse.ui.internal.WorkbenchWindow.hardClose()Z+188
j  org.eclipse.ui.internal.WorkbenchWindow.busyClose()Z+67
j  org.eclipse.ui.internal.WorkbenchWindow.access$0(Lorg/eclipse/ui/internal/WorkbenchWindow;)Z+1
j  org.eclipse.ui.internal.WorkbenchWindow$2.run()V+9
j  org.eclipse.swt.custom.BusyIndicator.showWhile(Lorg/eclipse/swt/widgets/Display;Ljava/lang/Runnable;)V+116
j  org.eclipse.ui.internal.WorkbenchWindow.close()Z+14
j  org.eclipse.jface.window.WindowManager.close()Z+32
j  org.eclipse.ui.internal.Workbench$15.run()V+28
J 1785 C1 org.eclipse.core.runtime.SafeRunner.run(Lorg/eclipse/core/runtime/ISafeRunnable;)V (29 bytes) @ 0x00ad9b58 [0x00ad9b30+0x28]
j  org.eclipse.ui.internal.Workbench.busyClose(Z)Z+174
j  org.eclipse.ui.internal.Workbench.access$15(Lorg/eclipse/ui/internal/Workbench;Z)Z+2
j  org.eclipse.ui.internal.Workbench$22.run()V+13
j  org.eclipse.swt.custom.BusyIndicator.showWhile(Lorg/eclipse/swt/widgets/Display;Ljava/lang/Runnable;)V+116
j  org.eclipse.ui.internal.Workbench.close(IZ)Z+20
j  org.eclipse.ui.internal.Workbench.close()Z+3
j  org.eclipse.ui.internal.WorkbenchWindow.busyClose()Z+52
j  org.eclipse.ui.internal.WorkbenchWindow.access$0(Lorg/eclipse/ui/internal/WorkbenchWindow;)Z+1
j  org.eclipse.ui.internal.WorkbenchWindow$2.run()V+9
j  org.eclipse.swt.custom.BusyIndicator.showWhile(Lorg/eclipse/swt/widgets/Display;Ljava/lang/Runnable;)V+116
j  org.eclipse.ui.internal.WorkbenchWindow.close()Z+14
j  org.eclipse.jface.window.Window.handleShellCloseEvent()V+6
j  org.eclipse.jface.window.Window$3.shellClosed(Lorg/eclipse/swt/events/ShellEvent;)V+19
J 3253 C1 org.eclipse.swt.widgets.TypedListener.handleEvent(Lorg/eclipse/swt/widgets/Event;)V (1138 bytes) @ 0x00a6e930 [0x00a6da60+0xed0]
J 1374 C1 org.eclipse.swt.widgets.EventTable.sendEvent(Lorg/eclipse/swt/widgets/Event;)V (532 bytes) @ 0x00a620a8 [0x00a61ff0+0xb8]
J 2391 C1 org.eclipse.swt.widgets.Widget.sendEvent(ILorg/eclipse/swt/widgets/Event;Z)V (88 bytes) @ 0x00812d70 [0x00812c10+0x160]
j  org.eclipse.swt.widgets.Widget.sendEvent(ILorg/eclipse/swt/widgets/Event;)V+4
j  org.eclipse.swt.widgets.Decorations.closeWidget()V+12
j  org.eclipse.swt.widgets.Decorations.WM_CLOSE(II)Lorg/eclipse/swt/internal/win32/LRESULT;+28
J 1231 C1 org.eclipse.swt.widgets.Control.windowProc(IIII)I (1722 bytes) @ 0x00a2bc00 [0x00a2ae00+0xe00]
J 2467 C1 org.eclipse.swt.widgets.Canvas.windowProc(IIII)I (49 bytes) @ 0x00896d58 [0x00896cf0+0x68]
j  org.eclipse.swt.widgets.Decorations.windowProc(IIII)I+61
j  org.eclipse.swt.widgets.Shell.windowProc(IIII)I+131
J 1228 C1 org.eclipse.swt.widgets.Display.windowProc(IIII)I (158 bytes) @ 0x00a2a098 [0x00a29f00+0x198]
v  ~StubRoutines::call_stub
V  [jvm.dll+0x158f95]
V  [jvm.dll+0x21e54e]
V  [jvm.dll+0x15902e]
V  [jvm.dll+0xdb23b]
V  [jvm.dll+0xdd07c]
...<more frames>...

Java frames: (J=compiled Java code, j=interpreted, Vv=VM code)
j  org.eclipse.swt.internal.win32.OS.DestroyWindow(I)Z+0
j  org.eclipse.swt.widgets.Control.destroyWidget()V+14
j  org.eclipse.swt.widgets.Shell.destroyWidget()V+5
j  org.eclipse.swt.widgets.Widget.release(Z)V+79
j  org.eclipse.swt.widgets.Widget.dispose()V+23
j  org.eclipse.swt.widgets.Decorations.dispose()V+52
j  org.eclipse.swt.widgets.Shell.dispose()V+1
j  org.eclipse.jface.internal.text.html.BrowserInformationControl.dispose()V+48
j  org.eclipse.jface.text.AbstractInformationControlManager.disposeInformationControl()V+11
j  org.eclipse.jface.text.AbstractInformationControlManager.dispose()V+18
j  org.eclipse.jface.text.AbstractHoverInformationControlManager.dispose()V+28
j  org.eclipse.jface.text.TextViewerHoverManager.dispose()V+56
j  org.eclipse.jface.text.TextViewer.handleDispose()V+217
j  org.eclipse.jface.text.source.SourceViewer.handleDispose()V+24
j  org.eclipse.jface.text.source.projection.ProjectionViewer.handleDispose()V+6
j  org.eclipse.jdt.internal.ui.javaeditor.JavaSourceViewer.handleDispose()V+20
j  org.eclipse.jface.text.TextViewer$2.widgetDisposed(Lorg/eclipse/swt/events/DisposeEvent;)V+4
J 3253 C1 org.eclipse.swt.widgets.TypedListener.handleEvent(Lorg/eclipse/swt/widgets/Event;)V (1138 bytes) @ 0x00a6eebc [0x00a6da60+0x145c]
J 1374 C1 org.eclipse.swt.widgets.EventTable.sendEvent(Lorg/eclipse/swt/widgets/Event;)V (532 bytes) @ 0x00a620a8 [0x00a61ff0+0xb8]
J 2391 C1 org.eclipse.swt.widgets.Widget.sendEvent(ILorg/eclipse/swt/widgets/Event;Z)V (88 bytes) @ 0x00812d70 [0x00812c10+0x160]
j  org.eclipse.swt.widgets.Widget.sendEvent(ILorg/eclipse/swt/widgets/Event;)V+4
j  org.eclipse.swt.widgets.Widget.notifyListeners(ILorg/eclipse/swt/widgets/Event;)V+19
j  org.eclipse.swt.custom.StyledText.handleDispose(Lorg/eclipse/swt/widgets/Event;)V+14
j  org.eclipse.swt.custom.StyledText$7.handleEvent(Lorg/eclipse/swt/widgets/Event;)V+93
J 1374 C1 org.eclipse.swt.widgets.EventTable.sendEvent(Lorg/eclipse/swt/widgets/Event;)V (532 bytes) @ 0x00a620a8 [0x00a61ff0+0xb8]
J 2391 C1 org.eclipse.swt.widgets.Widget.sendEvent(ILorg/eclipse/swt/widgets/Event;Z)V (88 bytes) @ 0x00812d70 [0x00812c10+0x160]
j  org.eclipse.swt.widgets.Widget.sendEvent(I)V+4
j  org.eclipse.swt.widgets.Widget.release(Z)V+26
j  org.eclipse.swt.widgets.Composite.releaseChildren(Z)V+31
j  org.eclipse.swt.widgets.Canvas.releaseChildren(Z)V+22
j  org.eclipse.swt.widgets.Widget.release(Z)V+40
j  org.eclipse.swt.widgets.Composite.releaseChildren(Z)V+31
j  org.eclipse.swt.widgets.Widget.release(Z)V+40
j  org.eclipse.swt.widgets.Composite.releaseChildren(Z)V+31
j  org.eclipse.swt.widgets.Widget.release(Z)V+40
j  org.eclipse.swt.widgets.Composite.releaseChildren(Z)V+31
j  org.eclipse.swt.widgets.Widget.release(Z)V+40
j  org.eclipse.swt.widgets.Composite.releaseChildren(Z)V+31
j  org.eclipse.swt.widgets.Widget.release(Z)V+40
j  org.eclipse.swt.widgets.Widget.dispose()V+23
j  org.eclipse.ui.internal.PartPane.dispose()V+46
j  org.eclipse.ui.internal.WorkbenchPartReference.dispose()V+106
j  org.eclipse.ui.internal.WorkbenchPage.disposePart(Lorg/eclipse/ui/internal/WorkbenchPartReference;)V+30
j  org.eclipse.ui.internal.WorkbenchPage.handleDeferredEvents()V+60
j  org.eclipse.ui.internal.WorkbenchPage.deferUpdates(Z)V+46
j  org.eclipse.ui.internal.WorkbenchPage.closeEditors([Lorg/eclipse/ui/IEditorReference;Z)Z+391
j  org.eclipse.ui.internal.WorkbenchPage.closeAllEditors(Z)Z+6
j  org.eclipse.ui.internal.WorkbenchPage.dispose()V+23
j  org.eclipse.ui.internal.WorkbenchWindow.closeAllPages()V+46
j  org.eclipse.ui.internal.WorkbenchWindow.hardClose()Z+188
j  org.eclipse.ui.internal.WorkbenchWindow.busyClose()Z+67
j  org.eclipse.ui.internal.WorkbenchWindow.access$0(Lorg/eclipse/ui/internal/WorkbenchWindow;)Z+1
j  org.eclipse.ui.internal.WorkbenchWindow$2.run()V+9
j  org.eclipse.swt.custom.BusyIndicator.showWhile(Lorg/eclipse/swt/widgets/Display;Ljava/lang/Runnable;)V+116
j  org.eclipse.ui.internal.WorkbenchWindow.close()Z+14
j  org.eclipse.jface.window.WindowManager.close()Z+32
j  org.eclipse.ui.internal.Workbench$15.run()V+28
J 1785 C1 org.eclipse.core.runtime.SafeRunner.run(Lorg/eclipse/core/runtime/ISafeRunnable;)V (29 bytes) @ 0x00ad9b58 [0x00ad9b30+0x28]
j  org.eclipse.ui.internal.Workbench.busyClose(Z)Z+174
j  org.eclipse.ui.internal.Workbench.access$15(Lorg/eclipse/ui/internal/Workbench;Z)Z+2
j  org.eclipse.ui.internal.Workbench$22.run()V+13
j  org.eclipse.swt.custom.BusyIndicator.showWhile(Lorg/eclipse/swt/widgets/Display;Ljava/lang/Runnable;)V+116
j  org.eclipse.ui.internal.Workbench.close(IZ)Z+20
j  org.eclipse.ui.internal.Workbench.close()Z+3
j  org.eclipse.ui.internal.WorkbenchWindow.busyClose()Z+52
j  org.eclipse.ui.internal.WorkbenchWindow.access$0(Lorg/eclipse/ui/internal/WorkbenchWindow;)Z+1
j  org.eclipse.ui.internal.WorkbenchWindow$2.run()V+9
j  org.eclipse.swt.custom.BusyIndicator.showWhile(Lorg/eclipse/swt/widgets/Display;Ljava/lang/Runnable;)V+116
j  org.eclipse.ui.internal.WorkbenchWindow.close()Z+14
j  org.eclipse.jface.window.Window.handleShellCloseEvent()V+6
j  org.eclipse.jface.window.Window$3.shellClosed(Lorg/eclipse/swt/events/ShellEvent;)V+19
J 3253 C1 org.eclipse.swt.widgets.TypedListener.handleEvent(Lorg/eclipse/swt/widgets/Event;)V (1138 bytes) @ 0x00a6e930 [0x00a6da60+0xed0]
J 1374 C1 org.eclipse.swt.widgets.EventTable.sendEvent(Lorg/eclipse/swt/widgets/Event;)V (532 bytes) @ 0x00a620a8 [0x00a61ff0+0xb8]
J 2391 C1 org.eclipse.swt.widgets.Widget.sendEvent(ILorg/eclipse/swt/widgets/Event;Z)V (88 bytes) @ 0x00812d70 [0x00812c10+0x160]
j  org.eclipse.swt.widgets.Widget.sendEvent(ILorg/eclipse/swt/widgets/Event;)V+4
j  org.eclipse.swt.widgets.Decorations.closeWidget()V+12
j  org.eclipse.swt.widgets.Decorations.WM_CLOSE(II)Lorg/eclipse/swt/internal/win32/LRESULT;+28
J 1231 C1 org.eclipse.swt.widgets.Control.windowProc(IIII)I (1722 bytes) @ 0x00a2bc00 [0x00a2ae00+0xe00]
J 2467 C1 org.eclipse.swt.widgets.Canvas.windowProc(IIII)I (49 bytes) @ 0x00896d58 [0x00896cf0+0x68]
j  org.eclipse.swt.widgets.Decorations.windowProc(IIII)I+61
j  org.eclipse.swt.widgets.Shell.windowProc(IIII)I+131
J 1228 C1 org.eclipse.swt.widgets.Display.windowProc(IIII)I (158 bytes) @ 0x00a2a098 [0x00a29f00+0x198]
v  ~StubRoutines::call_stub
J 1387  org.eclipse.swt.internal.win32.OS.DefWindowProcW(IIII)I (0 bytes) @ 0x00a6546f [0x00a65420+0x4f]
J 1408 C1 org.eclipse.swt.internal.win32.OS.DefWindowProc(IIII)I (22 bytes) @ 0x00a6bfa0 [0x00a6bf80+0x20]
j  org.eclipse.swt.widgets.Shell.callWindowProc(IIII)I+166
J 1231 C1 org.eclipse.swt.widgets.Control.windowProc(IIII)I (1722 bytes) @ 0x00a2bd64 [0x00a2ae00+0xf64]
J 2467 C1 org.eclipse.swt.widgets.Canvas.windowProc(IIII)I (49 bytes) @ 0x00896d58 [0x00896cf0+0x68]
j  org.eclipse.swt.widgets.Decorations.windowProc(IIII)I+61
j  org.eclipse.swt.widgets.Shell.windowProc(IIII)I+131
J 1228 C1 org.eclipse.swt.widgets.Display.windowProc(IIII)I (158 bytes) @ 0x00a2a064 [0x00a29f00+0x164]
v  ~StubRoutines::call_stub
J 2410  org.eclipse.swt.internal.win32.OS.DispatchMessageW(Lorg/eclipse/swt/internal/win32/MSG;)I (0 bytes) @ 0x00875530 [0x008754e0+0x50]
J 2480 C1 org.eclipse.swt.widgets.Display.readAndDispatch()Z (84 bytes) @ 0x009297d0 [0x009296b0+0x120]
J 2755% C1 org.eclipse.ui.internal.Workbench.runEventLoop(Lorg/eclipse/jface/window/Window$IExceptionHandler;Lorg/eclipse/swt/widgets/Display;)V (42 bytes) @ 0x0094d5bc [0x0094d570+0x4c]
j  org.eclipse.ui.internal.Workbench.runUI()I+336
j  org.eclipse.ui.internal.Workbench.access$4(Lorg/eclipse/ui/internal/Workbench;)I+1
j  org.eclipse.ui.internal.Workbench$4.run()V+23
j  org.eclipse.core.databinding.observable.Realm.runWithDefault(Lorg/eclipse/core/databinding/observable/Realm;Ljava/lang/Runnable;)V+12
j  org.eclipse.ui.internal.Workbench.createAndRunWorkbench(Lorg/eclipse/swt/widgets/Display;Lorg/eclipse/ui/application/WorkbenchAdvisor;)I+18
j  org.eclipse.ui.PlatformUI.createAndRunWorkbench(Lorg/eclipse/swt/widgets/Display;Lorg/eclipse/ui/application/WorkbenchAdvisor;)I+2
j  org.eclipse.ui.internal.ide.application.IDEApplication.start(Lorg/eclipse/equinox/app/IApplicationContext;)Ljava/lang/Object;+81
j  org.eclipse.equinox.internal.app.EclipseAppHandle.run(Ljava/lang/Object;)Ljava/lang/Object;+102
j  org.eclipse.core.runtime.internal.adaptor.EclipseAppLauncher.runApplication(Ljava/lang/Object;)Ljava/lang/Object;+103
j  org.eclipse.core.runtime.internal.adaptor.EclipseAppLauncher.start(Ljava/lang/Object;)Ljava/lang/Object;+29
j  org.eclipse.core.runtime.adaptor.EclipseStarter.run(Ljava/lang/Object;)Ljava/lang/Object;+149
j  org.eclipse.core.runtime.adaptor.EclipseStarter.run([Ljava/lang/String;Ljava/lang/Runnable;)Ljava/lang/Object;+183
v  ~StubRoutines::call_stub
j  sun.reflect.NativeMethodAccessorImpl.invoke0(Ljava/lang/reflect/Method;Ljava/lang/Object;[Ljava/lang/Object;)Ljava/lang/Object;+0
j  sun.reflect.NativeMethodAccessorImpl.invoke(Ljava/lang/Object;[Ljava/lang/Object;)Ljava/lang/Object;+100
j  sun.reflect.DelegatingMethodAccessorImpl.invoke(Ljava/lang/Object;[Ljava/lang/Object;)Ljava/lang/Object;+6
j  java.lang.reflect.Method.invoke(Ljava/lang/Object;[Ljava/lang/Object;)Ljava/lang/Object;+56
j  org.eclipse.equinox.launcher.Main.invokeFramework([Ljava/lang/String;[Ljava/net/URL;)V+210
j  org.eclipse.equinox.launcher.Main.basicRun([Ljava/lang/String;)V+114
j  org.eclipse.equinox.launcher.Main.run([Ljava/lang/String;)I+4
v  ~StubRoutines::call_stub

---------------  P R O C E S S  ---------------

Java Threads: ( => current thread )
  0x162e8c00 JavaThread "Worker-15" [_thread_blocked, id=166, stack(0x1b190000,0x1b290000)]
  0x16ba8800 JavaThread "org.eclipse.jdt.internal.ui.text.JavaReconciler" daemon [_thread_blocked, id=159, stack(0x76fb0000,0x770b0000)]
  0x168f7400 JavaThread "Worker-14" [_thread_blocked, id=157, stack(0x7fcc0000,0x7fdc0000)]
  0x168f9000 JavaThread "org.eclipse.jdt.internal.ui.text.JavaReconciler" daemon [_thread_blocked, id=155, stack(0x7fbb0000,0x7fcb0000)]
  0x1700a400 JavaThread "Worker-13" [_thread_blocked, id=152, stack(0x770c0000,0x771c0000)]
  0x167b4400 JavaThread "org.eclipse.jdt.internal.ui.text.JavaReconciler" daemon [_thread_blocked, id=150, stack(0x7fdd0000,0x7fed0000)]
  0x16ad1800 JavaThread "Worker-9" [_thread_blocked, id=81, stack(0x1bad0000,0x1bbd0000)]
  0x16ca4c00 JavaThread "Thread-6" [_thread_blocked, id=80, stack(0x1b6c0000,0x1b7c0000)]
  0x16c7b400 JavaThread "Timer-2" [_thread_blocked, id=79, stack(0x1b5b0000,0x1b6b0000)]
  0x16bd3800 JavaThread "Worker-8" [_thread_blocked, id=78, stack(0x1b2a0000,0x1b3a0000)]
  0x16bc0000 JavaThread "Worker-2" [_thread_blocked, id=72, stack(0x18990000,0x18a90000)]
  0x16883400 JavaThread "Timer-1" [_thread_blocked, id=70, stack(0x1a7e0000,0x1a8e0000)]
  0x16850800 JavaThread "Timer-0" [_thread_blocked, id=69, stack(0x1a6d0000,0x1a7d0000)]
  0x163ac000 JavaThread "Java indexing" daemon [_thread_blocked, id=67, stack(0x19490000,0x19590000)]
  0x13844c00 JavaThread "Start Level Event Dispatcher" daemon [_thread_blocked, id=60, stack(0x13f30000,0x14030000)]
  0x13830400 JavaThread "Framework Event Dispatcher" daemon [_thread_blocked, id=58, stack(0x13d10000,0x13e10000)]
  0x12f93400 JavaThread "Service Thread" daemon [_thread_blocked, id=56, stack(0x134c0000,0x135c0000)]
  0x12f8c000 JavaThread "C1 CompilerThread0" daemon [_thread_blocked, id=55, stack(0x133b0000,0x134b0000)]
  0x12f8ac00 JavaThread "Attach Listener" daemon [_thread_blocked, id=54, stack(0x132a0000,0x133a0000)]
  0x12f89800 JavaThread "Signal Dispatcher" daemon [_thread_blocked, id=53, stack(0x13190000,0x13290000)]
  0x0073f400 JavaThread "Finalizer" daemon [_thread_blocked, id=52, stack(0x13080000,0x13180000)]
  0x00739000 JavaThread "Reference Handler" daemon [_thread_blocked, id=51, stack(0x12e60000,0x12f60000)]
=>0x00637000 JavaThread "main" [_thread_in_native, id=49, stack(0x00240000,0x00340000)]

Other Threads:
  0x00734800 VMThread [stack: 0x12d50000,0x12e50000] [id=50]
  0x12f97c00 WatcherThread [stack: 0x135d0000,0x136d0000] [id=57]

VM state:not at safepoint (normal execution)

VM Mutex/Monitor currently owned by a thread: None

Heap:
 def new generation   total 26944K, used 25688K [0x02800000, 0x04530000, 0x07d50000)
  eden space 24000K,  94% used [0x02800000, 0x03e36088, 0x03f70000)
  from space 2944K, 100% used [0x03f70000, 0x04250000, 0x04250000)
  to   space 2944K,   0% used [0x04250000, 0x04250000, 0x04530000)
 tenured generation   total 59600K, used 38369K [0x07d50000, 0x0b784000, 0x12800000)
   the space 59600K,  64% used [0x07d50000, 0x0a2c8508, 0x0a2c8600, 0x0b784000)
 Metaspace       used 42114K, capacity 44077K, committed 44160K, reserved 44416K

Card table byte_map: [0x12800000,0x12890000] byte_map_base: 0x127ec000

Polling page: 0x00380000

CodeCache: size=32768Kb used=4549Kb max_used=4926Kb free=28218Kb
 bounds [0x00740000, 0x00c18000, 0x02740000]
 total_blobs=2071 nmethods=1831 adapters=167
 compilation: enabled

Compilation events (10 events):
Event: 1186.647 Thread 0x12f8c000 3615             org.eclipse.jface.action.CoolBarManager::allowItem (111 bytes)
Event: 1186.647 Thread 0x12f8c000 nmethod 3615 0x00aeb088 code [0x00aeb220, 0x00aeb568]
Event: 1186.656 Thread 0x12f8c000 3616             com.sun.org.apache.xerces.internal.util.ParserConfigurationSettings::addRecognizedFeatures (56 bytes)
Event: 1186.656 Thread 0x12f8c000 nmethod 3616 0x00aead08 code [0x00aeae20, 0x00aeaf68]
Event: 1186.667 Thread 0x12f8c000 3617   !         org.eclipse.osgi.framework.internal.core.BundleLoader::findRequiredSource (232 bytes)
Event: 1186.668 Thread 0x12f8c000 nmethod 3617 0x00989e48 code [0x0098a040, 0x0098a888]
Event: 1186.692 Thread 0x12f8c000 3618  s!         org.eclipse.osgi.framework.internal.core.BundleLoaderProxy::getBundleLoader (96 bytes)
Event: 1186.692 Thread 0x12f8c000 nmethod 3618 0x009895c8 code [0x00989700, 0x00989b24]
Event: 1186.693 Thread 0x12f8c000 3619             org.eclipse.jface.text.AbstractDocument::removePosition (90 bytes)
Event: 1186.693 Thread 0x12f8c000 nmethod 3619 0x00988f88 code [0x009890f0, 0x00989398]

GC Heap History (10 events):
Event: 399.567 GC heap before
{Heap before GC invocations=57 (full 5):
 def new generation   total 22464K, used 20271K [0x02800000, 0x04060000, 0x07d50000)
  eden space 19968K, 100% used [0x02800000, 0x03b80000, 0x03b80000)
  from space 2496K,  12% used [0x03df0000, 0x03e3bc50, 0x04060000)
  to   space 2496K,   0% used [0x03b80000, 0x03b80000, 0x03df0000)
 tenured generation   total 49840K, used 44669K [0x07d50000, 0x0adfc000, 0x12800000)
   the space 49840K,  89% used [0x07d50000, 0x0a8ef438, 0x0a8ef600, 0x0adfc000)
 Metaspace       used 38256K, capacity 40156K, committed 40192K, reserved 40320K
Event: 399.573 GC heap after
Heap after GC invocations=58 (full 5):
 def new generation   total 22464K, used 2496K [0x02800000, 0x04060000, 0x07d50000)
  eden space 19968K,   0% used [0x02800000, 0x02800000, 0x03b80000)
  from space 2496K, 100% used [0x03b80000, 0x03df0000, 0x03df0000)
  to   space 2496K,   0% used [0x03df0000, 0x03df0000, 0x04060000)
 tenured generation   total 49840K, used 45062K [0x07d50000, 0x0adfc000, 0x12800000)
   the space 49840K,  90% used [0x07d50000, 0x0a951b48, 0x0a951c00, 0x0adfc000)
 Metaspace       used 38256K, capacity 40156K, committed 40192K, reserved 40320K
}
Event: 403.319 GC heap before
{Heap before GC invocations=58 (full 5):
 def new generation   total 22464K, used 22464K [0x02800000, 0x04060000, 0x07d50000)
  eden space 19968K, 100% used [0x02800000, 0x03b80000, 0x03b80000)
  from space 2496K, 100% used [0x03b80000, 0x03df0000, 0x03df0000)
  to   space 2496K,   0% used [0x03df0000, 0x03df0000, 0x04060000)
 tenured generation   total 49840K, used 45062K [0x07d50000, 0x0adfc000, 0x12800000)
   the space 49840K,  90% used [0x07d50000, 0x0a951b48, 0x0a951c00, 0x0adfc000)
 Metaspace       used 40225K, capacity 42110K, committed 42112K, reserved 42368K
Event: 403.336 GC heap after
Heap after GC invocations=59 (full 5):
 def new generation   total 22464K, used 2496K [0x02800000, 0x04060000, 0x07d50000)
  eden space 19968K,   0% used [0x02800000, 0x02800000, 0x03b80000)
  from space 2496K, 100% used [0x03df0000, 0x04060000, 0x04060000)
  to   space 2496K,   0% used [0x03b80000, 0x03b80000, 0x03df0000)
 tenured generation   total 49840K, used 48164K [0x07d50000, 0x0adfc000, 0x12800000)
   the space 49840K,  96% used [0x07d50000, 0x0ac592f0, 0x0ac59400, 0x0adfc000)
 Metaspace       used 40225K, capacity 42110K, committed 42112K, reserved 42368K
}
Event: 403.854 GC heap before
{Heap before GC invocations=59 (full 5):
 def new generation   total 22464K, used 22464K [0x02800000, 0x04060000, 0x07d50000)
  eden space 19968K, 100% used [0x02800000, 0x03b80000, 0x03b80000)
  from space 2496K, 100% used [0x03df0000, 0x04060000, 0x04060000)
  to   space 2496K,   0% used [0x03b80000, 0x03b80000, 0x03df0000)
 tenured generation   total 49840K, used 48164K [0x07d50000, 0x0adfc000, 0x12800000)
   the space 49840K,  96% used [0x07d50000, 0x0ac592f0, 0x0ac59400, 0x0adfc000)
 Metaspace       used 41209K, capacity 43052K, committed 43136K, reserved 43392K
Event: 403.985 GC heap after
Heap after GC invocations=60 (full 6):
 def new generation   total 26944K, used 0K [0x02800000, 0x04530000, 0x07d50000)
  eden space 24000K,   0% used [0x02800000, 0x02800000, 0x03f70000)
  from space 2944K,   0% used [0x03f70000, 0x03f70000, 0x04250000)
  to   space 2944K,   0% used [0x04250000, 0x04250000, 0x04530000)
 tenured generation   total 59600K, used 35758K [0x07d50000, 0x0b784000, 0x12800000)
   the space 59600K,  59% used [0x07d50000, 0x0a03b820, 0x0a03ba00, 0x0b784000)
 Metaspace       used 41205K, capacity 43047K, committed 43136K, reserved 43392K
}
Event: 404.040 GC heap before
{Heap before GC invocations=60 (full 6):
 def new generation   total 26944K, used 24000K [0x02800000, 0x04530000, 0x07d50000)
  eden space 24000K, 100% used [0x02800000, 0x03f70000, 0x03f70000)
  from space 2944K,   0% used [0x03f70000, 0x03f70000, 0x04250000)
  to   space 2944K,   0% used [0x04250000, 0x04250000, 0x04530000)
 tenured generation   total 59600K, used 35758K [0x07d50000, 0x0b784000, 0x12800000)
   the space 59600K,  59% used [0x07d50000, 0x0a03b820, 0x0a03ba00, 0x0b784000)
 Metaspace       used 41205K, capacity 43047K, committed 43136K, reserved 43392K
Event: 404.058 GC heap after
Heap after GC invocations=61 (full 6):
 def new generation   total 26944K, used 2400K [0x02800000, 0x04530000, 0x07d50000)
  eden space 24000K,   0% used [0x02800000, 0x02800000, 0x03f70000)
  from space 2944K,  81% used [0x04250000, 0x044a80c8, 0x04530000)
  to   space 2944K,   0% used [0x03f70000, 0x03f70000, 0x04250000)
 tenured generation   total 59600K, used 35758K [0x07d50000, 0x0b784000, 0x12800000)
   the space 59600K,  59% used [0x07d50000, 0x0a03b820, 0x0a03ba00, 0x0b784000)
 Metaspace       used 41205K, capacity 43047K, committed 43136K, reserved 43392K
}
Event: 437.169 GC heap before
{Heap before GC invocations=61 (full 6):
 def new generation   total 26944K, used 26400K [0x02800000, 0x04530000, 0x07d50000)
  eden space 24000K, 100% used [0x02800000, 0x03f70000, 0x03f70000)
  from space 2944K,  81% used [0x04250000, 0x044a80c8, 0x04530000)
  to   space 2944K,   0% used [0x03f70000, 0x03f70000, 0x04250000)
 tenured generation   total 59600K, used 35758K [0x07d50000, 0x0b784000, 0x12800000)
   the space 59600K,  59% used [0x07d50000, 0x0a03b820, 0x0a03ba00, 0x0b784000)
 Metaspace       used 41903K, capacity 43797K, committed 43904K, reserved 44416K
Event: 437.193 GC heap after
Heap after GC invocations=62 (full 6):
 def new generation   total 26944K, used 2944K [0x02800000, 0x04530000, 0x07d50000)
  eden space 24000K,   0% used [0x02800000, 0x02800000, 0x03f70000)
  from space 2944K, 100% used [0x03f70000, 0x04250000, 0x04250000)
  to   space 2944K,   0% used [0x04250000, 0x04250000, 0x04530000)
 tenured generation   total 59600K, used 38369K [0x07d50000, 0x0b784000, 0x12800000)
   the space 59600K,  64% used [0x07d50000, 0x0a2c8508, 0x0a2c8600, 0x0b784000)
 Metaspace       used 41903K, capacity 43797K, committed 43904K, reserved 44416K
}

Deoptimization events (0 events):
No events

Internal exceptions (10 events):
Event: 437.492 Thread 0x00637000 Implicit null exception at 0x0096d133 to 0x0096d7b8
Event: 437.996 Thread 0x168f9000 Exception <a 'java/lang/ArrayIndexOutOfBoundsException'> (0x02c76190) thrown at [C:\workspace\8-2-build-windows-i586-cygwin\jdk8u77\6540\hotspot\src\share\vm\runtime\sharedRuntime.cpp, line 605]
Event: 449.758 Thread 0x00637000 Exception <a 'java/lang/ArrayIndexOutOfBoundsException'> (0x02f5a5a8) thrown at [C:\workspace\8-2-build-windows-i586-cygwin\jdk8u77\6540\hotspot\src\share\vm\runtime\sharedRuntime.cpp, line 605]
Event: 450.300 Thread 0x16ba8800 Exception <a 'java/lang/ArrayIndexOutOfBoundsException'> (0x032bdc18) thrown at [C:\workspace\8-2-build-windows-i586-cygwin\jdk8u77\6540\hotspot\src\share\vm\runtime\sharedRuntime.cpp, line 605]
Event: 450.305 Thread 0x16ba8800 Exception <a 'java/lang/ArrayIndexOutOfBoundsException'> (0x032e5d98) thrown at [C:\workspace\8-2-build-windows-i586-cygwin\jdk8u77\6540\hotspot\src\share\vm\runtime\sharedRuntime.cpp, line 605]
Event: 450.840 Thread 0x1695a800 Exception <a 'java/lang/ArrayIndexOutOfBoundsException'> (0x0341cc08) thrown at [C:\workspace\8-2-build-windows-i586-cygwin\jdk8u77\6540\hotspot\src\share\vm\runtime\sharedRuntime.cpp, line 605]
Event: 450.844 Thread 0x1695a800 Exception <a 'java/lang/ArrayIndexOutOfBoundsException'> (0x0344cc48) thrown at [C:\workspace\8-2-build-windows-i586-cygwin\jdk8u77\6540\hotspot\src\share\vm\runtime\sharedRuntime.cpp, line 605]
Event: 509.913 Thread 0x1695a800 Exception <a 'java/lang/ArrayIndexOutOfBoundsException'> (0x035b6758) thrown at [C:\workspace\8-2-build-windows-i586-cygwin\jdk8u77\6540\hotspot\src\share\vm\runtime\sharedRuntime.cpp, line 605]
Event: 509.917 Thread 0x1695a800 Exception <a 'java/lang/ArrayIndexOutOfBoundsException'> (0x035e67c8) thrown at [C:\workspace\8-2-build-windows-i586-cygwin\jdk8u77\6540\hotspot\src\share\vm\runtime\sharedRuntime.cpp, line 605]
Event: 1186.537 Thread 0x00637000 Exception <a 'java/io/FileNotFoundException'> (0x03bc1430) thrown at [C:\workspace\8-2-build-windows-i586-cygwin\jdk8u77\6540\hotspot\src\share\vm\prims\jni.cpp, line 709]

Events (10 events):
Event: 1186.543 Thread 0x12f8c000 flushing nmethod 0x00b08a08
Event: 1186.543 Thread 0x12f8c000 flushing nmethod 0x00b08d48
Event: 1186.543 Thread 0x12f8c000 flushing nmethod 0x00b09e08
Event: 1186.543 Thread 0x12f8c000 flushing nmethod 0x00b0a008
Event: 1186.543 Thread 0x12f8c000 flushing nmethod 0x00b0b548
Event: 1186.543 Thread 0x12f8c000 flushing nmethod 0x00b0b708
Event: 1186.543 Thread 0x12f8c000 flushing nmethod 0x00b0b8c8
Event: 1186.543 Thread 0x12f8c000 flushing nmethod 0x00b0bac8
Event: 1186.636 Thread 0x16502800 Thread exited: 0x16502800
Event: 1186.657 Thread 0x16e3c800 Thread exited: 0x16e3c800


Dynamic libraries:
0x00400000 - 0x0040e000 	Z:\home\usuario\aplicacoes\java\gerador-java\jet\eclipse\eclipse.exe
0x7bc10000 - 0x7bcfa000 	C:\windows\system32\ntdll.dll
0x7b410000 - 0x7b7ea000 	C:\windows\system32\KERNEL32.dll
0x7eb80000 - 0x7ed4e000 	C:\windows\system32\user32.dll
0x7ea50000 - 0x7eb6e000 	C:\windows\system32\gdi32.dll
0x7e9d0000 - 0x7ea3f000 	C:\windows\system32\advapi32.dll
0x7eff0000 - 0x7f000000 	C:\windows\system32\version.dll
0x7e8b0000 - 0x7e9c7000 	C:\windows\system32\comctl32.dll
0x7e800000 - 0x7e8a8000 	C:\windows\system32\msvcrt.dll
0x7e5c0000 - 0x7e5de000 	C:\windows\system32\imm32.dll
0x7e540000 - 0x7e5ba000 	C:\windows\system32\winex11.drv
0x7e300000 - 0x7e32b000 	C:\windows\system32\uxtheme.dll
0x72000000 - 0x72012000 	Z:\home\usuario\aplicacoes\java\gerador-java\jet\eclipse\plugins\org.eclipse.equinox.launcher.win32.win32.x86_1.0.3.R33x_v20080118\eclipse_1023.dll
0x6d260000 - 0x6d628000 	Z:\home\usuario\aplicacoes\java\gerador-java\jet\eclipse\jre\jre\bin\client\jvm.dll
0x7e520000 - 0x7e52a000 	C:\windows\system32\wsock32.dll
0x7e2c0000 - 0x7e2f3000 	C:\windows\system32\ws2_32.dll
0x7e2a0000 - 0x7e2ba000 	C:\windows\system32\iphlpapi.dll
0x7e160000 - 0x7e208000 	C:\windows\system32\winmm.dll
0x7e010000 - 0x7e150000 	C:\windows\system32\ole32.dll
0x7df80000 - 0x7dff5000 	C:\windows\system32\rpcrt4.dll
0x7e270000 - 0x7e290000 	C:\windows\system32\msacm32.dll
0x7df70000 - 0x7df74000 	C:\windows\system32\psapi.dll
0x7dea0000 - 0x7df60000 	C:\windows\system32\msvcr100.dll
0x707f0000 - 0x707fc000 	Z:\home\usuario\aplicacoes\java\gerador-java\jet\eclipse\jre\jre\bin\verify.dll
0x6db30000 - 0x6db51000 	Z:\home\usuario\aplicacoes\java\gerador-java\jet\eclipse\jre\jre\bin\java.dll
0x70880000 - 0x70893000 	Z:\home\usuario\aplicacoes\java\gerador-java\jet\eclipse\jre\jre\bin\zip.dll
0x7dc40000 - 0x7de85000 	C:\windows\system32\shell32.dll
0x7dbd0000 - 0x7dc35000 	C:\windows\system32\shlwapi.dll
0x6ffa0000 - 0x6ffb6000 	Z:\home\usuario\aplicacoes\java\gerador-java\jet\eclipse\jre\jre\bin\net.dll
0x6ffc0000 - 0x6ffcf000 	Z:\home\usuario\aplicacoes\java\gerador-java\jet\eclipse\jre\jre\bin\nio.dll
0x7dbb0000 - 0x7dbbf000 	C:\windows\system32\mswsock.dll
0x003b0000 - 0x003ff000 	Z:\home\usuario\aplicacoes\java\gerador-java\jet\eclipse\configuration\org.eclipse.osgi\bundles\350\1\.cp\swt-win32-3349.dll
0x7d720000 - 0x7d800000 	C:\windows\system32\comdlg32.dll
0x7d990000 - 0x7d9c1000 	C:\windows\system32\winspool.drv
0x7d600000 - 0x7d715000 	C:\windows\system32\oleaut32.dll
0x7d940000 - 0x7d981000 	C:\windows\system32\usp10.dll
0x7d570000 - 0x7d5e3000 	C:\windows\system32\wininet.dll
0x7d920000 - 0x7d93b000 	C:\windows\system32\mpr.dll
0x13b20000 - 0x13b28000 	Z:\home\usuario\aplicacoes\java\gerador-java\jet\eclipse\configuration\org.eclipse.osgi\bundles\45\1\.cp\os\win32\x86\localfile_1_0_0.dll
0x7cab0000 - 0x7cb00000 	C:\windows\system32\oleacc.dll
0x18df0000 - 0x18e04000 	Z:\home\usuario\aplicacoes\java\gerador-java\jet\eclipse\configuration\org.eclipse.osgi\bundles\350\1\.cp\swt-gdip-win32-3349.dll
0x7ca20000 - 0x7caa2000 	C:\windows\system32\gdiplus.dll
0x7c9f0000 - 0x7ca0f000 	C:\windows\system32\mlang.dll
0x7cc10000 - 0x7cc1a000 	C:\windows\system32\msimg32.dll
0x7c950000 - 0x7c9e6000 	C:\windows\system32\urlmon.dll
0x7c7c0000 - 0x7c948000 	C:\windows\system32\mshtml.dll
0x77a60000 - 0x7b3f7000 	C:\windows\syswow64\gecko\2.47\wine_gecko\xul.dll
0x70a80000 - 0x70b5d000 	C:\windows\syswow64\gecko\2.47\wine_gecko\lgpllibs.dll
0x6b840000 - 0x6ba56000 	C:\windows\syswow64\gecko\2.47\wine_gecko\nss3.dll
0x661c0000 - 0x662a4000 	C:\windows\syswow64\gecko\2.47\wine_gecko\mozglue.dll
0x7c780000 - 0x7c7a2000 	C:\windows\system32\netapi32.dll
0x7c760000 - 0x7c773000 	C:\windows\system32\rasapi32.dll
0x7c750000 - 0x7c757000 	C:\windows\system32\rasdlg.dll
0x7c710000 - 0x7c742000 	C:\windows\system32\secur32.dll
0x7c6b0000 - 0x7c70e000 	C:\windows\system32\setupapi.dll
0x7c690000 - 0x7c6a1000 	C:\windows\system32\userenv.dll
0x7c660000 - 0x7c689000 	C:\windows\system32\wintrust.dll
0x7c440000 - 0x7c500000 	C:\windows\system32\crypt32.dll
0x7c640000 - 0x7c653000 	C:\windows\system32\dwmapi.dll
0x7c620000 - 0x7c63c000 	C:\windows\system32\dnsapi.dll
0x7c1d0000 - 0x7c200000 	C:\windows\system32\msctf.dll
0x7c130000 - 0x7c1c9000 	C:\windows\system32\jscript.dll
0x7db50000 - 0x7dbaa000 	C:\windows\system32\dbghelp.dll

VM Arguments:
java_command: <unknown>
java_class_path (initial): Z:\home\usuario\aplicacoes\java\gerador-java\jet\eclipse\plugins\org.eclipse.equinox.launcher_1.0.1.R33x_v20080118.jar
Launcher Type: generic

Environment Variables:
PATH=Z:\home\usuario\aplicacoes\java\gerador-java\jet\eclipse\jre\bin\..\jre\bin\client;Z:\home\usuario\aplicacoes\java\gerador-java\jet\eclipse\jre\bin\..\jre\bin;C:\windows\system32;C:\windows;C:\windows\system32\wbem;C:\windows\syswow64\gecko\2.47\wine_gecko\
USERNAME=usuario
SHELL=/bin/bash
DISPLAY=:0
OS=Windows_NT
PROCESSOR_IDENTIFIER=AMD64 Family 6 Model 42 Stepping 7, GenuineIntel



---------------  S Y S T E M  ---------------

OS: Windows 5.1 , 64 bit Build 2600 (5.1.2600.2180)

CPU:total 4 (4 cores per cpu, 1 threads per core) family 6 model 42 stepping 7, cmov, cx8, fxsr, mmx, sse, sse2, sse3, ssse3, sse4.1, sse4.2, popcnt, avx, aes, clmul, tsc, tscinvbit

Memory: 4k page, physical 3930575k(2703267k free), swap 3930576k(2703268k free)

vm_info: Java HotSpot(TM) Client VM (25.77-b03) for windows-x86 JRE (1.8.0_77-b03), built on Mar 20 2016 22:00:03 by "java_re" with MS VC++ 10.0 (VS2010)

time: Tue Sep 11 21:56:50 2018
elapsed time: 1188 seconds (0d 0h 19m 48s)

