#
# A fatal error has been detected by the Java Runtime Environment:
#
#  EXCEPTION_ACCESS_VIOLATION (0xc0000005) at pc=0x6d87e562, pid=24656, tid=21516
#
# JRE version: 6.0_31-b05
# Java VM: Java HotSpot(TM) Client VM (20.6-b01 mixed mode, sharing windows-x86 )
# Problematic frame:
# V  [jvm.dll+0x8e562]
#
# If you would like to submit a bug report, please visit:
#   http://java.sun.com/webapps/bugreport/crash.jsp
#

---------------  T H R E A D  ---------------

Current thread (0x01bff800):  VMThread [stack: 0x03e70000,0x03f70000] [id=21516]

siginfo: ExceptionCode=0xc0000005, reading address 0x00000068

Registers:
EAX=0x00000000, EBX=0x1dc42554, ECX=0x00000000, EDX=0x00000000
ESP=0x03f6fb04, EBP=0x03f6fb18, ESI=0x1d86a880, EDI=0x1dc422e4
EIP=0x6d87e562, EFLAGS=0x00010293

Top of Stack: (sp=0x03f6fb04)
0x03f6fb04:   00000000 1d3cfa10 00000003 00004000
0x03f6fb14:   00000003 03f6fb3c 6d92871d 1dc33d48
0x03f6fb24:   00003a00 6da60f08 38782948 01d5cee8
0x03f6fb34:   00000003 03f6fb48 03f6fb48 6d9289e2
0x03f6fb44:   6da60f08 03f6fb5c 6d8599a4 6da6f158
0x03f6fb54:   6da60f08 01d5cee8 03f6fb78 6d855e79
0x03f6fb64:   6da60f08 00000000 6da60f08 6da60f08
0x03f6fb74:   01d5cee8 03f6fbb8 6d8502a0 00000001 

Instructions: (pc=0x6d87e562)
0x6d87e542:   0d b9 5b a5 6d 84 c9 75 0a 8b d0 80 e2 07 80 fa
0x6d87e552:   01 eb 1b 8b c8 83 e1 07 83 f9 05 74 24 8b 56 04
0x6d87e562:   8b 52 68 83 e2 07 80 fa 05 74 0c 83 f9 01 75 07
0x6d87e572:   a9 80 ff ff ff 74 0a 50 56 e8 70 9c 0a 00 83 c4 


Register to memory mapping:

EAX=0x00000000 is an unknown value
EBX=0x1dc42554 is an oop
[Lorg.eclipse.core.internal.registry.ReferenceMap$IEntry; 
 - klass: 'org/eclipse/core/internal/registry/ReferenceMap$IEntry'[]
 - length: 16384
ECX=0x00000000 is an unknown value
EDX=0x00000000 is an unknown value
ESP=0x03f6fb04 is an unknown value
EBP=0x03f6fb18 is an unknown value
ESI=0x1d86a880 is an oop
[Ljava.lang.Object; 
 - klass: 'java/lang/Object'[]
 - length: 10
EDI=0x1dc422e4 is an oop
[Lorg.eclipse.core.internal.registry.ReferenceMap$IEntry; 
 - klass: 'org/eclipse/core/internal/registry/ReferenceMap$IEntry'[]
 - length: 16384


Stack: [0x03e70000,0x03f70000],  sp=0x03f6fb04,  free space=1022k
Native frames: (J=compiled Java code, j=interpreted, Vv=VM code, C=native code)
V  [jvm.dll+0x8e562]
V  [jvm.dll+0x13871d]
V  [jvm.dll+0x1389e2]
V  [jvm.dll+0x699a4]
V  [jvm.dll+0x65e79]
V  [jvm.dll+0x602a0]
V  [jvm.dll+0x620a0]
V  [jvm.dll+0x62500]
V  [jvm.dll+0x6109a]
V  [jvm.dll+0x68462]
V  [jvm.dll+0x5fcf8]
V  [jvm.dll+0x600f1]
V  [jvm.dll+0x13b0f0]
V  [jvm.dll+0x11d8d3]
V  [jvm.dll+0x11cb9e]
V  [jvm.dll+0x11cec2]
V  [jvm.dll+0x11d2d2]
V  [jvm.dll+0x140ffc]
C  [MSVCR71.dll+0x9565]  endthreadex+0xa0
C  [kernel32.dll+0x4ed6c]  BaseThreadInitThunk+0x12
C  [ntdll.dll+0x6377b]  RtlInitializeExceptionChain+0xef
C  [ntdll.dll+0x6374e]  RtlInitializeExceptionChain+0xc2

VM_Operation (0x0012e0c8): GenCollectForPermanentAllocation, mode: safepoint, requested by thread 0x01d59000


---------------  P R O C E S S  ---------------

Java Threads: ( => current thread )
  0x07139c00 JavaThread "Thread-6" [_thread_blocked, id=33464, stack(0x089d0000,0x08ad0000)]
  0x07139400 JavaThread "Timer-2" [_thread_blocked, id=25912, stack(0x087d0000,0x088d0000)]
  0x07139000 JavaThread "Timer-1" [_thread_blocked, id=23576, stack(0x086d0000,0x087d0000)]
  0x07138800 JavaThread "Timer-0" [_thread_blocked, id=36272, stack(0x085d0000,0x086d0000)]
  0x070e3800 JavaThread "Worker-4" [_thread_blocked, id=21704, stack(0x084d0000,0x085d0000)]
  0x0700a400 JavaThread "Worker-3" [_thread_blocked, id=23132, stack(0x083d0000,0x084d0000)]
  0x055c8400 JavaThread "Worker-2" [_thread_blocked, id=32668, stack(0x05ca0000,0x05da0000)]
  0x06dc2400 JavaThread "Worker-1" [_thread_blocked, id=24184, stack(0x07c90000,0x07d90000)]
  0x06c39000 JavaThread "com.metys.merlin.generation.templates.presentation.JETReconciler" daemon [_thread_blocked, id=36276, stack(0x07b90000,0x07c90000)]
  0x06ba4c00 JavaThread "Java indexing" daemon [_thread_blocked, id=22624, stack(0x07a90000,0x07b90000)]
  0x0552dc00 JavaThread "Worker-0" [_thread_blocked, id=8016, stack(0x05ba0000,0x05ca0000)]
  0x046dfc00 JavaThread "Start Level Event Dispatcher" daemon [_thread_blocked, id=4796, stack(0x052e0000,0x053e0000)]
  0x046df400 JavaThread "Framework Event Dispatcher" daemon [_thread_blocked, id=20032, stack(0x051e0000,0x052e0000)]
  0x046fe800 JavaThread "State Data Manager" daemon [_thread_blocked, id=644, stack(0x050e0000,0x051e0000)]
  0x01c52800 JavaThread "Low Memory Detector" daemon [_thread_blocked, id=16076, stack(0x04470000,0x04570000)]
  0x01c4d400 JavaThread "C1 CompilerThread0" daemon [_thread_blocked, id=21300, stack(0x04370000,0x04470000)]
  0x01c4c400 JavaThread "Attach Listener" daemon [_thread_blocked, id=29728, stack(0x04270000,0x04370000)]
  0x01c4b000 JavaThread "Signal Dispatcher" daemon [_thread_blocked, id=7976, stack(0x04170000,0x04270000)]
  0x01c3d800 JavaThread "Finalizer" daemon [_thread_blocked, id=32984, stack(0x04070000,0x04170000)]
  0x01c3c400 JavaThread "Reference Handler" daemon [_thread_blocked, id=6944, stack(0x03f70000,0x04070000)]
  0x01d59000 JavaThread "main" [_thread_blocked, id=29768, stack(0x00030000,0x00130000)]

Other Threads:
=>0x01bff800 VMThread [stack: 0x03e70000,0x03f70000] [id=21516]
  0x01c5bc00 WatcherThread [stack: 0x04570000,0x04670000] [id=20776]

VM state:at safepoint (normal execution)

VM Mutex/Monitor currently owned by a thread:  ([mutex/lock_event])
[0x01d57618] Threads_lock - owner thread: 0x01bff800
[0x01d57a28] Heap_lock - owner thread: 0x01d59000
[0x01d57c98] MultiArray_lock - owner thread: 0x01d59000
[0x01d57e38] Compile_lock - owner thread: 0x01d59000

Heap
 def new generation   total 21888K, used 4961K [0x17760000, 0x18f10000, 0x1ccb0000)
  eden space 19520K,  17% used [0x17760000, 0x17aa6240, 0x18a70000)
  from space 2368K,  67% used [0x18a70000, 0x18c024b8, 0x18cc0000)
  to   space 2368K,   0% used [0x18cc0000, 0x18cc0000, 0x18f10000)
 tenured generation   total 48388K, used 29307K [0x1ccb0000, 0x1fbf1000, 0x27760000)
   the space 48388K,  60% used [0x1ccb0000, 0x1e94ed78, 0x1e94ee00, 0x1fbf1000)
 compacting perm gen  total 45056K, used 45055K [0x27760000, 0x2a360000, 0x37760000)
   the space 45056K,  99% used [0x27760000, 0x2a35ff40, 0x2a360000, 0x2a360000)
    ro space 10240K,  51% used [0x37760000, 0x37c8e318, 0x37c8e400, 0x38160000)
    rw space 12288K,  55% used [0x38160000, 0x387fa088, 0x387fa200, 0x38d60000)

Code Cache  [0x01d60000, 0x02268000, 0x03d60000)
 total_blobs=2368 nmethods=2160 adapters=142 free_code_cache=28312960 largest_free_block=384

Dynamic libraries:
0x00400000 - 0x0040e000 	C:\GeradorJava\jet\eclipse\eclipse.exe
0x77830000 - 0x7796c000 	C:\Windows\SYSTEM32\ntdll.dll
0x75cc0000 - 0x75d94000 	C:\Windows\system32\kernel32.dll
0x75af0000 - 0x75b3a000 	C:\Windows\system32\KERNELBASE.dll
0x775a0000 - 0x77669000 	C:\Windows\system32\USER32.dll
0x763b0000 - 0x763fe000 	C:\Windows\system32\GDI32.dll
0x75f50000 - 0x75f5a000 	C:\Windows\system32\LPK.dll
0x76830000 - 0x768cd000 	C:\Windows\system32\USP10.dll
0x779b0000 - 0x77a5c000 	C:\Windows\system32\msvcrt.dll
0x71ee0000 - 0x71f64000 	C:\Windows\WinSxS\x86_microsoft.windows.common-controls_6595b64144ccf1df_5.82.7601.17514_none_ec83dffa859149af\COMCTL32.dll
0x77670000 - 0x77710000 	C:\Windows\system32\ADVAPI32.dll
0x77980000 - 0x77999000 	C:\Windows\SYSTEM32\sechost.dll
0x76490000 - 0x76531000 	C:\Windows\system32\RPCRT4.dll
0x76610000 - 0x7662f000 	C:\Windows\system32\IMM32.DLL
0x76540000 - 0x7660c000 	C:\Windows\system32\MSCTF.dll
0x72000000 - 0x72012000 	C:\GeradorJava\jet\eclipse\plugins\org.eclipse.equinox.launcher.win32.win32.x86_1.0.3.R33x_v20080118\eclipse_1023.dll
0x74a80000 - 0x74a89000 	C:\Windows\system32\VERSION.dll
0x75040000 - 0x75080000 	C:\Windows\system32\uxtheme.dll
0x6c100000 - 0x6c109000 	C:\ProgramData\Real\RealPlayer\BrowserRecordPlugin\Chrome\Hook\rpchrome150browserrecordhelper.dll
0x70f70000 - 0x71013000 	C:\Windows\WinSxS\x86_microsoft.vc90.crt_1fc8b3b9a1e18e3b_9.0.30729.6161_none_50934f2ebcb7eb57\MSVCR90.dll
0x76950000 - 0x7759a000 	C:\Windows\system32\SHELL32.dll
0x76130000 - 0x76187000 	C:\Windows\system32\SHLWAPI.dll
0x6d7f0000 - 0x6da9f000 	C:\Program Files\Java\jre6\bin\client\jvm.dll
0x717b0000 - 0x717e2000 	C:\Windows\system32\WINMM.dll
0x7c340000 - 0x7c396000 	C:\Windows\system32\MSVCR71.dll
0x758c0000 - 0x7590c000 	C:\Windows\system32\apphelp.dll
0x6d7a0000 - 0x6d7ac000 	C:\Program Files\Java\jre6\bin\verify.dll
0x6d320000 - 0x6d33f000 	C:\Program Files\Java\jre6\bin\java.dll
0x6d7e0000 - 0x6d7ef000 	C:\Program Files\Java\jre6\bin\zip.dll
0x75440000 - 0x75456000 	C:\Windows\system32\CRYPTSP.dll
0x74f60000 - 0x74f9b000 	C:\Windows\system32\rsaenh.dll
0x749b0000 - 0x749c7000 	C:\Windows\system32\USERENV.dll
0x759c0000 - 0x759cb000 	C:\Windows\system32\profapi.dll
0x75910000 - 0x7591c000 	C:\Windows\system32\CRYPTBASE.dll
0x6d600000 - 0x6d613000 	C:\Program Files\Java\jre6\bin\net.dll
0x76630000 - 0x76665000 	C:\Windows\system32\WS2_32.dll
0x779a0000 - 0x779a6000 	C:\Windows\system32\NSI.dll
0x75400000 - 0x7543c000 	C:\Windows\system32\mswsock.dll
0x753f0000 - 0x753f6000 	C:\Windows\System32\wship6.dll
0x75020000 - 0x75030000 	C:\Windows\system32\NLAapi.dll
0x72110000 - 0x72120000 	C:\Windows\system32\napinsp.dll
0x720f0000 - 0x72102000 	C:\Windows\system32\pnrpnsp.dll
0x72ac0000 - 0x72ae7000 	C:\Program Files\Common Files\Microsoft Shared\Windows Live\WLIDNSP.DLL
0x763a0000 - 0x763a5000 	C:\Windows\system32\PSAPI.DLL
0x752c0000 - 0x75304000 	C:\Windows\system32\DNSAPI.dll
0x71f90000 - 0x71f98000 	C:\Windows\System32\winrnr.dll
0x748e0000 - 0x748e5000 	C:\Windows\System32\wshtcpip.dll
0x72060000 - 0x7207c000 	C:\Windows\system32\IPHLPAPI.DLL
0x72050000 - 0x72057000 	C:\Windows\system32\WINNSI.DLL
0x72b40000 - 0x72b46000 	C:\Windows\system32\rasadhlp.dll
0x74c40000 - 0x74c78000 	C:\Windows\System32\fwpuclnt.dll
0x766d0000 - 0x7682c000 	C:\Windows\system32\ole32.dll
0x76400000 - 0x76483000 	C:\Windows\system32\CLBCatQ.DLL
0x75ec0000 - 0x75f4f000 	C:\Windows\system32\OLEAUT32.dll
0x6d620000 - 0x6d629000 	C:\Program Files\Java\jre6\bin\nio.dll
0x10000000 - 0x1004f000 	C:\GeradorJava\jet\eclipse\configuration\org.eclipse.osgi\bundles\334\1\.cp\swt-win32-3349.dll
0x74530000 - 0x746ce000 	C:\Windows\WinSxS\x86_microsoft.windows.common-controls_6595b64144ccf1df_6.0.7601.17514_none_41e6975e2bd6f2b2\COMCTL32.dll
0x768d0000 - 0x7694b000 	C:\Windows\system32\comdlg32.dll
0x77710000 - 0x7782b000 	C:\Windows\system32\WININET.dll
0x77970000 - 0x77973000 	C:\Windows\system32\Normaliz.dll
0x761e0000 - 0x76398000 	C:\Windows\system32\iertutil.dll
0x75da0000 - 0x75eb1000 	C:\Windows\system32\urlmon.dll
0x74450000 - 0x74463000 	C:\Windows\system32\dwmapi.dll
0x04890000 - 0x04898000 	C:\GeradorJava\jet\eclipse\configuration\org.eclipse.osgi\bundles\36\1\.cp\os\win32\x86\localfile_1_0_0.dll
0x72af0000 - 0x72b2c000 	C:\Windows\system32\oleacc.dll
0x05b30000 - 0x05b44000 	C:\GeradorJava\jet\eclipse\configuration\org.eclipse.osgi\bundles\334\1\.cp\swt-gdip-win32-3349.dll
0x73690000 - 0x73820000 	C:\Windows\WinSxS\x86_microsoft.windows.gdiplus_6595b64144ccf1df_1.1.7601.17514_none_72d18a4386696c80\gdiplus.dll
0x759b0000 - 0x759be000 	C:\Windows\system32\RpcRtRemote.dll
0x730b0000 - 0x730de000 	C:\Windows\system32\mlang.dll
0x6ca20000 - 0x6ca25000 	C:\Windows\system32\msimg32.dll

VM Arguments:
jvm_args: -XX:MaxPermSize=256M 
java_command: <unknown>
Launcher Type: generic

Environment Variables:
JAVA_HOME=C:\JDK\6_30
PATH=C:\Program Files\Java\jre6\bin\client;C:\Program Files\Java\jre6\bin;C:\Program Files\Common Files\Microsoft Shared\Windows Live;C:\Windows\system32;C:\Windows;C:\Windows\System32\Wbem;C:\Windows\System32\WindowsPowerShell\v1.0\;C:\Program Files\Windows Live\Shared;C:\JDK\6_30\bin;c:\Program Files\Microsoft ASP.NET\ASP.NET Web Pages\v1.0\;C:\Program Files\TortoiseSVN\bin;c:\Program Files\Microsoft SQL Server\100\Tools\Binn\;c:\Program Files\Microsoft SQL Server\100\DTS\Binn\;c:\Program Files\Microsoft SQL Server\100\Tools\Binn\VSShell\Common7\IDE\;C:\Program Files\CVSNT\
USERNAME=Paulo
OS=Windows_NT
PROCESSOR_IDENTIFIER=x86 Family 6 Model 23 Stepping 10, GenuineIntel



---------------  S Y S T E M  ---------------

OS: Windows 7 Build 7601 Service Pack 1

CPU:total 2 (2 cores per cpu, 1 threads per core) family 6 model 23 stepping 10, cmov, cx8, fxsr, mmx, sse, sse2, sse3, ssse3

Memory: 4k page, physical 3135672k(890364k free), swap 6269588k(3321680k free)

vm_info: Java HotSpot(TM) Client VM (20.6-b01) for windows-x86 JRE (1.6.0_31-b05), built on Feb  3 2012 18:44:09 by "java_re" with MS VC++ 7.1 (VS2003)

time: Tue May 29 19:06:28 2012
elapsed time: 153 seconds

