#
# A fatal error has been detected by the Java Runtime Environment:
#
#  EXCEPTION_ACCESS_VIOLATION (0xc0000005) at pc=0x6d947402, pid=20656, tid=22984
#
# JRE version: 7.0_09-b05
# Java VM: Java HotSpot(TM) Client VM (23.5-b02 mixed mode, sharing windows-x86 )
# Problematic frame:
# V  [jvm.dll+0x87402]
#
# Failed to write core dump. Minidumps are not enabled by default on client versions of Windows
#
# If you would like to submit a bug report, please visit:
#   http://bugreport.sun.com/bugreport/crash.jsp
#

---------------  T H R E A D  ---------------

Current thread (0x01c32400):  VMThread [stack: 0x03e50000,0x03f50000] [id=22984]

siginfo: ExceptionCode=0xc0000005, reading address 0x28b539f0

Registers:
EAX=0x28b539f0, EBX=0x38265b30, ECX=0x382659c0, EDX=0x2aa623b8
ESP=0x03f4fac4, EBP=0x03f4fad8, ESI=0x2aa623ac, EDI=0x03f4fbc4
EIP=0x6d947402, EFLAGS=0x00010287

Top of Stack: (sp=0x03f4fac4)
0x03f4fac4:   2ab45260 2aa623a0 03f4fbc4 38265b38
0x03f4fad4:   382659c0 03f4faf8 6d9331b3 2aa623a0
0x03f4fae4:   2aa623b8 01ba6090 03f4fbc4 01e4fb1c
0x03f4faf4:   01ba6150 03f4fb0c 6d92c751 03f4fbc4
0x03f4fb04:   01e4fac0 00000001 03f4fb24 6d929fd7
0x03f4fb14:   03f4fbc4 00000000 01e4fac0 03f4fbac
0x03f4fb24:   03f4fc1c 6d9245a7 00000000 03f4fbec
0x03f4fb34:   03f4fbc4 01e4e570 6d925752 01e4fb18 

Instructions: (pc=0x6d947402)
0x6d9473e2:   8b 7d 0c 8b 33 03 75 08 8b 53 04 8d 14 96 89 55
0x6d9473f2:   0c 3b f2 73 6b 8b 06 85 c0 74 58 3b 47 20 73 53
0x6d947402:   8b 08 83 e1 03 80 f9 03 75 1e 8b 00 80 3d fd d1
0x6d947412:   ba 6d 00 74 0e 8b c8 83 e1 07 80 f9 05 75 04 33 


Register to memory mapping:

EAX=0x28b539f0 is an unallocated location in the heap
EBX=0x38265b30 is an oop
{instance class} 
 - klass: {other class}
ECX=0x382659c0 is an oop
{instance class} 
 - klass: {other class}
EDX=0x2aa623b8 is an oop
java.util.HashMap$Entry 
 - klass: 'java/util/HashMap$Entry'
ESP=0x03f4fac4 is an unknown value
EBP=0x03f4fad8 is an unknown value
ESI=0x2aa623ac is an oop
java.util.HashMap$Entry 
 - klass: 'java/util/HashMap$Entry'
EDI=0x03f4fbc4 is an unknown value


Stack: [0x03e50000,0x03f50000],  sp=0x03f4fac4,  free space=1022k
Native frames: (J=compiled Java code, j=interpreted, Vv=VM code, C=native code)
V  [jvm.dll+0x87402]
V  [jvm.dll+0x731b3]
V  [jvm.dll+0x6c751]
V  [jvm.dll+0x69fd7]
V  [jvm.dll+0x645a7]
V  [jvm.dll+0x6afc2]
V  [jvm.dll+0x62573]
V  [jvm.dll+0x177446]
V  [jvm.dll+0x14f4f5]
V  [jvm.dll+0x14e66e]
V  [jvm.dll+0x14e9f7]
V  [jvm.dll+0x14eec2]
V  [jvm.dll+0x17efe9]
C  [MSVCR100.dll+0x5c556]  endthreadex+0x3a
C  [MSVCR100.dll+0x5c600]  endthreadex+0xe4
C  [kernel32.dll+0x51154]  BaseThreadInitThunk+0x12
C  [ntdll.dll+0x5b299]  RtlInitializeExceptionChain+0x63
C  [ntdll.dll+0x5b26c]  RtlInitializeExceptionChain+0x36

VM_Operation (0x0012e95c): GenCollectForAllocation, mode: safepoint, requested by thread 0x01e4ac00


---------------  P R O C E S S  ---------------

Java Threads: ( => current thread )
  0x07ce5400 JavaThread "Process monitor" daemon [_thread_in_native, id=21280, stack(0x066b0000,0x067b0000)]
  0x07ce4c00 JavaThread "Ant Build Server Connection" daemon [_thread_blocked, id=11164, stack(0x065b0000,0x066b0000)]
  0x07ce4400 JavaThread "com.metys.merlin.generation.templates.presentation.JETReconciler" daemon [_thread_blocked, id=22564, stack(0x074f0000,0x075f0000)]
  0x07ce4000 JavaThread "Thread-6" [_thread_blocked, id=24396, stack(0x09760000,0x09860000)]
  0x07ce3800 JavaThread "Timer-2" [_thread_blocked, id=24180, stack(0x09660000,0x09760000)]
  0x07ce3400 JavaThread "Timer-1" [_thread_blocked, id=24428, stack(0x09460000,0x09560000)]
  0x07ce2c00 JavaThread "Timer-0" [_thread_blocked, id=23056, stack(0x09360000,0x09460000)]
  0x07bb6000 JavaThread "Worker-5" [_thread_blocked, id=23512, stack(0x09260000,0x09360000)]
  0x07bb4000 JavaThread "Worker-4" [_thread_blocked, id=23168, stack(0x09160000,0x09260000)]
  0x07bb4800 JavaThread "Worker-3" [_thread_blocked, id=23888, stack(0x09060000,0x09160000)]
  0x055b6800 JavaThread "Worker-2" [_thread_blocked, id=23472, stack(0x05bf0000,0x05cf0000)]
  0x07b64c00 JavaThread "Worker-1" [_thread_blocked, id=23340, stack(0x05af0000,0x05bf0000)]
  0x05e94000 JavaThread "com.metys.merlin.generation.templates.presentation.JETReconciler" daemon [_thread_blocked, id=24136, stack(0x079f0000,0x07af0000)]
  0x05e85800 JavaThread "Java indexing" daemon [_thread_blocked, id=24128, stack(0x078f0000,0x079f0000)]
  0x0552e400 JavaThread "Worker-0" [_thread_blocked, id=23328, stack(0x059f0000,0x05af0000)]
  0x047bd400 JavaThread "Start Level Event Dispatcher" daemon [_thread_blocked, id=20232, stack(0x05290000,0x05390000)]
  0x04798000 JavaThread "Framework Event Dispatcher" daemon [_thread_blocked, id=23280, stack(0x04ca0000,0x04da0000)]
  0x0477e400 JavaThread "State Data Manager" daemon [_thread_blocked, id=23584, stack(0x04b80000,0x04c80000)]
  0x01c52400 JavaThread "Service Thread" daemon [_thread_blocked, id=22980, stack(0x04450000,0x04550000)]
  0x01c4d400 JavaThread "C1 CompilerThread0" daemon [_thread_blocked, id=20164, stack(0x04350000,0x04450000)]
  0x01c4c000 JavaThread "Attach Listener" daemon [_thread_blocked, id=10812, stack(0x04250000,0x04350000)]
  0x01c48c00 JavaThread "Signal Dispatcher" daemon [_thread_blocked, id=24040, stack(0x04150000,0x04250000)]
  0x01c39400 JavaThread "Finalizer" daemon [_thread_blocked, id=23396, stack(0x04050000,0x04150000)]
  0x01c34800 JavaThread "Reference Handler" daemon [_thread_blocked, id=21956, stack(0x03f50000,0x04050000)]
  0x01e4ac00 JavaThread "main" [_thread_blocked, id=23572, stack(0x00030000,0x00130000)]

Other Threads:
=>0x01c32400 VMThread [stack: 0x03e50000,0x03f50000] [id=22984]
  0x01c65400 WatcherThread [stack: 0x04550000,0x04650000] [id=23576]

VM state:at safepoint (normal execution)

VM Mutex/Monitor currently owned by a thread:  ([mutex/lock_event])
[0x01e48918] Threads_lock - owner thread: 0x01c32400
[0x01e48d28] Heap_lock - owner thread: 0x01e4ac00

Heap
 def new generation   total 22272K, used 19840K [0x23820000, 0x25040000, 0x28d70000)
  eden space 19840K, 100% used [0x23820000, 0x24b80000, 0x24b80000)
  from space 2432K,   0% used [0x24b80000, 0x24b80000, 0x24de0000)
  to   space 2432K, 100% used [0x24de0000, 0x25040000, 0x25040000)
 tenured generation   total 49320K, used 30619K [0x28d70000, 0x2bd9a000, 0x33820000)
   the space 49320K,  62% used [0x28d70000, 0x2ab56ed8, 0x2ab57000, 0x2bd9a000)
 compacting perm gen  total 38912K, used 38764K [0x33820000, 0x35e20000, 0x37820000)
   the space 38912K,  99% used [0x33820000, 0x35dfb100, 0x35dfb200, 0x35e20000)
    ro space 10240K,  42% used [0x37820000, 0x37c60348, 0x37c60400, 0x38220000)
    rw space 12288K,  54% used [0x38220000, 0x388a06f0, 0x388a0800, 0x38e20000)

Card table byte_map: [0x01cd0000,0x01d80000] byte_map_base: 0x01bb3f00

Polling page: 0x003f0000

Code Cache  [0x01e50000, 0x024e8000, 0x03e50000)
 total_blobs=3094 nmethods=2876 adapters=150 free_code_cache=26029Kb largest_free_block=26649536

Compilation events (10 events):
Event: 239.679 Thread 0x01c4d400 2926             java.io.Win32FileSystem::resolve (231 bytes)
Event: 239.680 Thread 0x01c4d400 nmethod 2926 0x024e1108 code [0x024e12e0, 0x024e1bc4]
Event: 239.950 Thread 0x01c4d400 2927             org.eclipse.debug.core.DebugPlugin$ArgumentParser::getNext (35 bytes)
Event: 239.950 Thread 0x01c4d400 nmethod 2927 0x024e2748 code [0x024e2860, 0x024e29bc]
Event: 242.520 Thread 0x01c4d400 2928             java.net.URI::needsNormalization (184 bytes)
Event: 242.521 Thread 0x01c4d400 nmethod 2928 0x024e2b48 code [0x024e2d00, 0x024e33b4]
Event: 242.559 Thread 0x01c4d400 2929             org.eclipse.core.internal.jobs.JobQueue::enqueue (105 bytes)
Event: 242.561 Thread 0x01c4d400 nmethod 2929 0x024e3e08 code [0x024e3fd0, 0x024e4e6c]
Event: 244.231 Thread 0x01c4d400 2930             java.util.regex.Pattern$Dot::isSatisfiedBy (34 bytes)
Event: 244.231 Thread 0x01c4d400 nmethod 2930 0x024e5a48 code [0x024e5b40, 0x024e5c00]

GC Heap History (10 events):
Event: 237.122 GC heap after
Heap after GC invocations=43 (full 7):
 def new generation   total 20992K, used 123K [0x23820000, 0x24ee0000, 0x28d70000)
  eden space 18688K,   0% used [0x23820000, 0x23820000, 0x24a60000)
  from space 2304K,   5% used [0x24ca0000, 0x24cbed60, 0x24ee0000)
  to   space 2304K,   0% used [0x24a60000, 0x24a60000, 0x24ca0000)
 tenured generation   total 46492K, used 35044K [0x28d70000, 0x2bad7000, 0x33820000)
   the space 46492K,  75% used [0x28d70000, 0x2afa90f8, 0x2afa9200, 0x2bad7000)
 compacting perm gen  total 36864K, used 36702K [0x33820000, 0x35c20000, 0x37820000)
   the space 36864K,  99% used [0x33820000, 0x35bf7930, 0x35bf7a00, 0x35c20000)
    ro space 10240K,  42% used [0x37820000, 0x37c60348, 0x37c60400, 0x38220000)
    rw space 12288K,  54% used [0x38220000, 0x388a06f0, 0x388a0800, 0x38e20000)
}
Event: 237.157 GC heap before
{Heap before GC invocations=43 (full 7):
 def new generation   total 20992K, used 18708K [0x23820000, 0x24ee0000, 0x28d70000)
  eden space 18688K,  99% used [0x23820000, 0x24a46480, 0x24a60000)
  from space 2304K,   5% used [0x24ca0000, 0x24cbed60, 0x24ee0000)
  to   space 2304K,   0% used [0x24a60000, 0x24a60000, 0x24ca0000)
 tenured generation   total 46492K, used 35044K [0x28d70000, 0x2bad7000, 0x33820000)
   the space 46492K,  75% used [0x28d70000, 0x2afa90f8, 0x2afa9200, 0x2bad7000)
 compacting perm gen  total 36864K, used 36702K [0x33820000, 0x35c20000, 0x37820000)
   the space 36864K,  99% used [0x33820000, 0x35bf7930, 0x35bf7a00, 0x35c20000)
    ro space 10240K,  42% used [0x37820000, 0x37c60348, 0x37c60400, 0x38220000)
    rw space 12288K,  54% used [0x38220000, 0x388a06f0, 0x388a0800, 0x38e20000)
Event: 237.159 GC heap after
Heap after GC invocations=44 (full 7):
 def new generation   total 20992K, used 540K [0x23820000, 0x24ee0000, 0x28d70000)
  eden space 18688K,   0% used [0x23820000, 0x23820000, 0x24a60000)
  from space 2304K,  23% used [0x24a60000, 0x24ae7040, 0x24ca0000)
  to   space 2304K,   0% used [0x24ca0000, 0x24ca0000, 0x24ee0000)
 tenured generation   total 46492K, used 35044K [0x28d70000, 0x2bad7000, 0x33820000)
   the space 46492K,  75% used [0x28d70000, 0x2afa90f8, 0x2afa9200, 0x2bad7000)
 compacting perm gen  total 36864K, used 36702K [0x33820000, 0x35c20000, 0x37820000)
   the space 36864K,  99% used [0x33820000, 0x35bf7930, 0x35bf7a00, 0x35c20000)
    ro space 10240K,  42% used [0x37820000, 0x37c60348, 0x37c60400, 0x38220000)
    rw space 12288K,  54% used [0x38220000, 0x388a06f0, 0x388a0800, 0x38e20000)
}
Event: 237.349 GC heap before
{Heap before GC invocations=44 (full 7):
 def new generation   total 20992K, used 19228K [0x23820000, 0x24ee0000, 0x28d70000)
  eden space 18688K, 100% used [0x23820000, 0x24a60000, 0x24a60000)
  from space 2304K,  23% used [0x24a60000, 0x24ae7040, 0x24ca0000)
  to   space 2304K,   0% used [0x24ca0000, 0x24ca0000, 0x24ee0000)
 tenured generation   total 46492K, used 35044K [0x28d70000, 0x2bad7000, 0x33820000)
   the space 46492K,  75% used [0x28d70000, 0x2afa90f8, 0x2afa9200, 0x2bad7000)
 compacting perm gen  total 36864K, used 36702K [0x33820000, 0x35c20000, 0x37820000)
   the space 36864K,  99% used [0x33820000, 0x35bf7930, 0x35bf7a00, 0x35c20000)
    ro space 10240K,  42% used [0x37820000, 0x37c60348, 0x37c60400, 0x38220000)
    rw space 12288K,  54% used [0x38220000, 0x388a06f0, 0x388a0800, 0x38e20000)
Event: 237.351 GC heap after
Heap after GC invocations=45 (full 7):
 def new generation   total 20992K, used 53K [0x23820000, 0x24ee0000, 0x28d70000)
  eden space 18688K,   0% used [0x23820000, 0x23820000, 0x24a60000)
  from space 2304K,   2% used [0x24ca0000, 0x24cad548, 0x24ee0000)
  to   space 2304K,   0% used [0x24a60000, 0x24a60000, 0x24ca0000)
 tenured generation   total 46492K, used 35044K [0x28d70000, 0x2bad7000, 0x33820000)
   the space 46492K,  75% used [0x28d70000, 0x2afa90f8, 0x2afa9200, 0x2bad7000)
 compacting perm gen  total 36864K, used 36702K [0x33820000, 0x35c20000, 0x37820000)
   the space 36864K,  99% used [0x33820000, 0x35bf7930, 0x35bf7a00, 0x35c20000)
    ro space 10240K,  42% used [0x37820000, 0x37c60348, 0x37c60400, 0x38220000)
    rw space 12288K,  54% used [0x38220000, 0x388a06f0, 0x388a0800, 0x38e20000)
}
Event: 237.666 GC heap before
{Heap before GC invocations=45 (full 7):
 def new generation   total 20992K, used 18741K [0x23820000, 0x24ee0000, 0x28d70000)
  eden space 18688K, 100% used [0x23820000, 0x24a60000, 0x24a60000)
  from space 2304K,   2% used [0x24ca0000, 0x24cad548, 0x24ee0000)
  to   space 2304K,   0% used [0x24a60000, 0x24a60000, 0x24ca0000)
 tenured generation   total 46492K, used 35044K [0x28d70000, 0x2bad7000, 0x33820000)
   the space 46492K,  75% used [0x28d70000, 0x2afa90f8, 0x2afa9200, 0x2bad7000)
 compacting perm gen  total 36864K, used 36815K [0x33820000, 0x35c20000, 0x37820000)
   the space 36864K,  99% used [0x33820000, 0x35c13fb8, 0x35c14000, 0x35c20000)
    ro space 10240K,  42% used [0x37820000, 0x37c60348, 0x37c60400, 0x38220000)
    rw space 12288K,  54% used [0x38220000, 0x388a06f0, 0x388a0800, 0x38e20000)
Event: 237.669 GC heap after
Heap after GC invocations=46 (full 7):
 def new generation   total 20992K, used 585K [0x23820000, 0x24ee0000, 0x28d70000)
  eden space 18688K,   0% used [0x23820000, 0x23820000, 0x24a60000)
  from space 2304K,  25% used [0x24a60000, 0x24af24b0, 0x24ca0000)
  to   space 2304K,   0% used [0x24ca0000, 0x24ca0000, 0x24ee0000)
 tenured generation   total 46492K, used 35044K [0x28d70000, 0x2bad7000, 0x33820000)
   the space 46492K,  75% used [0x28d70000, 0x2afa90f8, 0x2afa9200, 0x2bad7000)
 compacting perm gen  total 36864K, used 36815K [0x33820000, 0x35c20000, 0x37820000)
   the space 36864K,  99% used [0x33820000, 0x35c13fb8, 0x35c14000, 0x35c20000)
    ro space 10240K,  42% used [0x37820000, 0x37c60348, 0x37c60400, 0x38220000)
    rw space 12288K,  54% used [0x38220000, 0x388a06f0, 0x388a0800, 0x38e20000)
}
Event: 237.822 GC heap before
{Heap before GC invocations=46 (full 7):
 def new generation   total 20992K, used 17834K [0x23820000, 0x24ee0000, 0x28d70000)
  eden space 18688K,  92% used [0x23820000, 0x248f8748, 0x24a60000)
  from space 2304K,  25% used [0x24a60000, 0x24af24b0, 0x24ca0000)
  to   space 2304K,   0% used [0x24ca0000, 0x24ca0000, 0x24ee0000)
 tenured generation   total 46492K, used 35044K [0x28d70000, 0x2bad7000, 0x33820000)
   the space 46492K,  75% used [0x28d70000, 0x2afa90f8, 0x2afa9200, 0x2bad7000)
 compacting perm gen  total 36864K, used 36863K [0x33820000, 0x35c20000, 0x37820000)
   the space 36864K,  99% used [0x33820000, 0x35c1ff98, 0x35c20000, 0x35c20000)
    ro space 10240K,  42% used [0x37820000, 0x37c60348, 0x37c60400, 0x38220000)
    rw space 12288K,  54% used [0x38220000, 0x388a06f0, 0x388a0800, 0x38e20000)
Event: 238.037 GC heap after
Heap after GC invocations=47 (full 8):
 def new generation   total 22272K, used 0K [0x23820000, 0x25040000, 0x28d70000)
  eden space 19840K,   0% used [0x23820000, 0x23820000, 0x24b80000)
  from space 2432K,   0% used [0x24b80000, 0x24b80000, 0x24de0000)
  to   space 2432K,   0% used [0x24de0000, 0x24de0000, 0x25040000)
 tenured generation   total 49320K, used 29591K [0x28d70000, 0x2bd9a000, 0x33820000)
   the space 49320K,  59% used [0x28d70000, 0x2aa55c50, 0x2aa55e00, 0x2bd9a000)
 compacting perm gen  total 36864K, used 36841K [0x33820000, 0x35c20000, 0x37820000)
   the space 36864K,  99% used [0x33820000, 0x35c1a440, 0x35c1a600, 0x35c20000)
    ro space 10240K,  42% used [0x37820000, 0x37c60348, 0x37c60400, 0x38220000)
    rw space 12288K,  54% used [0x38220000, 0x388a06f0, 0x388a0800, 0x38e20000)
}
Event: 248.068 GC heap before
{Heap before GC invocations=47 (full 8):
 def new generation   total 22272K, used 19840K [0x23820000, 0x25040000, 0x28d70000)
  eden space 19840K, 100% used [0x23820000, 0x24b80000, 0x24b80000)
  from space 2432K,   0% used [0x24b80000, 0x24b80000, 0x24de0000)
  to   space 2432K,   0% used [0x24de0000, 0x24de0000, 0x25040000)
 tenured generation   total 49320K, used 29591K [0x28d70000, 0x2bd9a000, 0x33820000)
   the space 49320K,  59% used [0x28d70000, 0x2aa55c50, 0x2aa55e00, 0x2bd9a000)
 compacting perm gen  total 38912K, used 38764K [0x33820000, 0x35e20000, 0x37820000)
   the space 38912K,  99% used [0x33820000, 0x35dfb100, 0x35dfb200, 0x35e20000)
    ro space 10240K,  42% used [0x37820000, 0x37c60348, 0x37c60400, 0x38220000)
    rw space 12288K,  54% used [0x38220000, 0x388a06f0, 0x388a0800, 0x38e20000)

Deoptimization events (0 events):
No events

Internal exceptions (10 events):
Event: 237.775 Thread 0x0552e400 Threw 0x24860560 at C:\jdk7u1_32P\jdk7u9_3984_new\hotspot\src\share\vm\prims\jni.cpp:716
Event: 238.146 Thread 0x0552e400 Threw 0x239496c0 at C:\jdk7u1_32P\jdk7u9_3984_new\hotspot\src\share\vm\prims\jni.cpp:716
Event: 238.716 Thread 0x0552e400 Threw 0x23e0fa70 at C:\jdk7u1_32P\jdk7u9_3984_new\hotspot\src\share\vm\prims\jni.cpp:716
Event: 239.206 Thread 0x0552e400 Threw 0x23fde400 at C:\jdk7u1_32P\jdk7u9_3984_new\hotspot\src\share\vm\prims\jni.cpp:716
Event: 239.415 Thread 0x0552e400 Threw 0x243ea8f8 at C:\jdk7u1_32P\jdk7u9_3984_new\hotspot\src\share\vm\prims\jvm.cpp:1166
Event: 239.415 Thread 0x0552e400 Threw 0x243eae10 at C:\jdk7u1_32P\jdk7u9_3984_new\hotspot\src\share\vm\prims\jvm.cpp:1166
Event: 239.444 Thread 0x0552e400 Threw 0x243fb380 at C:\jdk7u1_32P\jdk7u9_3984_new\hotspot\src\share\vm\prims\jvm.cpp:1166
Event: 239.444 Thread 0x0552e400 Threw 0x243fb898 at C:\jdk7u1_32P\jdk7u9_3984_new\hotspot\src\share\vm\prims\jvm.cpp:1166
Event: 239.444 Thread 0x0552e400 Threw 0x243fc8b8 at C:\jdk7u1_32P\jdk7u9_3984_new\hotspot\src\share\vm\prims\jvm.cpp:1166
Event: 239.444 Thread 0x0552e400 Threw 0x243fcdd0 at C:\jdk7u1_32P\jdk7u9_3984_new\hotspot\src\share\vm\prims\jvm.cpp:1166

Events (10 events):
Event: 242.918 Executing VM operation: RevokeBias done
Event: 243.807 Executing VM operation: RevokeBias
Event: 243.808 Executing VM operation: RevokeBias done
Event: 244.228 Executing VM operation: RevokeBias
Event: 244.228 Executing VM operation: RevokeBias done
Event: 248.066 Executing VM operation: RevokeBias
Event: 248.066 Executing VM operation: RevokeBias done
Event: 248.066 Executing VM operation: RevokeBias
Event: 248.066 Executing VM operation: RevokeBias done
Event: 248.068 Executing VM operation: GenCollectForAllocation


Dynamic libraries:
0x00400000 - 0x0040e000 	C:\GeradorJava\jet\eclipse\eclipse.exe
0x76e20000 - 0x76f5c000 	C:\Windows\SYSTEM32\ntdll.dll
0x767a0000 - 0x76874000 	C:\Windows\system32\kernel32.dll
0x75030000 - 0x7507b000 	C:\Windows\system32\KERNELBASE.dll
0x766d0000 - 0x76799000 	C:\Windows\system32\USER32.dll
0x75380000 - 0x753ce000 	C:\Windows\system32\GDI32.dll
0x76f60000 - 0x76f6a000 	C:\Windows\system32\LPK.dll
0x752b0000 - 0x7534d000 	C:\Windows\system32\USP10.dll
0x76bf0000 - 0x76c9c000 	C:\Windows\system32\msvcrt.dll
0x6b600000 - 0x6b684000 	C:\Windows\WinSxS\x86_microsoft.windows.common-controls_6595b64144ccf1df_5.82.7600.16661_none_ebfb56996c72aefc\COMCTL32.dll
0x75730000 - 0x757d0000 	C:\Windows\system32\ADVAPI32.dll
0x76d50000 - 0x76d69000 	C:\Windows\SYSTEM32\sechost.dll
0x76d70000 - 0x76e11000 	C:\Windows\system32\RPCRT4.dll
0x758f0000 - 0x7590f000 	C:\Windows\system32\IMM32.DLL
0x76570000 - 0x7663c000 	C:\Windows\system32\MSCTF.dll
0x72000000 - 0x72012000 	C:\GeradorJava\jet\eclipse\plugins\org.eclipse.equinox.launcher.win32.win32.x86_1.0.3.R33x_v20080118\eclipse_1023.dll
0x74350000 - 0x74359000 	C:\Windows\system32\VERSION.dll
0x73c90000 - 0x73cd0000 	C:\Windows\system32\uxtheme.dll
0x73460000 - 0x73469000 	C:\ProgramData\Real\RealPlayer\BrowserRecordPlugin\Chrome\Hook\rpchrome150browserrecordhelper.dll
0x6bf50000 - 0x6bff3000 	C:\Windows\WinSxS\x86_microsoft.vc90.crt_1fc8b3b9a1e18e3b_9.0.30729.6161_none_50934f2ebcb7eb57\MSVCR90.dll
0x75920000 - 0x76569000 	C:\Windows\system32\SHELL32.dll
0x756d0000 - 0x75727000 	C:\Windows\system32\SHLWAPI.dll
0x6d8c0000 - 0x6dc0d000 	C:\Program Files\Java\jre7\bin\client\jvm.dll
0x70f40000 - 0x70f47000 	C:\Windows\system32\WSOCK32.dll
0x76f70000 - 0x76fa5000 	C:\Windows\system32\WS2_32.dll
0x76be0000 - 0x76be6000 	C:\Windows\system32\NSI.dll
0x72a70000 - 0x72aa2000 	C:\Windows\system32\WINMM.dll
0x76fb0000 - 0x76fb5000 	C:\Windows\system32\PSAPI.DLL
0x6e800000 - 0x6e8bf000 	C:\Windows\system32\MSVCR100.dll
0x73270000 - 0x7327c000 	C:\Program Files\Java\jre7\bin\verify.dll
0x72cf0000 - 0x72d10000 	C:\Program Files\Java\jre7\bin\java.dll
0x715b0000 - 0x715c3000 	C:\Program Files\Java\jre7\bin\zip.dll
0x74a30000 - 0x74a46000 	C:\Windows\system32\CRYPTSP.dll
0x747d0000 - 0x7480b000 	C:\Windows\system32\rsaenh.dll
0x745d0000 - 0x745e7000 	C:\Windows\system32\USERENV.dll
0x74fb0000 - 0x74fbb000 	C:\Windows\system32\profapi.dll
0x74f30000 - 0x74f3c000 	C:\Windows\system32\CRYPTBASE.dll
0x69d40000 - 0x69d54000 	C:\Program Files\Java\jre7\bin\net.dll
0x749f0000 - 0x74a2c000 	C:\Windows\system32\mswsock.dll
0x749e0000 - 0x749e6000 	C:\Windows\System32\wship6.dll
0x72a60000 - 0x72a70000 	C:\Windows\system32\NLAapi.dll
0x748b0000 - 0x748f4000 	C:\Windows\system32\DNSAPI.dll
0x6eb20000 - 0x6eb28000 	C:\Windows\System32\winrnr.dll
0x6eb10000 - 0x6eb20000 	C:\Windows\system32\napinsp.dll
0x6eaf0000 - 0x6eb02000 	C:\Windows\system32\pnrpnsp.dll
0x6f050000 - 0x6f077000 	C:\Program Files\Common Files\Microsoft Shared\Windows Live\WLIDNSP.DLL
0x74500000 - 0x74505000 	C:\Windows\System32\wshtcpip.dll
0x72900000 - 0x7291c000 	C:\Windows\system32\IPHLPAPI.DLL
0x728f0000 - 0x728f7000 	C:\Windows\system32\WINNSI.DLL
0x6f040000 - 0x6f046000 	C:\Windows\system32\rasadhlp.dll
0x72420000 - 0x72458000 	C:\Windows\System32\fwpuclnt.dll
0x72ce0000 - 0x72cef000 	C:\Program Files\Java\jre7\bin\nio.dll
0x75570000 - 0x756cc000 	C:\Windows\system32\ole32.dll
0x10000000 - 0x1004f000 	C:\GeradorJava\jet\eclipse\configuration\org.eclipse.osgi\bundles\334\1\.cp\swt-win32-3349.dll
0x73e40000 - 0x73fde000 	C:\Windows\WinSxS\x86_microsoft.windows.common-controls_6595b64144ccf1df_6.0.7600.16661_none_420fe3fa2b8113bd\COMCTL32.dll
0x753d0000 - 0x7544b000 	C:\Windows\system32\comdlg32.dll
0x76640000 - 0x766cf000 	C:\Windows\system32\OLEAUT32.dll
0x757d0000 - 0x758eb000 	C:\Windows\system32\WININET.dll
0x75910000 - 0x75913000 	C:\Windows\system32\Normaliz.dll
0x76a20000 - 0x76bd8000 	C:\Windows\system32\iertutil.dll
0x75450000 - 0x75561000 	C:\Windows\system32\urlmon.dll
0x73960000 - 0x73973000 	C:\Windows\system32\dwmapi.dll
0x01e20000 - 0x01e28000 	C:\GeradorJava\jet\eclipse\configuration\org.eclipse.osgi\bundles\36\1\.cp\os\win32\x86\localfile_1_0_0.dll
0x734f0000 - 0x7352c000 	C:\Windows\system32\oleacc.dll
0x06500000 - 0x06514000 	C:\GeradorJava\jet\eclipse\configuration\org.eclipse.osgi\bundles\334\1\.cp\swt-gdip-win32-3349.dll
0x73b00000 - 0x73c90000 	C:\Windows\WinSxS\x86_microsoft.windows.gdiplus_6595b64144ccf1df_1.1.7600.17007_none_72f44f3186198a88\gdiplus.dll
0x74fa0000 - 0x74fae000 	C:\Windows\system32\RpcRtRemote.dll
0x76fc0000 - 0x77043000 	C:\Windows\system32\CLBCatQ.DLL
0x709d0000 - 0x709fe000 	C:\Windows\system32\mlang.dll
0x715f0000 - 0x715f5000 	C:\Windows\system32\msimg32.dll
0x74eb0000 - 0x74efb000 	C:\Windows\system32\apphelp.dll
0x6ea00000 - 0x6eaeb000 	C:\Windows\system32\dbghelp.dll

VM Arguments:
java_command: <unknown>
Launcher Type: generic

Environment Variables:
JAVA_HOME=C:\JDK\jdk1.6.0_30
PATH=C:\Program Files\Java\jre7\bin\client;C:\Program Files\Java\jre7\bin;C:\Program Files\Common Files\Microsoft Shared\Windows Live;C:\Windows\system32;C:\Windows;C:\Windows\System32\Wbem;C:\Windows\System32\WindowsPowerShell\v1.0\;C:\Program Files\Microsoft\Web Platform Installer\;c:\Program Files\Microsoft ASP.NET\ASP.NET Web Pages\v1.0\;C:\Android-SDK - Old\platform-tools;C:\Program Files\Windows Live\Shared;C:\Program Files\Microsoft SQL Server\110\Tools\Binn\
USERNAME=Paulo
OS=Windows_NT
PROCESSOR_IDENTIFIER=x86 Family 6 Model 23 Stepping 10, GenuineIntel



---------------  S Y S T E M  ---------------

OS: Windows 7 Build 7600 

CPU:total 2 (2 cores per cpu, 1 threads per core) family 6 model 23 stepping 10, cmov, cx8, fxsr, mmx, sse, sse2, sse3, ssse3, tsc

Memory: 4k page, physical 3135672k(1199832k free), swap 6269580k(3743152k free)

vm_info: Java HotSpot(TM) Client VM (23.5-b02) for windows-x86 JRE (1.7.0_09-b05), built on Sep 24 2012 22:01:33 by "java_re" with unknown MS VC++:1600

time: Wed Dec 19 22:48:20 2012
elapsed time: 248 seconds

