#
# A fatal error has been detected by the Java Runtime Environment:
#
#  EXCEPTION_ACCESS_VIOLATION (0xc0000005) at pc=0x024be6bc, pid=7808, tid=17308
#
# JRE version: 7.0_09-b05
# Java VM: Java HotSpot(TM) Client VM (23.5-b02 mixed mode, sharing windows-x86 )
# Problematic frame:
# J  org.eclipse.jdt.internal.compiler.util.SimpleNameVector.add([C)V
#
# Failed to write core dump. Minidumps are not enabled by default on client versions of Windows
#
# If you would like to submit a bug report, please visit:
#   http://bugreport.sun.com/bugreport/crash.jsp
#

---------------  T H R E A D  ---------------

Current thread (0x079e7400):  JavaThread "Worker-4" [_thread_in_Java, id=17308, stack(0x08ae0000,0x08be0000)]

siginfo: ExceptionCode=0xc0000005, reading address 0x000000aa

Registers:
EAX=0x00000000, EBX=0x249872b8, ECX=0x24987288, EDX=0x2464a398
ESP=0x08bdf390, EBP=0x08bdf550, ESI=0x0000009a, EDI=0x38850030
EIP=0x024be6bc, EFLAGS=0x00010216

Top of Stack: (sp=0x08bdf390)
0x08bdf390:   00000002 248f5278 08bdf550 0238b69c
0x08bdf3a0:   08bdf3a0 35ac6f60 24987288 35ac7668
0x08bdf3b0:   00000000 2464a398 24987288 08bdf3d0
0x08bdf3c0:   08bdf550 0218ede4 08bdf550 0218ee54
0x08bdf3d0:   24c78294 24c782ac 08bdf40c 01d5345a
0x08bdf3e0:   01d5345a 29f75418 246a38f8 23d39e38
0x08bdf3f0:   249871f0 248f5278 00000004 2464a398
0x08bdf400:   00000003 00000000 08bdf420 08bdf550 

Instructions: (pc=0x024be6bc)
0x024be69c:   00 00 00 83 fa 00 0f 84 3b 00 00 00 8b 76 04 8b
0x024be6ac:   7a 04 8b b6 90 00 00 00 3b fe 0f 84 27 00 00 00
0x024be6bc:   8b 46 10 3b 34 07 0f 84 1b 00 00 00 83 f8 18 0f
0x024be6cc:   85 5f 00 00 00 57 56 e8 68 09 92 ff 5f 5e 83 fe 


Register to memory mapping:

EAX=0x00000000 is an unknown value
EBX=0x249872b8 is an oop

[error occurred during error reporting (printing register info), id 0xc0000005]

Stack: [0x08ae0000,0x08be0000],  sp=0x08bdf390,  free space=1020k
Native frames: (J=compiled Java code, j=interpreted, Vv=VM code, C=native code)
J  org.eclipse.jdt.internal.compiler.util.SimpleNameVector.add([C)V
j  org.eclipse.jdt.internal.compiler.Compiler.internalBeginToCompile([Lorg/eclipse/jdt/internal/compiler/env/ICompilationUnit;I)V+198
j  org.eclipse.jdt.internal.compiler.Compiler.beginToCompile([Lorg/eclipse/jdt/internal/compiler/env/ICompilationUnit;)V+19
j  org.eclipse.jdt.internal.compiler.Compiler.compile([Lorg/eclipse/jdt/internal/compiler/env/ICompilationUnit;)V+6
j  org.eclipse.jdt.internal.core.builder.AbstractImageBuilder.compile([Lorg/eclipse/jdt/internal/core/builder/SourceFile;[Lorg/eclipse/jdt/internal/core/builder/SourceFile;Z)V+180
j  org.eclipse.jdt.internal.core.builder.BatchImageBuilder.compile([Lorg/eclipse/jdt/internal/core/builder/SourceFile;[Lorg/eclipse/jdt/internal/core/builder/SourceFile;Z)V+28
j  org.eclipse.jdt.internal.core.builder.AbstractImageBuilder.compile([Lorg/eclipse/jdt/internal/core/builder/SourceFile;)V+163
j  org.eclipse.jdt.internal.core.builder.BatchImageBuilder.build()V+141
j  org.eclipse.jdt.internal.core.builder.JavaBuilder.buildAll()V+83
j  org.eclipse.jdt.internal.core.builder.JavaBuilder.build(ILjava/util/Map;Lorg/eclipse/core/runtime/IProgressMonitor;)[Lorg/eclipse/core/resources/IProject;+154
j  org.eclipse.core.internal.events.BuildManager$2.run()V+33
J  org.eclipse.core.runtime.SafeRunner.run(Lorg/eclipse/core/runtime/ISafeRunnable;)V
j  org.eclipse.core.internal.events.BuildManager.basicBuild(Lorg/eclipse/core/resources/IProject;I[Lorg/eclipse/core/resources/ICommand;Lorg/eclipse/core/runtime/MultiStatus;Lorg/eclipse/core/runtime/IProgressMonitor;)V+62
j  org.eclipse.core.internal.events.BuildManager$1.run()V+24
J  org.eclipse.core.runtime.SafeRunner.run(Lorg/eclipse/core/runtime/ISafeRunnable;)V
j  org.eclipse.core.internal.events.BuildManager.basicBuildLoop([Lorg/eclipse/core/resources/IProject;[Lorg/eclipse/core/resources/IProject;ILorg/eclipse/core/runtime/MultiStatus;Lorg/eclipse/core/runtime/IProgressMonitor;)V+97
j  org.eclipse.core.internal.events.BuildManager.build(ILorg/eclipse/core/runtime/IProgressMonitor;)Lorg/eclipse/core/runtime/IStatus;+148
j  org.eclipse.core.internal.resources.Workspace.build(ILorg/eclipse/core/runtime/IProgressMonitor;)V+56
j  org.eclipse.ui.actions.GlobalBuildAction$1.run(Lorg/eclipse/core/runtime/IProgressMonitor;)Lorg/eclipse/core/runtime/IStatus;+50
j  org.eclipse.core.internal.jobs.Worker.run()V+31
v  ~StubRoutines::call_stub
V  [jvm.dll+0x12a39a]
V  [jvm.dll+0x1d978e]
V  [jvm.dll+0x12a583]
V  [jvm.dll+0x12a5e7]
V  [jvm.dll+0xd315f]
V  [jvm.dll+0x14a697]
V  [jvm.dll+0x14a800]
V  [jvm.dll+0x17efe9]
C  [MSVCR100.dll+0x5c556]  endthreadex+0x3a
C  [MSVCR100.dll+0x5c600]  endthreadex+0xe4
C  [kernel32.dll+0x51154]  BaseThreadInitThunk+0x12
C  [ntdll.dll+0x5b299]  RtlInitializeExceptionChain+0x63
C  [ntdll.dll+0x5b26c]  RtlInitializeExceptionChain+0x36


---------------  P R O C E S S  ---------------

Java Threads: ( => current thread )
  0x07aaf800 JavaThread "Worker-7" [_thread_blocked, id=1716, stack(0x09430000,0x09530000)]
  0x07aaf000 JavaThread "Worker-6" [_thread_blocked, id=14176, stack(0x091e0000,0x092e0000)]
  0x07aae800 JavaThread "com.metys.merlin.generation.templates.presentation.JETReconciler" daemon [_thread_blocked, id=6176, stack(0x090e0000,0x091e0000)]
  0x07aae400 JavaThread "Thread-6" [_thread_blocked, id=22308, stack(0x08fe0000,0x090e0000)]
  0x07aadc00 JavaThread "Timer-2" [_thread_blocked, id=22644, stack(0x08de0000,0x08ee0000)]
  0x07aad800 JavaThread "Timer-1" [_thread_blocked, id=20868, stack(0x08ce0000,0x08de0000)]
  0x07aad000 JavaThread "Timer-0" [_thread_blocked, id=13136, stack(0x08be0000,0x08ce0000)]
=>0x079e7400 JavaThread "Worker-4" [_thread_in_Java, id=17308, stack(0x08ae0000,0x08be0000)]
  0x05750400 JavaThread "Worker-2" [_thread_blocked, id=10352, stack(0x05b80000,0x05c80000)]
  0x0644cc00 JavaThread "Worker-1" [_thread_blocked, id=9344, stack(0x07770000,0x07870000)]
  0x0613a400 JavaThread "com.metys.merlin.generation.templates.presentation.JETReconciler" daemon [_thread_blocked, id=21360, stack(0x07670000,0x07770000)]
  0x05fce800 JavaThread "Java indexing" daemon [_thread_blocked, id=12624, stack(0x07570000,0x07670000)]
  0x05601c00 JavaThread "Worker-0" [_thread_blocked, id=7532, stack(0x05a80000,0x05b80000)]
  0x04700400 JavaThread "Start Level Event Dispatcher" daemon [_thread_blocked, id=1244, stack(0x05380000,0x05480000)]
  0x04709800 JavaThread "Framework Event Dispatcher" daemon [_thread_blocked, id=5824, stack(0x05280000,0x05380000)]
  0x046ff800 JavaThread "State Data Manager" daemon [_thread_blocked, id=7240, stack(0x05180000,0x05280000)]
  0x01c1ac00 JavaThread "Service Thread" daemon [_thread_blocked, id=10864, stack(0x043b0000,0x044b0000)]
  0x01c0d400 JavaThread "C1 CompilerThread0" daemon [_thread_blocked, id=2692, stack(0x042b0000,0x043b0000)]
  0x01c0c000 JavaThread "Attach Listener" daemon [_thread_blocked, id=10244, stack(0x041b0000,0x042b0000)]
  0x01c08c00 JavaThread "Signal Dispatcher" daemon [_thread_blocked, id=17208, stack(0x040b0000,0x041b0000)]
  0x01bf9400 JavaThread "Finalizer" daemon [_thread_blocked, id=17428, stack(0x03fb0000,0x040b0000)]
  0x01bf4800 JavaThread "Reference Handler" daemon [_thread_blocked, id=3272, stack(0x03eb0000,0x03fb0000)]
  0x0056ac00 JavaThread "main" [_thread_in_native, id=21572, stack(0x00030000,0x00130000)]

Other Threads:
  0x01bf2400 VMThread [stack: 0x03db0000,0x03eb0000] [id=5908]
  0x01c1f000 WatcherThread [stack: 0x044b0000,0x045b0000] [id=14984]

VM state:not at safepoint (normal execution)

VM Mutex/Monitor currently owned by a thread: None

Heap
 def new generation   total 26624K, used 22234K [0x23820000, 0x25500000, 0x28d70000)
  eden space 23680K,  93% used [0x23820000, 0x24dc2f00, 0x24f40000)
  from space 2944K,   2% used [0x25220000, 0x252339c8, 0x25500000)
  to   space 2944K,   0% used [0x24f40000, 0x24f40000, 0x25220000)
 tenured generation   total 59044K, used 37468K [0x28d70000, 0x2c719000, 0x33820000)
   the space 59044K,  63% used [0x28d70000, 0x2b207030, 0x2b207200, 0x2c719000)
 compacting perm gen  total 41728K, used 41722K [0x33820000, 0x360e0000, 0x37820000)
   the space 41728K,  99% used [0x33820000, 0x360dea98, 0x360dec00, 0x360e0000)
    ro space 10240K,  42% used [0x37820000, 0x37c60348, 0x37c60400, 0x38220000)
    rw space 12288K,  54% used [0x38220000, 0x388a06f0, 0x388a0800, 0x38e20000)

Card table byte_map: [0x01c50000,0x01d00000] byte_map_base: 0x01b33f00

Polling page: 0x003f0000

Code Cache  [0x01d50000, 0x024d0000, 0x03d50000)
 total_blobs=3639 nmethods=3418 adapters=152 free_code_cache=25125Kb largest_free_block=25720448

Compilation events (10 events):
Event: 316.451 Thread 0x01c0d400 3478             org.eclipse.ui.navigator.PipelinedViewerUpdate::getRefreshTargets (5 bytes)
Event: 316.452 Thread 0x01c0d400 nmethod 3478 0x024bd3c8 code [0x024bd4c0, 0x024bd540]
Event: 316.452 Thread 0x01c0d400 3479             org.eclipse.jdt.internal.compiler.lookup.PackageBinding::addType (42 bytes)
Event: 316.452 Thread 0x01c0d400 nmethod 3479 0x024bd588 code [0x024bd6a0, 0x024bd7f8]
Event: 316.452 Thread 0x01c0d400 3480             org.eclipse.jdt.internal.compiler.parser.Parser::consumeTypeImportOnDemandDeclarationName (190 bytes)
Event: 316.452 Thread 0x01c0d400 nmethod 3480 0x024bd948 code [0x024bdaa0, 0x024bdeec]
Event: 316.454 Thread 0x01c0d400 3481             org.eclipse.jdt.internal.core.PackageFragmentRoot::getPath (10 bytes)
Event: 316.454 Thread 0x01c0d400 nmethod 3481 0x024be188 code [0x024be290, 0x024be35c]
Event: 316.461 Thread 0x01c0d400 3482             org.eclipse.jdt.internal.compiler.util.SimpleNameVector::add (61 bytes)
Event: 316.462 Thread 0x01c0d400 nmethod 3482 0x024be448 code [0x024be560, 0x024be79c]

GC Heap History (10 events):
Event: 316.024 GC heap before
{Heap before GC invocations=52 (full 9):
 def new generation   total 26624K, used 23729K [0x23820000, 0x25500000, 0x28d70000)
  eden space 23680K, 100% used [0x23820000, 0x24f40000, 0x24f40000)
  from space 2944K,   1% used [0x24f40000, 0x24f4c718, 0x25220000)
  to   space 2944K,   0% used [0x25220000, 0x25220000, 0x25500000)
 tenured generation   total 59044K, used 37468K [0x28d70000, 0x2c719000, 0x33820000)
   the space 59044K,  63% used [0x28d70000, 0x2b207030, 0x2b207200, 0x2c719000)
 compacting perm gen  total 41728K, used 41714K [0x33820000, 0x360e0000, 0x37820000)
   the space 41728K,  99% used [0x33820000, 0x360dca00, 0x360dca00, 0x360e0000)
    ro space 10240K,  42% used [0x37820000, 0x37c60348, 0x37c60400, 0x38220000)
    rw space 12288K,  54% used [0x38220000, 0x388a06f0, 0x388a0800, 0x38e20000)
Event: 316.026 GC heap after
Heap after GC invocations=53 (full 9):
 def new generation   total 26624K, used 127K [0x23820000, 0x25500000, 0x28d70000)
  eden space 23680K,   0% used [0x23820000, 0x23820000, 0x24f40000)
  from space 2944K,   4% used [0x25220000, 0x2523fdf0, 0x25500000)
  to   space 2944K,   0% used [0x24f40000, 0x24f40000, 0x25220000)
 tenured generation   total 59044K, used 37468K [0x28d70000, 0x2c719000, 0x33820000)
   the space 59044K,  63% used [0x28d70000, 0x2b207030, 0x2b207200, 0x2c719000)
 compacting perm gen  total 41728K, used 41714K [0x33820000, 0x360e0000, 0x37820000)
   the space 41728K,  99% used [0x33820000, 0x360dca00, 0x360dca00, 0x360e0000)
    ro space 10240K,  42% used [0x37820000, 0x37c60348, 0x37c60400, 0x38220000)
    rw space 12288K,  54% used [0x38220000, 0x388a06f0, 0x388a0800, 0x38e20000)
}
Event: 316.076 GC heap before
{Heap before GC invocations=53 (full 9):
 def new generation   total 26624K, used 23807K [0x23820000, 0x25500000, 0x28d70000)
  eden space 23680K, 100% used [0x23820000, 0x24f40000, 0x24f40000)
  from space 2944K,   4% used [0x25220000, 0x2523fdf0, 0x25500000)
  to   space 2944K,   0% used [0x24f40000, 0x24f40000, 0x25220000)
 tenured generation   total 59044K, used 37468K [0x28d70000, 0x2c719000, 0x33820000)
   the space 59044K,  63% used [0x28d70000, 0x2b207030, 0x2b207200, 0x2c719000)
 compacting perm gen  total 41728K, used 41714K [0x33820000, 0x360e0000, 0x37820000)
   the space 41728K,  99% used [0x33820000, 0x360dca00, 0x360dca00, 0x360e0000)
    ro space 10240K,  42% used [0x37820000, 0x37c60348, 0x37c60400, 0x38220000)
    rw space 12288K,  54% used [0x38220000, 0x388a06f0, 0x388a0800, 0x38e20000)
Event: 316.078 GC heap after
Heap after GC invocations=54 (full 9):
 def new generation   total 26624K, used 62K [0x23820000, 0x25500000, 0x28d70000)
  eden space 23680K,   0% used [0x23820000, 0x23820000, 0x24f40000)
  from space 2944K,   2% used [0x24f40000, 0x24f4fa58, 0x25220000)
  to   space 2944K,   0% used [0x25220000, 0x25220000, 0x25500000)
 tenured generation   total 59044K, used 37468K [0x28d70000, 0x2c719000, 0x33820000)
   the space 59044K,  63% used [0x28d70000, 0x2b207030, 0x2b207200, 0x2c719000)
 compacting perm gen  total 41728K, used 41714K [0x33820000, 0x360e0000, 0x37820000)
   the space 41728K,  99% used [0x33820000, 0x360dca00, 0x360dca00, 0x360e0000)
    ro space 10240K,  42% used [0x37820000, 0x37c60348, 0x37c60400, 0x38220000)
    rw space 12288K,  54% used [0x38220000, 0x388a06f0, 0x388a0800, 0x38e20000)
}
Event: 316.136 GC heap before
{Heap before GC invocations=54 (full 9):
 def new generation   total 26624K, used 23742K [0x23820000, 0x25500000, 0x28d70000)
  eden space 23680K, 100% used [0x23820000, 0x24f40000, 0x24f40000)
  from space 2944K,   2% used [0x24f40000, 0x24f4fa58, 0x25220000)
  to   space 2944K,   0% used [0x25220000, 0x25220000, 0x25500000)
 tenured generation   total 59044K, used 37468K [0x28d70000, 0x2c719000, 0x33820000)
   the space 59044K,  63% used [0x28d70000, 0x2b207030, 0x2b207200, 0x2c719000)
 compacting perm gen  total 41728K, used 41714K [0x33820000, 0x360e0000, 0x37820000)
   the space 41728K,  99% used [0x33820000, 0x360dca00, 0x360dca00, 0x360e0000)
    ro space 10240K,  42% used [0x37820000, 0x37c60348, 0x37c60400, 0x38220000)
    rw space 12288K,  54% used [0x38220000, 0x388a06f0, 0x388a0800, 0x38e20000)
Event: 316.138 GC heap after
Heap after GC invocations=55 (full 9):
 def new generation   total 26624K, used 192K [0x23820000, 0x25500000, 0x28d70000)
  eden space 23680K,   0% used [0x23820000, 0x23820000, 0x24f40000)
  from space 2944K,   6% used [0x25220000, 0x25250118, 0x25500000)
  to   space 2944K,   0% used [0x24f40000, 0x24f40000, 0x25220000)
 tenured generation   total 59044K, used 37468K [0x28d70000, 0x2c719000, 0x33820000)
   the space 59044K,  63% used [0x28d70000, 0x2b207030, 0x2b207200, 0x2c719000)
 compacting perm gen  total 41728K, used 41714K [0x33820000, 0x360e0000, 0x37820000)
   the space 41728K,  99% used [0x33820000, 0x360dca00, 0x360dca00, 0x360e0000)
    ro space 10240K,  42% used [0x37820000, 0x37c60348, 0x37c60400, 0x38220000)
    rw space 12288K,  54% used [0x38220000, 0x388a06f0, 0x388a0800, 0x38e20000)
}
Event: 316.184 GC heap before
{Heap before GC invocations=55 (full 9):
 def new generation   total 26624K, used 23872K [0x23820000, 0x25500000, 0x28d70000)
  eden space 23680K, 100% used [0x23820000, 0x24f40000, 0x24f40000)
  from space 2944K,   6% used [0x25220000, 0x25250118, 0x25500000)
  to   space 2944K,   0% used [0x24f40000, 0x24f40000, 0x25220000)
 tenured generation   total 59044K, used 37468K [0x28d70000, 0x2c719000, 0x33820000)
   the space 59044K,  63% used [0x28d70000, 0x2b207030, 0x2b207200, 0x2c719000)
 compacting perm gen  total 41728K, used 41714K [0x33820000, 0x360e0000, 0x37820000)
   the space 41728K,  99% used [0x33820000, 0x360dca00, 0x360dca00, 0x360e0000)
    ro space 10240K,  42% used [0x37820000, 0x37c60348, 0x37c60400, 0x38220000)
    rw space 12288K,  54% used [0x38220000, 0x388a06f0, 0x388a0800, 0x38e20000)
Event: 316.186 GC heap after
Heap after GC invocations=56 (full 9):
 def new generation   total 26624K, used 87K [0x23820000, 0x25500000, 0x28d70000)
  eden space 23680K,   0% used [0x23820000, 0x23820000, 0x24f40000)
  from space 2944K,   2% used [0x24f40000, 0x24f55d88, 0x25220000)
  to   space 2944K,   0% used [0x25220000, 0x25220000, 0x25500000)
 tenured generation   total 59044K, used 37468K [0x28d70000, 0x2c719000, 0x33820000)
   the space 59044K,  63% used [0x28d70000, 0x2b207030, 0x2b207200, 0x2c719000)
 compacting perm gen  total 41728K, used 41714K [0x33820000, 0x360e0000, 0x37820000)
   the space 41728K,  99% used [0x33820000, 0x360dca00, 0x360dca00, 0x360e0000)
    ro space 10240K,  42% used [0x37820000, 0x37c60348, 0x37c60400, 0x38220000)
    rw space 12288K,  54% used [0x38220000, 0x388a06f0, 0x388a0800, 0x38e20000)
}
Event: 316.239 GC heap before
{Heap before GC invocations=56 (full 9):
 def new generation   total 26624K, used 23767K [0x23820000, 0x25500000, 0x28d70000)
  eden space 23680K, 100% used [0x23820000, 0x24f40000, 0x24f40000)
  from space 2944K,   2% used [0x24f40000, 0x24f55d88, 0x25220000)
  to   space 2944K,   0% used [0x25220000, 0x25220000, 0x25500000)
 tenured generation   total 59044K, used 37468K [0x28d70000, 0x2c719000, 0x33820000)
   the space 59044K,  63% used [0x28d70000, 0x2b207030, 0x2b207200, 0x2c719000)
 compacting perm gen  total 41728K, used 41716K [0x33820000, 0x360e0000, 0x37820000)
   the space 41728K,  99% used [0x33820000, 0x360dd3c8, 0x360dd400, 0x360e0000)
    ro space 10240K,  42% used [0x37820000, 0x37c60348, 0x37c60400, 0x38220000)
    rw space 12288K,  54% used [0x38220000, 0x388a06f0, 0x388a0800, 0x38e20000)
Event: 316.241 GC heap after
Heap after GC invocations=57 (full 9):
 def new generation   total 26624K, used 78K [0x23820000, 0x25500000, 0x28d70000)
  eden space 23680K,   0% used [0x23820000, 0x23820000, 0x24f40000)
  from space 2944K,   2% used [0x25220000, 0x252339c8, 0x25500000)
  to   space 2944K,   0% used [0x24f40000, 0x24f40000, 0x25220000)
 tenured generation   total 59044K, used 37468K [0x28d70000, 0x2c719000, 0x33820000)
   the space 59044K,  63% used [0x28d70000, 0x2b207030, 0x2b207200, 0x2c719000)
 compacting perm gen  total 41728K, used 41716K [0x33820000, 0x360e0000, 0x37820000)
   the space 41728K,  99% used [0x33820000, 0x360dd3c8, 0x360dd400, 0x360e0000)
    ro space 10240K,  42% used [0x37820000, 0x37c60348, 0x37c60400, 0x38220000)
    rw space 12288K,  54% used [0x38220000, 0x388a06f0, 0x388a0800, 0x38e20000)
}

Deoptimization events (0 events):
No events

Internal exceptions (10 events):
Event: 316.456 Thread 0x079e7400 Threw 0x24bb3fb8 at C:\jdk7u1_32P\jdk7u9_3984_new\hotspot\src\share\vm\runtime\sharedRuntime.cpp:613
Event: 316.457 Thread 0x079e7400 Threw 0x24bbb8a8 at C:\jdk7u1_32P\jdk7u9_3984_new\hotspot\src\share\vm\runtime\sharedRuntime.cpp:613
Event: 316.457 Thread 0x079e7400 Threw 0x24bc6a28 at C:\jdk7u1_32P\jdk7u9_3984_new\hotspot\src\share\vm\runtime\sharedRuntime.cpp:613
Event: 316.458 Thread 0x079e7400 Threw 0x24c50950 at C:\jdk7u1_32P\jdk7u9_3984_new\hotspot\src\share\vm\runtime\sharedRuntime.cpp:613
Event: 316.459 Thread 0x079e7400 Threw 0x24c54c40 at C:\jdk7u1_32P\jdk7u9_3984_new\hotspot\src\share\vm\runtime\sharedRuntime.cpp:613
Event: 316.459 Thread 0x079e7400 Threw 0x24c5bf50 at C:\jdk7u1_32P\jdk7u9_3984_new\hotspot\src\share\vm\runtime\sharedRuntime.cpp:613
Event: 316.460 Thread 0x079e7400 Threw 0x24c615d8 at C:\jdk7u1_32P\jdk7u9_3984_new\hotspot\src\share\vm\runtime\sharedRuntime.cpp:613
Event: 316.460 Thread 0x079e7400 Threw 0x24c69410 at C:\jdk7u1_32P\jdk7u9_3984_new\hotspot\src\share\vm\runtime\sharedRuntime.cpp:613
Event: 316.461 Thread 0x079e7400 Threw 0x24c6e5f8 at C:\jdk7u1_32P\jdk7u9_3984_new\hotspot\src\share\vm\runtime\sharedRuntime.cpp:613
Event: 316.462 Thread 0x079e7400 Implicit null exception at 0x024be6bc to 0x00000000

Events (10 events):
Event: 316.076 Executing VM operation: GenCollectForAllocation
Event: 316.078 Executing VM operation: GenCollectForAllocation done
Event: 316.136 Executing VM operation: GenCollectForAllocation
Event: 316.138 Executing VM operation: GenCollectForAllocation done
Event: 316.184 Executing VM operation: GenCollectForAllocation
Event: 316.186 Executing VM operation: GenCollectForAllocation done
Event: 316.239 Executing VM operation: GenCollectForAllocation
Event: 316.251 Executing VM operation: GenCollectForAllocation done
Event: 316.258 Executing VM operation: RevokeBias
Event: 316.258 Executing VM operation: RevokeBias done


Dynamic libraries:
0x00400000 - 0x0040e000 	C:\GeradorJava\jet\eclipse\eclipse.exe
0x76e20000 - 0x76f5c000 	C:\Windows\SYSTEM32\ntdll.dll
0x767a0000 - 0x76874000 	C:\Windows\system32\kernel32.dll
0x75030000 - 0x7507b000 	C:\Windows\system32\KERNELBASE.dll
0x766d0000 - 0x76799000 	C:\Windows\system32\USER32.dll
0x75380000 - 0x753ce000 	C:\Windows\system32\GDI32.dll
0x76f60000 - 0x76f6a000 	C:\Windows\system32\LPK.dll
0x752b0000 - 0x7534d000 	C:\Windows\system32\USP10.dll
0x76bf0000 - 0x76c9c000 	C:\Windows\system32\msvcrt.dll
0x6b600000 - 0x6b684000 	C:\Windows\WinSxS\x86_microsoft.windows.common-controls_6595b64144ccf1df_5.82.7600.16661_none_ebfb56996c72aefc\COMCTL32.dll
0x75730000 - 0x757d0000 	C:\Windows\system32\ADVAPI32.dll
0x76d50000 - 0x76d69000 	C:\Windows\SYSTEM32\sechost.dll
0x76d70000 - 0x76e11000 	C:\Windows\system32\RPCRT4.dll
0x758f0000 - 0x7590f000 	C:\Windows\system32\IMM32.DLL
0x76570000 - 0x7663c000 	C:\Windows\system32\MSCTF.dll
0x72000000 - 0x72012000 	C:\GeradorJava\jet\eclipse\plugins\org.eclipse.equinox.launcher.win32.win32.x86_1.0.3.R33x_v20080118\eclipse_1023.dll
0x74350000 - 0x74359000 	C:\Windows\system32\VERSION.dll
0x73c90000 - 0x73cd0000 	C:\Windows\system32\uxtheme.dll
0x73460000 - 0x73469000 	C:\ProgramData\Real\RealPlayer\BrowserRecordPlugin\Chrome\Hook\rpchrome150browserrecordhelper.dll
0x6bf50000 - 0x6bff3000 	C:\Windows\WinSxS\x86_microsoft.vc90.crt_1fc8b3b9a1e18e3b_9.0.30729.6161_none_50934f2ebcb7eb57\MSVCR90.dll
0x75920000 - 0x76569000 	C:\Windows\system32\SHELL32.dll
0x756d0000 - 0x75727000 	C:\Windows\system32\SHLWAPI.dll
0x5cdb0000 - 0x5d0fd000 	C:\Program Files\Java\jre7\bin\client\jvm.dll
0x70f40000 - 0x70f47000 	C:\Windows\system32\WSOCK32.dll
0x76f70000 - 0x76fa5000 	C:\Windows\system32\WS2_32.dll
0x76be0000 - 0x76be6000 	C:\Windows\system32\NSI.dll
0x72a70000 - 0x72aa2000 	C:\Windows\system32\WINMM.dll
0x76fb0000 - 0x76fb5000 	C:\Windows\system32\PSAPI.DLL
0x6e800000 - 0x6e8bf000 	C:\Windows\system32\MSVCR100.dll
0x734b0000 - 0x734bc000 	C:\Program Files\Java\jre7\bin\verify.dll
0x72cf0000 - 0x72d10000 	C:\Program Files\Java\jre7\bin\java.dll
0x72d10000 - 0x72d23000 	C:\Program Files\Java\jre7\bin\zip.dll
0x74a30000 - 0x74a46000 	C:\Windows\system32\CRYPTSP.dll
0x747d0000 - 0x7480b000 	C:\Windows\system32\rsaenh.dll
0x745d0000 - 0x745e7000 	C:\Windows\system32\USERENV.dll
0x74fb0000 - 0x74fbb000 	C:\Windows\system32\profapi.dll
0x74f30000 - 0x74f3c000 	C:\Windows\system32\CRYPTBASE.dll
0x727a0000 - 0x727b4000 	C:\Program Files\Java\jre7\bin\net.dll
0x749f0000 - 0x74a2c000 	C:\Windows\system32\mswsock.dll
0x749e0000 - 0x749e6000 	C:\Windows\System32\wship6.dll
0x72a60000 - 0x72a70000 	C:\Windows\system32\NLAapi.dll
0x748b0000 - 0x748f4000 	C:\Windows\system32\DNSAPI.dll
0x6eb20000 - 0x6eb28000 	C:\Windows\System32\winrnr.dll
0x6eb10000 - 0x6eb20000 	C:\Windows\system32\napinsp.dll
0x6eaf0000 - 0x6eb02000 	C:\Windows\system32\pnrpnsp.dll
0x6f050000 - 0x6f077000 	C:\Program Files\Common Files\Microsoft Shared\Windows Live\WLIDNSP.DLL
0x74500000 - 0x74505000 	C:\Windows\System32\wshtcpip.dll
0x72900000 - 0x7291c000 	C:\Windows\system32\IPHLPAPI.DLL
0x728f0000 - 0x728f7000 	C:\Windows\system32\WINNSI.DLL
0x6f040000 - 0x6f046000 	C:\Windows\system32\rasadhlp.dll
0x72420000 - 0x72458000 	C:\Windows\System32\fwpuclnt.dll
0x734c0000 - 0x734cf000 	C:\Program Files\Java\jre7\bin\nio.dll
0x75570000 - 0x756cc000 	C:\Windows\system32\ole32.dll
0x76640000 - 0x766cf000 	C:\Windows\system32\OLEAUT32.DLL
0x10000000 - 0x1004f000 	C:\GeradorJava\jet\eclipse\configuration\org.eclipse.osgi\bundles\334\1\.cp\swt-win32-3349.dll
0x73e40000 - 0x73fde000 	C:\Windows\WinSxS\x86_microsoft.windows.common-controls_6595b64144ccf1df_6.0.7600.16661_none_420fe3fa2b8113bd\COMCTL32.dll
0x753d0000 - 0x7544b000 	C:\Windows\system32\comdlg32.dll
0x757d0000 - 0x758eb000 	C:\Windows\system32\WININET.dll
0x75910000 - 0x75913000 	C:\Windows\system32\Normaliz.dll
0x76a20000 - 0x76bd8000 	C:\Windows\system32\iertutil.dll
0x75450000 - 0x75561000 	C:\Windows\system32\urlmon.dll
0x73960000 - 0x73973000 	C:\Windows\system32\dwmapi.dll
0x048a0000 - 0x048a8000 	C:\GeradorJava\jet\eclipse\configuration\org.eclipse.osgi\bundles\36\1\.cp\os\win32\x86\localfile_1_0_0.dll
0x734f0000 - 0x7352c000 	C:\Windows\system32\oleacc.dll
0x04c80000 - 0x04c94000 	C:\GeradorJava\jet\eclipse\configuration\org.eclipse.osgi\bundles\334\1\.cp\swt-gdip-win32-3349.dll
0x73b00000 - 0x73c90000 	C:\Windows\WinSxS\x86_microsoft.windows.gdiplus_6595b64144ccf1df_1.1.7600.17007_none_72f44f3186198a88\gdiplus.dll
0x74fa0000 - 0x74fae000 	C:\Windows\system32\RpcRtRemote.dll
0x76fc0000 - 0x77043000 	C:\Windows\system32\CLBCatQ.DLL
0x709d0000 - 0x709fe000 	C:\Windows\system32\mlang.dll
0x715f0000 - 0x715f5000 	C:\Windows\system32\msimg32.dll
0x74eb0000 - 0x74efb000 	C:\Windows\system32\apphelp.dll
0x6ea00000 - 0x6eaeb000 	C:\Windows\system32\dbghelp.dll

VM Arguments:
java_command: <unknown>
Launcher Type: generic

Environment Variables:
JAVA_HOME=C:\JDK\jdk1.6.0_30
PATH=C:\Program Files\Java\jre7\bin\client;C:\Program Files\Java\jre7\bin;C:\Program Files\Common Files\Microsoft Shared\Windows Live;C:\Windows\system32;C:\Windows;C:\Windows\System32\Wbem;C:\Windows\System32\WindowsPowerShell\v1.0\;C:\Program Files\Microsoft\Web Platform Installer\;c:\Program Files\Microsoft ASP.NET\ASP.NET Web Pages\v1.0\;C:\Android-SDK - Old\platform-tools;C:\Program Files\Windows Live\Shared;C:\Program Files\Microsoft SQL Server\110\Tools\Binn\
USERNAME=Paulo
OS=Windows_NT
PROCESSOR_IDENTIFIER=x86 Family 6 Model 23 Stepping 10, GenuineIntel



---------------  S Y S T E M  ---------------

OS: Windows 7 Build 7600 

CPU:total 2 (2 cores per cpu, 1 threads per core) family 6 model 23 stepping 10, cmov, cx8, fxsr, mmx, sse, sse2, sse3, ssse3, tsc

Memory: 4k page, physical 3135672k(1583124k free), swap 6269580k(4345576k free)

vm_info: Java HotSpot(TM) Client VM (23.5-b02) for windows-x86 JRE (1.7.0_09-b05), built on Sep 24 2012 22:01:33 by "java_re" with unknown MS VC++:1600

time: Thu Dec 20 12:26:36 2012
elapsed time: 316 seconds

