#
# A fatal error has been detected by the Java Runtime Environment:
#
#  EXCEPTION_ACCESS_VIOLATION (0xc0000005) at pc=0x01fd6bc5, pid=3300, tid=5232
#
# JRE version: 6.0_30-b12
# Java VM: Java HotSpot(TM) Client VM (20.5-b03 mixed mode, sharing windows-x86 )
# Problematic frame:
# J  org.eclipse.jdt.internal.compiler.util.HashtableOfPackage.put([CLorg/eclipse/jdt/internal/compiler/lookup/PackageBinding;)Lorg/eclipse/jdt/internal/compiler/lookup/PackageBinding;
#
# If you would like to submit a bug report, please visit:
#   http://java.sun.com/webapps/bugreport/crash.jsp
#

---------------  T H R E A D  ---------------

Current thread (0x070de000):  JavaThread "org.eclipse.jdt.internal.ui.text.JavaReconciler" daemon [_thread_in_Java, id=5232, stack(0x08540000,0x08640000)]

siginfo: ExceptionCode=0xc0000005, reading address 0x00000010

Registers:
EAX=0x2a589e80, EBX=0x1ec89ca8, ECX=0x00000000, EDX=0x0000000b
ESP=0x0863ed60, EBP=0x0863edcc, ESI=0x19409b78, EDI=0x194282a8
EIP=0x01fd6bc5, EFLAGS=0x00010202

Top of Stack: (sp=0x0863ed60)
0x0863ed60:   17b79388 17b793a0 00000001 00000001
0x0863ed70:   0000000e 17b77f10 19409b78 0000000b
0x0863ed80:   00000010 0863ed98 0863edcc 01902f87
0x0863ed90:   1ec89ca8 17b77f10 19409b78 01902f87
0x0863eda0:   1ec89ca8 17b77f10 19409b78 0863edac
0x0863edb0:   2a481298 0863edd8 2a593508 00000000
0x0863edc0:   2a4812c0 0863eda0 0863edd4 0863edfc
0x0863edd0:   01902e21 17b77f10 193c14b0 0863eddc 

Instructions: (pc=0x01fd6bc5)
0x01fd6ba5:   5c 24 30 83 fb 00 0f 84 3b 00 00 00 8b 49 04 8b
0x01fd6bb5:   43 04 8b 89 88 00 00 00 3b c1 0f 84 27 00 00 00
0x01fd6bc5:   8b 51 10 3b 0c 10 0f 84 1b 00 00 00 83 fa 14 0f
0x01fd6bd5:   85 1b 01 00 00 50 51 e8 df 4c 99 ff 58 59 83 f9 


Register to memory mapping:

EAX=0x2a589e80 is an oop
{instance class} 
 - klass: {other class}
EBX=0x1ec89ca8 is an oop
org.eclipse.jdt.internal.compiler.lookup.ProblemPackageBinding 
 - klass: 'org/eclipse/jdt/internal/compiler/lookup/ProblemPackageBinding'
ECX=0x00000000 is an unknown value
EDX=0x0000000b is an unknown value
ESP=0x0863ed60 is pointing into the stack for thread: 0x070de000
EBP=0x0863edcc is pointing into the stack for thread: 0x070de000
ESI=0x19409b78 is an oop
org.eclipse.jdt.internal.compiler.util.HashtableOfPackage 
 - klass: 'org/eclipse/jdt/internal/compiler/util/HashtableOfPackage'
EDI=0x194282a8 is an oop

[error occurred during error reporting (printing register info), id 0xc0000005]

Stack: [0x08540000,0x08640000],  sp=0x0863ed60,  free space=1019k
Native frames: (J=compiled Java code, j=interpreted, Vv=VM code, C=native code)
J  org.eclipse.jdt.internal.compiler.util.HashtableOfPackage.put([CLorg/eclipse/jdt/internal/compiler/lookup/PackageBinding;)Lorg/eclipse/jdt/internal/compiler/lookup/PackageBinding;
j  org.eclipse.jdt.internal.compiler.lookup.PackageBinding.getPackage([C)Lorg/eclipse/jdt/internal/compiler/lookup/PackageBinding;+35
J  org.eclipse.jdt.internal.compiler.lookup.CompilationUnitScope.buildTypeBindings(Lorg/eclipse/jdt/internal/compiler/env/AccessRestriction;)V
j  org.eclipse.jdt.internal.core.CompilationUnitProblemFinder.accept([Lorg/eclipse/jdt/internal/compiler/env/ISourceType;Lorg/eclipse/jdt/internal/compiler/lookup/PackageBinding;Lorg/eclipse/jdt/internal/compiler/env/AccessRestriction;)V+55
J  org.eclipse.jdt.internal.compiler.lookup.LookupEnvironment.askForType(Lorg/eclipse/jdt/internal/compiler/lookup/PackageBinding;[C)Lorg/eclipse/jdt/internal/compiler/lookup/ReferenceBinding;
J  org.eclipse.jdt.internal.compiler.lookup.Scope.getTypeOrPackage([CI)Lorg/eclipse/jdt/internal/compiler/lookup/Binding;
j  org.eclipse.jdt.internal.compiler.lookup.MethodVerifier.computeInheritedMethods(Lorg/eclipse/jdt/internal/compiler/lookup/ReferenceBinding;[Lorg/eclipse/jdt/internal/compiler/lookup/ReferenceBinding;)V+203
j  org.eclipse.jdt.internal.compiler.lookup.MethodVerifier.computeInheritedMethods()V+40
j  org.eclipse.jdt.internal.compiler.lookup.MethodVerifier.verify(Lorg/eclipse/jdt/internal/compiler/lookup/SourceTypeBinding;)V+10
j  org.eclipse.jdt.internal.compiler.lookup.MethodVerifier15.verify(Lorg/eclipse/jdt/internal/compiler/lookup/SourceTypeBinding;)V+14
j  org.eclipse.jdt.internal.compiler.lookup.SourceTypeBinding.verifyMethods(Lorg/eclipse/jdt/internal/compiler/lookup/MethodVerifier;)V+2
j  org.eclipse.jdt.internal.compiler.lookup.CompilationUnitScope.verifyMethods(Lorg/eclipse/jdt/internal/compiler/lookup/MethodVerifier;)V+18
j  org.eclipse.jdt.internal.compiler.Compiler.resolve(Lorg/eclipse/jdt/internal/compiler/ast/CompilationUnitDeclaration;Lorg/eclipse/jdt/internal/compiler/env/ICompilationUnit;ZZZ)Lorg/eclipse/jdt/internal/compiler/ast/CompilationUnitDeclaration;+99
j  org.eclipse.jdt.internal.core.CompilationUnitProblemFinder.process(Lorg/eclipse/jdt/internal/compiler/ast/CompilationUnitDeclaration;Lorg/eclipse/jdt/core/ICompilationUnit;[CLorg/eclipse/jdt/internal/compiler/parser/Parser;Lorg/eclipse/jdt/core/WorkingCopyOwner;Ljava/util/HashMap;ZILorg/eclipse/core/runtime/IProgressMonitor;)Lorg/eclipse/jdt/internal/compiler/ast/CompilationUnitDeclaration;+176
j  org.eclipse.jdt.internal.core.CompilationUnit.buildStructure(Lorg/eclipse/jdt/internal/core/OpenableElementInfo;Lorg/eclipse/core/runtime/IProgressMonitor;Ljava/util/Map;Lorg/eclipse/core/resources/IResource;)Z+608
j  org.eclipse.jdt.internal.core.Openable.generateInfos(Ljava/lang/Object;Ljava/util/HashMap;Lorg/eclipse/core/runtime/IProgressMonitor;)V+185
j  org.eclipse.jdt.internal.core.JavaElement.openWhenClosed(Ljava/lang/Object;Lorg/eclipse/core/runtime/IProgressMonitor;)Ljava/lang/Object;+21
j  org.eclipse.jdt.internal.core.CompilationUnit.makeConsistent(IZILjava/util/HashMap;Lorg/eclipse/core/runtime/IProgressMonitor;)Lorg/eclipse/jdt/core/dom/CompilationUnit;+57
j  org.eclipse.jdt.internal.core.ReconcileWorkingCopyOperation.makeConsistent(Lorg/eclipse/jdt/internal/core/CompilationUnit;)Lorg/eclipse/jdt/core/dom/CompilationUnit;+55
j  org.eclipse.jdt.internal.core.ReconcileWorkingCopyOperation.executeOperation()V+130
j  org.eclipse.jdt.internal.core.JavaModelOperation.run(Lorg/eclipse/core/runtime/IProgressMonitor;)V+45
j  org.eclipse.jdt.internal.core.JavaModelOperation.runOperation(Lorg/eclipse/core/runtime/IProgressMonitor;)V+32
j  org.eclipse.jdt.internal.core.CompilationUnit.reconcile(IILorg/eclipse/jdt/core/WorkingCopyOwner;Lorg/eclipse/core/runtime/IProgressMonitor;)Lorg/eclipse/jdt/core/dom/CompilationUnit;+78
j  org.eclipse.jdt.internal.ui.text.java.JavaReconcilingStrategy$1.run()V+97
J  org.eclipse.core.runtime.SafeRunner.run(Lorg/eclipse/core/runtime/ISafeRunnable;)V
j  org.eclipse.jdt.internal.ui.text.java.JavaReconcilingStrategy.reconcile(Lorg/eclipse/jface/text/IRegion;)V+2
j  org.eclipse.jdt.internal.ui.text.CompositeReconcilingStrategy.reconcile(Lorg/eclipse/jface/text/IRegion;)V+20
j  org.eclipse.jdt.internal.ui.text.JavaCompositeReconcilingStrategy.reconcile(Lorg/eclipse/jface/text/IRegion;)V+17
j  org.eclipse.jface.text.reconciler.MonoReconciler.process(Lorg/eclipse/jface/text/reconciler/DirtyRegion;)V+45
j  org.eclipse.jdt.internal.ui.text.JavaReconciler.process(Lorg/eclipse/jface/text/reconciler/DirtyRegion;)V+14
j  org.eclipse.jface.text.reconciler.AbstractReconciler$BackgroundThread.run()V+203
v  ~StubRoutines::call_stub
V  [jvm.dll+0xfac3b]
V  [jvm.dll+0x18c3a1]
V  [jvm.dll+0xfade1]
V  [jvm.dll+0xfae3b]
V  [jvm.dll+0xb5569]
V  [jvm.dll+0x118f14]
V  [jvm.dll+0x140ffc]
C  [MSVCR71.dll+0x9565]  endthreadex+0xa0
C  [kernel32.dll+0x4ed6c]  BaseThreadInitThunk+0x12
C  [ntdll.dll+0x6377b]  RtlInitializeExceptionChain+0xef
C  [ntdll.dll+0x6374e]  RtlInitializeExceptionChain+0xc2


---------------  P R O C E S S  ---------------

Java Threads: ( => current thread )
=>0x070de000 JavaThread "org.eclipse.jdt.internal.ui.text.JavaReconciler" daemon [_thread_in_Java, id=5232, stack(0x08540000,0x08640000)]
  0x070de800 JavaThread "Worker-5" [_thread_blocked, id=3936, stack(0x09820000,0x09920000)]
  0x070dd000 JavaThread "com.metys.merlin.generation.templates.presentation.JETReconciler" daemon [_thread_blocked, id=4552, stack(0x07820000,0x07920000)]
  0x070dc800 JavaThread "Thread-6" [_thread_blocked, id=3008, stack(0x08130000,0x08230000)]
  0x070dc000 JavaThread "Timer-2" [_thread_blocked, id=5708, stack(0x08030000,0x08130000)]
  0x070dbc00 JavaThread "Timer-1" [_thread_blocked, id=2708, stack(0x07f30000,0x08030000)]
  0x070db400 JavaThread "Worker-4" [_thread_blocked, id=2460, stack(0x07e30000,0x07f30000)]
  0x07078400 JavaThread "Timer-0" [_thread_blocked, id=4356, stack(0x07d30000,0x07e30000)]
  0x06fd8800 JavaThread "Worker-3" [_thread_blocked, id=4524, stack(0x05a60000,0x05b60000)]
  0x0514dc00 JavaThread "Worker-2" [_thread_blocked, id=5828, stack(0x05960000,0x05a60000)]
  0x018bc400 JavaThread "Worker-1" [_thread_blocked, id=3328, stack(0x07920000,0x07a20000)]
  0x05418000 JavaThread "Java indexing" daemon [_thread_blocked, id=3244, stack(0x07720000,0x07820000)]
  0x04324c00 JavaThread "Start Level Event Dispatcher" daemon [_thread_blocked, id=4144, stack(0x04e80000,0x04f80000)]
  0x04324800 JavaThread "Framework Event Dispatcher" daemon [_thread_blocked, id=5356, stack(0x04d80000,0x04e80000)]
  0x0435c000 JavaThread "State Data Manager" daemon [_thread_blocked, id=3988, stack(0x04810000,0x04910000)]
  0x01888c00 JavaThread "Low Memory Detector" daemon [_thread_blocked, id=460, stack(0x040a0000,0x041a0000)]
  0x0187b800 JavaThread "C1 CompilerThread0" daemon [_thread_blocked, id=4380, stack(0x03fa0000,0x040a0000)]
  0x0187a800 JavaThread "Attach Listener" daemon [_thread_blocked, id=3180, stack(0x03ea0000,0x03fa0000)]
  0x01879000 JavaThread "Signal Dispatcher" daemon [_thread_blocked, id=1536, stack(0x03da0000,0x03ea0000)]
  0x01871000 JavaThread "Finalizer" daemon [_thread_blocked, id=1980, stack(0x03ca0000,0x03da0000)]
  0x0186c400 JavaThread "Reference Handler" daemon [_thread_blocked, id=772, stack(0x03ba0000,0x03ca0000)]
  0x016d9000 JavaThread "main" [_thread_in_native, id=4336, stack(0x00030000,0x00130000)]

Other Threads:
  0x0182f800 VMThread [stack: 0x03aa0000,0x03ba0000] [id=4044]
  0x0188c000 WatcherThread [stack: 0x041a0000,0x042a0000] [id=5916]

VM state:not at safepoint (normal execution)

VM Mutex/Monitor currently owned by a thread: None

Heap
 def new generation   total 28224K, used 1286K [0x17b00000, 0x19990000, 0x1d050000)
  eden space 25152K,   2% used [0x17b00000, 0x17b7eba8, 0x19390000)
  from space 3072K,  25% used [0x19390000, 0x19452ea0, 0x19690000)
  to   space 3072K,   0% used [0x19690000, 0x19690000, 0x19990000)
 tenured generation   total 62380K, used 43987K [0x1d050000, 0x20d3b000, 0x27b00000)
   the space 62380K,  70% used [0x1d050000, 0x1fb44dd8, 0x1fb44e00, 0x20d3b000)
 compacting perm gen  total 54784K, used 54694K [0x27b00000, 0x2b080000, 0x37b00000)
   the space 54784K,  99% used [0x27b00000, 0x2b069a00, 0x2b069a00, 0x2b080000)
    ro space 10240K,  51% used [0x37b00000, 0x3802da30, 0x3802dc00, 0x38500000)
    rw space 12288K,  55% used [0x38500000, 0x38b99b50, 0x38b99c00, 0x39100000)

Code Cache  [0x01900000, 0x02158000, 0x03900000)
 total_blobs=3836 nmethods=3626 adapters=142 free_code_cache=24837056 largest_free_block=384

Dynamic libraries:
0x00400000 - 0x0040e000 	C:\GeradorJava\jet\eclipse\eclipse.exe
0x77b20000 - 0x77c5c000 	C:\Windows\SYSTEM32\ntdll.dll
0x77740000 - 0x77814000 	C:\Windows\system32\kernel32.dll
0x75e00000 - 0x75e4a000 	C:\Windows\system32\KERNELBASE.dll
0x76730000 - 0x767f9000 	C:\Windows\system32\USER32.dll
0x77920000 - 0x7796e000 	C:\Windows\system32\GDI32.dll
0x77c80000 - 0x77c8a000 	C:\Windows\system32\LPK.dll
0x77a80000 - 0x77b1d000 	C:\Windows\system32\USP10.dll
0x779d0000 - 0x77a7c000 	C:\Windows\system32\msvcrt.dll
0x731c0000 - 0x73244000 	C:\Windows\WinSxS\x86_microsoft.windows.common-controls_6595b64144ccf1df_5.82.7601.17514_none_ec83dffa859149af\COMCTL32.dll
0x77880000 - 0x77920000 	C:\Windows\system32\ADVAPI32.dll
0x76160000 - 0x76179000 	C:\Windows\SYSTEM32\sechost.dll
0x77690000 - 0x77731000 	C:\Windows\system32\RPCRT4.dll
0x77cb0000 - 0x77ccf000 	C:\Windows\system32\IMM32.DLL
0x761b0000 - 0x7627c000 	C:\Windows\system32\MSCTF.dll
0x72000000 - 0x72012000 	C:\GeradorJava\jet\eclipse\plugins\org.eclipse.equinox.launcher.win32.win32.x86_1.0.3.R33x_v20080118\eclipse_1023.dll
0x75170000 - 0x75179000 	C:\Windows\system32\VERSION.dll
0x74b90000 - 0x74bd0000 	C:\Windows\system32\uxtheme.dll
0x63000000 - 0x63009000 	C:\ProgramData\Real\RealPlayer\BrowserRecordPlugin\Chrome\Hook\rpchrome150browserrecordhelper.dll
0x640b0000 - 0x64153000 	C:\Windows\WinSxS\x86_microsoft.vc90.crt_1fc8b3b9a1e18e3b_9.0.30729.6161_none_50934f2ebcb7eb57\MSVCR90.dll
0x76a40000 - 0x7768a000 	C:\Windows\system32\SHELL32.dll
0x77970000 - 0x779c7000 	C:\Windows\system32\SHLWAPI.dll
0x6d7f0000 - 0x6da9f000 	C:\Program Files\Java\jre6\bin\client\jvm.dll
0x70f00000 - 0x70f32000 	C:\Windows\system32\WINMM.dll
0x7c340000 - 0x7c396000 	C:\Windows\system32\MSVCR71.dll
0x75be0000 - 0x75c2c000 	C:\Windows\system32\apphelp.dll
0x6d7a0000 - 0x6d7ac000 	C:\Program Files\Java\jre6\bin\verify.dll
0x6d320000 - 0x6d33f000 	C:\Program Files\Java\jre6\bin\java.dll
0x6d7e0000 - 0x6d7ef000 	C:\Program Files\Java\jre6\bin\zip.dll
0x75760000 - 0x75776000 	C:\Windows\system32\CRYPTSP.dll
0x754d0000 - 0x7550b000 	C:\Windows\system32\rsaenh.dll
0x752d0000 - 0x752e7000 	C:\Windows\system32\USERENV.dll
0x75cb0000 - 0x75cbb000 	C:\Windows\system32\profapi.dll
0x75c30000 - 0x75c3c000 	C:\Windows\system32\CRYPTBASE.dll
0x6d600000 - 0x6d613000 	C:\Program Files\Java\jre6\bin\net.dll
0x76a00000 - 0x76a35000 	C:\Windows\system32\WS2_32.dll
0x77ca0000 - 0x77ca6000 	C:\Windows\system32\NSI.dll
0x75720000 - 0x7575c000 	C:\Windows\system32\mswsock.dll
0x75710000 - 0x75716000 	C:\Windows\System32\wship6.dll
0x73fc0000 - 0x73fd0000 	C:\Windows\system32\NLAapi.dll
0x70310000 - 0x70320000 	C:\Windows\system32\napinsp.dll
0x702f0000 - 0x70302000 	C:\Windows\system32\pnrpnsp.dll
0x70350000 - 0x70377000 	C:\Program Files\Common Files\Microsoft Shared\Windows Live\WLIDNSP.DLL
0x77c70000 - 0x77c75000 	C:\Windows\system32\PSAPI.DLL
0x755e0000 - 0x75624000 	C:\Windows\system32\DNSAPI.dll
0x702e0000 - 0x702e8000 	C:\Windows\System32\winrnr.dll
0x75200000 - 0x75205000 	C:\Windows\System32\wshtcpip.dll
0x73e80000 - 0x73e9c000 	C:\Windows\system32\IPHLPAPI.DLL
0x73e70000 - 0x73e77000 	C:\Windows\system32\WINNSI.DLL
0x70340000 - 0x70346000 	C:\Windows\system32\rasadhlp.dll
0x73db0000 - 0x73de8000 	C:\Windows\System32\fwpuclnt.dll
0x76420000 - 0x7657c000 	C:\Windows\system32\ole32.dll
0x766a0000 - 0x76723000 	C:\Windows\system32\CLBCatQ.DLL
0x76800000 - 0x7688f000 	C:\Windows\system32\OLEAUT32.dll
0x6d620000 - 0x6d629000 	C:\Program Files\Java\jre6\bin\nio.dll
0x10000000 - 0x1004f000 	C:\GeradorJava\jet\eclipse\configuration\org.eclipse.osgi\bundles\334\1\.cp\swt-win32-3349.dll
0x74d10000 - 0x74eae000 	C:\Windows\WinSxS\x86_microsoft.windows.common-controls_6595b64144ccf1df_6.0.7601.17514_none_41e6975e2bd6f2b2\COMCTL32.dll
0x77cd0000 - 0x77d4b000 	C:\Windows\system32\comdlg32.dll
0x76890000 - 0x769ab000 	C:\Windows\system32\WININET.dll
0x77c90000 - 0x77c93000 	C:\Windows\system32\Normaliz.dll
0x75fa0000 - 0x76158000 	C:\Windows\system32\iertutil.dll
0x76580000 - 0x76691000 	C:\Windows\system32\urlmon.dll
0x74860000 - 0x74873000 	C:\Windows\system32\dwmapi.dll
0x04780000 - 0x04788000 	C:\GeradorJava\jet\eclipse\configuration\org.eclipse.osgi\bundles\36\1\.cp\os\win32\x86\localfile_1_0_0.dll
0x74080000 - 0x740bc000 	C:\Windows\system32\oleacc.dll
0x05820000 - 0x05834000 	C:\GeradorJava\jet\eclipse\configuration\org.eclipse.osgi\bundles\334\1\.cp\swt-gdip-win32-3349.dll
0x74a00000 - 0x74b90000 	C:\Windows\WinSxS\x86_microsoft.windows.gdiplus_6595b64144ccf1df_1.1.7601.17514_none_72d18a4386696c80\gdiplus.dll
0x75ca0000 - 0x75cae000 	C:\Windows\system32\RpcRtRemote.dll
0x71a40000 - 0x71a6e000 	C:\Windows\system32\mlang.dll
0x74070000 - 0x74075000 	C:\Windows\system32\msimg32.dll
0x705b0000 - 0x70ef6000 	C:\Windows\System32\ieframe.dll
0x75c40000 - 0x75c9f000 	C:\Windows\system32\SXS.DLL
0x75b80000 - 0x75b88000 	C:\Windows\system32\Secur32.dll
0x75bc0000 - 0x75bdb000 	C:\Windows\system32\SSPICLI.DLL
0x0a7e0000 - 0x0b39b000 	C:\Windows\System32\mshtml.dll
0x741f0000 - 0x74211000 	C:\Windows\system32\ntmarta.dll
0x769b0000 - 0x769f5000 	C:\Windows\system32\WLDAP32.dll
0x73870000 - 0x7387b000 	C:\Windows\system32\msimtf.dll
0x61e80000 - 0x61eab000 	C:\Windows\system32\msls31.dll
0x76280000 - 0x7641d000 	C:\Windows\system32\setupapi.dll
0x75dd0000 - 0x75df7000 	C:\Windows\system32\CFGMGR32.dll
0x75d20000 - 0x75d32000 	C:\Windows\system32\DEVOBJ.dll
0x6b680000 - 0x6b73a000 	C:\Windows\system32\d2d1.dll
0x72a90000 - 0x72b9a000 	C:\Windows\system32\DWrite.dll
0x6c510000 - 0x6c593000 	C:\Windows\system32\dxgi.dll
0x75e50000 - 0x75e7d000 	C:\Windows\system32\WINTRUST.dll
0x75e80000 - 0x75f9d000 	C:\Windows\system32\CRYPT32.dll
0x77c60000 - 0x77c6c000 	C:\Windows\system32\MSASN1.dll
0x50010000 - 0x5003c000 	C:\Windows\system32\d3d10_1.dll
0x0cd20000 - 0x0cd5a000 	C:\Windows\system32\d3d10_1core.dll
0x0cd60000 - 0x0ce8c000 	C:\Windows\system32\D3D10Warp.dll
0x74bd0000 - 0x74cc5000 	C:\Windows\system32\PROPSYS.dll
0x0d430000 - 0x0d532000 	C:\Windows\system32\d3d10.dll
0x72150000 - 0x72183000 	C:\Windows\system32\d3d10core.dll

VM Arguments:
jvm_args: -XX:MaxPermSize=256M 
java_command: <unknown>
Launcher Type: generic

Environment Variables:
JAVA_HOME=C:\JDK\6_30
PATH=C:\Program Files\Java\jre6\bin\client;C:\Program Files\Java\jre6\bin;C:\Program Files\Common Files\Microsoft Shared\Windows Live;C:\Windows\system32;C:\Windows;C:\Windows\System32\Wbem;C:\Windows\System32\WindowsPowerShell\v1.0\;C:\Program Files\Windows Live\Shared;C:\JDK\6_30\bin;c:\Program Files\Microsoft ASP.NET\ASP.NET Web Pages\v1.0\;C:\Program Files\TortoiseSVN\bin;c:\Program Files\Microsoft SQL Server\100\Tools\Binn\;c:\Program Files\Microsoft SQL Server\100\DTS\Binn\;c:\Program Files\Microsoft SQL Server\100\Tools\Binn\VSShell\Common7\IDE\;C:\Program Files\CVSNT\
USERNAME=Paulo
OS=Windows_NT
PROCESSOR_IDENTIFIER=x86 Family 6 Model 15 Stepping 13, GenuineIntel



---------------  S Y S T E M  ---------------

OS: Windows 7 Build 7601 Service Pack 1

CPU:total 2 (2 cores per cpu, 1 threads per core) family 6 model 15 stepping 13, cmov, cx8, fxsr, mmx, sse, sse2, sse3, ssse3

Memory: 4k page, physical 3135672k(1569252k free), swap 6269588k(4007412k free)

vm_info: Java HotSpot(TM) Client VM (20.5-b03) for windows-x86 JRE (1.6.0_30-b12), built on Nov 10 2011 01:51:00 by "java_re" with MS VC++ 7.1 (VS2003)

time: Fri Mar 09 22:22:13 2012
elapsed time: 509 seconds

