#
# A fatal error has been detected by the Java Runtime Environment:
#
#  EXCEPTION_ACCESS_VIOLATION (0xc0000005) at pc=0x0445536c, pid=45, tid=46
#
# JRE version: Java(TM) SE Runtime Environment (8.0_40-b25) (build 1.8.0_40-b25)
# Java VM: Java HotSpot(TM) Client VM (25.40-b25 mixed mode windows-x86 )
# Problematic frame:
# C  0x0445536c
#
# Failed to write core dump. Minidumps are not enabled by default on client versions of Windows
#
# If you would like to submit a bug report, please visit:
#   http://bugreport.java.com/bugreport/crash.jsp
# The crash happened outside the Java Virtual Machine in native code.
# See problematic frame for where to report the bug.
#

---------------  T H R E A D  ---------------

Current thread (0x00637000):  JavaThread "main" [_thread_in_native, id=46, stack(0x00240000,0x00340000)]

siginfo: ExceptionCode=0xc0000005, reading address 0xfdb141e0

Registers:
EAX=0xe8128f5c, EBX=0x7ec5a000, ECX=0x00000000, EDX=0x7ec5a000
ESP=0x0033dbdc, EBP=0x0033dc08, ESI=0x002601e0, EDI=0x002601e0
EIP=0x0445536c, EFLAGS=0x00210297

Top of Stack: (sp=0x0033dbdc)
0x0033dbdc:   7ec1a62a 002601e0 00000086 00000000
0x0033dbec:   0003006e 0033dc10 7bcdd000 0033dc18
0x0033dbfc:   7ec5a000 002601e0 002601e0 0033dc58
0x0033dc0c:   7ec1ad4b 04455355 002601e0 00000086
0x0033dc1c:   00000000 0003006e 7ec5a000 0033dc58
0x0033dc2c:   7ec1ad19 00110060 00000020 7eb91c59
0x0033dc3c:   7ec08a3c 7ed25320 0033ddcc 7ec1ad0b
0x0033dc4c:   7ec5a000 00000445 002601e0 0033dca8 

Instructions: (pc=0x0445536c)
0x0445534c:   c8 d3 4e 04 d8 d3 4e 04 00 a9 00 00 00 00 00 00
0x0445535c:   00 00 00 00 43 01 3b 0a b8 5c 8f 12 e8 d3 4e 04
0x0445536c:   84 3c 57 73 53 01 3b 0a b8 5c 8f 12 00 d4 4e 04
0x0445537c:   00 00 00 00 e3 e2 43 0a 30 01 8f 12 07 00 00 00 


Register to memory mapping:

EAX=0xe8128f5c is an unknown value
EBX=0x7ec5a000 is an unknown value
ECX=0x00000000 is an unknown value
EDX=0x7ec5a000 is an unknown value
ESP=0x0033dbdc is pointing into the stack for thread: 0x00637000
EBP=0x0033dc08 is pointing into the stack for thread: 0x00637000
ESI=0x002601e0 is pointing into the stack for thread: 0x00637000
EDI=0x002601e0 is pointing into the stack for thread: 0x00637000


Stack: [0x00240000,0x00340000],  sp=0x0033dbdc,  free space=1014k
Native frames: (J=compiled Java code, j=interpreted, Vv=VM code, C=native code)
C  0x0445536c
C  [user32.dll+0x9ad4b]
C  [user32.dll+0x9d514]
C  [user32.dll+0x2cad0]  DefDlgProcW+0x70
C  [user32.dll+0x9a62a]  WINPROC_wrapper+0x1a
C  [user32.dll+0x9ac57]
C  [user32.dll+0x9d055]
C  [user32.dll+0x5eb4e]
C  [user32.dll+0x65794]
C  [user32.dll+0x65a10]  SendMessageW+0x60
C  [user32.dll+0x4107e]
C  [user32.dll+0x4134e]
C  [user32.dll+0x4147c]  SetForegroundWindow+0x5c
C  [user32.dll+0x953e1]
C  [user32.dll+0x8c832]
C  [user32.dll+0x8fc47]  DestroyWindow+0x197
C  [swt-win32-3349.dll+0x3578]
j  org.eclipse.swt.widgets.Control.destroyWidget()V+14
j  org.eclipse.swt.widgets.Shell.destroyWidget()V+5
j  org.eclipse.swt.widgets.Widget.release(Z)V+79
j  org.eclipse.swt.widgets.Widget.dispose()V+23
j  org.eclipse.swt.widgets.Decorations.dispose()V+52
j  org.eclipse.swt.widgets.Shell.dispose()V+1
j  org.eclipse.jface.window.Window.close()Z+65
j  org.eclipse.jface.dialogs.PopupDialog.close()Z+60
j  org.eclipse.jface.dialogs.PopupDialog$1.handleEvent(Lorg/eclipse/swt/widgets/Event;)V+42
J 1469 C1 org.eclipse.swt.widgets.EventTable.sendEvent(Lorg/eclipse/swt/widgets/Event;)V (532 bytes) @ 0x00a7aa28 [0x00a7a970+0xb8]
J 2358 C1 org.eclipse.swt.widgets.Widget.sendEvent(ILorg/eclipse/swt/widgets/Event;Z)V (88 bytes) @ 0x00ba18b0 [0x00ba1750+0x160]
J 2362 C1 org.eclipse.swt.widgets.Widget.sendEvent(I)V (8 bytes) @ 0x00ba2a70 [0x00ba2a40+0x30]
j  org.eclipse.swt.widgets.Decorations.WM_ACTIVATE(II)Lorg/eclipse/swt/internal/win32/LRESULT;+207
j  org.eclipse.swt.widgets.Shell.WM_ACTIVATE(II)Lorg/eclipse/swt/internal/win32/LRESULT;+166
J 1335 C1 org.eclipse.swt.widgets.Control.windowProc(IIII)I (1722 bytes) @ 0x00a44334 [0x00a43480+0xeb4]
J 2473 C1 org.eclipse.swt.widgets.Canvas.windowProc(IIII)I (49 bytes) @ 0x007f8158 [0x007f80f0+0x68]
j  org.eclipse.swt.widgets.Decorations.windowProc(IIII)I+61
j  org.eclipse.swt.widgets.Shell.windowProc(IIII)I+131
J 1332 C1 org.eclipse.swt.widgets.Display.windowProc(IIII)I (158 bytes) @ 0x00a42598 [0x00a42400+0x198]
v  ~StubRoutines::call_stub
V  [jvm.dll+0x155c05]
V  [jvm.dll+0x21b0be]
V  [jvm.dll+0x155c9e]
V  [jvm.dll+0xdad67]
V  [jvm.dll+0xdcbac]
C  [swt-win32-3349.dll+0x1462]
C  0x027c0018
C  [user32.dll+0x9a62a]  WINPROC_wrapper+0x1a
C  [user32.dll+0x9ac57]
C  [user32.dll+0x9d055]
C  [user32.dll+0x5eb4e]
C  [user32.dll+0x65794]
C  [user32.dll+0x65a10]  SendMessageW+0x60
C  [user32.dll+0x41097]
C  [user32.dll+0x4134e]
C  [user32.dll+0x4147c]  SetForegroundWindow+0x5c
C  [winex11.drv+0x10d5a]
C  [winex11.drv+0x13aa8]
C  [winex11.drv+0x114c3]
C  [winex11.drv+0x129df]
C  [winex11.drv+0x13c23]
C  [user32.dll+0x9aeae]
C  [user32.dll+0x6864d]  PeekMessageW+0xad
C  [swt-win32-3349.dll+0xacb2]
J 2471  org.eclipse.swt.internal.win32.OS.PeekMessageW(Lorg/eclipse/swt/internal/win32/MSG;IIII)Z (0 bytes) @ 0x00897e8d [0x00897de0+0xad]
J 2470 C1 org.eclipse.swt.internal.win32.OS.PeekMessage(Lorg/eclipse/swt/internal/win32/MSG;IIII)Z (26 bytes) @ 0x00897be8 [0x00897bc0+0x28]
j  org.eclipse.swt.widgets.Display.readAndDispatch()Z+25
j  org.eclipse.ui.internal.Workbench.runEventLoop(Lorg/eclipse/jface/window/Window$IExceptionHandler;Lorg/eclipse/swt/widgets/Display;)V+9
j  org.eclipse.ui.internal.Workbench.runUI()I+336
j  org.eclipse.ui.internal.Workbench.access$4(Lorg/eclipse/ui/internal/Workbench;)I+1
j  org.eclipse.ui.internal.Workbench$4.run()V+23
j  org.eclipse.core.databinding.observable.Realm.runWithDefault(Lorg/eclipse/core/databinding/observable/Realm;Ljava/lang/Runnable;)V+12
j  org.eclipse.ui.internal.Workbench.createAndRunWorkbench(Lorg/eclipse/swt/widgets/Display;Lorg/eclipse/ui/application/WorkbenchAdvisor;)I+18
j  org.eclipse.ui.PlatformUI.createAndRunWorkbench(Lorg/eclipse/swt/widgets/Display;Lorg/eclipse/ui/application/WorkbenchAdvisor;)I+2
j  org.eclipse.ui.internal.ide.application.IDEApplication.start(Lorg/eclipse/equinox/app/IApplicationContext;)Ljava/lang/Object;+81
j  org.eclipse.equinox.internal.app.EclipseAppHandle.run(Ljava/lang/Object;)Ljava/lang/Object;+102
j  org.eclipse.core.runtime.internal.adaptor.EclipseAppLauncher.runApplication(Ljava/lang/Object;)Ljava/lang/Object;+103
j  org.eclipse.core.runtime.internal.adaptor.EclipseAppLauncher.start(Ljava/lang/Object;)Ljava/lang/Object;+29
j  org.eclipse.core.runtime.adaptor.EclipseStarter.run(Ljava/lang/Object;)Ljava/lang/Object;+149
j  org.eclipse.core.runtime.adaptor.EclipseStarter.run([Ljava/lang/String;Ljava/lang/Runnable;)Ljava/lang/Object;+183
v  ~StubRoutines::call_stub
V  [jvm.dll+0x155c05]
V  [jvm.dll+0x21b0be]
V  [jvm.dll+0x155c9e]
V  [jvm.dll+0x16236a]
V  [jvm.dll+0x1625c3]
V  [jvm.dll+0xffcb3]
C  [java.dll+0x3b22]
j  sun.reflect.NativeMethodAccessorImpl.invoke(Ljava/lang/Object;[Ljava/lang/Object;)Ljava/lang/Object;+100
j  sun.reflect.DelegatingMethodAccessorImpl.invoke(Ljava/lang/Object;[Ljava/lang/Object;)Ljava/lang/Object;+6
j  java.lang.reflect.Method.invoke(Ljava/lang/Object;[Ljava/lang/Object;)Ljava/lang/Object;+56
j  org.eclipse.equinox.launcher.Main.invokeFramework([Ljava/lang/String;[Ljava/net/URL;)V+210
j  org.eclipse.equinox.launcher.Main.basicRun([Ljava/lang/String;)V+114
j  org.eclipse.equinox.launcher.Main.run([Ljava/lang/String;)I+4
v  ~StubRoutines::call_stub
V  [jvm.dll+0x155c05]
V  [jvm.dll+0x21b0be]
V  [jvm.dll+0x155c9e]
V  [jvm.dll+0xdad67]
V  [jvm.dll+0xdca38]
C  [eclipse_1023.dll+0x4db0]
C  [eclipse_1023.dll+0x4595]
C  [eclipse_1023.dll+0x153c]
...<more frames>...

Java frames: (J=compiled Java code, j=interpreted, Vv=VM code)
j  org.eclipse.swt.internal.win32.OS.DestroyWindow(I)Z+0
j  org.eclipse.swt.widgets.Control.destroyWidget()V+14
j  org.eclipse.swt.widgets.Shell.destroyWidget()V+5
j  org.eclipse.swt.widgets.Widget.release(Z)V+79
j  org.eclipse.swt.widgets.Widget.dispose()V+23
j  org.eclipse.swt.widgets.Decorations.dispose()V+52
j  org.eclipse.swt.widgets.Shell.dispose()V+1
j  org.eclipse.jface.window.Window.close()Z+65
j  org.eclipse.jface.dialogs.PopupDialog.close()Z+60
j  org.eclipse.jface.dialogs.PopupDialog$1.handleEvent(Lorg/eclipse/swt/widgets/Event;)V+42
J 1469 C1 org.eclipse.swt.widgets.EventTable.sendEvent(Lorg/eclipse/swt/widgets/Event;)V (532 bytes) @ 0x00a7aa28 [0x00a7a970+0xb8]
J 2358 C1 org.eclipse.swt.widgets.Widget.sendEvent(ILorg/eclipse/swt/widgets/Event;Z)V (88 bytes) @ 0x00ba18b0 [0x00ba1750+0x160]
J 2362 C1 org.eclipse.swt.widgets.Widget.sendEvent(I)V (8 bytes) @ 0x00ba2a70 [0x00ba2a40+0x30]
j  org.eclipse.swt.widgets.Decorations.WM_ACTIVATE(II)Lorg/eclipse/swt/internal/win32/LRESULT;+207
j  org.eclipse.swt.widgets.Shell.WM_ACTIVATE(II)Lorg/eclipse/swt/internal/win32/LRESULT;+166
J 1335 C1 org.eclipse.swt.widgets.Control.windowProc(IIII)I (1722 bytes) @ 0x00a44334 [0x00a43480+0xeb4]
J 2473 C1 org.eclipse.swt.widgets.Canvas.windowProc(IIII)I (49 bytes) @ 0x007f8158 [0x007f80f0+0x68]
j  org.eclipse.swt.widgets.Decorations.windowProc(IIII)I+61
j  org.eclipse.swt.widgets.Shell.windowProc(IIII)I+131
J 1332 C1 org.eclipse.swt.widgets.Display.windowProc(IIII)I (158 bytes) @ 0x00a42598 [0x00a42400+0x198]
v  ~StubRoutines::call_stub
J 2471  org.eclipse.swt.internal.win32.OS.PeekMessageW(Lorg/eclipse/swt/internal/win32/MSG;IIII)Z (0 bytes) @ 0x00897e49 [0x00897de0+0x69]
J 2470 C1 org.eclipse.swt.internal.win32.OS.PeekMessage(Lorg/eclipse/swt/internal/win32/MSG;IIII)Z (26 bytes) @ 0x00897be8 [0x00897bc0+0x28]
j  org.eclipse.swt.widgets.Display.readAndDispatch()Z+25
j  org.eclipse.ui.internal.Workbench.runEventLoop(Lorg/eclipse/jface/window/Window$IExceptionHandler;Lorg/eclipse/swt/widgets/Display;)V+9
j  org.eclipse.ui.internal.Workbench.runUI()I+336
j  org.eclipse.ui.internal.Workbench.access$4(Lorg/eclipse/ui/internal/Workbench;)I+1
j  org.eclipse.ui.internal.Workbench$4.run()V+23
j  org.eclipse.core.databinding.observable.Realm.runWithDefault(Lorg/eclipse/core/databinding/observable/Realm;Ljava/lang/Runnable;)V+12
j  org.eclipse.ui.internal.Workbench.createAndRunWorkbench(Lorg/eclipse/swt/widgets/Display;Lorg/eclipse/ui/application/WorkbenchAdvisor;)I+18
j  org.eclipse.ui.PlatformUI.createAndRunWorkbench(Lorg/eclipse/swt/widgets/Display;Lorg/eclipse/ui/application/WorkbenchAdvisor;)I+2
j  org.eclipse.ui.internal.ide.application.IDEApplication.start(Lorg/eclipse/equinox/app/IApplicationContext;)Ljava/lang/Object;+81
j  org.eclipse.equinox.internal.app.EclipseAppHandle.run(Ljava/lang/Object;)Ljava/lang/Object;+102
j  org.eclipse.core.runtime.internal.adaptor.EclipseAppLauncher.runApplication(Ljava/lang/Object;)Ljava/lang/Object;+103
j  org.eclipse.core.runtime.internal.adaptor.EclipseAppLauncher.start(Ljava/lang/Object;)Ljava/lang/Object;+29
j  org.eclipse.core.runtime.adaptor.EclipseStarter.run(Ljava/lang/Object;)Ljava/lang/Object;+149
j  org.eclipse.core.runtime.adaptor.EclipseStarter.run([Ljava/lang/String;Ljava/lang/Runnable;)Ljava/lang/Object;+183
v  ~StubRoutines::call_stub
j  sun.reflect.NativeMethodAccessorImpl.invoke0(Ljava/lang/reflect/Method;Ljava/lang/Object;[Ljava/lang/Object;)Ljava/lang/Object;+0
j  sun.reflect.NativeMethodAccessorImpl.invoke(Ljava/lang/Object;[Ljava/lang/Object;)Ljava/lang/Object;+100
j  sun.reflect.DelegatingMethodAccessorImpl.invoke(Ljava/lang/Object;[Ljava/lang/Object;)Ljava/lang/Object;+6
j  java.lang.reflect.Method.invoke(Ljava/lang/Object;[Ljava/lang/Object;)Ljava/lang/Object;+56
j  org.eclipse.equinox.launcher.Main.invokeFramework([Ljava/lang/String;[Ljava/net/URL;)V+210
j  org.eclipse.equinox.launcher.Main.basicRun([Ljava/lang/String;)V+114
j  org.eclipse.equinox.launcher.Main.run([Ljava/lang/String;)I+4
v  ~StubRoutines::call_stub

---------------  P R O C E S S  ---------------

Java Threads: ( => current thread )
  0x162f2c00 JavaThread "org.eclipse.jface.text.reconciler.MonoReconciler" daemon [_thread_blocked, id=78, stack(0x1aff0000,0x1b0f0000)]
  0x16a66400 JavaThread "Thread-6" [_thread_blocked, id=75, stack(0x1ac20000,0x1ad20000)]
  0x16a63000 JavaThread "Timer-2" [_thread_blocked, id=74, stack(0x1ab10000,0x1ac10000)]
  0x1695a400 JavaThread "Timer-1" [_thread_blocked, id=73, stack(0x1a800000,0x1a900000)]
  0x167e5800 JavaThread "Timer-0" [_thread_blocked, id=72, stack(0x1a5f0000,0x1a6f0000)]
  0x16318400 JavaThread "Worker-6" [_thread_blocked, id=71, stack(0x1a2e0000,0x1a3e0000)]
  0x16312800 JavaThread "Worker-5" [_thread_blocked, id=70, stack(0x1a1d0000,0x1a2d0000)]
  0x16311c00 JavaThread "Worker-4" [_thread_blocked, id=69, stack(0x1a0c0000,0x1a1c0000)]
  0x16310c00 JavaThread "Worker-3" [_thread_blocked, id=68, stack(0x19fb0000,0x1a0b0000)]
  0x16310400 JavaThread "Worker-2" [_thread_blocked, id=67, stack(0x18110000,0x18210000)]
  0x1630ec00 JavaThread "Worker-1" [_thread_blocked, id=66, stack(0x15250000,0x15350000)]
  0x163fb400 JavaThread "com.metys.merlin.generation.templates.presentation.JETReconciler" daemon [_thread_blocked, id=65, stack(0x19150000,0x19250000)]
  0x1629c800 JavaThread "Java indexing" daemon [_thread_blocked, id=64, stack(0x18c10000,0x18d10000)]
  0x160bac00 JavaThread "Worker-0" [_thread_blocked, id=60, stack(0x17c80000,0x17d80000)]
  0x1382d800 JavaThread "Start Level Event Dispatcher" daemon [_thread_blocked, id=57, stack(0x13e30000,0x13f30000)]
  0x1381cc00 JavaThread "Framework Event Dispatcher" daemon [_thread_blocked, id=55, stack(0x13c10000,0x13d10000)]
  0x130bb800 JavaThread "Service Thread" daemon [_thread_blocked, id=53, stack(0x134c0000,0x135c0000)]
  0x13091c00 JavaThread "C1 CompilerThread0" daemon [_thread_blocked, id=52, stack(0x133b0000,0x134b0000)]
  0x13090400 JavaThread "Attach Listener" daemon [_thread_blocked, id=51, stack(0x132a0000,0x133a0000)]
  0x1308f000 JavaThread "Signal Dispatcher" daemon [_thread_blocked, id=50, stack(0x13190000,0x13290000)]
  0x0073c800 JavaThread "Finalizer" daemon [_thread_blocked, id=49, stack(0x12f70000,0x13070000)]
  0x00737800 JavaThread "Reference Handler" daemon [_thread_blocked, id=48, stack(0x12e60000,0x12f60000)]
=>0x00637000 JavaThread "main" [_thread_in_native, id=46, stack(0x00240000,0x00340000)]

Other Threads:
  0x00734800 VMThread [stack: 0x12d50000,0x12e50000] [id=47]
  0x130bd400 WatcherThread [stack: 0x135d0000,0x136d0000] [id=54]

VM state:not at safepoint (normal execution)

VM Mutex/Monitor currently owned by a thread: None

Heap:
 def new generation   total 27392K, used 5836K [0x02800000, 0x045b0000, 0x07d50000)
  eden space 24384K,  12% used [0x02800000, 0x02b008f0, 0x03fd0000)
  from space 3008K,  91% used [0x03fd0000, 0x04282928, 0x042c0000)
  to   space 3008K,   0% used [0x042c0000, 0x042c0000, 0x045b0000)
 tenured generation   total 60600K, used 41367K [0x07d50000, 0x0b87e000, 0x12800000)
   the space 60600K,  68% used [0x07d50000, 0x0a5b5fc8, 0x0a5b6000, 0x0b87e000)
 Metaspace       used 37231K, capacity 39343K, committed 39424K, reserved 40320K

Card table byte_map: [0x12800000,0x12890000] byte_map_base: 0x127ec000

Polling page: 0x00380000

CodeCache: size=32768Kb used=5252Kb max_used=5422Kb free=27515Kb
 bounds [0x00740000, 0x00cb0000, 0x02740000]
 total_blobs=2587 nmethods=2347 adapters=167
 compilation: enabled

Compilation events (10 events):
Event: 57.027 Thread 0x13091c00 3608             java.io.FilterInputStream::read (8 bytes)
Event: 57.027 Thread 0x13091c00 nmethod 3608 0x009fe148 code [0x009fe250, 0x009fe2ec]
Event: 57.027 Thread 0x13091c00 3609             java.io.DataInputStream::readChar (40 bytes)
Event: 57.027 Thread 0x13091c00 nmethod 3609 0x00a59e48 code [0x00a59f60, 0x00a5a0a4]
Event: 57.029 Thread 0x13091c00 3610             org.eclipse.swt.custom.StyledTextRenderer::setStyleRanges (1394 bytes)
Event: 57.033 Thread 0x13091c00 nmethod 3610 0x0099ad48 code [0x0099b040, 0x0099cc08]
Event: 57.051 Thread 0x13091c00 3611             org.eclipse.ui.internal.commands.CommandService::getCommand (9 bytes)
Event: 57.051 Thread 0x13091c00 nmethod 3611 0x00a50f88 code [0x00a51090, 0x00a5112c]
Event: 57.056 Thread 0x13091c00 3612             java.util.AbstractCollection::toArray (70 bytes)
Event: 57.057 Thread 0x13091c00 nmethod 3612 0x009d4a08 code [0x009d4b70, 0x009d4e14]

GC Heap History (10 events):
Event: 51.481 GC heap before
{Heap before GC invocations=60 (full 6):
 def new generation   total 27392K, used 25986K [0x02800000, 0x045b0000, 0x07d50000)
  eden space 24384K, 100% used [0x02800000, 0x03fd0000, 0x03fd0000)
  from space 3008K,  53% used [0x042c0000, 0x044508b0, 0x045b0000)
  to   space 3008K,   0% used [0x03fd0000, 0x03fd0000, 0x042c0000)
 tenured generation   total 60600K, used 36357K [0x07d50000, 0x0b87e000, 0x12800000)
   the space 60600K,  59% used [0x07d50000, 0x0a0d1770, 0x0a0d1800, 0x0b87e000)
 Metaspace       used 36551K, capacity 38567K, committed 38656K, reserved 39296K
Event: 51.489 GC heap after
Heap after GC invocations=61 (full 6):
 def new generation   total 27392K, used 1142K [0x02800000, 0x045b0000, 0x07d50000)
  eden space 24384K,   0% used [0x02800000, 0x02800000, 0x03fd0000)
  from space 3008K,  37% used [0x03fd0000, 0x040ed9a8, 0x042c0000)
  to   space 3008K,   0% used [0x042c0000, 0x042c0000, 0x045b0000)
 tenured generation   total 60600K, used 37087K [0x07d50000, 0x0b87e000, 0x12800000)
   the space 60600K,  61% used [0x07d50000, 0x0a187fc8, 0x0a188000, 0x0b87e000)
 Metaspace       used 36551K, capacity 38567K, committed 38656K, reserved 39296K
}
Event: 51.904 GC heap before
{Heap before GC invocations=61 (full 6):
 def new generation   total 27392K, used 25526K [0x02800000, 0x045b0000, 0x07d50000)
  eden space 24384K, 100% used [0x02800000, 0x03fd0000, 0x03fd0000)
  from space 3008K,  37% used [0x03fd0000, 0x040ed9a8, 0x042c0000)
  to   space 3008K,   0% used [0x042c0000, 0x042c0000, 0x045b0000)
 tenured generation   total 60600K, used 37087K [0x07d50000, 0x0b87e000, 0x12800000)
   the space 60600K,  61% used [0x07d50000, 0x0a187fc8, 0x0a188000, 0x0b87e000)
 Metaspace       used 37110K, capacity 39279K, committed 39296K, reserved 39296K
Event: 51.912 GC heap after
Heap after GC invocations=62 (full 6):
 def new generation   total 27392K, used 2418K [0x02800000, 0x045b0000, 0x07d50000)
  eden space 24384K,   0% used [0x02800000, 0x02800000, 0x03fd0000)
  from space 3008K,  80% used [0x042c0000, 0x0451caf0, 0x045b0000)
  to   space 3008K,   0% used [0x03fd0000, 0x03fd0000, 0x042c0000)
 tenured generation   total 60600K, used 37087K [0x07d50000, 0x0b87e000, 0x12800000)
   the space 60600K,  61% used [0x07d50000, 0x0a187fc8, 0x0a188000, 0x0b87e000)
 Metaspace       used 37110K, capacity 39279K, committed 39296K, reserved 39296K
}
Event: 52.687 GC heap before
{Heap before GC invocations=62 (full 6):
 def new generation   total 27392K, used 26802K [0x02800000, 0x045b0000, 0x07d50000)
  eden space 24384K, 100% used [0x02800000, 0x03fd0000, 0x03fd0000)
  from space 3008K,  80% used [0x042c0000, 0x0451caf0, 0x045b0000)
  to   space 3008K,   0% used [0x03fd0000, 0x03fd0000, 0x042c0000)
 tenured generation   total 60600K, used 37087K [0x07d50000, 0x0b87e000, 0x12800000)
   the space 60600K,  61% used [0x07d50000, 0x0a187fc8, 0x0a188000, 0x0b87e000)
 Metaspace       used 37162K, capacity 39311K, committed 39424K, reserved 40320K
Event: 52.695 GC heap after
Heap after GC invocations=63 (full 6):
 def new generation   total 27392K, used 787K [0x02800000, 0x045b0000, 0x07d50000)
  eden space 24384K,   0% used [0x02800000, 0x02800000, 0x03fd0000)
  from space 3008K,  26% used [0x03fd0000, 0x04094fe0, 0x042c0000)
  to   space 3008K,   0% used [0x042c0000, 0x042c0000, 0x045b0000)
 tenured generation   total 60600K, used 38564K [0x07d50000, 0x0b87e000, 0x12800000)
   the space 60600K,  63% used [0x07d50000, 0x0a2f9268, 0x0a2f9400, 0x0b87e000)
 Metaspace       used 37162K, capacity 39311K, committed 39424K, reserved 40320K
}
Event: 52.752 GC heap before
{Heap before GC invocations=63 (full 6):
 def new generation   total 27392K, used 25171K [0x02800000, 0x045b0000, 0x07d50000)
  eden space 24384K, 100% used [0x02800000, 0x03fd0000, 0x03fd0000)
  from space 3008K,  26% used [0x03fd0000, 0x04094fe0, 0x042c0000)
  to   space 3008K,   0% used [0x042c0000, 0x042c0000, 0x045b0000)
 tenured generation   total 60600K, used 38564K [0x07d50000, 0x0b87e000, 0x12800000)
   the space 60600K,  63% used [0x07d50000, 0x0a2f9268, 0x0a2f9400, 0x0b87e000)
 Metaspace       used 37162K, capacity 39311K, committed 39424K, reserved 40320K
Event: 52.766 GC heap after
Heap after GC invocations=64 (full 6):
 def new generation   total 27392K, used 3008K [0x02800000, 0x045b0000, 0x07d50000)
  eden space 24384K,   0% used [0x02800000, 0x02800000, 0x03fd0000)
  from space 3008K, 100% used [0x042c0000, 0x045b0000, 0x045b0000)
  to   space 3008K,   0% used [0x03fd0000, 0x03fd0000, 0x042c0000)
 tenured generation   total 60600K, used 38700K [0x07d50000, 0x0b87e000, 0x12800000)
   the space 60600K,  63% used [0x07d50000, 0x0a31b228, 0x0a31b400, 0x0b87e000)
 Metaspace       used 37162K, capacity 39311K, committed 39424K, reserved 40320K
}
Event: 56.980 GC heap before
{Heap before GC invocations=64 (full 6):
 def new generation   total 27392K, used 27392K [0x02800000, 0x045b0000, 0x07d50000)
  eden space 24384K, 100% used [0x02800000, 0x03fd0000, 0x03fd0000)
  from space 3008K, 100% used [0x042c0000, 0x045b0000, 0x045b0000)
  to   space 3008K,   0% used [0x03fd0000, 0x03fd0000, 0x042c0000)
 tenured generation   total 60600K, used 38700K [0x07d50000, 0x0b87e000, 0x12800000)
   the space 60600K,  63% used [0x07d50000, 0x0a31b228, 0x0a31b400, 0x0b87e000)
 Metaspace       used 37202K, capacity 39311K, committed 39424K, reserved 40320K
Event: 57.000 GC heap after
Heap after GC invocations=65 (full 6):
 def new generation   total 27392K, used 2762K [0x02800000, 0x045b0000, 0x07d50000)
  eden space 24384K,   0% used [0x02800000, 0x02800000, 0x03fd0000)
  from space 3008K,  91% used [0x03fd0000, 0x04282928, 0x042c0000)
  to   space 3008K,   0% used [0x042c0000, 0x042c0000, 0x045b0000)
 tenured generation   total 60600K, used 41367K [0x07d50000, 0x0b87e000, 0x12800000)
   the space 60600K,  68% used [0x07d50000, 0x0a5b5fc8, 0x0a5b6000, 0x0b87e000)
 Metaspace       used 37202K, capacity 39311K, committed 39424K, reserved 40320K
}

Deoptimization events (0 events):
No events

Internal exceptions (10 events):
Event: 56.563 Thread 0x1629c800 Exception <a 'java/lang/ArrayIndexOutOfBoundsException'> (0x03f47a98) thrown at [D:\re\puppet\workspace\8-2-build-windows-i586-cygwin\jdk8u40\2855\hotspot\src\share\vm\runtime\sharedRuntime.cpp, line 605]
Event: 56.615 Thread 0x1629c800 Exception <a 'java/lang/ArrayIndexOutOfBoundsException'> (0x03f53360) thrown at [D:\re\puppet\workspace\8-2-build-windows-i586-cygwin\jdk8u40\2855\hotspot\src\share\vm\runtime\sharedRuntime.cpp, line 605]
Event: 56.667 Thread 0x1629c800 Exception <a 'java/lang/ArrayIndexOutOfBoundsException'> (0x03f61790) thrown at [D:\re\puppet\workspace\8-2-build-windows-i586-cygwin\jdk8u40\2855\hotspot\src\share\vm\runtime\sharedRuntime.cpp, line 605]
Event: 56.720 Thread 0x1629c800 Exception <a 'java/lang/ArrayIndexOutOfBoundsException'> (0x03f70568) thrown at [D:\re\puppet\workspace\8-2-build-windows-i586-cygwin\jdk8u40\2855\hotspot\src\share\vm\runtime\sharedRuntime.cpp, line 605]
Event: 56.772 Thread 0x1629c800 Exception <a 'java/lang/ArrayIndexOutOfBoundsException'> (0x03f7f290) thrown at [D:\re\puppet\workspace\8-2-build-windows-i586-cygwin\jdk8u40\2855\hotspot\src\share\vm\runtime\sharedRuntime.cpp, line 605]
Event: 56.824 Thread 0x1629c800 Exception <a 'java/lang/ArrayIndexOutOfBoundsException'> (0x03f89c20) thrown at [D:\re\puppet\workspace\8-2-build-windows-i586-cygwin\jdk8u40\2855\hotspot\src\share\vm\runtime\sharedRuntime.cpp, line 605]
Event: 56.876 Thread 0x1629c800 Exception <a 'java/lang/ArrayIndexOutOfBoundsException'> (0x03f97408) thrown at [D:\re\puppet\workspace\8-2-build-windows-i586-cygwin\jdk8u40\2855\hotspot\src\share\vm\runtime\sharedRuntime.cpp, line 605]
Event: 56.928 Thread 0x1629c800 Exception <a 'java/lang/ArrayIndexOutOfBoundsException'> (0x03fa4830) thrown at [D:\re\puppet\workspace\8-2-build-windows-i586-cygwin\jdk8u40\2855\hotspot\src\share\vm\runtime\sharedRuntime.cpp, line 605]
Event: 57.001 Thread 0x1629c800 Exception <a 'java/lang/ArrayIndexOutOfBoundsException'> (0x02830b80) thrown at [D:\re\puppet\workspace\8-2-build-windows-i586-cygwin\jdk8u40\2855\hotspot\src\share\vm\runtime\sharedRuntime.cpp, line 605]
Event: 57.053 Thread 0x1629c800 Exception <a 'java/lang/ArrayIndexOutOfBoundsException'> (0x0283b6d0) thrown at [D:\re\puppet\workspace\8-2-build-windows-i586-cygwin\jdk8u40\2855\hotspot\src\share\vm\runtime\sharedRuntime.cpp, line 605]

Events (10 events):
Event: 57.022 loading class java/io/FilterReader
Event: 57.022 loading class java/io/FilterReader done
Event: 57.022 loading class java/io/PushbackReader done
Event: 57.024 Thread 0x13091c00 flushing nmethod 0x009d3d48
Event: 57.024 Thread 0x13091c00 flushing nmethod 0x009d3f08
Event: 57.024 Thread 0x13091c00 flushing nmethod 0x009d4a88
Event: 57.024 Thread 0x13091c00 flushing nmethod 0x009d4c48
Event: 57.024 Thread 0x13091c00 flushing nmethod 0x009d5208
Event: 57.024 Thread 0x13091c00 flushing nmethod 0x009fe148
Event: 57.024 Thread 0x13091c00 flushing nmethod 0x00a5a648


Dynamic libraries:
0x00400000 - 0x0040e000 	Z:\home\usuario\aplicacoes\java\gerador-java\jet\eclipse\eclipse.exe
0x7bc10000 - 0x7bcfa000 	C:\windows\system32\ntdll.dll
0x7b410000 - 0x7b7ea000 	C:\windows\system32\KERNEL32.dll
0x7eb80000 - 0x7ed4e000 	C:\windows\system32\user32.dll
0x7ea50000 - 0x7eb6e000 	C:\windows\system32\gdi32.dll
0x7e9d0000 - 0x7ea3f000 	C:\windows\system32\advapi32.dll
0x7eff0000 - 0x7f000000 	C:\windows\system32\version.dll
0x7e8b0000 - 0x7e9c7000 	C:\windows\system32\comctl32.dll
0x7e800000 - 0x7e8a8000 	C:\windows\system32\msvcrt.dll
0x7e5c0000 - 0x7e5e0000 	C:\windows\system32\imm32.dll
0x7e540000 - 0x7e5bc000 	C:\windows\system32\winex11.drv
0x7e300000 - 0x7e32d000 	C:\windows\system32\uxtheme.dll
0x72000000 - 0x72012000 	Z:\home\usuario\aplicacoes\java\gerador-java\jet\eclipse\plugins\org.eclipse.equinox.launcher.win32.win32.x86_1.0.3.R33x_v20080118\eclipse_1023.dll
0x6d160000 - 0x6d520000 	Z:\home\usuario\aplicacoes\java\gerador-java\jet\eclipse\jre\bin\client\jvm.dll
0x7e520000 - 0x7e52c000 	C:\windows\system32\wsock32.dll
0x7e2c0000 - 0x7e2f5000 	C:\windows\system32\ws2_32.dll
0x7e2a0000 - 0x7e2bc000 	C:\windows\system32\iphlpapi.dll
0x7e160000 - 0x7e20a000 	C:\windows\system32\winmm.dll
0x7e010000 - 0x7e152000 	C:\windows\system32\ole32.dll
0x7df80000 - 0x7dff7000 	C:\windows\system32\rpcrt4.dll
0x7e270000 - 0x7e292000 	C:\windows\system32\msacm32.dll
0x7df70000 - 0x7df76000 	C:\windows\system32\psapi.dll
0x7dea0000 - 0x7df62000 	C:\windows\system32\msvcr100.dll
0x6efb0000 - 0x6efbc000 	Z:\home\usuario\aplicacoes\java\gerador-java\jet\eclipse\jre\bin\verify.dll
0x6d9f0000 - 0x6da11000 	Z:\home\usuario\aplicacoes\java\gerador-java\jet\eclipse\jre\bin\java.dll
0x6f040000 - 0x6f053000 	Z:\home\usuario\aplicacoes\java\gerador-java\jet\eclipse\jre\bin\zip.dll
0x7dc50000 - 0x7de87000 	C:\windows\system32\shell32.dll
0x7dbd0000 - 0x7dc37000 	C:\windows\system32\shlwapi.dll
0x6ed90000 - 0x6eda5000 	Z:\home\usuario\aplicacoes\java\gerador-java\jet\eclipse\jre\bin\net.dll
0x6edb0000 - 0x6edbf000 	Z:\home\usuario\aplicacoes\java\gerador-java\jet\eclipse\jre\bin\nio.dll
0x003b0000 - 0x003ff000 	Z:\home\usuario\aplicacoes\java\gerador-java\jet\eclipse\configuration\org.eclipse.osgi\bundles\350\1\.cp\swt-win32-3349.dll
0x7d720000 - 0x7d800000 	C:\windows\system32\comdlg32.dll
0x7d9b0000 - 0x7d9e3000 	C:\windows\system32\winspool.drv
0x7d600000 - 0x7d715000 	C:\windows\system32\oleaut32.dll
0x7d960000 - 0x7d9a3000 	C:\windows\system32\usp10.dll
0x7d570000 - 0x7d5e3000 	C:\windows\system32\wininet.dll
0x7db10000 - 0x7db2b000 	C:\windows\system32\mpr.dll
0x13b20000 - 0x13b28000 	Z:\home\usuario\aplicacoes\java\gerador-java\jet\eclipse\configuration\org.eclipse.osgi\bundles\45\1\.cp\os\win32\x86\localfile_1_0_0.dll
0x7cd80000 - 0x7cdd7000 	C:\windows\system32\oleacc.dll
0x18570000 - 0x18584000 	Z:\home\usuario\aplicacoes\java\gerador-java\jet\eclipse\configuration\org.eclipse.osgi\bundles\350\1\.cp\swt-gdip-win32-3349.dll
0x7cb80000 - 0x7cc00000 	C:\windows\system32\gdiplus.dll
0x7cd60000 - 0x7cd79000 	C:\windows\system32\mlang.dll
0x7cd40000 - 0x7cd50000 	C:\windows\system32\msimg32.dll
0x7db60000 - 0x7dbb5000 	C:\windows\system32\dbghelp.dll

VM Arguments:
java_command: <unknown>
java_class_path (initial): Z:\home\usuario\aplicacoes\java\gerador-java\jet\eclipse\plugins\org.eclipse.equinox.launcher_1.0.1.R33x_v20080118.jar
Launcher Type: generic

Environment Variables:
PATH=Z:\home\usuario\aplicacoes\java\gerador-java\jet\eclipse\jre\bin\client;Z:\home\usuario\aplicacoes\java\gerador-java\jet\eclipse\jre\bin;C:\windows\system32;C:\windows;C:\windows\system32\wbem
USERNAME=usuario
SHELL=/bin/bash
DISPLAY=:0
OS=Windows_NT
PROCESSOR_IDENTIFIER=AMD64 Family 6 Model 42 Stepping 7, GenuineIntel



---------------  S Y S T E M  ---------------

OS: Windows 5.1 , 64 bit Build 2600 (5.1.2600.2180)

CPU:total 4 (4 cores per cpu, 1 threads per core) family 6 model 42 stepping 7, cmov, cx8, fxsr, mmx, sse, sse2, sse3, ssse3, sse4.1, sse4.2, popcnt, avx, aes, clmul, tsc, tscinvbit

Memory: 4k page, physical 3930579k(2460191k free), swap 3930580k(2460192k free)

vm_info: Java HotSpot(TM) Client VM (25.40-b25) for windows-x86 JRE (1.8.0_40-b25), built on Feb 10 2015 21:08:16 by "java_re" with MS VC++ 10.0 (VS2010)

time: Mon Sep 10 20:54:07 2018
elapsed time: 58 seconds (0d 0h 0m 58s)

