#
# A fatal error has been detected by the Java Runtime Environment:
#
#  EXCEPTION_PRIV_INSTRUCTION (0xc0000096) at pc=0x16455355, pid=101, tid=102
#
# JRE version: Java(TM) SE Runtime Environment (8.0_40-b25) (build 1.8.0_40-b25)
# Java VM: Java HotSpot(TM) Client VM (25.40-b25 mixed mode windows-x86 )
# Problematic frame:
# C  0x16455355
#
# Failed to write core dump. Minidumps are not enabled by default on client versions of Windows
#
# If you would like to submit a bug report, please visit:
#   http://bugreport.java.com/bugreport/crash.jsp
# The crash happened outside the Java Virtual Machine in native code.
# See problematic frame for where to report the bug.
#

---------------  T H R E A D  ---------------

Current thread (0x00637000):  JavaThread "main" [_thread_in_native, id=102, stack(0x00240000,0x00340000)]

siginfo: ExceptionCode=0xc0000096

Registers:
EAX=0x16455355, EBX=0x7ec5a000, ECX=0x00000000, EDX=0x7ec5a000
ESP=0x0033da6c, EBP=0x0033da98, ESI=0x00240564, EDI=0x00240564
EIP=0x16455355, EFLAGS=0x00210202

Top of Stack: (sp=0x0033da6c)
0x0033da6c:   7ec1a62a 00240564 00000086 00000000
0x0033da7c:   002b04a0 6d2aa541 140347d0 0033daa8
0x0033da8c:   7ec5a000 00240564 00240564 0033dae8
0x0033da9c:   7ec1ad4b 16455355 00240564 00000086
0x0033daac:   00000000 002b04a0 7ec5a000 0033dae8
0x0033dabc:   7ec1ad19 00110060 00000020 7eb91c59
0x0033dacc:   7ec08a3c 7ed25320 0033db34 7ec1ad0b
0x0033dadc:   7ec5a000 00001645 00240564 0033db38 

Instructions: (pc=0x16455355)
0x16455335:   11 f5 6e e8 4e 44 16 10 1d 1a 19 88 e8 3e 16 f0
0x16455345:   00 d9 14 8e 60 c7 70 18 e8 31 16 28 23 1a 19 a0
0x16455355:   e7 3e 16 f0 00 d9 14 55 b8 23 03 e0 26 17 15 10
0x16455365:   ef b2 19 00 00 00 00 f0 00 d9 14 3f 0d a9 58 dc 


Register to memory mapping:

EAX=0x16455355 is an unknown value
EBX=0x7ec5a000 is an unknown value
ECX=0x00000000 is an unknown value
EDX=0x7ec5a000 is an unknown value
ESP=0x0033da6c is pointing into the stack for thread: 0x00637000
EBP=0x0033da98 is pointing into the stack for thread: 0x00637000
ESI=0x00240564 is pointing into the stack for thread: 0x00637000
EDI=0x00240564 is pointing into the stack for thread: 0x00637000


Stack: [0x00240000,0x00340000],  sp=0x0033da6c,  free space=1014k
Native frames: (J=compiled Java code, j=interpreted, Vv=VM code, C=native code)
C  0x16455355
C  [user32.dll+0x9ad4b]
C  [user32.dll+0x9d514]
C  [user32.dll+0x2cad0]  DefDlgProcW+0x70
C  [user32.dll+0x9a62a]  WINPROC_wrapper+0x1a
C  [user32.dll+0x9ac57]
C  [user32.dll+0x9d055]
C  [user32.dll+0x5eb4e]
C  [user32.dll+0x65794]
C  [user32.dll+0x65a10]  SendMessageW+0x60
C  [user32.dll+0x4107e]
C  [user32.dll+0x4134e]
C  [user32.dll+0x4147c]  SetForegroundWindow+0x5c
C  [user32.dll+0x953e1]
C  [user32.dll+0x8c832]
C  [user32.dll+0x8fc47]  DestroyWindow+0x197
C  [swt-win32-3349.dll+0x3578]
j  org.eclipse.swt.widgets.Control.destroyWidget()V+14
j  org.eclipse.swt.widgets.Shell.destroyWidget()V+5
j  org.eclipse.swt.widgets.Widget.release(Z)V+79
j  org.eclipse.swt.widgets.Widget.dispose()V+23
j  org.eclipse.swt.widgets.Decorations.dispose()V+52
j  org.eclipse.swt.widgets.Shell.dispose()V+1
j  org.eclipse.jface.window.Window.close()Z+65
j  org.eclipse.jface.dialogs.PopupDialog.close()Z+60
j  org.eclipse.jface.dialogs.PopupDialog$1.handleEvent(Lorg/eclipse/swt/widgets/Event;)V+42
J 2105 C1 org.eclipse.swt.widgets.EventTable.sendEvent(Lorg/eclipse/swt/widgets/Event;)V (532 bytes) @ 0x00a57ae8 [0x00a57a30+0xb8]
J 3331 C1 org.eclipse.swt.widgets.Widget.sendEvent(ILorg/eclipse/swt/widgets/Event;Z)V (88 bytes) @ 0x00a42b70 [0x00a42a10+0x160]
j  org.eclipse.swt.widgets.Widget.sendEvent(I)V+4
j  org.eclipse.swt.widgets.Decorations.WM_ACTIVATE(II)Lorg/eclipse/swt/internal/win32/LRESULT;+207
j  org.eclipse.swt.widgets.Shell.WM_ACTIVATE(II)Lorg/eclipse/swt/internal/win32/LRESULT;+166
J 1530 C1 org.eclipse.swt.widgets.Control.windowProc(IIII)I (1722 bytes) @ 0x00a977f4 [0x00a96940+0xeb4]
J 3352 C1 org.eclipse.swt.widgets.Canvas.windowProc(IIII)I (49 bytes) @ 0x00a45a58 [0x00a459f0+0x68]
j  org.eclipse.swt.widgets.Decorations.windowProc(IIII)I+61
j  org.eclipse.swt.widgets.Shell.windowProc(IIII)I+131
J 1524 C1 org.eclipse.swt.widgets.Display.windowProc(IIII)I (158 bytes) @ 0x00880b58 [0x008809c0+0x198]
v  ~StubRoutines::call_stub
V  [jvm.dll+0x155c05]
V  [jvm.dll+0x21b0be]
V  [jvm.dll+0x155c9e]
V  [jvm.dll+0xdad67]
V  [jvm.dll+0xdcbac]
C  [swt-win32-3349.dll+0x1462]
C  0x027c0018
C  [user32.dll+0x9a62a]  WINPROC_wrapper+0x1a
C  [user32.dll+0x9ac57]
C  [user32.dll+0x9d055]
C  [user32.dll+0x5eb4e]
C  [user32.dll+0x65794]
C  [user32.dll+0x65a10]  SendMessageW+0x60
C  [user32.dll+0x41097]
C  [user32.dll+0x4134e]
C  [user32.dll+0x4147c]  SetForegroundWindow+0x5c
C  [winex11.drv+0x14d5a]
C  [winex11.drv+0x17aa8]
C  [winex11.drv+0x154c3]
C  [winex11.drv+0x169df]
C  [winex11.drv+0x17c93]
C  [user32.dll+0x9aeae]
C  [user32.dll+0x5ec84]
C  [user32.dll+0x610a1]  MsgWaitForMultipleObjectsEx+0xd1
C  [user32.dll+0x610ef]  WaitMessage+0x2f
C  [swt-win32-3349.dll+0xf72f]
j  org.eclipse.swt.widgets.Display.sleep()Z+38
J 3377 C1 org.eclipse.ui.application.WorkbenchAdvisor.eventLoopIdle(Lorg/eclipse/swt/widgets/Display;)V (6 bytes) @ 0x00a893f4 [0x00a893d0+0x24]
j  org.eclipse.ui.internal.Workbench.runEventLoop(Lorg/eclipse/jface/window/Window$IExceptionHandler;Lorg/eclipse/swt/widgets/Display;)V+20
j  org.eclipse.ui.internal.Workbench.runUI()I+336
j  org.eclipse.ui.internal.Workbench.access$4(Lorg/eclipse/ui/internal/Workbench;)I+1
j  org.eclipse.ui.internal.Workbench$4.run()V+23
j  org.eclipse.core.databinding.observable.Realm.runWithDefault(Lorg/eclipse/core/databinding/observable/Realm;Ljava/lang/Runnable;)V+12
j  org.eclipse.ui.internal.Workbench.createAndRunWorkbench(Lorg/eclipse/swt/widgets/Display;Lorg/eclipse/ui/application/WorkbenchAdvisor;)I+18
j  org.eclipse.ui.PlatformUI.createAndRunWorkbench(Lorg/eclipse/swt/widgets/Display;Lorg/eclipse/ui/application/WorkbenchAdvisor;)I+2
j  org.eclipse.ui.internal.ide.application.IDEApplication.start(Lorg/eclipse/equinox/app/IApplicationContext;)Ljava/lang/Object;+81
j  org.eclipse.equinox.internal.app.EclipseAppHandle.run(Ljava/lang/Object;)Ljava/lang/Object;+102
j  org.eclipse.core.runtime.internal.adaptor.EclipseAppLauncher.runApplication(Ljava/lang/Object;)Ljava/lang/Object;+103
j  org.eclipse.core.runtime.internal.adaptor.EclipseAppLauncher.start(Ljava/lang/Object;)Ljava/lang/Object;+29
j  org.eclipse.core.runtime.adaptor.EclipseStarter.run(Ljava/lang/Object;)Ljava/lang/Object;+149
j  org.eclipse.core.runtime.adaptor.EclipseStarter.run([Ljava/lang/String;Ljava/lang/Runnable;)Ljava/lang/Object;+183
v  ~StubRoutines::call_stub
V  [jvm.dll+0x155c05]
V  [jvm.dll+0x21b0be]
V  [jvm.dll+0x155c9e]
V  [jvm.dll+0x16236a]
V  [jvm.dll+0x1625c3]
V  [jvm.dll+0xffcb3]
C  [java.dll+0x3b22]
j  sun.reflect.NativeMethodAccessorImpl.invoke(Ljava/lang/Object;[Ljava/lang/Object;)Ljava/lang/Object;+100
j  sun.reflect.DelegatingMethodAccessorImpl.invoke(Ljava/lang/Object;[Ljava/lang/Object;)Ljava/lang/Object;+6
j  java.lang.reflect.Method.invoke(Ljava/lang/Object;[Ljava/lang/Object;)Ljava/lang/Object;+56
j  org.eclipse.equinox.launcher.Main.invokeFramework([Ljava/lang/String;[Ljava/net/URL;)V+210
j  org.eclipse.equinox.launcher.Main.basicRun([Ljava/lang/String;)V+114
j  org.eclipse.equinox.launcher.Main.run([Ljava/lang/String;)I+4
v  ~StubRoutines::call_stub
V  [jvm.dll+0x155c05]
V  [jvm.dll+0x21b0be]
V  [jvm.dll+0x155c9e]
V  [jvm.dll+0xdad67]
V  [jvm.dll+0xdca38]
C  [eclipse_1023.dll+0x4db0]
C  [eclipse_1023.dll+0x4595]
...<more frames>...

Java frames: (J=compiled Java code, j=interpreted, Vv=VM code)
j  org.eclipse.swt.internal.win32.OS.DestroyWindow(I)Z+0
j  org.eclipse.swt.widgets.Control.destroyWidget()V+14
j  org.eclipse.swt.widgets.Shell.destroyWidget()V+5
j  org.eclipse.swt.widgets.Widget.release(Z)V+79
j  org.eclipse.swt.widgets.Widget.dispose()V+23
j  org.eclipse.swt.widgets.Decorations.dispose()V+52
j  org.eclipse.swt.widgets.Shell.dispose()V+1
j  org.eclipse.jface.window.Window.close()Z+65
j  org.eclipse.jface.dialogs.PopupDialog.close()Z+60
j  org.eclipse.jface.dialogs.PopupDialog$1.handleEvent(Lorg/eclipse/swt/widgets/Event;)V+42
J 2105 C1 org.eclipse.swt.widgets.EventTable.sendEvent(Lorg/eclipse/swt/widgets/Event;)V (532 bytes) @ 0x00a57ae8 [0x00a57a30+0xb8]
J 3331 C1 org.eclipse.swt.widgets.Widget.sendEvent(ILorg/eclipse/swt/widgets/Event;Z)V (88 bytes) @ 0x00a42b70 [0x00a42a10+0x160]
j  org.eclipse.swt.widgets.Widget.sendEvent(I)V+4
j  org.eclipse.swt.widgets.Decorations.WM_ACTIVATE(II)Lorg/eclipse/swt/internal/win32/LRESULT;+207
j  org.eclipse.swt.widgets.Shell.WM_ACTIVATE(II)Lorg/eclipse/swt/internal/win32/LRESULT;+166
J 1530 C1 org.eclipse.swt.widgets.Control.windowProc(IIII)I (1722 bytes) @ 0x00a977f4 [0x00a96940+0xeb4]
J 3352 C1 org.eclipse.swt.widgets.Canvas.windowProc(IIII)I (49 bytes) @ 0x00a45a58 [0x00a459f0+0x68]
j  org.eclipse.swt.widgets.Decorations.windowProc(IIII)I+61
j  org.eclipse.swt.widgets.Shell.windowProc(IIII)I+131
J 1524 C1 org.eclipse.swt.widgets.Display.windowProc(IIII)I (158 bytes) @ 0x00880b58 [0x008809c0+0x198]
v  ~StubRoutines::call_stub
J 3023  org.eclipse.swt.internal.win32.OS.WaitMessage()Z (0 bytes) @ 0x009e3459 [0x009e3420+0x39]
j  org.eclipse.swt.widgets.Display.sleep()Z+38
J 3377 C1 org.eclipse.ui.application.WorkbenchAdvisor.eventLoopIdle(Lorg/eclipse/swt/widgets/Display;)V (6 bytes) @ 0x00a893f4 [0x00a893d0+0x24]
j  org.eclipse.ui.internal.Workbench.runEventLoop(Lorg/eclipse/jface/window/Window$IExceptionHandler;Lorg/eclipse/swt/widgets/Display;)V+20
j  org.eclipse.ui.internal.Workbench.runUI()I+336
j  org.eclipse.ui.internal.Workbench.access$4(Lorg/eclipse/ui/internal/Workbench;)I+1
j  org.eclipse.ui.internal.Workbench$4.run()V+23
j  org.eclipse.core.databinding.observable.Realm.runWithDefault(Lorg/eclipse/core/databinding/observable/Realm;Ljava/lang/Runnable;)V+12
j  org.eclipse.ui.internal.Workbench.createAndRunWorkbench(Lorg/eclipse/swt/widgets/Display;Lorg/eclipse/ui/application/WorkbenchAdvisor;)I+18
j  org.eclipse.ui.PlatformUI.createAndRunWorkbench(Lorg/eclipse/swt/widgets/Display;Lorg/eclipse/ui/application/WorkbenchAdvisor;)I+2
j  org.eclipse.ui.internal.ide.application.IDEApplication.start(Lorg/eclipse/equinox/app/IApplicationContext;)Ljava/lang/Object;+81
j  org.eclipse.equinox.internal.app.EclipseAppHandle.run(Ljava/lang/Object;)Ljava/lang/Object;+102
j  org.eclipse.core.runtime.internal.adaptor.EclipseAppLauncher.runApplication(Ljava/lang/Object;)Ljava/lang/Object;+103
j  org.eclipse.core.runtime.internal.adaptor.EclipseAppLauncher.start(Ljava/lang/Object;)Ljava/lang/Object;+29
j  org.eclipse.core.runtime.adaptor.EclipseStarter.run(Ljava/lang/Object;)Ljava/lang/Object;+149
j  org.eclipse.core.runtime.adaptor.EclipseStarter.run([Ljava/lang/String;Ljava/lang/Runnable;)Ljava/lang/Object;+183
v  ~StubRoutines::call_stub
j  sun.reflect.NativeMethodAccessorImpl.invoke0(Ljava/lang/reflect/Method;Ljava/lang/Object;[Ljava/lang/Object;)Ljava/lang/Object;+0
j  sun.reflect.NativeMethodAccessorImpl.invoke(Ljava/lang/Object;[Ljava/lang/Object;)Ljava/lang/Object;+100
j  sun.reflect.DelegatingMethodAccessorImpl.invoke(Ljava/lang/Object;[Ljava/lang/Object;)Ljava/lang/Object;+6
j  java.lang.reflect.Method.invoke(Ljava/lang/Object;[Ljava/lang/Object;)Ljava/lang/Object;+56
j  org.eclipse.equinox.launcher.Main.invokeFramework([Ljava/lang/String;[Ljava/net/URL;)V+210
j  org.eclipse.equinox.launcher.Main.basicRun([Ljava/lang/String;)V+114
j  org.eclipse.equinox.launcher.Main.run([Ljava/lang/String;)I+4
v  ~StubRoutines::call_stub

---------------  P R O C E S S  ---------------

Java Threads: ( => current thread )
  0x167cc800 JavaThread "org.eclipse.jface.text.reconciler.MonoReconciler" daemon [_thread_blocked, id=139, stack(0x1aa60000,0x1ab60000)]
  0x1519b000 JavaThread "Worker-8" [_thread_blocked, id=138, stack(0x1b8c0000,0x1b9c0000)]
  0x166fe400 JavaThread "Worker-7" [_thread_blocked, id=137, stack(0x1b7b0000,0x1b8b0000)]
  0x16809000 JavaThread "Thread-6" [_thread_blocked, id=136, stack(0x1b6a0000,0x1b7a0000)]
  0x167fd000 JavaThread "Timer-2" [_thread_blocked, id=135, stack(0x1b590000,0x1b690000)]
  0x16711c00 JavaThread "Timer-1" [_thread_blocked, id=134, stack(0x1b380000,0x1b480000)]
  0x16abf800 JavaThread "Timer-0" [_thread_blocked, id=133, stack(0x1b070000,0x1b170000)]
  0x16a28000 JavaThread "Worker-6" [_thread_blocked, id=132, stack(0x1ad60000,0x1ae60000)]
  0x16a26800 JavaThread "Worker-5" [_thread_blocked, id=131, stack(0x1ac50000,0x1ad50000)]
  0x16a26000 JavaThread "Worker-4" [_thread_blocked, id=130, stack(0x18dc0000,0x18ec0000)]
  0x16a25000 JavaThread "Worker-3" [_thread_blocked, id=129, stack(0x15ad0000,0x15bd0000)]
  0x165d7400 JavaThread "com.metys.merlin.generation.templates.presentation.JETReconciler" daemon [_thread_blocked, id=128, stack(0x1a2f0000,0x1a3f0000)]
  0x1615b000 JavaThread "Worker-2" [_thread_blocked, id=125, stack(0x18cb0000,0x18db0000)]
  0x1618dc00 JavaThread "Java indexing" daemon [_thread_blocked, id=124, stack(0x18aa0000,0x18ba0000)]
  0x16114400 JavaThread "Worker-1" [_thread_blocked, id=123, stack(0x18890000,0x18990000)]
  0x160a9400 JavaThread "Worker-0" [_thread_blocked, id=121, stack(0x18500000,0x18600000)]
  0x13821000 JavaThread "Start Level Event Dispatcher" daemon [_thread_blocked, id=118, stack(0x13e30000,0x13f30000)]
  0x1383f800 JavaThread "Framework Event Dispatcher" daemon [_thread_blocked, id=116, stack(0x13c10000,0x13d10000)]
  0x130bb800 JavaThread "Service Thread" daemon [_thread_blocked, id=114, stack(0x134c0000,0x135c0000)]
  0x13091c00 JavaThread "C1 CompilerThread0" daemon [_thread_blocked, id=113, stack(0x133b0000,0x134b0000)]
  0x13090400 JavaThread "Attach Listener" daemon [_thread_blocked, id=112, stack(0x132a0000,0x133a0000)]
  0x1308f000 JavaThread "Signal Dispatcher" daemon [_thread_blocked, id=111, stack(0x13190000,0x13290000)]
  0x0073c800 JavaThread "Finalizer" daemon [_thread_blocked, id=110, stack(0x12f70000,0x13070000)]
  0x00737800 JavaThread "Reference Handler" daemon [_thread_blocked, id=109, stack(0x12e60000,0x12f60000)]
=>0x00637000 JavaThread "main" [_thread_in_native, id=102, stack(0x00240000,0x00340000)]

Other Threads:
  0x00734800 VMThread [stack: 0x12d50000,0x12e50000] [id=108]
  0x130bd400 WatcherThread [stack: 0x135d0000,0x136d0000] [id=115]

VM state:not at safepoint (normal execution)

VM Mutex/Monitor currently owned by a thread: None

Heap:
 def new generation   total 22144K, used 7854K [0x02800000, 0x04000000, 0x07d50000)
  eden space 19712K,  27% used [0x02800000, 0x02d4bab8, 0x03b40000)
  from space 2432K, 100% used [0x03da0000, 0x04000000, 0x04000000)
  to   space 2432K,   0% used [0x03b40000, 0x03b40000, 0x03da0000)
 tenured generation   total 49076K, used 48877K [0x07d50000, 0x0ad3d000, 0x12800000)
   the space 49076K,  99% used [0x07d50000, 0x0ad0b618, 0x0ad0b800, 0x0ad3d000)
 Metaspace       used 36753K, capacity 38695K, committed 38784K, reserved 39296K

Card table byte_map: [0x12800000,0x12890000] byte_map_base: 0x127ec000

Polling page: 0x00380000

CodeCache: size=32768Kb used=4633Kb max_used=4709Kb free=28134Kb
 bounds [0x00740000, 0x00bf0000, 0x02740000]
 total_blobs=2218 nmethods=1979 adapters=168
 compilation: enabled

Compilation events (10 events):
Event: 101.250 Thread 0x13091c00 3392   !         org.eclipse.ui.internal.contexts.ContextAuthority::sourceChanged (403 bytes)
Event: 101.253 Thread 0x13091c00 nmethod 3392 0x00a875c8 code [0x00a878d0, 0x00a881c8]
Event: 101.253 Thread 0x13091c00 3393             org.eclipse.jface.bindings.keys.formatting.NativeKeyFormatter::getKeyDelimiter (33 bytes)
Event: 101.253 Thread 0x13091c00 nmethod 3393 0x00a87148 code [0x00a87280, 0x00a87434]
Event: 101.253 Thread 0x13091c00 3394             org.eclipse.jface.bindings.keys.formatting.NativeKeyFormatter::sortModifierKeys (320 bytes)
Event: 101.255 Thread 0x13091c00 nmethod 3394 0x00a93388 code [0x00a93520, 0x00a93b5c]
Event: 101.257 Thread 0x13091c00 3395             org.eclipse.ui.internal.commands.CommandService::getCommand (9 bytes)
Event: 101.257 Thread 0x13091c00 nmethod 3395 0x00a8f4c8 code [0x00a8f5d0, 0x00a8f66c]
Event: 101.259 Thread 0x13091c00 3396             org.eclipse.jface.bindings.BindingManager::buildPrefixTable (212 bytes)
Event: 101.263 Thread 0x13091c00 nmethod 3396 0x00a91008 code [0x00a91240, 0x00a918a0]

GC Heap History (10 events):
Event: 26.281 GC heap before
{Heap before GC invocations=61 (full 5):
 def new generation   total 22144K, used 21613K [0x02800000, 0x04000000, 0x07d50000)
  eden space 19712K, 100% used [0x02800000, 0x03b40000, 0x03b40000)
  from space 2432K,  78% used [0x03b40000, 0x03d1b428, 0x03da0000)
  to   space 2432K,   0% used [0x03da0000, 0x03da0000, 0x04000000)
 tenured generation   total 49076K, used 39374K [0x07d50000, 0x0ad3d000, 0x12800000)
   the space 49076K,  80% used [0x07d50000, 0x0a3c38a8, 0x0a3c3a00, 0x0ad3d000)
 Metaspace       used 34043K, capacity 35876K, committed 35968K, reserved 36224K
Event: 26.290 GC heap after
Heap after GC invocations=62 (full 5):
 def new generation   total 22144K, used 1082K [0x02800000, 0x04000000, 0x07d50000)
  eden space 19712K,   0% used [0x02800000, 0x02800000, 0x03b40000)
  from space 2432K,  44% used [0x03da0000, 0x03eaeb70, 0x04000000)
  to   space 2432K,   0% used [0x03b40000, 0x03b40000, 0x03da0000)
 tenured generation   total 49076K, used 40181K [0x07d50000, 0x0ad3d000, 0x12800000)
   the space 49076K,  81% used [0x07d50000, 0x0a48d5a8, 0x0a48d600, 0x0ad3d000)
 Metaspace       used 34043K, capacity 35876K, committed 35968K, reserved 36224K
}
Event: 74.965 GC heap before
{Heap before GC invocations=62 (full 5):
 def new generation   total 22144K, used 20794K [0x02800000, 0x04000000, 0x07d50000)
  eden space 19712K, 100% used [0x02800000, 0x03b40000, 0x03b40000)
  from space 2432K,  44% used [0x03da0000, 0x03eaeb70, 0x04000000)
  to   space 2432K,   0% used [0x03b40000, 0x03b40000, 0x03da0000)
 tenured generation   total 49076K, used 40181K [0x07d50000, 0x0ad3d000, 0x12800000)
   the space 49076K,  81% used [0x07d50000, 0x0a48d5a8, 0x0a48d600, 0x0ad3d000)
 Metaspace       used 35544K, capacity 37440K, committed 37504K, reserved 38272K
Event: 74.975 GC heap after
Heap after GC invocations=63 (full 5):
 def new generation   total 22144K, used 2432K [0x02800000, 0x04000000, 0x07d50000)
  eden space 19712K,   0% used [0x02800000, 0x02800000, 0x03b40000)
  from space 2432K, 100% used [0x03b40000, 0x03da0000, 0x03da0000)
  to   space 2432K,   0% used [0x03da0000, 0x03da0000, 0x04000000)
 tenured generation   total 49076K, used 41690K [0x07d50000, 0x0ad3d000, 0x12800000)
   the space 49076K,  84% used [0x07d50000, 0x0a606b38, 0x0a606c00, 0x0ad3d000)
 Metaspace       used 35544K, capacity 37440K, committed 37504K, reserved 38272K
}
Event: 75.074 GC heap before
{Heap before GC invocations=63 (full 5):
 def new generation   total 22144K, used 22144K [0x02800000, 0x04000000, 0x07d50000)
  eden space 19712K, 100% used [0x02800000, 0x03b40000, 0x03b40000)
  from space 2432K, 100% used [0x03b40000, 0x03da0000, 0x03da0000)
  to   space 2432K,   0% used [0x03da0000, 0x03da0000, 0x04000000)
 tenured generation   total 49076K, used 41690K [0x07d50000, 0x0ad3d000, 0x12800000)
   the space 49076K,  84% used [0x07d50000, 0x0a606b38, 0x0a606c00, 0x0ad3d000)
 Metaspace       used 35645K, capacity 37536K, committed 37632K, reserved 38272K
Event: 75.089 GC heap after
Heap after GC invocations=64 (full 5):
 def new generation   total 22144K, used 2256K [0x02800000, 0x04000000, 0x07d50000)
  eden space 19712K,   0% used [0x02800000, 0x02800000, 0x03b40000)
  from space 2432K,  92% used [0x03da0000, 0x03fd4338, 0x04000000)
  to   space 2432K,   0% used [0x03b40000, 0x03b40000, 0x03da0000)
 tenured generation   total 49076K, used 44093K [0x07d50000, 0x0ad3d000, 0x12800000)
   the space 49076K,  89% used [0x07d50000, 0x0a85f588, 0x0a85f600, 0x0ad3d000)
 Metaspace       used 35645K, capacity 37536K, committed 37632K, reserved 38272K
}
Event: 75.133 GC heap before
{Heap before GC invocations=64 (full 5):
 def new generation   total 22144K, used 21968K [0x02800000, 0x04000000, 0x07d50000)
  eden space 19712K, 100% used [0x02800000, 0x03b40000, 0x03b40000)
  from space 2432K,  92% used [0x03da0000, 0x03fd4338, 0x04000000)
  to   space 2432K,   0% used [0x03b40000, 0x03b40000, 0x03da0000)
 tenured generation   total 49076K, used 44093K [0x07d50000, 0x0ad3d000, 0x12800000)
   the space 49076K,  89% used [0x07d50000, 0x0a85f588, 0x0a85f600, 0x0ad3d000)
 Metaspace       used 35645K, capacity 37536K, committed 37632K, reserved 38272K
Event: 75.152 GC heap after
Heap after GC invocations=65 (full 5):
 def new generation   total 22144K, used 1927K [0x02800000, 0x04000000, 0x07d50000)
  eden space 19712K,   0% used [0x02800000, 0x02800000, 0x03b40000)
  from space 2432K,  79% used [0x03b40000, 0x03d21e10, 0x03da0000)
  to   space 2432K,   0% used [0x03da0000, 0x03da0000, 0x04000000)
 tenured generation   total 49076K, used 46200K [0x07d50000, 0x0ad3d000, 0x12800000)
   the space 49076K,  94% used [0x07d50000, 0x0aa6e230, 0x0aa6e400, 0x0ad3d000)
 Metaspace       used 35645K, capacity 37536K, committed 37632K, reserved 38272K
}
Event: 86.547 GC heap before
{Heap before GC invocations=65 (full 5):
 def new generation   total 22144K, used 21639K [0x02800000, 0x04000000, 0x07d50000)
  eden space 19712K, 100% used [0x02800000, 0x03b40000, 0x03b40000)
  from space 2432K,  79% used [0x03b40000, 0x03d21e10, 0x03da0000)
  to   space 2432K,   0% used [0x03da0000, 0x03da0000, 0x04000000)
 tenured generation   total 49076K, used 46200K [0x07d50000, 0x0ad3d000, 0x12800000)
   the space 49076K,  94% used [0x07d50000, 0x0aa6e230, 0x0aa6e400, 0x0ad3d000)
 Metaspace       used 36530K, capacity 38407K, committed 38528K, reserved 39296K
Event: 86.564 GC heap after
Heap after GC invocations=66 (full 5):
 def new generation   total 22144K, used 2432K [0x02800000, 0x04000000, 0x07d50000)
  eden space 19712K,   0% used [0x02800000, 0x02800000, 0x03b40000)
  from space 2432K, 100% used [0x03da0000, 0x04000000, 0x04000000)
  to   space 2432K,   0% used [0x03b40000, 0x03b40000, 0x03da0000)
 tenured generation   total 49076K, used 48877K [0x07d50000, 0x0ad3d000, 0x12800000)
   the space 49076K,  99% used [0x07d50000, 0x0ad0b618, 0x0ad0b800, 0x0ad3d000)
 Metaspace       used 36530K, capacity 38407K, committed 38528K, reserved 39296K
}

Deoptimization events (0 events):
No events

Internal exceptions (10 events):
Event: 28.022 Thread 0x1618dc00 Exception <a 'java/lang/ArrayIndexOutOfBoundsException'> (0x02a3fd60) thrown at [D:\re\puppet\workspace\8-2-build-windows-i586-cygwin\jdk8u40\2855\hotspot\src\share\vm\runtime\sharedRuntime.cpp, line 605]
Event: 28.073 Thread 0x1618dc00 Exception <a 'java/lang/ArrayIndexOutOfBoundsException'> (0x02a461a8) thrown at [D:\re\puppet\workspace\8-2-build-windows-i586-cygwin\jdk8u40\2855\hotspot\src\share\vm\runtime\sharedRuntime.cpp, line 605]
Event: 28.125 Thread 0x1618dc00 Exception <a 'java/lang/ArrayIndexOutOfBoundsException'> (0x02a4d400) thrown at [D:\re\puppet\workspace\8-2-build-windows-i586-cygwin\jdk8u40\2855\hotspot\src\share\vm\runtime\sharedRuntime.cpp, line 605]
Event: 28.177 Thread 0x1618dc00 Exception <a 'java/lang/ArrayIndexOutOfBoundsException'> (0x02a55ee8) thrown at [D:\re\puppet\workspace\8-2-build-windows-i586-cygwin\jdk8u40\2855\hotspot\src\share\vm\runtime\sharedRuntime.cpp, line 605]
Event: 28.229 Thread 0x1618dc00 Exception <a 'java/lang/ArrayIndexOutOfBoundsException'> (0x02a5d9e0) thrown at [D:\re\puppet\workspace\8-2-build-windows-i586-cygwin\jdk8u40\2855\hotspot\src\share\vm\runtime\sharedRuntime.cpp, line 605]
Event: 28.282 Thread 0x1618dc00 Exception <a 'java/lang/ArrayIndexOutOfBoundsException'> (0x02a6a4c0) thrown at [D:\re\puppet\workspace\8-2-build-windows-i586-cygwin\jdk8u40\2855\hotspot\src\share\vm\runtime\sharedRuntime.cpp, line 605]
Event: 28.334 Thread 0x1618dc00 Exception <a 'java/lang/ArrayIndexOutOfBoundsException'> (0x02a71000) thrown at [D:\re\puppet\workspace\8-2-build-windows-i586-cygwin\jdk8u40\2855\hotspot\src\share\vm\runtime\sharedRuntime.cpp, line 605]
Event: 74.241 Thread 0x00637000 Exception <a 'java/io/FileNotFoundException'> (0x035282f0) thrown at [D:\re\puppet\workspace\8-2-build-windows-i586-cygwin\jdk8u40\2855\hotspot\src\share\vm\prims\jni.cpp, line 709]
Event: 82.849 Thread 0x00637000 Implicit null exception at 0x009ff7c3 to 0x009ffefc
Event: 82.849 Thread 0x00637000 Implicit null exception at 0x009ff7c3 to 0x009ffefc

Events (10 events):
Event: 101.200 Executing VM operation: RevokeBias done
Event: 101.200 Thread 0x162c0000 Thread exited: 0x162c0000
Event: 101.219 Thread 0x13091c00 flushing nmethod 0x00895448
Event: 101.219 Thread 0x13091c00 flushing nmethod 0x00896808
Event: 101.223 Thread 0x13091c00 flushing nmethod 0x00919208
Event: 101.223 Thread 0x13091c00 flushing nmethod 0x00a96208
Event: 101.225 loading class java/io/PushbackReader
Event: 101.225 loading class java/io/FilterReader
Event: 101.226 loading class java/io/FilterReader done
Event: 101.226 loading class java/io/PushbackReader done


Dynamic libraries:
0x00400000 - 0x0040e000 	Z:\home\usuario\aplicacoes\java\gerador-java\jet\eclipse\eclipse.exe
0x7bc10000 - 0x7bcfa000 	C:\windows\system32\ntdll.dll
0x7b410000 - 0x7b7ea000 	C:\windows\system32\KERNEL32.dll
0x7eb80000 - 0x7ed4e000 	C:\windows\system32\user32.dll
0x7ea50000 - 0x7eb6e000 	C:\windows\system32\gdi32.dll
0x7e9d0000 - 0x7ea3f000 	C:\windows\system32\advapi32.dll
0x7eff0000 - 0x7f000000 	C:\windows\system32\version.dll
0x7e8b0000 - 0x7e9c7000 	C:\windows\system32\comctl32.dll
0x7e800000 - 0x7e8a8000 	C:\windows\system32\msvcrt.dll
0x7e5c0000 - 0x7e5d4000 	C:\windows\system32\imm32.dll
0x7e530000 - 0x7e5b0000 	C:\windows\system32\winex11.drv
0x7e2f0000 - 0x7e321000 	C:\windows\system32\uxtheme.dll
0x72000000 - 0x72012000 	Z:\home\usuario\aplicacoes\java\gerador-java\jet\eclipse\plugins\org.eclipse.equinox.launcher.win32.win32.x86_1.0.3.R33x_v20080118\eclipse_1023.dll
0x6d160000 - 0x6d520000 	Z:\home\usuario\aplicacoes\java\gerador-java\jet\eclipse\jre\bin\client\jvm.dll
0x7e510000 - 0x7e520000 	C:\windows\system32\wsock32.dll
0x7e2c0000 - 0x7e2e9000 	C:\windows\system32\ws2_32.dll
0x7e290000 - 0x7e2b0000 	C:\windows\system32\iphlpapi.dll
0x7e150000 - 0x7e1fe000 	C:\windows\system32\winmm.dll
0x7e000000 - 0x7e146000 	C:\windows\system32\ole32.dll
0x7df80000 - 0x7dfeb000 	C:\windows\system32\rpcrt4.dll
0x7e260000 - 0x7e286000 	C:\windows\system32\msacm32.dll
0x7df60000 - 0x7df6a000 	C:\windows\system32\psapi.dll
0x7dea0000 - 0x7df56000 	C:\windows\system32\msvcr100.dll
0x6efb0000 - 0x6efbc000 	Z:\home\usuario\aplicacoes\java\gerador-java\jet\eclipse\jre\bin\verify.dll
0x6d9f0000 - 0x6da11000 	Z:\home\usuario\aplicacoes\java\gerador-java\jet\eclipse\jre\bin\java.dll
0x6f040000 - 0x6f053000 	Z:\home\usuario\aplicacoes\java\gerador-java\jet\eclipse\jre\bin\zip.dll
0x7dc40000 - 0x7de7b000 	C:\windows\system32\shell32.dll
0x7dbc0000 - 0x7dc2b000 	C:\windows\system32\shlwapi.dll
0x6ed90000 - 0x6eda5000 	Z:\home\usuario\aplicacoes\java\gerador-java\jet\eclipse\jre\bin\net.dll
0x6edb0000 - 0x6edbf000 	Z:\home\usuario\aplicacoes\java\gerador-java\jet\eclipse\jre\bin\nio.dll
0x003b0000 - 0x003ff000 	Z:\home\usuario\aplicacoes\java\gerador-java\jet\eclipse\configuration\org.eclipse.osgi\bundles\350\1\.cp\swt-win32-3349.dll
0x7d920000 - 0x7da00000 	C:\windows\system32\comdlg32.dll
0x7d7d0000 - 0x7d800000 	C:\windows\system32\winspool.drv
0x7d6a0000 - 0x7d7c0000 	C:\windows\system32\oleaut32.dll
0x7d650000 - 0x7d68e000 	C:\windows\system32\usp10.dll
0x7d5e0000 - 0x7d648000 	C:\windows\system32\wininet.dll
0x7d5b0000 - 0x7d5d0000 	C:\windows\system32\mpr.dll
0x13b20000 - 0x13b28000 	Z:\home\usuario\aplicacoes\java\gerador-java\jet\eclipse\configuration\org.eclipse.osgi\bundles\45\1\.cp\os\win32\x86\localfile_1_0_0.dll
0x7cab0000 - 0x7cb00000 	C:\windows\system32\oleacc.dll
0x19420000 - 0x19434000 	Z:\home\usuario\aplicacoes\java\gerador-java\jet\eclipse\configuration\org.eclipse.osgi\bundles\350\1\.cp\swt-gdip-win32-3349.dll
0x7ca20000 - 0x7caa2000 	C:\windows\system32\gdiplus.dll
0x7cc10000 - 0x7cc2b000 	C:\windows\system32\mlang.dll
0x7c480000 - 0x7c490000 	C:\windows\system32\msimg32.dll
0x7db50000 - 0x7dbae000 	C:\windows\system32\dbghelp.dll

VM Arguments:
java_command: <unknown>
java_class_path (initial): Z:\home\usuario\aplicacoes\java\gerador-java\jet\eclipse\plugins\org.eclipse.equinox.launcher_1.0.1.R33x_v20080118.jar
Launcher Type: generic

Environment Variables:
PATH=Z:\home\usuario\aplicacoes\java\gerador-java\jet\eclipse\jre\bin\client;Z:\home\usuario\aplicacoes\java\gerador-java\jet\eclipse\jre\bin;C:\windows\system32;C:\windows;C:\windows\system32\wbem
USERNAME=usuario
SHELL=/bin/bash
DISPLAY=:0
OS=Windows_NT
PROCESSOR_IDENTIFIER=AMD64 Family 6 Model 42 Stepping 7, GenuineIntel



---------------  S Y S T E M  ---------------

OS: Windows 5.1 , 64 bit Build 2600 (5.1.2600.2180)

CPU:total 4 (4 cores per cpu, 1 threads per core) family 6 model 42 stepping 7, cmov, cx8, fxsr, mmx, sse, sse2, sse3, ssse3, sse4.1, sse4.2, popcnt, avx, aes, clmul, tsc, tscinvbit

Memory: 4k page, physical 3930579k(2823823k free), swap 3930580k(2823824k free)

vm_info: Java HotSpot(TM) Client VM (25.40-b25) for windows-x86 JRE (1.8.0_40-b25), built on Feb 10 2015 21:08:16 by "java_re" with MS VC++ 10.0 (VS2010)

time: Mon Sep 10 21:08:58 2018
elapsed time: 102 seconds (0d 0h 1m 42s)

