#
# A fatal error has been detected by the Java Runtime Environment:
#
#  EXCEPTION_ACCESS_VIOLATION (0xc0000005) at pc=0x052d2e84, pid=6000, tid=1336
#
# JRE version: 6.0_31-b05
# Java VM: Java HotSpot(TM) Client VM (20.6-b01 mixed mode, sharing windows-x86 )
# Problematic frame:
# C  0x052d2e84
#
# If you would like to submit a bug report, please visit:
#   http://java.sun.com/webapps/bugreport/crash.jsp
#

---------------  T H R E A D  ---------------

Current thread (0x0198d400):  JavaThread "C1 CompilerThread0" daemon [_thread_in_native, id=1336, stack(0x04080000,0x04180000)]

siginfo: ExceptionCode=0xc0000005, reading address 0xa55c7e4f

Registers:
EAX=0x053563ac, EBX=0x00000000, ECX=0x06851cc0, EDX=0x0531c23f
ESP=0x0417f688, EBP=0x0417f690, ESI=0x0417f6c4, EDI=0x0531c250
EIP=0x052d2e84, EFLAGS=0x00010202

Top of Stack: (sp=0x0417f688)
0x0417f688:   6d9420aa 0417f6c4 0417f6ac 6d9eacfc
0x0417f698:   0531c274 00000000 06e3d0fc 0531c250
0x0417f6a8:   00000320 0417f810 6d9e4de8 0531c250
0x0417f6b8:   06c468b0 06c468b0 00000000 0531c250
0x0417f6c8:   00000001 00000000 00000000 0531c270
0x0417f6d8:   0531c014 0531b3a8 06e65718 06e56ab0
0x0417f6e8:   ffffffff 00000000 0417f748 6d94ee86
0x0417f6f8:   00000060 00c6900b 00c6500b 00c5100b 

Instructions: (pc=0x052d2e84)
0x052d2e64:   1c 84 2b 05 10 4a 14 28 5a bc 01 00 d4 72 25 05
0x052d2e74:   30 4a 14 28 af fe d2 52 cc 08 4d 04 40 4a 14 28
0x052d2e84:   39 2d 4f 7e 5c a5 dc 38 58 4a 14 28 cd 69 db 22
0x052d2e94:   40 46 4d 04 70 4a 14 28 6d 56 eb c2 c0 b6 25 05 


Register to memory mapping:

EAX=0x053563ac is an unknown value
EBX=0x00000000 is an unknown value
ECX=0x06851cc0 is an unknown value
EDX=0x0531c23f is an unknown value
ESP=0x0417f688 is pointing into the stack for thread: 0x0198d400
EBP=0x0417f690 is pointing into the stack for thread: 0x0198d400
ESI=0x0417f6c4 is pointing into the stack for thread: 0x0198d400
EDI=0x0531c250 is an unknown value


Stack: [0x04080000,0x04180000],  sp=0x0417f688,  free space=1021k
Native frames: (J=compiled Java code, j=interpreted, Vv=VM code, C=native code)
C  0x052d2e84
V  [jvm.dll+0x1facfc]
V  [jvm.dll+0x1f4de8]
V  [jvm.dll+0x1f9f4f]
V  [jvm.dll+0x1e3a89]
V  [jvm.dll+0x1e3b1c]
V  [jvm.dll+0x1e3c6f]
V  [jvm.dll+0x1e3ec4]
V  [jvm.dll+0x3dc4d]
V  [jvm.dll+0x3e77f]
V  [jvm.dll+0x118f14]
V  [jvm.dll+0x140ffc]
C  [MSVCR71.dll+0x9565]  endthreadex+0xa0
C  [kernel32.dll+0x4ed6c]  BaseThreadInitThunk+0x12
C  [ntdll.dll+0x6377b]  RtlInitializeExceptionChain+0xef
C  [ntdll.dll+0x6374e]  RtlInitializeExceptionChain+0xc2


Current CompileTask:
C1:  34381 1346      org.eclipse.swt.layout.GridLayout.layout(Lorg/eclipse/swt/widgets/Composite;ZIIIIZ)Lorg/eclipse/swt/graphics/Point; (4410 bytes)


---------------  P R O C E S S  ---------------

Java Threads: ( => current thread )
  0x06daf000 JavaThread "com.metys.merlin.generation.templates.presentation.JETReconciler" daemon [_thread_blocked, id=608, stack(0x08190000,0x08290000)]
  0x06daec00 JavaThread "Worker-5" [_thread_blocked, id=3592, stack(0x07f90000,0x08090000)]
  0x06dae400 JavaThread "Thread-6" [_thread_blocked, id=5924, stack(0x07d90000,0x07e90000)]
  0x06dadc00 JavaThread "Timer-2" [_thread_blocked, id=5952, stack(0x07c90000,0x07d90000)]
  0x06dad800 JavaThread "Timer-1" [_thread_blocked, id=2304, stack(0x07b90000,0x07c90000)]
  0x019ca400 JavaThread "Worker-4" [_thread_blocked, id=4976, stack(0x07a90000,0x07b90000)]
  0x06d0d000 JavaThread "Worker-3" [_thread_blocked, id=3716, stack(0x07990000,0x07a90000)]
  0x019cc400 JavaThread "Timer-0" [_thread_blocked, id=5436, stack(0x05b50000,0x05c50000)]
  0x043d1000 JavaThread "Worker-2" [_thread_blocked, id=844, stack(0x05960000,0x05a60000)]
  0x055d0800 JavaThread "Worker-1" [_thread_blocked, id=3168, stack(0x075d0000,0x076d0000)]
  0x0560a800 JavaThread "com.metys.merlin.generation.templates.presentation.JETReconciler" daemon [_thread_blocked, id=2316, stack(0x074d0000,0x075d0000)]
  0x04415800 JavaThread "Java indexing" daemon [_thread_blocked, id=4608, stack(0x073d0000,0x074d0000)]
  0x0457e800 JavaThread "Worker-0" [_thread_blocked, id=3908, stack(0x05860000,0x05960000)]
  0x04434400 JavaThread "Start Level Event Dispatcher" daemon [_thread_blocked, id=5724, stack(0x05030000,0x05130000)]
  0x04433c00 JavaThread "Framework Event Dispatcher" daemon [_thread_blocked, id=2896, stack(0x04a80000,0x04b80000)]
  0x04433400 JavaThread "State Data Manager" daemon [_thread_blocked, id=1488, stack(0x048b0000,0x049b0000)]
  0x01992000 JavaThread "Low Memory Detector" daemon [_thread_blocked, id=2008, stack(0x04180000,0x04280000)]
=>0x0198d400 JavaThread "C1 CompilerThread0" daemon [_thread_in_native, id=1336, stack(0x04080000,0x04180000)]
  0x0198c400 JavaThread "Attach Listener" daemon [_thread_blocked, id=204, stack(0x03f80000,0x04080000)]
  0x0198b000 JavaThread "Signal Dispatcher" daemon [_thread_blocked, id=6108, stack(0x03e80000,0x03f80000)]
  0x0197d800 JavaThread "Finalizer" daemon [_thread_blocked, id=2788, stack(0x03d80000,0x03e80000)]
  0x0197c400 JavaThread "Reference Handler" daemon [_thread_blocked, id=5216, stack(0x03c80000,0x03d80000)]
  0x01a19000 JavaThread "main" [_thread_in_native, id=3660, stack(0x00030000,0x00130000)]

Other Threads:
  0x0193f800 VMThread [stack: 0x03b80000,0x03c80000] [id=5508]
  0x0199b400 WatcherThread [stack: 0x04280000,0x04380000] [id=3576]

VM state:not at safepoint (normal execution)

VM Mutex/Monitor currently owned by a thread: None

Heap
 def new generation   total 14272K, used 3397K [0x17760000, 0x186d0000, 0x1ccb0000)
  eden space 12736K,  14% used [0x17760000, 0x17931730, 0x183d0000)
  from space 1536K, 100% used [0x18550000, 0x186d0000, 0x186d0000)
  to   space 1536K,   0% used [0x183d0000, 0x183d0000, 0x18550000)
 tenured generation   total 31544K, used 27220K [0x1ccb0000, 0x1eb7e000, 0x27760000)
   the space 31544K,  86% used [0x1ccb0000, 0x1e7452f8, 0x1e745400, 0x1eb7e000)
 compacting perm gen  total 39936K, used 39865K [0x27760000, 0x29e60000, 0x37760000)
   the space 39936K,  99% used [0x27760000, 0x29e4e6e0, 0x29e4e800, 0x29e60000)
    ro space 10240K,  51% used [0x37760000, 0x37c8e318, 0x37c8e400, 0x38160000)
    rw space 12288K,  55% used [0x38160000, 0x387fa088, 0x387fa200, 0x38d60000)

Code Cache  [0x01a70000, 0x01d88000, 0x03a70000)
 total_blobs=1576 nmethods=1372 adapters=138 free_code_cache=30345408 largest_free_block=320

Dynamic libraries:
0x00400000 - 0x0040e000 	C:\GeradorJava\jet\eclipse\eclipse.exe
0x776d0000 - 0x7780c000 	C:\Windows\SYSTEM32\ntdll.dll
0x760b0000 - 0x76184000 	C:\Windows\system32\kernel32.dll
0x75a80000 - 0x75aca000 	C:\Windows\system32\KERNELBASE.dll
0x75d10000 - 0x75dd9000 	C:\Windows\system32\USER32.dll
0x76980000 - 0x769ce000 	C:\Windows\system32\GDI32.dll
0x75b60000 - 0x75b6a000 	C:\Windows\system32\LPK.dll
0x76230000 - 0x762cd000 	C:\Windows\system32\USP10.dll
0x77850000 - 0x778fc000 	C:\Windows\system32\msvcrt.dll
0x659c0000 - 0x65a44000 	C:\Windows\WinSxS\x86_microsoft.windows.common-controls_6595b64144ccf1df_5.82.7601.17514_none_ec83dffa859149af\COMCTL32.dll
0x76190000 - 0x76230000 	C:\Windows\system32\ADVAPI32.dll
0x77820000 - 0x77839000 	C:\Windows\SYSTEM32\sechost.dll
0x77620000 - 0x776c1000 	C:\Windows\system32\RPCRT4.dll
0x763a0000 - 0x763bf000 	C:\Windows\system32\IMM32.DLL
0x763c0000 - 0x7648c000 	C:\Windows\system32\MSCTF.dll
0x72000000 - 0x72012000 	C:\GeradorJava\jet\eclipse\plugins\org.eclipse.equinox.launcher.win32.win32.x86_1.0.3.R33x_v20080118\eclipse_1023.dll
0x74d20000 - 0x74d29000 	C:\Windows\system32\VERSION.dll
0x745b0000 - 0x745f0000 	C:\Windows\system32\uxtheme.dll
0x70f00000 - 0x70f09000 	C:\ProgramData\Real\RealPlayer\BrowserRecordPlugin\Chrome\Hook\rpchrome150browserrecordhelper.dll
0x73920000 - 0x739c3000 	C:\Windows\WinSxS\x86_microsoft.vc90.crt_1fc8b3b9a1e18e3b_9.0.30729.6161_none_50934f2ebcb7eb57\MSVCR90.dll
0x769d0000 - 0x7761a000 	C:\Windows\system32\SHELL32.dll
0x76650000 - 0x766a7000 	C:\Windows\system32\SHLWAPI.dll
0x6d7f0000 - 0x6da9f000 	C:\Program Files\Java\jre6\bin\client\jvm.dll
0x70cd0000 - 0x70d02000 	C:\Windows\system32\WINMM.dll
0x7c340000 - 0x7c396000 	C:\Windows\system32\MSVCR71.dll
0x75790000 - 0x757dc000 	C:\Windows\system32\apphelp.dll
0x6d7a0000 - 0x6d7ac000 	C:\Program Files\Java\jre6\bin\verify.dll
0x6d320000 - 0x6d33f000 	C:\Program Files\Java\jre6\bin\java.dll
0x6d7e0000 - 0x6d7ef000 	C:\Program Files\Java\jre6\bin\zip.dll
0x752e0000 - 0x752f6000 	C:\Windows\system32\CRYPTSP.dll
0x75070000 - 0x750ab000 	C:\Windows\system32\rsaenh.dll
0x74e80000 - 0x74e97000 	C:\Windows\system32\USERENV.dll
0x75860000 - 0x7586b000 	C:\Windows\system32\profapi.dll
0x757e0000 - 0x757ec000 	C:\Windows\system32\CRYPTBASE.dll
0x6d600000 - 0x6d613000 	C:\Program Files\Java\jre6\bin\net.dll
0x762d0000 - 0x76305000 	C:\Windows\system32\WS2_32.dll
0x76010000 - 0x76016000 	C:\Windows\system32\NSI.dll
0x752a0000 - 0x752dc000 	C:\Windows\system32\mswsock.dll
0x75290000 - 0x75296000 	C:\Windows\System32\wship6.dll
0x733c0000 - 0x733d0000 	C:\Windows\system32\NLAapi.dll
0x6bb50000 - 0x6bb60000 	C:\Windows\system32\napinsp.dll
0x6bb30000 - 0x6bb42000 	C:\Windows\system32\pnrpnsp.dll
0x70550000 - 0x70577000 	C:\Program Files\Common Files\Microsoft Shared\Windows Live\WLIDNSP.DLL
0x77810000 - 0x77815000 	C:\Windows\system32\PSAPI.DLL
0x75160000 - 0x751a4000 	C:\Windows\system32\DNSAPI.dll
0x6bb20000 - 0x6bb28000 	C:\Windows\System32\winrnr.dll
0x74db0000 - 0x74db5000 	C:\Windows\System32\wshtcpip.dll
0x71ee0000 - 0x71efc000 	C:\Windows\system32\IPHLPAPI.DLL
0x71ec0000 - 0x71ec7000 	C:\Windows\system32\WINNSI.DLL
0x70540000 - 0x70546000 	C:\Windows\system32\rasadhlp.dll
0x71d90000 - 0x71dc8000 	C:\Windows\System32\fwpuclnt.dll
0x75eb0000 - 0x7600c000 	C:\Windows\system32\ole32.dll
0x76020000 - 0x760a3000 	C:\Windows\system32\CLBCatQ.DLL
0x766b0000 - 0x7673f000 	C:\Windows\system32\OLEAUT32.dll
0x6d620000 - 0x6d629000 	C:\Program Files\Java\jre6\bin\nio.dll
0x10000000 - 0x1004f000 	C:\GeradorJava\jet\eclipse\configuration\org.eclipse.osgi\bundles\334\1\.cp\swt-win32-3349.dll
0x74730000 - 0x748ce000 	C:\Windows\WinSxS\x86_microsoft.windows.common-controls_6595b64144ccf1df_6.0.7601.17514_none_41e6975e2bd6f2b2\COMCTL32.dll
0x75e30000 - 0x75eab000 	C:\Windows\system32\comdlg32.dll
0x76860000 - 0x7697b000 	C:\Windows\system32\WININET.dll
0x77840000 - 0x77843000 	C:\Windows\system32\Normaliz.dll
0x76490000 - 0x76648000 	C:\Windows\system32\iertutil.dll
0x76740000 - 0x76851000 	C:\Windows\system32\urlmon.dll
0x74280000 - 0x74293000 	C:\Windows\system32\dwmapi.dll
0x017e0000 - 0x017e8000 	C:\GeradorJava\jet\eclipse\configuration\org.eclipse.osgi\bundles\36\1\.cp\os\win32\x86\localfile_1_0_0.dll
0x73c70000 - 0x73cac000 	C:\Windows\system32\oleacc.dll
0x04a30000 - 0x04a44000 	C:\GeradorJava\jet\eclipse\configuration\org.eclipse.osgi\bundles\334\1\.cp\swt-gdip-win32-3349.dll
0x74420000 - 0x745b0000 	C:\Windows\WinSxS\x86_microsoft.windows.gdiplus_6595b64144ccf1df_1.1.7601.17514_none_72d18a4386696c80\gdiplus.dll
0x75850000 - 0x7585e000 	C:\Windows\system32\RpcRtRemote.dll
0x736c0000 - 0x736ee000 	C:\Windows\system32\mlang.dll
0x73cf0000 - 0x73cf5000 	C:\Windows\system32\msimg32.dll

VM Arguments:
jvm_args: -XX:MaxPermSize=256M 
java_command: <unknown>
Launcher Type: generic

Environment Variables:
JAVA_HOME=C:\JDK\6_30
PATH=C:\Program Files\Java\jre6\bin\client;C:\Program Files\Java\jre6\bin;C:\Program Files\Common Files\Microsoft Shared\Windows Live;C:\Windows\system32;C:\Windows;C:\Windows\System32\Wbem;C:\Windows\System32\WindowsPowerShell\v1.0\;C:\Program Files\Windows Live\Shared;C:\JDK\6_30\bin;c:\Program Files\Microsoft ASP.NET\ASP.NET Web Pages\v1.0\;C:\Program Files\TortoiseSVN\bin;c:\Program Files\Microsoft SQL Server\100\Tools\Binn\;c:\Program Files\Microsoft SQL Server\100\DTS\Binn\;c:\Program Files\Microsoft SQL Server\100\Tools\Binn\VSShell\Common7\IDE\;C:\Program Files\CVSNT\
USERNAME=Paulo
OS=Windows_NT
PROCESSOR_IDENTIFIER=x86 Family 6 Model 23 Stepping 10, GenuineIntel



---------------  S Y S T E M  ---------------

OS: Windows 7 Build 7601 Service Pack 1

CPU:total 2 (2 cores per cpu, 1 threads per core) family 6 model 23 stepping 10, cmov, cx8, fxsr, mmx, sse, sse2, sse3, ssse3

Memory: 4k page, physical 3135672k(1218936k free), swap 6269588k(3945536k free)

vm_info: Java HotSpot(TM) Client VM (20.6-b01) for windows-x86 JRE (1.6.0_31-b05), built on Feb  3 2012 18:44:09 by "java_re" with MS VC++ 7.1 (VS2003)

time: Mon Apr 16 11:38:40 2012
elapsed time: 34 seconds

