#
# A fatal error has been detected by the Java Runtime Environment:
#
#  EXCEPTION_ACCESS_VIOLATION (0xc0000005) at pc=0x6d9f8f28, pid=296, tid=3196
#
# JRE version: 6.0_31-b05
# Java VM: Java HotSpot(TM) Client VM (20.6-b01 mixed mode, sharing windows-x86 )
# Problematic frame:
# V  [jvm.dll+0x208f28]
#
# If you would like to submit a bug report, please visit:
#   http://java.sun.com/webapps/bugreport/crash.jsp
#

---------------  T H R E A D  ---------------

Current thread (0x016ec000):  JavaThread "C1 CompilerThread0" daemon [_thread_in_native, id=3196, stack(0x03f00000,0x04000000)]

siginfo: ExceptionCode=0xc0000005, reading address 0x081b36c8

Registers:
EAX=0x00000026, EBX=0x00000001, ECX=0x03fff870, EDX=0x6da45c20
ESP=0x03ffef90, EBP=0x03ffef9c, ESI=0x086a9274, EDI=0x081b36b8
EIP=0x6d9f8f28, EFLAGS=0x00010206

Top of Stack: (sp=0x03ffef90)
0x03ffef90:   03fff870 086a9238 086a8ea8 03ffefbc
0x03ffefa0:   6d9f8f8e 00000026 086a9270 00000026
0x03ffefb0:   03fff870 03fff870 086a93a0 03ffefd0
0x03ffefc0:   6d9df857 03fff870 03fff870 086a93a0
0x03ffefd0:   03ffefec 6d9e0f69 03fff870 086bf138
0x03ffefe0:   00000000 03fff868 03fff868 03fff004
0x03ffeff0:   6d9e02c7 086bf138 00000000 03fff868
0x03fff000:   086bef28 03fff020 6d9e0316 03fff850 

Instructions: (pc=0x6d9f8f28)
0x6d9f8f08:   cc cc cc cc cc cc cc cc 55 8b ec 8b 45 08 53 33
0x6d9f8f18:   db 85 c0 7e 36 56 8b 75 0c 57 8b 3e 85 ff 74 1e
0x6d9f8f28:   8b 47 10 83 78 08 07 74 15 8b 4d 14 8b 11 56 ff
0x6d9f8f38:   12 8b 47 10 83 78 04 02 75 04 43 83 c6 04 8b 45 


Register to memory mapping:

EAX=0x00000026 is an unknown value
EBX=0x00000001 is an unknown value
ECX=0x03fff870 is pointing into the stack for thread: 0x016ec000
EDX=0x6da45c20 is an unknown value
ESP=0x03ffef90 is pointing into the stack for thread: 0x016ec000
EBP=0x03ffef9c is pointing into the stack for thread: 0x016ec000
ESI=0x086a9274 is an unknown value
EDI=0x081b36b8 is pointing into the stack for thread: 0x05170400


Stack: [0x03f00000,0x04000000],  sp=0x03ffef90,  free space=1019k
Native frames: (J=compiled Java code, j=interpreted, Vv=VM code, C=native code)
V  [jvm.dll+0x208f28]
V  [jvm.dll+0x208f8e]
V  [jvm.dll+0x1ef857]
V  [jvm.dll+0x1f0f69]
V  [jvm.dll+0x1f02c7]
V  [jvm.dll+0x1f0316]
V  [jvm.dll+0x1f0316]
V  [jvm.dll+0x1f0316]
V  [jvm.dll+0x1f0316]
V  [jvm.dll+0x1f0316]
V  [jvm.dll+0x1f0316]
V  [jvm.dll+0x1f0316]
V  [jvm.dll+0x1f0316]
V  [jvm.dll+0x1f0316]
V  [jvm.dll+0x1f0316]
V  [jvm.dll+0x1f0316]
V  [jvm.dll+0x1f0316]
V  [jvm.dll+0x1f0316]
V  [jvm.dll+0x1f0316]
V  [jvm.dll+0x1f0316]
V  [jvm.dll+0x1f0316]
V  [jvm.dll+0x1f0316]
V  [jvm.dll+0x1f0316]
V  [jvm.dll+0x1f0316]
V  [jvm.dll+0x1f0316]
V  [jvm.dll+0x1f0316]
V  [jvm.dll+0x1f0316]
V  [jvm.dll+0x1f0316]
V  [jvm.dll+0x1f0316]
V  [jvm.dll+0x1f0316]
V  [jvm.dll+0x1f0316]
V  [jvm.dll+0x1f0316]
V  [jvm.dll+0x1f0316]
V  [jvm.dll+0x1f0316]
V  [jvm.dll+0x1f0316]
V  [jvm.dll+0x1f0316]
V  [jvm.dll+0x1f0316]
V  [jvm.dll+0x1f0316]
V  [jvm.dll+0x1f0316]
V  [jvm.dll+0x1f0316]
V  [jvm.dll+0x1f0316]
V  [jvm.dll+0x1f0316]
V  [jvm.dll+0x1f0316]
V  [jvm.dll+0x1f0316]
V  [jvm.dll+0x1f0316]
V  [jvm.dll+0x1f0316]
V  [jvm.dll+0x1f0316]
V  [jvm.dll+0x1f0316]
V  [jvm.dll+0x1f0316]
V  [jvm.dll+0x1f0316]
V  [jvm.dll+0x1f0316]
V  [jvm.dll+0x1f0316]
V  [jvm.dll+0x1f0316]
V  [jvm.dll+0x1f0316]
V  [jvm.dll+0x1f0316]
V  [jvm.dll+0x1f0316]
V  [jvm.dll+0x1f0316]
V  [jvm.dll+0x1f0316]
V  [jvm.dll+0x1f0316]
V  [jvm.dll+0x1f0316]
V  [jvm.dll+0x1f0316]
V  [jvm.dll+0x1f0316]
V  [jvm.dll+0x1f0316]
V  [jvm.dll+0x1f0316]
V  [jvm.dll+0x1f0316]
V  [jvm.dll+0x1f0316]
V  [jvm.dll+0x1f0316]
V  [jvm.dll+0x1f0316]
V  [jvm.dll+0x1f0316]
V  [jvm.dll+0x1f0316]
V  [jvm.dll+0x1f0316]
V  [jvm.dll+0x1f0316]
V  [jvm.dll+0x1f0316]
V  [jvm.dll+0x1f0316]
V  [jvm.dll+0x1f0316]
V  [jvm.dll+0x1f0316]
V  [jvm.dll+0x1f0316]
V  [jvm.dll+0x1f0316]
V  [jvm.dll+0x1f0316]
V  [jvm.dll+0x1f0316]
V  [jvm.dll+0x1f081b]
V  [jvm.dll+0x1e6ee0]
V  [jvm.dll+0x1ef1da]
V  [jvm.dll+0x1f1b81]
V  [jvm.dll+0x1f1c4e]
V  [jvm.dll+0x1e33d3]
V  [jvm.dll+0x1e3a15]
V  [jvm.dll+0x1e3b1c]
V  [jvm.dll+0x1e3c6f]
V  [jvm.dll+0x1e3ec4]
V  [jvm.dll+0x3dc4d]
V  [jvm.dll+0x3e77f]
V  [jvm.dll+0x118f14]
V  [jvm.dll+0x140ffc]
C  [MSVCR71.dll+0x9565]  endthreadex+0xa0
C  [kernel32.dll+0x4ed6c]  BaseThreadInitThunk+0x12
C  [ntdll.dll+0x6377b]  RtlInitializeExceptionChain+0xef
C  [ntdll.dll+0x6374e]  RtlInitializeExceptionChain+0xc2


Current CompileTask:
C1:3051051 2142      org.eclipse.jdt.internal.compiler.ClassFile.completeCodeAttribute(I)V (5026 bytes)


---------------  P R O C E S S  ---------------

Java Threads: ( => current thread )
  0x0516e400 JavaThread "com.metys.merlin.generation.templates.presentation.JETReconciler" daemon [_thread_blocked, id=6092, stack(0x07110000,0x07210000)]
  0x0516f000 JavaThread "Worker-9" [_thread_blocked, id=3600, stack(0x056e0000,0x057e0000)]
  0x05171000 JavaThread "Thread-7" [_thread_blocked, id=1064, stack(0x083a0000,0x084a0000)]
  0x05170c00 JavaThread "Timer-2" [_thread_blocked, id=4824, stack(0x082a0000,0x083a0000)]
  0x05170400 JavaThread "Timer-1" [_thread_blocked, id=5960, stack(0x081a0000,0x082a0000)]
  0x0516f800 JavaThread "Timer-0" [_thread_blocked, id=2864, stack(0x080a0000,0x081a0000)]
  0x0516ec00 JavaThread "Worker-7" [_thread_blocked, id=1212, stack(0x07da0000,0x07ea0000)]
  0x0516e000 JavaThread "Worker-5" [_thread_blocked, id=1244, stack(0x07ba0000,0x07ca0000)]
  0x06ce2000 JavaThread "Worker-1" [_thread_blocked, id=4916, stack(0x057e0000,0x058e0000)]
  0x0425f400 JavaThread "Java indexing" daemon [_thread_blocked, id=2584, stack(0x073d0000,0x074d0000)]
  0x0428e400 JavaThread "Start Level Event Dispatcher" daemon [_thread_blocked, id=4336, stack(0x04dc0000,0x04ec0000)]
  0x0427dc00 JavaThread "Framework Event Dispatcher" daemon [_thread_blocked, id=4360, stack(0x04cc0000,0x04dc0000)]
  0x04286400 JavaThread "State Data Manager" daemon [_thread_blocked, id=2132, stack(0x04bc0000,0x04cc0000)]
  0x016f6000 JavaThread "Low Memory Detector" daemon [_thread_blocked, id=2956, stack(0x04000000,0x04100000)]
=>0x016ec000 JavaThread "C1 CompilerThread0" daemon [_thread_in_native, id=3196, stack(0x03f00000,0x04000000)]
  0x016eb000 JavaThread "Attach Listener" daemon [_thread_blocked, id=3464, stack(0x03e00000,0x03f00000)]
  0x016ea000 JavaThread "Signal Dispatcher" daemon [_thread_blocked, id=5736, stack(0x03d00000,0x03e00000)]
  0x016e1000 JavaThread "Finalizer" daemon [_thread_blocked, id=344, stack(0x03c00000,0x03d00000)]
  0x016dc400 JavaThread "Reference Handler" daemon [_thread_blocked, id=4688, stack(0x03b00000,0x03c00000)]
  0x017f9000 JavaThread "main" [_thread_in_native, id=5408, stack(0x00030000,0x00130000)]

Other Threads:
  0x0169f800 VMThread [stack: 0x03a00000,0x03b00000] [id=1248]
  0x016f7400 WatcherThread [stack: 0x04100000,0x04200000] [id=3140]

VM state:not at safepoint (normal execution)

VM Mutex/Monitor currently owned by a thread: None

Heap
 def new generation   total 22080K, used 3291K [0x17760000, 0x18f50000, 0x1ccb0000)
  eden space 19648K,  10% used [0x17760000, 0x17979e88, 0x18a90000)
  from space 2432K,  46% used [0x18a90000, 0x18bacd78, 0x18cf0000)
  to   space 2432K,   0% used [0x18cf0000, 0x18cf0000, 0x18f50000)
 tenured generation   total 48924K, used 35005K [0x1ccb0000, 0x1fc77000, 0x27760000)
   the space 48924K,  71% used [0x1ccb0000, 0x1eedf738, 0x1eedf800, 0x1fc77000)
 compacting perm gen  total 47104K, used 47036K [0x27760000, 0x2a560000, 0x37760000)
   the space 47104K,  99% used [0x27760000, 0x2a54f1e8, 0x2a54f200, 0x2a560000)
    ro space 10240K,  51% used [0x37760000, 0x37c8e318, 0x37c8e400, 0x38160000)
    rw space 12288K,  55% used [0x38160000, 0x387fa088, 0x387fa200, 0x38d60000)

Code Cache  [0x01800000, 0x01d08000, 0x03800000)
 total_blobs=2375 nmethods=2166 adapters=141 free_code_cache=28315904 largest_free_block=3200

Dynamic libraries:
0x00400000 - 0x0040e000 	C:\GeradorJava\jet\eclipse\eclipse.exe
0x76ee0000 - 0x7701c000 	C:\Windows\SYSTEM32\ntdll.dll
0x75440000 - 0x75514000 	C:\Windows\system32\kernel32.dll
0x75120000 - 0x7516a000 	C:\Windows\system32\KERNELBASE.dll
0x76640000 - 0x76709000 	C:\Windows\system32\USER32.dll
0x76c00000 - 0x76c4e000 	C:\Windows\system32\GDI32.dll
0x76bf0000 - 0x76bfa000 	C:\Windows\system32\LPK.dll
0x769f0000 - 0x76a8d000 	C:\Windows\system32\USP10.dll
0x75390000 - 0x7543c000 	C:\Windows\system32\msvcrt.dll
0x6a3e0000 - 0x6a464000 	C:\Windows\WinSxS\x86_microsoft.windows.common-controls_6595b64144ccf1df_5.82.7601.17514_none_ec83dffa859149af\COMCTL32.dll
0x75780000 - 0x75820000 	C:\Windows\system32\ADVAPI32.dll
0x77020000 - 0x77039000 	C:\Windows\SYSTEM32\sechost.dll
0x75820000 - 0x758c1000 	C:\Windows\system32\RPCRT4.dll
0x75370000 - 0x7538f000 	C:\Windows\system32\IMM32.DLL
0x756b0000 - 0x7577c000 	C:\Windows\system32\MSCTF.dll
0x72000000 - 0x72012000 	C:\GeradorJava\jet\eclipse\plugins\org.eclipse.equinox.launcher.win32.win32.x86_1.0.3.R33x_v20080118\eclipse_1023.dll
0x74530000 - 0x74539000 	C:\Windows\system32\VERSION.dll
0x74120000 - 0x74160000 	C:\Windows\system32\uxtheme.dll
0x68a90000 - 0x68a99000 	C:\ProgramData\Real\RealPlayer\BrowserRecordPlugin\Chrome\Hook\rpchrome150browserrecordhelper.dll
0x70fb0000 - 0x71053000 	C:\Windows\WinSxS\x86_microsoft.vc90.crt_1fc8b3b9a1e18e3b_9.0.30729.6161_none_50934f2ebcb7eb57\MSVCR90.dll
0x758d0000 - 0x7651a000 	C:\Windows\system32\SHELL32.dll
0x76c50000 - 0x76ca7000 	C:\Windows\system32\SHLWAPI.dll
0x6d7f0000 - 0x6da9f000 	C:\Program Files\Java\jre6\bin\client\jvm.dll
0x70250000 - 0x70282000 	C:\Windows\system32\WINMM.dll
0x7c340000 - 0x7c396000 	C:\Windows\system32\MSVCR71.dll
0x74f70000 - 0x74fbc000 	C:\Windows\system32\apphelp.dll
0x6d7a0000 - 0x6d7ac000 	C:\Program Files\Java\jre6\bin\verify.dll
0x6d320000 - 0x6d33f000 	C:\Program Files\Java\jre6\bin\java.dll
0x6d7e0000 - 0x6d7ef000 	C:\Program Files\Java\jre6\bin\zip.dll
0x74af0000 - 0x74b06000 	C:\Windows\system32\CRYPTSP.dll
0x74890000 - 0x748cb000 	C:\Windows\system32\rsaenh.dll
0x74690000 - 0x746a7000 	C:\Windows\system32\USERENV.dll
0x75070000 - 0x7507b000 	C:\Windows\system32\profapi.dll
0x74fc0000 - 0x74fcc000 	C:\Windows\system32\CRYPTBASE.dll
0x6d600000 - 0x6d613000 	C:\Program Files\Java\jre6\bin\net.dll
0x770d0000 - 0x77105000 	C:\Windows\system32\WS2_32.dll
0x76d20000 - 0x76d26000 	C:\Windows\system32\NSI.dll
0x74ab0000 - 0x74aec000 	C:\Windows\system32\mswsock.dll
0x74aa0000 - 0x74aa6000 	C:\Windows\System32\wship6.dll
0x742c0000 - 0x742d0000 	C:\Windows\system32\NLAapi.dll
0x6eae0000 - 0x6eaf0000 	C:\Windows\system32\napinsp.dll
0x6eac0000 - 0x6ead2000 	C:\Windows\system32\pnrpnsp.dll
0x704f0000 - 0x70517000 	C:\Program Files\Common Files\Microsoft Shared\Windows Live\WLIDNSP.DLL
0x76d10000 - 0x76d15000 	C:\Windows\system32\PSAPI.DLL
0x74970000 - 0x749b4000 	C:\Windows\system32\DNSAPI.dll
0x6eab0000 - 0x6eab8000 	C:\Windows\System32\winrnr.dll
0x745c0000 - 0x745c5000 	C:\Windows\System32\wshtcpip.dll
0x72e90000 - 0x72eac000 	C:\Windows\system32\IPHLPAPI.DLL
0x72e80000 - 0x72e87000 	C:\Windows\system32\WINNSI.DLL
0x70240000 - 0x70246000 	C:\Windows\system32\rasadhlp.dll
0x716b0000 - 0x716e8000 	C:\Windows\System32\fwpuclnt.dll
0x75550000 - 0x756ac000 	C:\Windows\system32\ole32.dll
0x76b10000 - 0x76b93000 	C:\Windows\system32\CLBCatQ.DLL
0x77040000 - 0x770cf000 	C:\Windows\system32\OLEAUT32.dll
0x6d620000 - 0x6d629000 	C:\Program Files\Java\jre6\bin\nio.dll
0x10000000 - 0x1004f000 	C:\GeradorJava\jet\eclipse\configuration\org.eclipse.osgi\bundles\334\1\.cp\swt-win32-3349.dll
0x731e0000 - 0x7337e000 	C:\Windows\WinSxS\x86_microsoft.windows.common-controls_6595b64144ccf1df_6.0.7601.17514_none_41e6975e2bd6f2b2\COMCTL32.dll
0x76a90000 - 0x76b0b000 	C:\Windows\system32\comdlg32.dll
0x76520000 - 0x7663b000 	C:\Windows\system32\WININET.dll
0x76d30000 - 0x76d33000 	C:\Windows\system32\Normaliz.dll
0x76710000 - 0x768c8000 	C:\Windows\system32\iertutil.dll
0x768d0000 - 0x769e1000 	C:\Windows\system32\urlmon.dll
0x73b20000 - 0x73b33000 	C:\Windows\system32\dwmapi.dll
0x04710000 - 0x04718000 	C:\GeradorJava\jet\eclipse\configuration\org.eclipse.osgi\bundles\36\1\.cp\os\win32\x86\localfile_1_0_0.dll
0x72b10000 - 0x72b4c000 	C:\Windows\system32\oleacc.dll
0x063d0000 - 0x063e4000 	C:\GeradorJava\jet\eclipse\configuration\org.eclipse.osgi\bundles\334\1\.cp\swt-gdip-win32-3349.dll
0x73050000 - 0x731e0000 	C:\Windows\WinSxS\x86_microsoft.windows.gdiplus_6595b64144ccf1df_1.1.7601.17514_none_72d18a4386696c80\gdiplus.dll
0x75060000 - 0x7506e000 	C:\Windows\system32\RpcRtRemote.dll
0x70b90000 - 0x70bbe000 	C:\Windows\system32\mlang.dll
0x72a50000 - 0x72a55000 	C:\Windows\system32\msimg32.dll

VM Arguments:
jvm_args: -XX:MaxPermSize=256M 
java_command: <unknown>
Launcher Type: generic

Environment Variables:
JAVA_HOME=C:\JDK\6_30
PATH=C:\Program Files\Java\jre6\bin\client;C:\Program Files\Java\jre6\bin;C:\Program Files\Common Files\Microsoft Shared\Windows Live;C:\Windows\system32;C:\Windows;C:\Windows\System32\Wbem;C:\Windows\System32\WindowsPowerShell\v1.0\;C:\Program Files\Windows Live\Shared;C:\JDK\6_30\bin;c:\Program Files\Microsoft ASP.NET\ASP.NET Web Pages\v1.0\;C:\Program Files\TortoiseSVN\bin;c:\Program Files\Microsoft SQL Server\100\Tools\Binn\;c:\Program Files\Microsoft SQL Server\100\DTS\Binn\;c:\Program Files\Microsoft SQL Server\100\Tools\Binn\VSShell\Common7\IDE\;C:\Program Files\CVSNT\
USERNAME=Paulo
OS=Windows_NT
PROCESSOR_IDENTIFIER=x86 Family 6 Model 23 Stepping 10, GenuineIntel



---------------  S Y S T E M  ---------------

OS: Windows 7 Build 7601 Service Pack 1

CPU:total 2 (2 cores per cpu, 1 threads per core) family 6 model 23 stepping 10, cmov, cx8, fxsr, mmx, sse, sse2, sse3, ssse3

Memory: 4k page, physical 3135672k(937700k free), swap 6269588k(3623036k free)

vm_info: Java HotSpot(TM) Client VM (20.6-b01) for windows-x86 JRE (1.6.0_31-b05), built on Feb  3 2012 18:44:09 by "java_re" with MS VC++ 7.1 (VS2003)

time: Tue May 22 11:18:04 2012
elapsed time: 3050 seconds

