#
# A fatal error has been detected by the Java Runtime Environment:
#
#  EXCEPTION_ACCESS_VIOLATION (0xc0000005) at pc=0x6d928650, pid=2012, tid=3760
#
# JRE version: 6.0_30-b12
# Java VM: Java HotSpot(TM) Client VM (20.5-b03 mixed mode, sharing windows-x86 )
# Problematic frame:
# V  [jvm.dll+0x138650]
#
# If you would like to submit a bug report, please visit:
#   http://java.sun.com/webapps/bugreport/crash.jsp
#

---------------  T H R E A D  ---------------

Current thread (0x01c1f800):  VMThread [stack: 0x03e90000,0x03f90000] [id=3760]

siginfo: ExceptionCode=0xc0000005, reading address 0x15010ce4

Registers:
EAX=0x1d9dd030, EBX=0x00000004, ECX=0x280737d8, EDX=0x15010c84
ESP=0x03f8f924, EBP=0x03f8f93c, ESI=0x000003fe, EDI=0x28432440
EIP=0x6d928650, EFLAGS=0x00010206

Top of Stack: (sp=0x03f8f924)
0x03f8f924:   1d9dd030 6da60f08 38b22440 01bccce8
0x03f8f934:   00000003 03f8f948 03f8f948 6d9289e2
0x03f8f944:   6da60f08 03f8f95c 6d8599a4 6da6f158
0x03f8f954:   6da60f08 01bccce8 03f8f978 6d855e79
0x03f8f964:   6da60f08 00000000 6da60f08 6da60f08
0x03f8f974:   01bccce8 03f8f9b8 6d8502a0 00000001
0x03f8f984:   00000001 00000002 6da60f08 03f8f9a4
0x03f8f994:   6da60f08 00000001 01bccce8 03f8fb00 

Instructions: (pc=0x6d928650)
0x6d928630:   6d 23 f0 29 35 44 0e a6 6d 8b c7 eb 09 48 a3 40
0x6d928640:   0e a6 6d 8b 04 81 8b 48 04 8b 51 08 83 c1 08 50
0x6d928650:   ff 52 60 8b 0d 4c 0e a6 6d 85 c9 0f 85 4f ff ff
0x6d928660:   ff a1 b8 0e a6 6d 85 c0 0f 84 ba 00 00 00 8b 15 


Register to memory mapping:

EAX=0x1d9dd030 is an oop

[error occurred during error reporting (printing register info), id 0xc0000005]

Stack: [0x03e90000,0x03f90000],  sp=0x03f8f924,  free space=1022k
Native frames: (J=compiled Java code, j=interpreted, Vv=VM code, C=native code)
V  [jvm.dll+0x138650]
V  [jvm.dll+0x1389e2]
V  [jvm.dll+0x699a4]
V  [jvm.dll+0x65e79]
V  [jvm.dll+0x602a0]
V  [jvm.dll+0x620a0]
V  [jvm.dll+0x62500]
V  [jvm.dll+0x6109a]
V  [jvm.dll+0x68462]
V  [jvm.dll+0x5fcf8]
V  [jvm.dll+0x600f1]
V  [jvm.dll+0x13b0f0]
V  [jvm.dll+0x11d8d3]
V  [jvm.dll+0x11cb9e]
V  [jvm.dll+0x11cec2]
V  [jvm.dll+0x11d2d2]
V  [jvm.dll+0x140ffc]
C  [MSVCR71.dll+0x9565]  endthreadex+0xa0
C  [kernel32.dll+0x51114]  BaseThreadInitThunk+0x12
C  [ntdll.dll+0x5b299]  RtlInitializeExceptionChain+0x63
C  [ntdll.dll+0x5b26c]  RtlInitializeExceptionChain+0x36

VM_Operation (0x001290f8): GenCollectForPermanentAllocation, mode: safepoint, requested by thread 0x01c01c00


---------------  P R O C E S S  ---------------

Java Threads: ( => current thread )
  0x05992400 JavaThread "Thread-2" [_thread_blocked, id=2040, stack(0x06180000,0x06280000)]
  0x0488cc00 JavaThread "Thread-1" [_thread_blocked, id=3492, stack(0x06080000,0x06180000)]
  0x05917400 JavaThread "Worker-0" [_thread_blocked, id=3316, stack(0x05f80000,0x06080000)]
  0x0475d400 JavaThread "Start Level Event Dispatcher" daemon [_thread_blocked, id=3320, stack(0x052e0000,0x053e0000)]
  0x0475cc00 JavaThread "Framework Event Dispatcher" daemon [_thread_blocked, id=3748, stack(0x051e0000,0x052e0000)]
  0x0475a400 JavaThread "State Data Manager" daemon [_thread_blocked, id=3636, stack(0x050e0000,0x051e0000)]
  0x01c77400 JavaThread "Low Memory Detector" daemon [_thread_blocked, id=3780, stack(0x04490000,0x04590000)]
  0x01c6ac00 JavaThread "C1 CompilerThread0" daemon [_thread_blocked, id=3776, stack(0x04390000,0x04490000)]
  0x01c69c00 JavaThread "Attach Listener" daemon [_thread_blocked, id=3700, stack(0x04290000,0x04390000)]
  0x01c68c00 JavaThread "Signal Dispatcher" daemon [_thread_blocked, id=3392, stack(0x04190000,0x04290000)]
  0x01c60c00 JavaThread "Finalizer" daemon [_thread_blocked, id=3900, stack(0x04090000,0x04190000)]
  0x01c5c000 JavaThread "Reference Handler" daemon [_thread_blocked, id=3884, stack(0x03f90000,0x04090000)]
  0x01c01c00 JavaThread "main" [_thread_blocked, id=3580, stack(0x00030000,0x00130000)]

Other Threads:
=>0x01c1f800 VMThread [stack: 0x03e90000,0x03f90000] [id=3760]
  0x01c80400 WatcherThread [stack: 0x04590000,0x04690000] [id=3876]

VM state:at safepoint (normal execution)

VM Mutex/Monitor currently owned by a thread:  ([mutex/lock_event])
[0x01bc7618] Threads_lock - owner thread: 0x01c1f800
[0x01bc7a28] Heap_lock - owner thread: 0x01c01c00

Heap
 def new generation   total 4928K, used 1959K [0x17b00000, 0x18050000, 0x1d050000)
  eden space 4416K,  32% used [0x17b00000, 0x17c69c88, 0x17f50000)
  from space 512K, 100% used [0x17f50000, 0x17fd0000, 0x17fd0000)
  to   space 512K,   0% used [0x17fd0000, 0x17fd0000, 0x18050000)
 tenured generation   total 10944K, used 10506K [0x1d050000, 0x1db00000, 0x27b00000)
   the space 10944K,  95% used [0x1d050000, 0x1da928d8, 0x1da92a00, 0x1db00000)
 compacting perm gen  total 16384K, used 16383K [0x27b00000, 0x28b00000, 0x37b00000)
   the space 16384K,  99% used [0x27b00000, 0x28afffd8, 0x28b00000, 0x28b00000)
    ro space 10240K,  51% used [0x37b00000, 0x3802da30, 0x3802dc00, 0x38500000)
    rw space 12288K,  55% used [0x38500000, 0x38b99b50, 0x38b99c00, 0x39100000)

Code Cache  [0x01cf0000, 0x01e98000, 0x03cf0000)
 total_blobs=840 nmethods=668 adapters=107 free_code_cache=31838592 largest_free_block=2880

Dynamic libraries:
0x00400000 - 0x0040e000 	C:\GeradorJava\jet\eclipse\eclipse.exe
0x76ed0000 - 0x7700c000 	C:\Windows\SYSTEM32\ntdll.dll
0x75420000 - 0x754f4000 	C:\Windows\system32\kernel32.dll
0x752e0000 - 0x7532a000 	C:\Windows\system32\KERNELBASE.dll
0x75670000 - 0x75739000 	C:\Windows\system32\USER32.dll
0x75620000 - 0x7566e000 	C:\Windows\system32\GDI32.dll
0x75900000 - 0x7590a000 	C:\Windows\system32\LPK.dll
0x75360000 - 0x753fd000 	C:\Windows\system32\USP10.dll
0x77040000 - 0x770ec000 	C:\Windows\system32\msvcrt.dll
0x70f50000 - 0x70fd4000 	C:\Windows\WinSxS\x86_microsoft.windows.common-controls_6595b64144ccf1df_5.82.7600.16661_none_ebfb56996c72aefc\COMCTL32.dll
0x757c0000 - 0x75860000 	C:\Windows\system32\ADVAPI32.dll
0x77020000 - 0x77039000 	C:\Windows\SYSTEM32\sechost.dll
0x75f80000 - 0x76021000 	C:\Windows\system32\RPCRT4.dll
0x75400000 - 0x7541f000 	C:\Windows\system32\IMM32.DLL
0x75950000 - 0x75a1c000 	C:\Windows\system32\MSCTF.dll
0x72000000 - 0x72012000 	C:\GeradorJava\jet\eclipse\plugins\org.eclipse.equinox.launcher.win32.win32.x86_1.0.3.R33x_v20080118\eclipse_1023.dll
0x74400000 - 0x74409000 	C:\Windows\system32\VERSION.dll
0x73d40000 - 0x73d80000 	C:\Windows\system32\uxtheme.dll
0x73850000 - 0x73859000 	C:\ProgramData\Real\RealPlayer\BrowserRecordPlugin\Chrome\Hook\rpchrome150browserrecordhelper.dll
0x6b560000 - 0x6b603000 	C:\Windows\WinSxS\x86_microsoft.vc90.crt_1fc8b3b9a1e18e3b_9.0.30729.6161_none_50934f2ebcb7eb57\MSVCR90.dll
0x76280000 - 0x76ec9000 	C:\Windows\system32\SHELL32.dll
0x75dd0000 - 0x75e27000 	C:\Windows\system32\SHLWAPI.dll
0x6d7f0000 - 0x6da9f000 	C:\Program Files\Java\jre6\bin\client\jvm.dll
0x72b00000 - 0x72b32000 	C:\Windows\system32\WINMM.dll
0x7c340000 - 0x7c396000 	C:\Windows\system32\MSVCR71.dll
0x74f90000 - 0x74fdb000 	C:\Windows\system32\apphelp.dll
0x6d7a0000 - 0x6d7ac000 	C:\Program Files\Java\jre6\bin\verify.dll
0x6d320000 - 0x6d33f000 	C:\Program Files\Java\jre6\bin\java.dll
0x6d7e0000 - 0x6d7ef000 	C:\Program Files\Java\jre6\bin\zip.dll
0x74ae0000 - 0x74af6000 	C:\Windows\system32\CRYPTSP.dll
0x74870000 - 0x748ab000 	C:\Windows\system32\rsaenh.dll
0x74680000 - 0x74697000 	C:\Windows\system32\USERENV.dll
0x75060000 - 0x7506b000 	C:\Windows\system32\profapi.dll
0x74fe0000 - 0x74fec000 	C:\Windows\system32\CRYPTBASE.dll
0x6d600000 - 0x6d613000 	C:\Program Files\Java\jre6\bin\net.dll
0x75910000 - 0x75945000 	C:\Windows\system32\WS2_32.dll
0x770f0000 - 0x770f6000 	C:\Windows\system32\NSI.dll
0x74aa0000 - 0x74adc000 	C:\Windows\system32\mswsock.dll
0x74a80000 - 0x74a86000 	C:\Windows\System32\wship6.dll
0x72ac0000 - 0x72ad0000 	C:\Windows\system32\NLAapi.dll
0x74950000 - 0x74994000 	C:\Windows\system32\DNSAPI.dll
0x6edf0000 - 0x6edf8000 	C:\Windows\System32\winrnr.dll
0x6ecf0000 - 0x6ed00000 	C:\Windows\system32\napinsp.dll
0x6ecd0000 - 0x6ece2000 	C:\Windows\system32\pnrpnsp.dll
0x6edc0000 - 0x6ede7000 	C:\Program Files\Common Files\Microsoft Shared\Windows Live\WLIDNSP.DLL
0x77010000 - 0x77015000 	C:\Windows\system32\PSAPI.DLL
0x745b0000 - 0x745b5000 	C:\Windows\System32\wshtcpip.dll
0x72600000 - 0x7261c000 	C:\Windows\system32\IPHLPAPI.DLL
0x725f0000 - 0x725f7000 	C:\Windows\system32\WINNSI.DLL
0x6ee20000 - 0x6ee26000 	C:\Windows\system32\rasadhlp.dll
0x724f0000 - 0x72528000 	C:\Windows\System32\fwpuclnt.dll
0x75a70000 - 0x75bcc000 	C:\Windows\system32\ole32.dll
0x6d620000 - 0x6d629000 	C:\Program Files\Java\jre6\bin\nio.dll
0x75860000 - 0x758ef000 	C:\Windows\system32\OLEAUT32.DLL
0x10000000 - 0x1004f000 	C:\GeradorJava\jet\eclipse\configuration\org.eclipse.osgi\bundles\334\1\.cp\swt-win32-3349.dll
0x73ec0000 - 0x7405e000 	C:\Windows\WinSxS\x86_microsoft.windows.common-controls_6595b64144ccf1df_6.0.7600.16661_none_420fe3fa2b8113bd\COMCTL32.dll
0x75740000 - 0x757bb000 	C:\Windows\system32\comdlg32.dll
0x75e60000 - 0x75f7b000 	C:\Windows\system32\WININET.dll
0x758f0000 - 0x758f3000 	C:\Windows\system32\Normaliz.dll
0x760c0000 - 0x76278000 	C:\Windows\system32\iertutil.dll
0x75500000 - 0x75611000 	C:\Windows\system32\urlmon.dll
0x73a10000 - 0x73a23000 	C:\Windows\system32\dwmapi.dll
0x01380000 - 0x01388000 	C:\GeradorJava\jet\eclipse\configuration\org.eclipse.osgi\bundles\36\1\.cp\os\win32\x86\localfile_1_0_0.dll
0x735a0000 - 0x735dc000 	C:\Windows\system32\oleacc.dll
0x05740000 - 0x05754000 	C:\GeradorJava\jet\eclipse\configuration\org.eclipse.osgi\bundles\334\1\.cp\swt-gdip-win32-3349.dll
0x73bb0000 - 0x73d40000 	C:\Windows\WinSxS\x86_microsoft.windows.gdiplus_6595b64144ccf1df_1.1.7600.17007_none_72f44f3186198a88\gdiplus.dll
0x75050000 - 0x7505e000 	C:\Windows\system32\RpcRtRemote.dll

VM Arguments:
jvm_args: -XX:MaxPermSize=256M 
java_command: <unknown>
Launcher Type: generic

Environment Variables:
JAVA_HOME=C:\JDK\jdk1.6.0_30
PATH=C:\Program Files\Java\jre6\bin\client;C:\Program Files\Java\jre6\bin;C:\Program Files\Common Files\Microsoft Shared\Windows Live;C:\Windows\system32;C:\Windows;C:\Windows\System32\Wbem;C:\Windows\System32\WindowsPowerShell\v1.0\;C:\Program Files\Microsoft\Web Platform Installer\;c:\Program Files\Microsoft ASP.NET\ASP.NET Web Pages\v1.0\;C:\Program Files\Windows Live\Shared;C:\Android-SDK - Old\platform-tools
USERNAME=Paulo
OS=Windows_NT
PROCESSOR_IDENTIFIER=x86 Family 6 Model 23 Stepping 10, GenuineIntel



---------------  S Y S T E M  ---------------

OS: Windows 7 Build 7600 

CPU:total 2 (2 cores per cpu, 1 threads per core) family 6 model 23 stepping 10, cmov, cx8, fxsr, mmx, sse, sse2, sse3, ssse3

Memory: 4k page, physical 3135672k(2108724k free), swap 6269580k(5140884k free)

vm_info: Java HotSpot(TM) Client VM (20.5-b03) for windows-x86 JRE (1.6.0_30-b12), built on Nov 10 2011 01:51:00 by "java_re" with MS VC++ 7.1 (VS2003)

time: Sat Oct 27 19:53:57 2012
elapsed time: 4 seconds

