#
# A fatal error has been detected by the Java Runtime Environment:
#
#  EXCEPTION_ACCESS_VIOLATION (0xc0000005) at pc=0x6d992404, pid=3408, tid=11684
#
# JRE version: 7.0_09-b05
# Java VM: Java HotSpot(TM) Client VM (23.5-b02 mixed mode, sharing windows-x86 )
# Problematic frame:
# V  [jvm.dll+0xa2404]
#
# Failed to write core dump. Minidumps are not enabled by default on client versions of Windows
#
# If you would like to submit a bug report, please visit:
#   http://bugreport.sun.com/bugreport/crash.jsp
#

---------------  T H R E A D  ---------------

Current thread (0x020dac00):  JavaThread "main" [_thread_in_vm, id=11684, stack(0x00030000,0x00130000)]

siginfo: ExceptionCode=0xc0000005, reading address 0x38a23798

Registers:
EAX=0x38a23790, EBX=0x000000fc, ECX=0x38a23790, EDX=0x38a23791
ESP=0x0012ed38, EBP=0x0012ed50, ESI=0x38a23790, EDI=0x000000b6
EIP=0x6d992404, EFLAGS=0x00010206

Top of Stack: (sp=0x0012ed38)
0x0012ed38:   000000b6 020dac00 6d9c7a38 000000b6
0x0012ed48:   0012ee08 000000fc 0012ed8c 734b2f7b
0x0012ed58:   020dac00 01c143b8 000000fc 0481e33c
0x0012ed68:   00000054 0012ee08 00000000 0481e324
0x0012ed78:   04798ae4 000000fc 000000b6 01c143b8
0x0012ed88:   020dad28 0012edc0 734b4bd3 0000002c
0x0012ed98:   00000054 04798b12 0012ee08 0000000b
0x0012eda8:   00000003 047d8bf4 04798b12 020dad28 

Instructions: (pc=0x6d992404)
0x6d9923e4:   5e 5f 5d c2 08 00 8b 45 08 5f 5d c2 08 00 cc cc
0x6d9923f4:   cc cc cc cc cc cc cc cc cc cc cc cc 56 57 8b f1
0x6d992404:   0f b7 7e 08 47 57 e8 f1 eb fc ff 83 c4 04 85 ff
0x6d992414:   7e 2b 0f b7 4e 08 8d 57 ff 3b d1 7c 02 8b d1 33 


Register to memory mapping:

EAX=0x38a23790 is an unknown value
EBX=0x000000fc is an unknown value
ECX=0x38a23790 is an unknown value
EDX=0x38a23791 is an unknown value
ESP=0x0012ed38 is pointing into the stack for thread: 0x020dac00
EBP=0x0012ed50 is pointing into the stack for thread: 0x020dac00
ESI=0x38a23790 is an unknown value
EDI=0x000000b6 is an unknown value


Stack: [0x00030000,0x00130000],  sp=0x0012ed38,  free space=1019k
Native frames: (J=compiled Java code, j=interpreted, Vv=VM code, C=native code)
V  [jvm.dll+0xa2404]
C  [verify.dll+0x2f7b]
C  [verify.dll+0x4bd3]
C  [verify.dll+0x4f32]  VerifyClassForMajorVersion+0x2b2

Java frames: (J=compiled Java code, j=interpreted, Vv=VM code)
j  org.eclipse.osgi.baseadaptor.BaseData.getEntry(Ljava/lang/String;)Ljava/net/URL;+67
j  org.eclipse.osgi.framework.internal.core.AbstractBundle.getEntry(Ljava/lang/String;)Ljava/net/URL;+32
j  org.eclipse.osgi.framework.internal.core.Framework.findInSystemBundle(Ljava/lang/String;)Ljava/net/URL;+5
j  org.eclipse.osgi.framework.internal.core.Framework.findNextBestProfile(Ljava/lang/String;Lorg/osgi/framework/Version;)Ljava/net/URL;+47
j  org.eclipse.osgi.framework.internal.core.Framework.getNextBestProfile(Ljava/lang/String;Lorg/osgi/framework/Version;)Ljava/net/URL;+23
j  org.eclipse.osgi.framework.internal.core.Framework.findVMProfile()Ljava/util/Properties;+370
j  org.eclipse.osgi.framework.internal.core.Framework.loadVMProfile()V+1
j  org.eclipse.osgi.framework.internal.core.Framework.initialize(Lorg/eclipse/osgi/framework/adaptor/FrameworkAdaptor;)V+399
j  org.eclipse.osgi.framework.internal.core.Framework.<init>(Lorg/eclipse/osgi/framework/adaptor/FrameworkAdaptor;)V+56
j  org.eclipse.osgi.framework.internal.core.OSGi.createFramework(Lorg/eclipse/osgi/framework/adaptor/FrameworkAdaptor;)Lorg/eclipse/osgi/framework/internal/core/Framework;+5
j  org.eclipse.osgi.framework.internal.core.OSGi.<init>(Lorg/eclipse/osgi/framework/adaptor/FrameworkAdaptor;)V+7
j  org.eclipse.core.runtime.adaptor.EclipseStarter.startup([Ljava/lang/String;Ljava/lang/Runnable;)Lorg/osgi/framework/BundleContext;+104
j  org.eclipse.core.runtime.adaptor.EclipseStarter.run([Ljava/lang/String;Ljava/lang/Runnable;)Ljava/lang/Object;+34
v  ~StubRoutines::call_stub
j  sun.reflect.NativeMethodAccessorImpl.invoke0(Ljava/lang/reflect/Method;Ljava/lang/Object;[Ljava/lang/Object;)Ljava/lang/Object;+0
j  sun.reflect.NativeMethodAccessorImpl.invoke(Ljava/lang/Object;[Ljava/lang/Object;)Ljava/lang/Object;+87
j  sun.reflect.DelegatingMethodAccessorImpl.invoke(Ljava/lang/Object;[Ljava/lang/Object;)Ljava/lang/Object;+6
j  java.lang.reflect.Method.invoke(Ljava/lang/Object;[Ljava/lang/Object;)Ljava/lang/Object;+57
j  org.eclipse.equinox.launcher.Main.invokeFramework([Ljava/lang/String;[Ljava/net/URL;)V+210
j  org.eclipse.equinox.launcher.Main.basicRun([Ljava/lang/String;)V+114
j  org.eclipse.equinox.launcher.Main.run([Ljava/lang/String;)I+4
v  ~StubRoutines::call_stub

---------------  P R O C E S S  ---------------

Java Threads: ( => current thread )
  0x01c37800 JavaThread "Service Thread" daemon [_thread_blocked, id=22684, stack(0x044e0000,0x045e0000)]
  0x01c2d400 JavaThread "C1 CompilerThread0" daemon [_thread_blocked, id=11156, stack(0x043e0000,0x044e0000)]
  0x01c2c000 JavaThread "Attach Listener" daemon [_thread_blocked, id=22292, stack(0x042e0000,0x043e0000)]
  0x01c28c00 JavaThread "Signal Dispatcher" daemon [_thread_blocked, id=8396, stack(0x041e0000,0x042e0000)]
  0x01c19400 JavaThread "Finalizer" daemon [_thread_blocked, id=8532, stack(0x040e0000,0x041e0000)]
  0x01c14800 JavaThread "Reference Handler" daemon [_thread_blocked, id=3028, stack(0x01f00000,0x02000000)]
=>0x020dac00 JavaThread "main" [_thread_in_vm, id=11684, stack(0x00030000,0x00130000)]

Other Threads:
  0x01c12400 VMThread [stack: 0x01d30000,0x01e30000] [id=22884]
  0x01c41400 WatcherThread [stack: 0x045e0000,0x046e0000] [id=8388]

VM state:not at safepoint (normal execution)

VM Mutex/Monitor currently owned by a thread: None

Heap
 def new generation   total 4928K, used 977K [0x23820000, 0x23d70000, 0x28d70000)
  eden space 4416K,  10% used [0x23820000, 0x238947f0, 0x23c70000)
  from space 512K, 100% used [0x23c70000, 0x23cf0000, 0x23cf0000)
  to   space 512K,   0% used [0x23cf0000, 0x23cf0000, 0x23d70000)
 tenured generation   total 10944K, used 1716K [0x28d70000, 0x29820000, 0x33820000)
   the space 10944K,  15% used [0x28d70000, 0x28f1d340, 0x28f1d400, 0x29820000)
 compacting perm gen  total 12288K, used 1535K [0x33820000, 0x34420000, 0x37820000)
   the space 12288K,  12% used [0x33820000, 0x3399fc80, 0x3399fe00, 0x34420000)
    ro space 10240K,  42% used [0x37820000, 0x37c60348, 0x37c60400, 0x38220000)
    rw space 12288K,  54% used [0x38220000, 0x388a06f0, 0x388a0800, 0x38e20000)

Card table byte_map: [0x01400000,0x014b0000] byte_map_base: 0x012e3f00

Polling page: 0x002e0000

Code Cache  [0x020e0000, 0x021b8000, 0x040e0000)
 total_blobs=317 nmethods=170 adapters=82 free_code_cache=31932Kb largest_free_block=32698944

Compilation events (10 events):
Event: 0.285 Thread 0x01c2d400  166             java.util.ArrayList::rangeCheck (22 bytes)
Event: 0.285 Thread 0x01c2d400 nmethod 166 0x021ac448 code [0x021ac5a0, 0x021ac868]
Event: 0.285 Thread 0x01c2d400  167             java.util.ArrayList::elementData (7 bytes)
Event: 0.285 Thread 0x01c2d400 nmethod 167 0x021acb08 code [0x021acc00, 0x021acca0]
Event: 0.290 Thread 0x01c2d400  168             java.lang.ref.Reference::<init> (25 bytes)
Event: 0.291 Thread 0x01c2d400 nmethod 168 0x021acd48 code [0x021ace40, 0x021acef0]
Event: 0.318 Thread 0x01c2d400  169             sun.nio.cs.UTF_8$Decoder::decodeArrayLoop (543 bytes)
Event: 0.321 Thread 0x01c2d400 nmethod 169 0x021ad1c8 code [0x021ad660, 0x021ae7c8]
Event: 0.322 Thread 0x01c2d400  170             java.util.zip.ZStreamRef::address (5 bytes)
Event: 0.322 Thread 0x01c2d400 nmethod 170 0x021b0c08 code [0x021b0d00, 0x021b0d80]

GC Heap History (4 events):
Event: 0.221 GC heap before
{Heap before GC invocations=0 (full 0):
 def new generation   total 4928K, used 4416K [0x23820000, 0x23d70000, 0x28d70000)
  eden space 4416K, 100% used [0x23820000, 0x23c70000, 0x23c70000)
  from space 512K,   0% used [0x23c70000, 0x23c70000, 0x23cf0000)
  to   space 512K,   0% used [0x23cf0000, 0x23cf0000, 0x23d70000)
 tenured generation   total 10944K, used 0K [0x28d70000, 0x29820000, 0x33820000)
   the space 10944K,   0% used [0x28d70000, 0x28d70000, 0x28d70200, 0x29820000)
 compacting perm gen  total 12288K, used 912K [0x33820000, 0x34420000, 0x37820000)
   the space 12288K,   7% used [0x33820000, 0x33904328, 0x33904400, 0x34420000)
    ro space 10240K,  42% used [0x37820000, 0x37c60348, 0x37c60400, 0x38220000)
    rw space 12288K,  54% used [0x38220000, 0x388a06f0, 0x388a0800, 0x38e20000)
Event: 0.225 GC heap after
Heap after GC invocations=1 (full 0):
 def new generation   total 4928K, used 512K [0x23820000, 0x23d70000, 0x28d70000)
  eden space 4416K,   0% used [0x23820000, 0x23820000, 0x23c70000)
  from space 512K, 100% used [0x23cf0000, 0x23d70000, 0x23d70000)
  to   space 512K,   0% used [0x23c70000, 0x23c70000, 0x23cf0000)
 tenured generation   total 10944K, used 582K [0x28d70000, 0x29820000, 0x33820000)
   the space 10944K,   5% used [0x28d70000, 0x28e01ae8, 0x28e01c00, 0x29820000)
 compacting perm gen  total 12288K, used 912K [0x33820000, 0x34420000, 0x37820000)
   the space 12288K,   7% used [0x33820000, 0x33904328, 0x33904400, 0x34420000)
    ro space 10240K,  42% used [0x37820000, 0x37c60348, 0x37c60400, 0x38220000)
    rw space 12288K,  54% used [0x38220000, 0x388a06f0, 0x388a0800, 0x38e20000)
}
Event: 0.327 GC heap before
{Heap before GC invocations=1 (full 0):
 def new generation   total 4928K, used 4928K [0x23820000, 0x23d70000, 0x28d70000)
  eden space 4416K, 100% used [0x23820000, 0x23c70000, 0x23c70000)
  from space 512K, 100% used [0x23cf0000, 0x23d70000, 0x23d70000)
  to   space 512K,   0% used [0x23c70000, 0x23c70000, 0x23cf0000)
 tenured generation   total 10944K, used 582K [0x28d70000, 0x29820000, 0x33820000)
   the space 10944K,   5% used [0x28d70000, 0x28e01ae8, 0x28e01c00, 0x29820000)
 compacting perm gen  total 12288K, used 1465K [0x33820000, 0x34420000, 0x37820000)
   the space 12288K,  11% used [0x33820000, 0x3398e618, 0x3398e800, 0x34420000)
    ro space 10240K,  42% used [0x37820000, 0x37c60348, 0x37c60400, 0x38220000)
    rw space 12288K,  54% used [0x38220000, 0x388a06f0, 0x388a0800, 0x38e20000)
Event: 0.331 GC heap after
Heap after GC invocations=2 (full 0):
 def new generation   total 4928K, used 512K [0x23820000, 0x23d70000, 0x28d70000)
  eden space 4416K,   0% used [0x23820000, 0x23820000, 0x23c70000)
  from space 512K, 100% used [0x23c70000, 0x23cf0000, 0x23cf0000)
  to   space 512K,   0% used [0x23cf0000, 0x23cf0000, 0x23d70000)
 tenured generation   total 10944K, used 1716K [0x28d70000, 0x29820000, 0x33820000)
   the space 10944K,  15% used [0x28d70000, 0x28f1d340, 0x28f1d400, 0x29820000)
 compacting perm gen  total 12288K, used 1465K [0x33820000, 0x34420000, 0x37820000)
   the space 12288K,  11% used [0x33820000, 0x3398e618, 0x3398e800, 0x34420000)
    ro space 10240K,  42% used [0x37820000, 0x37c60348, 0x37c60400, 0x38220000)
    rw space 12288K,  54% used [0x38220000, 0x388a06f0, 0x388a0800, 0x38e20000)
}

Deoptimization events (0 events):
No events

Internal exceptions (10 events):
Event: 0.218 Thread 0x020dac00 Threw 0x23c5edf0 at C:\jdk7u1_32P\jdk7u9_3984_new\hotspot\src\share\vm\classfile\systemDictionary.cpp:179
Event: 0.218 Thread 0x020dac00 Threw 0x23c5f2d0 at C:\jdk7u1_32P\jdk7u9_3984_new\hotspot\src\share\vm\prims\jvm.cpp:1166
Event: 0.218 Thread 0x020dac00 Threw 0x23c5f6e0 at C:\jdk7u1_32P\jdk7u9_3984_new\hotspot\src\share\vm\prims\jvm.cpp:1166
Event: 0.220 Thread 0x020dac00 Threw 0x23c61438 at C:\jdk7u1_32P\jdk7u9_3984_new\hotspot\src\share\vm\classfile\systemDictionary.cpp:179
Event: 0.220 Thread 0x020dac00 Threw 0x23c61918 at C:\jdk7u1_32P\jdk7u9_3984_new\hotspot\src\share\vm\prims\jvm.cpp:1166
Event: 0.220 Thread 0x020dac00 Threw 0x23c61d28 at C:\jdk7u1_32P\jdk7u9_3984_new\hotspot\src\share\vm\prims\jvm.cpp:1166
Event: 0.234 Thread 0x020dac00 Threw 0x23873d00 at C:\jdk7u1_32P\jdk7u9_3984_new\hotspot\src\share\vm\prims\jvm.cpp:1166
Event: 0.234 Thread 0x020dac00 Threw 0x23873e18 at C:\jdk7u1_32P\jdk7u9_3984_new\hotspot\src\share\vm\prims\jvm.cpp:1166
Event: 0.234 Thread 0x020dac00 Threw 0x238770f0 at C:\jdk7u1_32P\jdk7u9_3984_new\hotspot\src\share\vm\prims\jvm.cpp:1166
Event: 0.234 Thread 0x020dac00 Threw 0x23877208 at C:\jdk7u1_32P\jdk7u9_3984_new\hotspot\src\share\vm\prims\jvm.cpp:1166

Events (10 events):
Event: 0.339 loading class 0x04796650
Event: 0.339 loading class 0x04796650 done
Event: 0.340 loading class 0x0478db00
Event: 0.340 loading class 0x0478db00 done
Event: 0.340 loading class 0x0478dba0
Event: 0.340 loading class 0x0478dba0 done
Event: 0.341 loading class 0x0478db50
Event: 0.341 loading class 0x0478db50 done
Event: 0.344 loading class 0x04790c80
Event: 0.345 loading class 0x04790c80 done


Dynamic libraries:
0x00400000 - 0x0040e000 	C:\GeradorJava\jet\eclipse\eclipse.exe
0x76e20000 - 0x76f5c000 	C:\Windows\SYSTEM32\ntdll.dll
0x767a0000 - 0x76874000 	C:\Windows\system32\kernel32.dll
0x75030000 - 0x7507b000 	C:\Windows\system32\KERNELBASE.dll
0x766d0000 - 0x76799000 	C:\Windows\system32\USER32.dll
0x75380000 - 0x753ce000 	C:\Windows\system32\GDI32.dll
0x76f60000 - 0x76f6a000 	C:\Windows\system32\LPK.dll
0x752b0000 - 0x7534d000 	C:\Windows\system32\USP10.dll
0x76bf0000 - 0x76c9c000 	C:\Windows\system32\msvcrt.dll
0x6b600000 - 0x6b684000 	C:\Windows\WinSxS\x86_microsoft.windows.common-controls_6595b64144ccf1df_5.82.7600.16661_none_ebfb56996c72aefc\COMCTL32.dll
0x75730000 - 0x757d0000 	C:\Windows\system32\ADVAPI32.dll
0x76d50000 - 0x76d69000 	C:\Windows\SYSTEM32\sechost.dll
0x76d70000 - 0x76e11000 	C:\Windows\system32\RPCRT4.dll
0x758f0000 - 0x7590f000 	C:\Windows\system32\IMM32.DLL
0x76570000 - 0x7663c000 	C:\Windows\system32\MSCTF.dll
0x72000000 - 0x72012000 	C:\GeradorJava\jet\eclipse\plugins\org.eclipse.equinox.launcher.win32.win32.x86_1.0.3.R33x_v20080118\eclipse_1023.dll
0x74350000 - 0x74359000 	C:\Windows\system32\VERSION.dll
0x73c90000 - 0x73cd0000 	C:\Windows\system32\uxtheme.dll
0x73460000 - 0x73469000 	C:\ProgramData\Real\RealPlayer\BrowserRecordPlugin\Chrome\Hook\rpchrome150browserrecordhelper.dll
0x6bf50000 - 0x6bff3000 	C:\Windows\WinSxS\x86_microsoft.vc90.crt_1fc8b3b9a1e18e3b_9.0.30729.6161_none_50934f2ebcb7eb57\MSVCR90.dll
0x75920000 - 0x76569000 	C:\Windows\system32\SHELL32.dll
0x756d0000 - 0x75727000 	C:\Windows\system32\SHLWAPI.dll
0x6d8f0000 - 0x6dc3d000 	C:\Program Files\Java\jre7\bin\client\jvm.dll
0x70f40000 - 0x70f47000 	C:\Windows\system32\WSOCK32.dll
0x76f70000 - 0x76fa5000 	C:\Windows\system32\WS2_32.dll
0x76be0000 - 0x76be6000 	C:\Windows\system32\NSI.dll
0x72a70000 - 0x72aa2000 	C:\Windows\system32\WINMM.dll
0x76fb0000 - 0x76fb5000 	C:\Windows\system32\PSAPI.DLL
0x6e800000 - 0x6e8bf000 	C:\Windows\system32\MSVCR100.dll
0x734b0000 - 0x734bc000 	C:\Program Files\Java\jre7\bin\verify.dll
0x71c80000 - 0x71ca0000 	C:\Program Files\Java\jre7\bin\java.dll
0x72680000 - 0x72693000 	C:\Program Files\Java\jre7\bin\zip.dll
0x74a30000 - 0x74a46000 	C:\Windows\system32\CRYPTSP.dll
0x747d0000 - 0x7480b000 	C:\Windows\system32\rsaenh.dll
0x745d0000 - 0x745e7000 	C:\Windows\system32\USERENV.dll
0x74fb0000 - 0x74fbb000 	C:\Windows\system32\profapi.dll
0x74f30000 - 0x74f3c000 	C:\Windows\system32\CRYPTBASE.dll
0x71750000 - 0x71764000 	C:\Program Files\Java\jre7\bin\net.dll
0x749f0000 - 0x74a2c000 	C:\Windows\system32\mswsock.dll
0x749e0000 - 0x749e6000 	C:\Windows\System32\wship6.dll
0x72a60000 - 0x72a70000 	C:\Windows\system32\NLAapi.dll
0x748b0000 - 0x748f4000 	C:\Windows\system32\DNSAPI.dll
0x6eb20000 - 0x6eb28000 	C:\Windows\System32\winrnr.dll
0x6eb10000 - 0x6eb20000 	C:\Windows\system32\napinsp.dll
0x6eaf0000 - 0x6eb02000 	C:\Windows\system32\pnrpnsp.dll
0x6f050000 - 0x6f077000 	C:\Program Files\Common Files\Microsoft Shared\Windows Live\WLIDNSP.DLL
0x74500000 - 0x74505000 	C:\Windows\System32\wshtcpip.dll
0x72900000 - 0x7291c000 	C:\Windows\system32\IPHLPAPI.DLL
0x728f0000 - 0x728f7000 	C:\Windows\system32\WINNSI.DLL
0x6f040000 - 0x6f046000 	C:\Windows\system32\rasadhlp.dll
0x72420000 - 0x72458000 	C:\Windows\System32\fwpuclnt.dll
0x73560000 - 0x7356f000 	C:\Program Files\Java\jre7\bin\nio.dll
0x75570000 - 0x756cc000 	C:\Windows\system32\ole32.dll
0x6ea00000 - 0x6eaeb000 	C:\Windows\system32\dbghelp.dll

VM Arguments:
java_command: <unknown>
Launcher Type: generic

Environment Variables:
JAVA_HOME=C:\JDK\jdk1.6.0_30
PATH=C:\Program Files\Java\jre7\bin\client;C:\Program Files\Java\jre7\bin;C:\Program Files\Common Files\Microsoft Shared\Windows Live;C:\Windows\system32;C:\Windows;C:\Windows\System32\Wbem;C:\Windows\System32\WindowsPowerShell\v1.0\;C:\Program Files\Microsoft\Web Platform Installer\;c:\Program Files\Microsoft ASP.NET\ASP.NET Web Pages\v1.0\;C:\Android-SDK - Old\platform-tools;C:\Program Files\Windows Live\Shared;C:\Program Files\Microsoft SQL Server\110\Tools\Binn\
USERNAME=Paulo
OS=Windows_NT
PROCESSOR_IDENTIFIER=x86 Family 6 Model 23 Stepping 10, GenuineIntel



---------------  S Y S T E M  ---------------

OS: Windows 7 Build 7600 

CPU:total 2 (2 cores per cpu, 1 threads per core) family 6 model 23 stepping 10, cmov, cx8, fxsr, mmx, sse, sse2, sse3, ssse3, tsc

Memory: 4k page, physical 3135672k(1387844k free), swap 6269580k(3906936k free)

vm_info: Java HotSpot(TM) Client VM (23.5-b02) for windows-x86 JRE (1.7.0_09-b05), built on Sep 24 2012 22:01:33 by "java_re" with unknown MS VC++:1600

time: Wed Dec 19 22:48:25 2012
elapsed time: 0 seconds

