#
# A fatal error has been detected by the Java Runtime Environment:
#
#  EXCEPTION_PRIV_INSTRUCTION (0xc0000096) at pc=0x3776dd8f, pid=3944, tid=1276
#
# JRE version: 6.0_31-b05
# Java VM: Java HotSpot(TM) Client VM (20.6-b01 mixed mode, sharing windows-x86 )
# Problematic frame:
# C  0x3776dd8f
#
# If you would like to submit a bug report, please visit:
#   http://java.sun.com/webapps/bugreport/crash.jsp
#

---------------  T H R E A D  ---------------

Current thread (0x0187fc00):  VMThread [stack: 0x03a60000,0x03b60000] [id=1276]

siginfo: ExceptionCode=0xc0000096

Registers:
EAX=0x1d4be200, EBX=0x00000000, ECX=0x38381be8, EDX=0x38381d30
ESP=0x03b5fb1c, EBP=0x03b5fac6, ESI=0x000003fe, EDI=0x282099e8
EIP=0x3776dd8f, EFLAGS=0x00010246

Top of Stack: (sp=0x03b5fb1c)
0x03b5fb1c:   00000061 6d928653 1d4be2e0 6da60f08
0x03b5fb2c:   38782948 0023cf18 00000003 03b5fb48
0x03b5fb3c:   03b5fb48 6d9289e2 6da60f08 03b5fb5c
0x03b5fb4c:   6d8599a4 6da6f158 6da60f08 0023cf18
0x03b5fb5c:   03b5fb78 6d855e79 6da60f08 00000000
0x03b5fb6c:   6da60f08 6da60f08 0023cf18 03b5fbb8
0x03b5fb7c:   6d8502a0 00000001 00000001 00000002
0x03b5fb8c:   6da60f08 03b5fba4 6da60f08 00000001 

Instructions: (pc=0x3776dd8f)
0x3776dd6f:   00 00 00 08 00 3f 00 3b 00 85 00 0a 00 00 00 00
0x3776dd7f:   00 83 dd 76 37 20 1a 78 38 10 00 6a 61 76 61 2f
0x3776dd8f:   6c 61 6e 67 2f 54 68 72 65 61 64 00 00 00 00 00
0x3776dd9f:   00 a3 dd 76 37 30 27 78 38 01 00 00 00 e0 55 17 


Register to memory mapping:

EAX=0x1d4be200 is an oop
[C 
 - klass: {type array char}
 - length: 75
EBX=0x00000000 is an unknown value
ECX=0x38381be8 is an oop
{instance class} 
 - klass: {other class}
EDX=0x38381d30 is an oop
{constant pool} 
 - klass: {other class}
 - cache: 0x38381e30
 -   1 :  : "D3D Screen Updater" {0x387d1648}
 -   2 :  : '()V'
 -   3 :  : '(I)V'
 -   4 :  : '(Z)V'
 -   5 :  : '<init>'
 -   6 :  : 'Code'
 -   7 :  : 'D3D Screen Updater'
 -   8 :  : 'EnclosingMethod'
 -   9 :  : 'InnerClasses'
 -  10 :  : 'currentThread'
 -  11 :  : 'getParent'
 -  12 :  : 'getThreadGroup'
 -  13 :  : 'java/lang/Object'
 -  14 :  : 'java/lang/Thread'
 -  15 :  : 'java/lang/ThreadGroup'
 -  16 :  : 'java/security/PrivilegedAction'
 -  17 :  : 'run'
 -  18 :  : 'setDaemon'
 -  19 :  : 'setPriority'
 -  20 :  : 'startUpdateThread'
 -  21 :  : 'sun/java2d/d3d/D3DScreenUpdateManager'
 -  22 :  : 'sun/java2d/d3d/D3DScreenUpdateManager$2'
 -  23 :  : 'this$0'
 -  24 :  : 'java/lang/Object'
 -  25 :  : 'java/lang/Thread'
 -  26 :  : 'java/lang/ThreadGroup'
 -  27 :  : 'java/security/PrivilegedAction'
 -  28 :  : 'sun/java2d/d3d/D3DScreenUpdateManager'
 -  29 :  : 'sun/java2d/d3d/D3DScreenUpdateManager$2'
 -  30 :  : 'Lsun/java2d/d3d/D3DScreenUpdateManager;'
 -  31 :  : '()Ljava/lang/Object;'
 -  32 :  : '()Ljava/lang/Thread;'
 -  33 :  : '()Ljava/lang/ThreadGroup;'
 -  34 :  : '(Lsun/java2d/d3d/D3DScreenUpdateManager;)V'
 -  35 :  : '(Ljava/lang/ThreadGroup;Ljava/lang/Runnable;Ljava/lang/String;)V'
 -  36 :  : name_index=23 signature_index=30
 -  37 :  : name_index=5 signature_index=2
 -  38 :  : name_index=20 signature_index=2
 -  39 :  : name_index=19 signature_index=3
 -  40 :  : name_index=18 signature_index=4
 -  41 :  : name_index=10 signature_index=32
 -  42 :  : name_index=11 signature_index=33
 -  43 :  : name_index=12 signature_index=33
 -  44 :  : name_index=5 signature_index=35
 -  45 :  : klass_index=29 name_and_type_index=36
 -  46 :  : klass_index=24 name_and_type_index=37
 -  47 :  : klass_index=25 name_and_type_index=39
 -  48 :  : klass_index=25 name_and_type_index=40
 -  49 :  : klass_index=25 name_and_type_index=41
 -  50 :  : klass_index=25 name_and_type_index=43
 -  51 :  : klass_index=25 name_and_type_index=44
 -  52 :  : klass_index=26 name_and_type_index=42

ESP=0x03b5fb1c is an unknown value
EBP=0x03b5fac6 is an unknown value
ESI=0x000003fe is an unknown value
EDI=0x282099e8 is an oop
{symbol} 
 - klass: {other class}


Stack: [0x03a60000,0x03b60000],  sp=0x03b5fb1c,  free space=1022k
Native frames: (J=compiled Java code, j=interpreted, Vv=VM code, C=native code)
C  0x3776dd8f

VM_Operation (0x001292c8): GenCollectForPermanentAllocation, mode: safepoint, requested by thread 0x00239000


---------------  P R O C E S S  ---------------

Java Threads: ( => current thread )
  0x05356800 JavaThread "Thread-2" [_thread_blocked, id=4244, stack(0x05a70000,0x05b70000)]
  0x04451000 JavaThread "Thread-1" [_thread_blocked, id=4404, stack(0x05970000,0x05a70000)]
  0x0445c400 JavaThread "Worker-0" [_thread_blocked, id=4088, stack(0x05870000,0x05970000)]
  0x042e6400 JavaThread "Start Level Event Dispatcher" daemon [_thread_blocked, id=1924, stack(0x04f90000,0x05090000)]
  0x042e5c00 JavaThread "Framework Event Dispatcher" daemon [_thread_blocked, id=4632, stack(0x04e90000,0x04f90000)]
  0x0431f800 JavaThread "State Data Manager" daemon [_thread_blocked, id=824, stack(0x04d90000,0x04e90000)]
  0x018d0800 JavaThread "Low Memory Detector" daemon [_thread_blocked, id=5840, stack(0x04060000,0x04160000)]
  0x018cb000 JavaThread "C1 CompilerThread0" daemon [_thread_blocked, id=4980, stack(0x03f60000,0x04060000)]
  0x018ca000 JavaThread "Attach Listener" daemon [_thread_blocked, id=5348, stack(0x03e60000,0x03f60000)]
  0x018c9000 JavaThread "Signal Dispatcher" daemon [_thread_blocked, id=5888, stack(0x03d60000,0x03e60000)]
  0x018bd800 JavaThread "Finalizer" daemon [_thread_blocked, id=5960, stack(0x03c60000,0x03d60000)]
  0x018bc400 JavaThread "Reference Handler" daemon [_thread_blocked, id=4196, stack(0x03b60000,0x03c60000)]
  0x00239000 JavaThread "main" [_thread_blocked, id=5544, stack(0x00030000,0x00130000)]

Other Threads:
=>0x0187fc00 VMThread [stack: 0x03a60000,0x03b60000] [id=1276]
  0x018d9400 WatcherThread [stack: 0x04160000,0x04260000] [id=5368]

VM state:at safepoint (normal execution)

VM Mutex/Monitor currently owned by a thread:  ([mutex/lock_event])
[0x00237618] Threads_lock - owner thread: 0x0187fc00
[0x00237a28] Heap_lock - owner thread: 0x00239000

Heap
 def new generation   total 4928K, used 1554K [0x17760000, 0x17cb0000, 0x1ccb0000)
  eden space 4416K,  23% used [0x17760000, 0x17864ad0, 0x17bb0000)
  from space 512K, 100% used [0x17bb0000, 0x17c30000, 0x17c30000)
  to   space 512K,   0% used [0x17c30000, 0x17c30000, 0x17cb0000)
 tenured generation   total 10944K, used 10445K [0x1ccb0000, 0x1d760000, 0x27760000)
   the space 10944K,  95% used [0x1ccb0000, 0x1d6e37e0, 0x1d6e3800, 0x1d760000)
 compacting perm gen  total 16384K, used 16384K [0x27760000, 0x28760000, 0x37760000)
   the space 16384K, 100% used [0x27760000, 0x28760000, 0x28760000, 0x28760000)
    ro space 10240K,  51% used [0x37760000, 0x37c8e318, 0x37c8e400, 0x38160000)
    rw space 12288K,  55% used [0x38160000, 0x387fa088, 0x387fa200, 0x38d60000)

Code Cache  [0x01950000, 0x01b08000, 0x03950000)
 total_blobs=850 nmethods=678 adapters=107 free_code_cache=31784128 largest_free_block=7744

Dynamic libraries:
0x00400000 - 0x0040e000 	C:\GeradorJava\jet\eclipse\eclipse.exe
0x77c50000 - 0x77d8c000 	C:\Windows\SYSTEM32\ntdll.dll
0x76780000 - 0x76854000 	C:\Windows\system32\kernel32.dll
0x76070000 - 0x760ba000 	C:\Windows\system32\KERNELBASE.dll
0x76410000 - 0x764d9000 	C:\Windows\system32\USER32.dll
0x77c00000 - 0x77c4e000 	C:\Windows\system32\GDI32.dll
0x77e70000 - 0x77e7a000 	C:\Windows\system32\LPK.dll
0x76b50000 - 0x76bed000 	C:\Windows\system32\USP10.dll
0x76510000 - 0x765bc000 	C:\Windows\system32\msvcrt.dll
0x67810000 - 0x67894000 	C:\Windows\WinSxS\x86_microsoft.windows.common-controls_6595b64144ccf1df_5.82.7601.17514_none_ec83dffa859149af\COMCTL32.dll
0x77a40000 - 0x77ae0000 	C:\Windows\system32\ADVAPI32.dll
0x763f0000 - 0x76409000 	C:\Windows\SYSTEM32\sechost.dll
0x77dc0000 - 0x77e61000 	C:\Windows\system32\RPCRT4.dll
0x76340000 - 0x7635f000 	C:\Windows\system32\IMM32.DLL
0x76a20000 - 0x76aec000 	C:\Windows\system32\MSCTF.dll
0x72000000 - 0x72012000 	C:\GeradorJava\jet\eclipse\plugins\org.eclipse.equinox.launcher.win32.win32.x86_1.0.3.R33x_v20080118\eclipse_1023.dll
0x752a0000 - 0x752a9000 	C:\Windows\system32\VERSION.dll
0x74b30000 - 0x74b70000 	C:\Windows\system32\uxtheme.dll
0x74450000 - 0x74459000 	C:\ProgramData\Real\RealPlayer\BrowserRecordPlugin\Chrome\Hook\rpchrome150browserrecordhelper.dll
0x71d80000 - 0x71e23000 	C:\Windows\WinSxS\x86_microsoft.vc90.crt_1fc8b3b9a1e18e3b_9.0.30729.6161_none_50934f2ebcb7eb57\MSVCR90.dll
0x76d60000 - 0x779aa000 	C:\Windows\system32\SHELL32.dll
0x76720000 - 0x76777000 	C:\Windows\system32\SHLWAPI.dll
0x6d7f0000 - 0x6da9f000 	C:\Program Files\Java\jre6\bin\client\jvm.dll
0x70380000 - 0x703b2000 	C:\Windows\system32\WINMM.dll
0x7c340000 - 0x7c396000 	C:\Windows\system32\MSVCR71.dll
0x75ce0000 - 0x75d2c000 	C:\Windows\system32\apphelp.dll
0x6d7a0000 - 0x6d7ac000 	C:\Program Files\Java\jre6\bin\verify.dll
0x6d320000 - 0x6d33f000 	C:\Program Files\Java\jre6\bin\java.dll
0x6d7e0000 - 0x6d7ef000 	C:\Program Files\Java\jre6\bin\zip.dll
0x75850000 - 0x75866000 	C:\Windows\system32\CRYPTSP.dll
0x755c0000 - 0x755fb000 	C:\Windows\system32\rsaenh.dll
0x75400000 - 0x75417000 	C:\Windows\system32\USERENV.dll
0x75de0000 - 0x75deb000 	C:\Windows\system32\profapi.dll
0x75d30000 - 0x75d3c000 	C:\Windows\system32\CRYPTBASE.dll
0x6d600000 - 0x6d613000 	C:\Program Files\Java\jre6\bin\net.dll
0x76160000 - 0x76195000 	C:\Windows\system32\WS2_32.dll
0x77db0000 - 0x77db6000 	C:\Windows\system32\NSI.dll
0x75810000 - 0x7584c000 	C:\Windows\system32\mswsock.dll
0x759e0000 - 0x759e6000 	C:\Windows\System32\wship6.dll
0x74030000 - 0x74040000 	C:\Windows\system32\NLAapi.dll
0x71e90000 - 0x71ea0000 	C:\Windows\system32\napinsp.dll
0x71e70000 - 0x71e82000 	C:\Windows\system32\pnrpnsp.dll
0x71e40000 - 0x71e67000 	C:\Program Files\Common Files\Microsoft Shared\Windows Live\WLIDNSP.DLL
0x77d90000 - 0x77d95000 	C:\Windows\system32\PSAPI.DLL
0x756e0000 - 0x75724000 	C:\Windows\system32\DNSAPI.dll
0x71e30000 - 0x71e38000 	C:\Windows\System32\winrnr.dll
0x75330000 - 0x75335000 	C:\Windows\System32\wshtcpip.dll
0x72ae0000 - 0x72afc000 	C:\Windows\system32\IPHLPAPI.DLL
0x72ad0000 - 0x72ad7000 	C:\Windows\system32\WINNSI.DLL
0x71190000 - 0x71196000 	C:\Windows\system32\rasadhlp.dll
0x746f0000 - 0x74728000 	C:\Windows\System32\fwpuclnt.dll
0x765c0000 - 0x7671c000 	C:\Windows\system32\ole32.dll
0x76360000 - 0x763e3000 	C:\Windows\system32\CLBCatQ.DLL
0x779b0000 - 0x77a3f000 	C:\Windows\system32\OLEAUT32.dll
0x6d620000 - 0x6d629000 	C:\Program Files\Java\jre6\bin\nio.dll
0x10000000 - 0x1004f000 	C:\GeradorJava\jet\eclipse\configuration\org.eclipse.osgi\bundles\334\1\.cp\swt-win32-3349.dll
0x74cb0000 - 0x74e4e000 	C:\Windows\WinSxS\x86_microsoft.windows.common-controls_6595b64144ccf1df_6.0.7601.17514_none_41e6975e2bd6f2b2\COMCTL32.dll
0x760e0000 - 0x7615b000 	C:\Windows\system32\comdlg32.dll
0x76bf0000 - 0x76d0b000 	C:\Windows\system32\WININET.dll
0x77da0000 - 0x77da3000 	C:\Windows\system32\Normaliz.dll
0x76860000 - 0x76a18000 	C:\Windows\system32\iertutil.dll
0x77ae0000 - 0x77bf1000 	C:\Windows\system32\urlmon.dll
0x74800000 - 0x74813000 	C:\Windows\system32\dwmapi.dll
0x044e0000 - 0x044e8000 	C:\GeradorJava\jet\eclipse\configuration\org.eclipse.osgi\bundles\36\1\.cp\os\win32\x86\localfile_1_0_0.dll
0x741b0000 - 0x741ec000 	C:\Windows\system32\oleacc.dll
0x05780000 - 0x05794000 	C:\GeradorJava\jet\eclipse\configuration\org.eclipse.osgi\bundles\334\1\.cp\swt-gdip-win32-3349.dll
0x749a0000 - 0x74b30000 	C:\Windows\WinSxS\x86_microsoft.windows.gdiplus_6595b64144ccf1df_1.1.7601.17514_none_72d18a4386696c80\gdiplus.dll
0x75dd0000 - 0x75dde000 	C:\Windows\system32\RpcRtRemote.dll

VM Arguments:
jvm_args: -XX:MaxPermSize=256M 
java_command: <unknown>
Launcher Type: generic

Environment Variables:
JAVA_HOME=C:\JDK\6_30
PATH=C:\Program Files\Java\jre6\bin\client;C:\Program Files\Java\jre6\bin;C:\Program Files\Common Files\Microsoft Shared\Windows Live;C:\Windows\system32;C:\Windows;C:\Windows\System32\Wbem;C:\Windows\System32\WindowsPowerShell\v1.0\;C:\Program Files\Windows Live\Shared;C:\JDK\6_30\bin;c:\Program Files\Microsoft ASP.NET\ASP.NET Web Pages\v1.0\;C:\Program Files\TortoiseSVN\bin;c:\Program Files\Microsoft SQL Server\100\Tools\Binn\;c:\Program Files\Microsoft SQL Server\100\DTS\Binn\;c:\Program Files\Microsoft SQL Server\100\Tools\Binn\VSShell\Common7\IDE\;C:\Program Files\CVSNT\;C:\Android-SDK - Old\platform-tools
USERNAME=Paulo
OS=Windows_NT
PROCESSOR_IDENTIFIER=x86 Family 6 Model 23 Stepping 10, GenuineIntel



---------------  S Y S T E M  ---------------

OS: Windows 7 Build 7601 Service Pack 1

CPU:total 2 (2 cores per cpu, 1 threads per core) family 6 model 23 stepping 10, cmov, cx8, fxsr, mmx, sse, sse2, sse3, ssse3

Memory: 4k page, physical 3135672k(1441328k free), swap 6269588k(4140876k free)

vm_info: Java HotSpot(TM) Client VM (20.6-b01) for windows-x86 JRE (1.6.0_31-b05), built on Feb  3 2012 18:44:09 by "java_re" with MS VC++ 7.1 (VS2003)

time: Fri Jul 20 10:57:04 2012
elapsed time: 9 seconds

