#
# A fatal error has been detected by the Java Runtime Environment:
#
#  EXCEPTION_ACCESS_VIOLATION (0xc0000005) at pc=0x6d880184, pid=5664, tid=4528
#
# JRE version: 6.0_31-b05
# Java VM: Java HotSpot(TM) Client VM (20.6-b01 mixed mode, sharing windows-x86 )
# Problematic frame:
# V  [jvm.dll+0x90184]
#
# If you would like to submit a bug report, please visit:
#   http://java.sun.com/webapps/bugreport/crash.jsp
#

---------------  T H R E A D  ---------------

Current thread (0x01a39000):  JavaThread "main" [_thread_in_vm, id=4528, stack(0x00030000,0x00130000)]

siginfo: ExceptionCode=0xc0000005, reading address 0x00000009

Registers:
EAX=0x285816e0, EBX=0x01a39000, ECX=0x00000001, EDX=0x281769f0
ESP=0x0012e9cc, EBP=0x0012e9e4, ESI=0x0012ea68, EDI=0x00000001
EIP=0x6d880184, EFLAGS=0x00010246

Top of Stack: (sp=0x0012e9cc)
0x0012e9cc:   0012ea68 0012ea68 6d8ad94b 0012ea68
0x0012e9dc:   0012ea68 069e741c 0012ea18 6d7a1e2c
0x0012e9ec:   01a39128 0197c138 00000030 069e7fd4
0x0012e9fc:   00000077 0012ea68 069e741c 01a39128
0x0012ea0c:   00000030 0197c138 069e6a18 0012ea44
0x0012ea1c:   6d7a4c21 0012ea68 00000030 05266458
0x0012ea2c:   00000001 052dd7fc 0448acbf 01a39128
0x0012ea3c:   00000077 0000003e 0012ec20 6d7a4f34 

Instructions: (pc=0x6d880184)
0x6d880164:   5e 5f 5d c2 08 00 8b 45 08 5f 5d c2 08 00 cc cc
0x6d880174:   cc cc cc cc cc cc cc cc cc cc cc cc 56 57 8b f9
0x6d880184:   0f b7 77 08 46 56 e8 f1 57 fd ff 83 c4 04 85 f6
0x6d880194:   7e 2b 0f b7 4f 08 8d 56 ff 3b d1 7c 02 8b d1 33 


Register to memory mapping:

EAX=0x285816e0 is an oop
{method} 
 - klass: {other class}
EBX=0x01a39000 is a thread
ECX=0x00000001 is an unknown value
EDX=0x281769f0 is an oop
{method} 
 - klass: {other class}
ESP=0x0012e9cc is pointing into the stack for thread: 0x01a39000
EBP=0x0012e9e4 is pointing into the stack for thread: 0x01a39000
ESI=0x0012ea68 is pointing into the stack for thread: 0x01a39000
EDI=0x00000001 is an unknown value


Stack: [0x00030000,0x00130000],  sp=0x0012e9cc,  free space=1018k
Native frames: (J=compiled Java code, j=interpreted, Vv=VM code, C=native code)
V  [jvm.dll+0x90184]
C  [verify.dll+0x1e2c]
C  [verify.dll+0x4c21]
C  [verify.dll+0x4f34]  VerifyClassForMajorVersion+0x281
V  [jvm.dll+0x28f7b]
V  [jvm.dll+0x2da38]
V  [jvm.dll+0x77012]
V  [jvm.dll+0x7be68]
V  [jvm.dll+0x7eca7]
V  [jvm.dll+0x7f066]
V  [jvm.dll+0x487da]
j  org.eclipse.ui.internal.presentations.PaneFolder.<init>(Lorg/eclipse/swt/widgets/Composite;I)V+148
j  org.eclipse.ui.internal.presentations.defaultpresentation.DefaultTabFolder.<init>(Lorg/eclipse/swt/widgets/Composite;IZZ)V+95
j  org.eclipse.ui.presentations.WorkbenchPresentationFactory.createEditorPresentation(Lorg/eclipse/swt/widgets/Composite;Lorg/eclipse/ui/presentations/IStackPresentationSite;)Lorg/eclipse/ui/presentations/StackPresentation;+26
j  org.eclipse.ui.internal.presentations.PresentationFactoryUtil.createPresentation(Lorg/eclipse/ui/presentations/AbstractPresentationFactory;ILorg/eclipse/swt/widgets/Composite;Lorg/eclipse/ui/presentations/IStackPresentationSite;Lorg/eclipse/ui/presentations/IPresentationSerializer;Lorg/eclipse/ui/IMemento;)Lorg/eclipse/ui/presentations/StackPresentation;+39
j  org.eclipse.ui.internal.PartStack.createControl(Lorg/eclipse/swt/widgets/Composite;)V+40
j  org.eclipse.ui.internal.PartSashContainer.createControl(Lorg/eclipse/swt/widgets/Composite;)V+55
j  org.eclipse.ui.internal.EditorSashContainer.createControl(Lorg/eclipse/swt/widgets/Composite;)V+2
j  org.eclipse.ui.internal.EditorAreaHelper.<init>(Lorg/eclipse/ui/internal/WorkbenchPage;)V+30
j  org.eclipse.ui.internal.WorkbenchPage.init(Lorg/eclipse/ui/internal/WorkbenchWindow;Ljava/lang/String;Lorg/eclipse/core/runtime/IAdaptable;Z)V+32
j  org.eclipse.ui.internal.WorkbenchPage.<init>(Lorg/eclipse/ui/internal/WorkbenchWindow;Lorg/eclipse/core/runtime/IAdaptable;)V+174
j  org.eclipse.ui.internal.WorkbenchWindow$13.runWithException()V+17
j  org.eclipse.ui.internal.StartupThreading$StartupRunnable.run()V+1
j  org.eclipse.swt.widgets.RunnableLock.run()V+11
j  org.eclipse.swt.widgets.Synchronizer.runAsyncMessages(Z)Z+29
j  org.eclipse.swt.widgets.Display.runAsyncMessages(Z)Z+5
j  org.eclipse.swt.widgets.Display.readAndDispatch()Z+74
j  org.eclipse.ui.application.WorkbenchAdvisor.openWindows()Z+44
j  org.eclipse.ui.internal.Workbench$25.runWithException()V+17
j  org.eclipse.ui.internal.StartupThreading$StartupRunnable.run()V+1
j  org.eclipse.swt.widgets.RunnableLock.run()V+11
j  org.eclipse.swt.widgets.Synchronizer.runAsyncMessages(Z)Z+29
j  org.eclipse.swt.widgets.Display.runAsyncMessages(Z)Z+5
j  org.eclipse.swt.widgets.Display.readAndDispatch()Z+74
j  org.eclipse.ui.internal.Workbench.runUI()I+212
j  org.eclipse.ui.internal.Workbench.access$4(Lorg/eclipse/ui/internal/Workbench;)I+1
j  org.eclipse.ui.internal.Workbench$4.run()V+23
j  org.eclipse.core.databinding.observable.Realm.runWithDefault(Lorg/eclipse/core/databinding/observable/Realm;Ljava/lang/Runnable;)V+12
j  org.eclipse.ui.internal.Workbench.createAndRunWorkbench(Lorg/eclipse/swt/widgets/Display;Lorg/eclipse/ui/application/WorkbenchAdvisor;)I+18
j  org.eclipse.ui.PlatformUI.createAndRunWorkbench(Lorg/eclipse/swt/widgets/Display;Lorg/eclipse/ui/application/WorkbenchAdvisor;)I+2
j  org.eclipse.ui.internal.ide.application.IDEApplication.start(Lorg/eclipse/equinox/app/IApplicationContext;)Ljava/lang/Object;+81
j  org.eclipse.equinox.internal.app.EclipseAppHandle.run(Ljava/lang/Object;)Ljava/lang/Object;+102
j  org.eclipse.core.runtime.internal.adaptor.EclipseAppLauncher.runApplication(Ljava/lang/Object;)Ljava/lang/Object;+103
j  org.eclipse.core.runtime.internal.adaptor.EclipseAppLauncher.start(Ljava/lang/Object;)Ljava/lang/Object;+29
j  org.eclipse.core.runtime.adaptor.EclipseStarter.run(Ljava/lang/Object;)Ljava/lang/Object;+149
j  org.eclipse.core.runtime.adaptor.EclipseStarter.run([Ljava/lang/String;Ljava/lang/Runnable;)Ljava/lang/Object;+183
v  ~StubRoutines::call_stub
V  [jvm.dll+0xfac3b]
V  [jvm.dll+0x18c3a1]
V  [jvm.dll+0xfacbd]
V  [jvm.dll+0x104ec3]
V  [jvm.dll+0x105806]
V  [jvm.dll+0xb702e]
C  [java.dll+0x7225]  Java_sun_reflect_NativeMethodAccessorImpl_invoke0+0x15
j  sun.reflect.NativeMethodAccessorImpl.invoke(Ljava/lang/Object;[Ljava/lang/Object;)Ljava/lang/Object;+87
j  sun.reflect.DelegatingMethodAccessorImpl.invoke(Ljava/lang/Object;[Ljava/lang/Object;)Ljava/lang/Object;+6
j  java.lang.reflect.Method.invoke(Ljava/lang/Object;[Ljava/lang/Object;)Ljava/lang/Object;+161
j  org.eclipse.equinox.launcher.Main.invokeFramework([Ljava/lang/String;[Ljava/net/URL;)V+210
j  org.eclipse.equinox.launcher.Main.basicRun([Ljava/lang/String;)V+114
j  org.eclipse.equinox.launcher.Main.run([Ljava/lang/String;)I+4
v  ~StubRoutines::call_stub
V  [jvm.dll+0xfac3b]
V  [jvm.dll+0x18c3a1]
V  [jvm.dll+0xfacbd]
V  [jvm.dll+0x95981]
V  [jvm.dll+0x976f9]
C  [eclipse_1023.dll+0x4db0]  runW+0x3d91
C  [eclipse_1023.dll+0x4595]  runW+0x3576
C  [eclipse_1023.dll+0x153c]  runW+0x51d
C  [eclipse.exe+0x1495]
C  [eclipse.exe+0x1181]
C  [eclipse.exe+0x45d6]
C  [kernel32.dll+0x4ed6c]  BaseThreadInitThunk+0x12
C  [ntdll.dll+0x6377b]  RtlInitializeExceptionChain+0xef
C  [ntdll.dll+0x6374e]  RtlInitializeExceptionChain+0xc2

Java frames: (J=compiled Java code, j=interpreted, Vv=VM code)
j  org.eclipse.ui.internal.presentations.PaneFolder.<init>(Lorg/eclipse/swt/widgets/Composite;I)V+148
j  org.eclipse.ui.internal.presentations.defaultpresentation.DefaultTabFolder.<init>(Lorg/eclipse/swt/widgets/Composite;IZZ)V+95
j  org.eclipse.ui.presentations.WorkbenchPresentationFactory.createEditorPresentation(Lorg/eclipse/swt/widgets/Composite;Lorg/eclipse/ui/presentations/IStackPresentationSite;)Lorg/eclipse/ui/presentations/StackPresentation;+26
j  org.eclipse.ui.internal.presentations.PresentationFactoryUtil.createPresentation(Lorg/eclipse/ui/presentations/AbstractPresentationFactory;ILorg/eclipse/swt/widgets/Composite;Lorg/eclipse/ui/presentations/IStackPresentationSite;Lorg/eclipse/ui/presentations/IPresentationSerializer;Lorg/eclipse/ui/IMemento;)Lorg/eclipse/ui/presentations/StackPresentation;+39
j  org.eclipse.ui.internal.PartStack.createControl(Lorg/eclipse/swt/widgets/Composite;)V+40
j  org.eclipse.ui.internal.PartSashContainer.createControl(Lorg/eclipse/swt/widgets/Composite;)V+55
j  org.eclipse.ui.internal.EditorSashContainer.createControl(Lorg/eclipse/swt/widgets/Composite;)V+2
j  org.eclipse.ui.internal.EditorAreaHelper.<init>(Lorg/eclipse/ui/internal/WorkbenchPage;)V+30
j  org.eclipse.ui.internal.WorkbenchPage.init(Lorg/eclipse/ui/internal/WorkbenchWindow;Ljava/lang/String;Lorg/eclipse/core/runtime/IAdaptable;Z)V+32
j  org.eclipse.ui.internal.WorkbenchPage.<init>(Lorg/eclipse/ui/internal/WorkbenchWindow;Lorg/eclipse/core/runtime/IAdaptable;)V+174
j  org.eclipse.ui.internal.WorkbenchWindow$13.runWithException()V+17
j  org.eclipse.ui.internal.StartupThreading$StartupRunnable.run()V+1
j  org.eclipse.swt.widgets.RunnableLock.run()V+11
j  org.eclipse.swt.widgets.Synchronizer.runAsyncMessages(Z)Z+29
j  org.eclipse.swt.widgets.Display.runAsyncMessages(Z)Z+5
j  org.eclipse.swt.widgets.Display.readAndDispatch()Z+74
j  org.eclipse.ui.application.WorkbenchAdvisor.openWindows()Z+44
j  org.eclipse.ui.internal.Workbench$25.runWithException()V+17
j  org.eclipse.ui.internal.StartupThreading$StartupRunnable.run()V+1
j  org.eclipse.swt.widgets.RunnableLock.run()V+11
j  org.eclipse.swt.widgets.Synchronizer.runAsyncMessages(Z)Z+29
j  org.eclipse.swt.widgets.Display.runAsyncMessages(Z)Z+5
j  org.eclipse.swt.widgets.Display.readAndDispatch()Z+74
j  org.eclipse.ui.internal.Workbench.runUI()I+212
j  org.eclipse.ui.internal.Workbench.access$4(Lorg/eclipse/ui/internal/Workbench;)I+1
j  org.eclipse.ui.internal.Workbench$4.run()V+23
j  org.eclipse.core.databinding.observable.Realm.runWithDefault(Lorg/eclipse/core/databinding/observable/Realm;Ljava/lang/Runnable;)V+12
j  org.eclipse.ui.internal.Workbench.createAndRunWorkbench(Lorg/eclipse/swt/widgets/Display;Lorg/eclipse/ui/application/WorkbenchAdvisor;)I+18
j  org.eclipse.ui.PlatformUI.createAndRunWorkbench(Lorg/eclipse/swt/widgets/Display;Lorg/eclipse/ui/application/WorkbenchAdvisor;)I+2
j  org.eclipse.ui.internal.ide.application.IDEApplication.start(Lorg/eclipse/equinox/app/IApplicationContext;)Ljava/lang/Object;+81
j  org.eclipse.equinox.internal.app.EclipseAppHandle.run(Ljava/lang/Object;)Ljava/lang/Object;+102
j  org.eclipse.core.runtime.internal.adaptor.EclipseAppLauncher.runApplication(Ljava/lang/Object;)Ljava/lang/Object;+103
j  org.eclipse.core.runtime.internal.adaptor.EclipseAppLauncher.start(Ljava/lang/Object;)Ljava/lang/Object;+29
j  org.eclipse.core.runtime.adaptor.EclipseStarter.run(Ljava/lang/Object;)Ljava/lang/Object;+149
j  org.eclipse.core.runtime.adaptor.EclipseStarter.run([Ljava/lang/String;Ljava/lang/Runnable;)Ljava/lang/Object;+183
v  ~StubRoutines::call_stub
j  sun.reflect.NativeMethodAccessorImpl.invoke0(Ljava/lang/reflect/Method;Ljava/lang/Object;[Ljava/lang/Object;)Ljava/lang/Object;+0
j  sun.reflect.NativeMethodAccessorImpl.invoke(Ljava/lang/Object;[Ljava/lang/Object;)Ljava/lang/Object;+87
j  sun.reflect.DelegatingMethodAccessorImpl.invoke(Ljava/lang/Object;[Ljava/lang/Object;)Ljava/lang/Object;+6
j  java.lang.reflect.Method.invoke(Ljava/lang/Object;[Ljava/lang/Object;)Ljava/lang/Object;+161
j  org.eclipse.equinox.launcher.Main.invokeFramework([Ljava/lang/String;[Ljava/net/URL;)V+210
j  org.eclipse.equinox.launcher.Main.basicRun([Ljava/lang/String;)V+114
j  org.eclipse.equinox.launcher.Main.run([Ljava/lang/String;)I+4
v  ~StubRoutines::call_stub

---------------  P R O C E S S  ---------------

Java Threads: ( => current thread )
  0x0526a800 JavaThread "Thread-2" [_thread_blocked, id=4444, stack(0x05b40000,0x05c40000)]
  0x051f9800 JavaThread "Thread-1" [_thread_blocked, id=5460, stack(0x05a40000,0x05b40000)]
  0x05203400 JavaThread "Worker-0" [_thread_blocked, id=992, stack(0x05940000,0x05a40000)]
  0x04415c00 JavaThread "Start Level Event Dispatcher" daemon [_thread_blocked, id=2240, stack(0x05090000,0x05190000)]
  0x04414c00 JavaThread "Framework Event Dispatcher" daemon [_thread_blocked, id=4436, stack(0x04ae0000,0x04be0000)]
  0x04408000 JavaThread "State Data Manager" daemon [_thread_blocked, id=5876, stack(0x04930000,0x04a30000)]
  0x01992800 JavaThread "Low Memory Detector" daemon [_thread_blocked, id=2012, stack(0x04150000,0x04250000)]
  0x0198d400 JavaThread "C1 CompilerThread0" daemon [_thread_blocked, id=1812, stack(0x04050000,0x04150000)]
  0x0198c400 JavaThread "Attach Listener" daemon [_thread_blocked, id=5356, stack(0x03f50000,0x04050000)]
  0x0198b000 JavaThread "Signal Dispatcher" daemon [_thread_blocked, id=2680, stack(0x03e50000,0x03f50000)]
  0x0197d800 JavaThread "Finalizer" daemon [_thread_blocked, id=5964, stack(0x03d50000,0x03e50000)]
  0x0197c400 JavaThread "Reference Handler" daemon [_thread_blocked, id=2400, stack(0x03c50000,0x03d50000)]
=>0x01a39000 JavaThread "main" [_thread_in_vm, id=4528, stack(0x00030000,0x00130000)]

Other Threads:
  0x0193f800 VMThread [stack: 0x03b50000,0x03c50000] [id=1208]
  0x019a3c00 WatcherThread [stack: 0x04250000,0x04350000] [id=5040]

VM state:not at safepoint (normal execution)

VM Mutex/Monitor currently owned by a thread: None

Heap
 def new generation   total 4928K, used 1504K [0x17760000, 0x17cb0000, 0x1ccb0000)
  eden space 4416K,  30% used [0x17760000, 0x178b1c88, 0x17bb0000)
  from space 512K,  29% used [0x17c30000, 0x17c56510, 0x17cb0000)
  to   space 512K,   0% used [0x17bb0000, 0x17bb0000, 0x17c30000)
 tenured generation   total 10944K, used 10501K [0x1ccb0000, 0x1d760000, 0x27760000)
   the space 10944K,  95% used [0x1ccb0000, 0x1d6f1610, 0x1d6f1800, 0x1d760000)
 compacting perm gen  total 14592K, used 14523K [0x27760000, 0x285a0000, 0x37760000)
   the space 14592K,  99% used [0x27760000, 0x2858eda0, 0x2858ee00, 0x285a0000)
    ro space 10240K,  51% used [0x37760000, 0x37c8e318, 0x37c8e400, 0x38160000)
    rw space 12288K,  55% used [0x38160000, 0x387fa088, 0x387fa200, 0x38d60000)

Code Cache  [0x01a40000, 0x01bf0000, 0x03a40000)
 total_blobs=845 nmethods=674 adapters=106 free_code_cache=31792448 largest_free_block=0

Dynamic libraries:
0x00400000 - 0x0040e000 	C:\GeradorJava\jet\eclipse\eclipse.exe
0x776d0000 - 0x7780c000 	C:\Windows\SYSTEM32\ntdll.dll
0x760b0000 - 0x76184000 	C:\Windows\system32\kernel32.dll
0x75a80000 - 0x75aca000 	C:\Windows\system32\KERNELBASE.dll
0x75d10000 - 0x75dd9000 	C:\Windows\system32\USER32.dll
0x76980000 - 0x769ce000 	C:\Windows\system32\GDI32.dll
0x75b60000 - 0x75b6a000 	C:\Windows\system32\LPK.dll
0x76230000 - 0x762cd000 	C:\Windows\system32\USP10.dll
0x77850000 - 0x778fc000 	C:\Windows\system32\msvcrt.dll
0x659c0000 - 0x65a44000 	C:\Windows\WinSxS\x86_microsoft.windows.common-controls_6595b64144ccf1df_5.82.7601.17514_none_ec83dffa859149af\COMCTL32.dll
0x76190000 - 0x76230000 	C:\Windows\system32\ADVAPI32.dll
0x77820000 - 0x77839000 	C:\Windows\SYSTEM32\sechost.dll
0x77620000 - 0x776c1000 	C:\Windows\system32\RPCRT4.dll
0x763a0000 - 0x763bf000 	C:\Windows\system32\IMM32.DLL
0x763c0000 - 0x7648c000 	C:\Windows\system32\MSCTF.dll
0x72000000 - 0x72012000 	C:\GeradorJava\jet\eclipse\plugins\org.eclipse.equinox.launcher.win32.win32.x86_1.0.3.R33x_v20080118\eclipse_1023.dll
0x74d20000 - 0x74d29000 	C:\Windows\system32\VERSION.dll
0x745b0000 - 0x745f0000 	C:\Windows\system32\uxtheme.dll
0x70f00000 - 0x70f09000 	C:\ProgramData\Real\RealPlayer\BrowserRecordPlugin\Chrome\Hook\rpchrome150browserrecordhelper.dll
0x73920000 - 0x739c3000 	C:\Windows\WinSxS\x86_microsoft.vc90.crt_1fc8b3b9a1e18e3b_9.0.30729.6161_none_50934f2ebcb7eb57\MSVCR90.dll
0x769d0000 - 0x7761a000 	C:\Windows\system32\SHELL32.dll
0x76650000 - 0x766a7000 	C:\Windows\system32\SHLWAPI.dll
0x6d7f0000 - 0x6da9f000 	C:\Program Files\Java\jre6\bin\client\jvm.dll
0x70cd0000 - 0x70d02000 	C:\Windows\system32\WINMM.dll
0x7c340000 - 0x7c396000 	C:\Windows\system32\MSVCR71.dll
0x75790000 - 0x757dc000 	C:\Windows\system32\apphelp.dll
0x6d7a0000 - 0x6d7ac000 	C:\Program Files\Java\jre6\bin\verify.dll
0x6d320000 - 0x6d33f000 	C:\Program Files\Java\jre6\bin\java.dll
0x6d7e0000 - 0x6d7ef000 	C:\Program Files\Java\jre6\bin\zip.dll
0x752e0000 - 0x752f6000 	C:\Windows\system32\CRYPTSP.dll
0x75070000 - 0x750ab000 	C:\Windows\system32\rsaenh.dll
0x74e80000 - 0x74e97000 	C:\Windows\system32\USERENV.dll
0x75860000 - 0x7586b000 	C:\Windows\system32\profapi.dll
0x757e0000 - 0x757ec000 	C:\Windows\system32\CRYPTBASE.dll
0x6d600000 - 0x6d613000 	C:\Program Files\Java\jre6\bin\net.dll
0x762d0000 - 0x76305000 	C:\Windows\system32\WS2_32.dll
0x76010000 - 0x76016000 	C:\Windows\system32\NSI.dll
0x752a0000 - 0x752dc000 	C:\Windows\system32\mswsock.dll
0x75290000 - 0x75296000 	C:\Windows\System32\wship6.dll
0x733c0000 - 0x733d0000 	C:\Windows\system32\NLAapi.dll
0x6bb50000 - 0x6bb60000 	C:\Windows\system32\napinsp.dll
0x6bb30000 - 0x6bb42000 	C:\Windows\system32\pnrpnsp.dll
0x70550000 - 0x70577000 	C:\Program Files\Common Files\Microsoft Shared\Windows Live\WLIDNSP.DLL
0x77810000 - 0x77815000 	C:\Windows\system32\PSAPI.DLL
0x75160000 - 0x751a4000 	C:\Windows\system32\DNSAPI.dll
0x6bb20000 - 0x6bb28000 	C:\Windows\System32\winrnr.dll
0x74db0000 - 0x74db5000 	C:\Windows\System32\wshtcpip.dll
0x71ee0000 - 0x71efc000 	C:\Windows\system32\IPHLPAPI.DLL
0x71ec0000 - 0x71ec7000 	C:\Windows\system32\WINNSI.DLL
0x70540000 - 0x70546000 	C:\Windows\system32\rasadhlp.dll
0x71d90000 - 0x71dc8000 	C:\Windows\System32\fwpuclnt.dll
0x75eb0000 - 0x7600c000 	C:\Windows\system32\ole32.dll
0x76020000 - 0x760a3000 	C:\Windows\system32\CLBCatQ.DLL
0x766b0000 - 0x7673f000 	C:\Windows\system32\OLEAUT32.dll
0x6d620000 - 0x6d629000 	C:\Program Files\Java\jre6\bin\nio.dll
0x10000000 - 0x1004f000 	C:\GeradorJava\jet\eclipse\configuration\org.eclipse.osgi\bundles\334\1\.cp\swt-win32-3349.dll
0x74730000 - 0x748ce000 	C:\Windows\WinSxS\x86_microsoft.windows.common-controls_6595b64144ccf1df_6.0.7601.17514_none_41e6975e2bd6f2b2\COMCTL32.dll
0x75e30000 - 0x75eab000 	C:\Windows\system32\comdlg32.dll
0x76860000 - 0x7697b000 	C:\Windows\system32\WININET.dll
0x77840000 - 0x77843000 	C:\Windows\system32\Normaliz.dll
0x76490000 - 0x76648000 	C:\Windows\system32\iertutil.dll
0x76740000 - 0x76851000 	C:\Windows\system32\urlmon.dll
0x74280000 - 0x74293000 	C:\Windows\system32\dwmapi.dll
0x01840000 - 0x01848000 	C:\GeradorJava\jet\eclipse\configuration\org.eclipse.osgi\bundles\36\1\.cp\os\win32\x86\localfile_1_0_0.dll
0x73c70000 - 0x73cac000 	C:\Windows\system32\oleacc.dll
0x04c00000 - 0x04c14000 	C:\GeradorJava\jet\eclipse\configuration\org.eclipse.osgi\bundles\334\1\.cp\swt-gdip-win32-3349.dll
0x74420000 - 0x745b0000 	C:\Windows\WinSxS\x86_microsoft.windows.gdiplus_6595b64144ccf1df_1.1.7601.17514_none_72d18a4386696c80\gdiplus.dll

VM Arguments:
jvm_args: -XX:MaxPermSize=256M 
java_command: <unknown>
Launcher Type: generic

Environment Variables:
JAVA_HOME=C:\JDK\6_30
PATH=C:\Program Files\Java\jre6\bin\client;C:\Program Files\Java\jre6\bin;C:\Program Files\Common Files\Microsoft Shared\Windows Live;C:\Windows\system32;C:\Windows;C:\Windows\System32\Wbem;C:\Windows\System32\WindowsPowerShell\v1.0\;C:\Program Files\Windows Live\Shared;C:\JDK\6_30\bin;c:\Program Files\Microsoft ASP.NET\ASP.NET Web Pages\v1.0\;C:\Program Files\TortoiseSVN\bin;c:\Program Files\Microsoft SQL Server\100\Tools\Binn\;c:\Program Files\Microsoft SQL Server\100\DTS\Binn\;c:\Program Files\Microsoft SQL Server\100\Tools\Binn\VSShell\Common7\IDE\;C:\Program Files\CVSNT\
USERNAME=Paulo
OS=Windows_NT
PROCESSOR_IDENTIFIER=x86 Family 6 Model 23 Stepping 10, GenuineIntel



---------------  S Y S T E M  ---------------

OS: Windows 7 Build 7601 Service Pack 1

CPU:total 2 (2 cores per cpu, 1 threads per core) family 6 model 23 stepping 10, cmov, cx8, fxsr, mmx, sse, sse2, sse3, ssse3

Memory: 4k page, physical 3135672k(1282920k free), swap 6269588k(4003728k free)

vm_info: Java HotSpot(TM) Client VM (20.6-b01) for windows-x86 JRE (1.6.0_31-b05), built on Feb  3 2012 18:44:09 by "java_re" with MS VC++ 7.1 (VS2003)

time: Mon Apr 16 11:36:21 2012
elapsed time: 2 seconds

