#
# A fatal error has been detected by the Java Runtime Environment:
#
#  EXCEPTION_PRIV_INSTRUCTION (0xc0000096) at pc=0x6da1c79f, pid=8036, tid=10408
#
# JRE version: 6.0_30-b12
# Java VM: Java HotSpot(TM) Client VM (20.5-b03 mixed mode, sharing windows-x86 )
# Problematic frame:
# V  [jvm.dll+0x15c79f]
#
# If you would like to submit a bug report, please visit:
#   http://java.sun.com/webapps/bugreport/crash.jsp
#

---------------  T H R E A D  ---------------

Current thread (0x0196f400):  JavaThread "C1 CompilerThread0" daemon [_thread_in_native, id=10408, stack(0x03d60000,0x03db0000)]

siginfo: ExceptionCode=0xc0000096

Registers:
EAX=0x01b369c0, EBX=0x03daf7a8, ECX=0x01b36b6b, EDX=0x03daf978
ESP=0x03daf65c, EBP=0x03daf744, ESI=0x00000000, EDI=0x03daf65c
EIP=0x6da1c79f, EFLAGS=0x00010246

Top of Stack: (sp=0x03daf65c)
0x03daf65c:   03daf7a8 03e77c00 0000000f 00000000
0x03daf66c:   ffffffff ffffffff 00000008 6dad6d20
0x03daf67c:   00000000 00000007 00000004 ffffffff
0x03daf68c:   00000001 ffffffff ffffffff 00000004
0x03daf69c:   6dad6d20 00000000 03daf718 03daf7a8
0x03daf6ac:   03daf7a8 00000001 ffffffff ffffffff
0x03daf6bc:   00000008 6dad6d20 00000000 00000000
0x03daf6cc:   00000007 03daf7a8 00000000 ffffffff 

Instructions: (pc=0x6da1c79f)
0x6da1c77f:   ff ff f3 a5 8b 0b 52 e8 35 9d fe ff 8b 45 08 8b
0x6da1c78f:   0b 6a 00 83 c0 04 50 6a 07 e8 d3 9f fe ff 33 f6
0x6da1c79f:   f4 45 f0 40 74 79 8b 4d e4 8b 55 f4 8b 45 f8 89
0x6da1c7af:   8d 6c ff ff ff 83 ec 24 89 b5 74 ff ff ff 89 b5 


Register to memory mapping:

EAX=0x01b36988 [CodeBlob (0x01b36988)]
Framesize: 0
BufferBlob (0x01b36988) used for Compiler1 temporary CodeBuffer
EBX=0x03daf7a8 is pointing into the stack for thread: 0x0196f400
ECX=0x01b36988 [CodeBlob (0x01b36988)]
Framesize: 0
BufferBlob (0x01b36988) used for Compiler1 temporary CodeBuffer
EDX=0x03daf978 is pointing into the stack for thread: 0x0196f400
ESP=0x03daf65c is pointing into the stack for thread: 0x0196f400
EBP=0x03daf744 is pointing into the stack for thread: 0x0196f400
ESI=0x00000000 is an unknown value
EDI=0x03daf65c is pointing into the stack for thread: 0x0196f400


Stack: [0x03d60000,0x03db0000],  sp=0x03daf65c,  free space=317k
Native frames: (J=compiled Java code, j=interpreted, Vv=VM code, C=native code)
V  [jvm.dll+0x15c79f]
V  [jvm.dll+0x1fa522]
V  [jvm.dll+0x1fce5a]
V  [jvm.dll+0x1fd3f8]
V  [jvm.dll+0x1e3826]
V  [jvm.dll+0x1e3aae]
V  [jvm.dll+0x1e3b1c]
V  [jvm.dll+0x1e3c6f]
V  [jvm.dll+0x1e3ec4]
V  [jvm.dll+0x3dc4d]
V  [jvm.dll+0x3e77f]
V  [jvm.dll+0x118f14]
V  [jvm.dll+0x140ffc]
C  [msvcr71.dll+0x9565]  endthreadex+0xa0
C  [kernel32.dll+0x51154]  BaseThreadInitThunk+0x12
C  [ntdll.dll+0x5b299]  RtlInitializeExceptionChain+0x63
C  [ntdll.dll+0x5b26c]  RtlInitializeExceptionChain+0x36


Current CompileTask:
C1:    175  13      java.lang.String.toLowerCase(Ljava/util/Locale;)Ljava/lang/String; (436 bytes)


---------------  P R O C E S S  ---------------

Java Threads: ( => current thread )
  0x01979400 JavaThread "Low Memory Detector" daemon [_thread_blocked, id=10800, stack(0x03db0000,0x03e00000)]
=>0x0196f400 JavaThread "C1 CompilerThread0" daemon [_thread_in_native, id=10408, stack(0x03d60000,0x03db0000)]
  0x0196e400 JavaThread "Attach Listener" daemon [_thread_blocked, id=10548, stack(0x03d10000,0x03d60000)]
  0x0196b000 JavaThread "Signal Dispatcher" daemon [_thread_blocked, id=3944, stack(0x03cc0000,0x03d10000)]
  0x01963800 JavaThread "Finalizer" daemon [_thread_blocked, id=10260, stack(0x03c70000,0x03cc0000)]
  0x0195ec00 JavaThread "Reference Handler" daemon [_thread_blocked, id=6412, stack(0x03c20000,0x03c70000)]
  0x01aeac00 JavaThread "main" [_thread_in_vm, id=10416, stack(0x00390000,0x003e0000)]

Other Threads:
  0x01921c00 VMThread [stack: 0x03bd0000,0x03c20000] [id=9956]
  0x0197a800 WatcherThread [stack: 0x03e00000,0x03e50000] [id=7656]

VM state:not at safepoint (normal execution)

VM Mutex/Monitor currently owned by a thread: None

Heap
 def new generation   total 4928K, used 2754K [0x23b10000, 0x24060000, 0x29060000)
  eden space 4416K,  62% used [0x23b10000, 0x23dc0940, 0x23f60000)
  from space 512K,   0% used [0x23f60000, 0x23f60000, 0x23fe0000)
  to   space 512K,   0% used [0x23fe0000, 0x23fe0000, 0x24060000)
 tenured generation   total 10944K, used 0K [0x29060000, 0x29b10000, 0x33b10000)
   the space 10944K,   0% used [0x29060000, 0x29060000, 0x29060200, 0x29b10000)
 compacting perm gen  total 12288K, used 686K [0x33b10000, 0x34710000, 0x37b10000)
   the space 12288K,   5% used [0x33b10000, 0x33bbb868, 0x33bbba00, 0x34710000)
    ro space 10240K,  54% used [0x37b10000, 0x3808e4a8, 0x3808e600, 0x38510000)
    rw space 12288K,  55% used [0x38510000, 0x38bb22a0, 0x38bb2400, 0x39110000)

Code Cache  [0x01af0000, 0x01b68000, 0x03af0000)
 total_blobs=144 nmethods=13 adapters=68 free_code_cache=33084160 largest_free_block=0

Dynamic libraries:
0x00400000 - 0x00425000 	C:\JDK\jdk1.6.0_30\bin\javaw.exe
0x77960000 - 0x77a9c000 	C:\Windows\SYSTEM32\ntdll.dll
0x760b0000 - 0x76184000 	C:\Windows\system32\kernel32.dll
0x75ba0000 - 0x75beb000 	C:\Windows\system32\KERNELBASE.dll
0x766c0000 - 0x76760000 	C:\Windows\system32\ADVAPI32.dll
0x76610000 - 0x766bc000 	C:\Windows\system32\msvcrt.dll
0x763b0000 - 0x763c9000 	C:\Windows\SYSTEM32\sechost.dll
0x76300000 - 0x763a1000 	C:\Windows\system32\RPCRT4.dll
0x77760000 - 0x77829000 	C:\Windows\system32\USER32.dll
0x76760000 - 0x767ae000 	C:\Windows\system32\GDI32.dll
0x77aa0000 - 0x77aaa000 	C:\Windows\system32\LPK.dll
0x778c0000 - 0x7795d000 	C:\Windows\system32\USP10.dll
0x77ab0000 - 0x77acf000 	C:\Windows\system32\IMM32.DLL
0x76540000 - 0x7660c000 	C:\Windows\system32\MSCTF.dll
0x7c340000 - 0x7c396000 	C:\JDK\jdk1.6.0_30\jre\bin\msvcr71.dll
0x6d8c0000 - 0x6db6f000 	C:\JDK\jdk1.6.0_30\jre\bin\client\jvm.dll
0x73580000 - 0x735b2000 	C:\Windows\system32\WINMM.dll
0x75a20000 - 0x75a6b000 	C:\Windows\system32\apphelp.dll
0x6d870000 - 0x6d87c000 	C:\JDK\jdk1.6.0_30\jre\bin\verify.dll
0x6d3d0000 - 0x6d3ef000 	C:\JDK\jdk1.6.0_30\jre\bin\java.dll
0x6d8b0000 - 0x6d8bf000 	C:\JDK\jdk1.6.0_30\jre\bin\zip.dll
0x75f10000 - 0x75f15000 	C:\Windows\system32\PSAPI.DLL
0x6d6b0000 - 0x6d6c3000 	C:\JDK\jdk1.6.0_30\jre\bin\net.dll
0x77ad0000 - 0x77b05000 	C:\Windows\system32\WS2_32.dll
0x77b10000 - 0x77b16000 	C:\Windows\system32\NSI.dll
0x75560000 - 0x7559c000 	C:\Windows\system32\mswsock.dll
0x75520000 - 0x75526000 	C:\Windows\System32\wship6.dll
0x75040000 - 0x75045000 	C:\Windows\System32\wshtcpip.dll

VM Arguments:
jvm_args: -Dant.home=C:\GeradorJava\jet\eclipse\plugins\org.apache.ant_1.7.0.v200706080842 -Dant.library.dir=C:\GeradorJava\jet\eclipse\plugins\org.apache.ant_1.7.0.v200706080842\lib -Djava.library.path=C:\GeradorJava\jet\eclipse;C:\Windows\Sun\Java\bin;C:\Windows\system32;C:\Windows;C:\Program Files\Java\jre6\bin\client;C:\Program Files\Java\jre6\bin;C:\Program Files\Common Files\Microsoft Shared\Windows Live;C:\Windows\system32;C:\Windows;C:\Windows\System32\Wbem;C:\Windows\System32\WindowsPowerShell\v1.0\;C:\Program Files\Microsoft\Web Platform Installer\;c:\Program Files\Microsoft ASP.NET\ASP.NET Web Pages\v1.0\;C:\Program Files\Windows Live\Shared;C:\Android-SDK - Old\platform-tools;.;C:\GeradorJava\jet\eclipse\configuration\org.eclipse.osgi\bundles\334\1\.cp 
java_command: org.eclipse.ant.internal.ui.antsupport.InternalAntRunner -Dorg.eclipse.ant.core.ANT_PROCESS_ID=1351967969538 -Declipse.connect.port=59487 -Declipse.pdebuild.home=/C:/GeradorJava/jet/eclipse/plugins/org.eclipse.pde.build_3.3.2.v20071019/./ -Declipse.pdebuild.scripts=/C:/GeradorJava/jet/eclipse/plugins/org.eclipse.pde.build_3.3.2.v20071019/scripts/ -Declipse.pdebuild.templates=/C:/GeradorJava/jet/eclipse/plugins/org.eclipse.pde.build_3.3.2.v20071019/templates/ -Dant.home=C:\GeradorJava\jet\eclipse\plugins\org.apache.ant_1.7.0.v200706080842 -logger org.eclipse.ant.internal.ui.antsupport.logger.RemoteAntBuildLogger -inputhandler org.eclipse.ant.internal.ui.antsupport.inputhandler.ProxyInputHandler -buildfile C:\GeradorJava\jet\WorkspaceEMF\GeradorJavaTemplate\build.xml
Launcher Type: SUN_STANDARD

Environment Variables:
JAVA_HOME=C:\JDK\jdk1.6.0_30
PATH=C:\Program Files\Java\jre6\bin\client;C:\Program Files\Java\jre6\bin;C:\Program Files\Common Files\Microsoft Shared\Windows Live;C:\Windows\system32;C:\Windows;C:\Windows\System32\Wbem;C:\Windows\System32\WindowsPowerShell\v1.0\;C:\Program Files\Microsoft\Web Platform Installer\;c:\Program Files\Microsoft ASP.NET\ASP.NET Web Pages\v1.0\;C:\Program Files\Windows Live\Shared;C:\Android-SDK - Old\platform-tools
USERNAME=Paulo
OS=Windows_NT
PROCESSOR_IDENTIFIER=x86 Family 6 Model 23 Stepping 10, GenuineIntel



---------------  S Y S T E M  ---------------

OS: Windows 7 Build 7600 

CPU:total 2 (2 cores per cpu, 1 threads per core) family 6 model 23 stepping 10, cmov, cx8, fxsr, mmx, sse, sse2, sse3, ssse3

Memory: 4k page, physical 3135672k(834020k free), swap 6269580k(2858016k free)

vm_info: Java HotSpot(TM) Client VM (20.5-b03) for windows-x86 JRE (1.6.0_30-b12), built on Nov 10 2011 01:51:00 by "java_re" with MS VC++ 7.1 (VS2003)

time: Sat Nov 03 16:39:30 2012
elapsed time: 0 seconds

