09/06/08 12:38:01.125 10.1.3.3.0 Started
09/06/08 12:39:20.203 10.1.3.3.0 Started
09/06/08 12:39:43.906 10.1.3.3.0 Started
09/06/08 13:20:10.140 10.1.3.3.0 Started
09/06/08 13:27:38.125 10.1.3.3.0 Started
09/06/08 13:37:45.765 10.1.3.3.0 Started
09/06/08 13:39:10.390 10.1.3.3.0 Started
09/06/08 13:44:37.62 10.1.3.3.0 Started
09/06/08 13:47:29.453 10.1.3.3.0 Started
09/06/08 13:48:32.531 10.1.3.3.0 Started
09/06/08 13:59:37.828 10.1.3.3.0 Started
09/06/08 14:00:18.156 10.1.3.3.0 Started
09/06/08 15:54:46.296 10.1.3.3.0 Started
09/06/08 15:56:54.421 10.1.3.3.0 Started
09/06/08 15:59:46.218 10.1.3.3.0 Started
09/06/08 16:36:06.609 10.1.3.3.0 Started
09/06/08 16:36:47.218 10.1.3.3.0 Started
09/06/08 16:44:15.515 10.1.3.3.0 Started
09/06/08 16:49:20.203 10.1.3.3.0 Started
09/06/08 16:51:02.734 10.1.3.3.0 Started
09/06/08 17:16:52.531 10.1.3.3.0 Started
09/06/08 17:17:51.984 10.1.3.3.0 Started
09/06/08 17:19:17.515 10.1.3.3.0 Started
09/06/08 17:20:22.656 10.1.3.3.0 Started
09/06/08 17:24:18.515 10.1.3.3.0 Started
09/06/08 17:39:05.15 10.1.3.3.0 Started
09/06/08 17:41:55.812 10.1.3.3.0 Started
09/06/08 18:15:45.125 10.1.3.3.0 Started
09/06/08 18:28:44.265 10.1.3.3.0 Started
09/06/08 18:29:30.93 10.1.3.3.0 Started
09/06/08 18:31:01.843 10.1.3.3.0 Started
09/06/08 18:36:24.234 10.1.3.3.0 Started
09/06/08 18:41:02.265 10.1.3.3.0 Started
09/06/08 18:48:28.296 10.1.3.3.0 Started
09/06/09 10:39:05.78 10.1.3.3.0 Started
09/06/09 10:40:16.281 10.1.3.3.0 Started
09/06/09 10:45:50.640 10.1.3.3.0 Started
09/06/09 10:46:18.156 10.1.3.3.0 Started
09/06/09 10:46:56.609 10.1.3.3.0 Started
09/06/09 10:53:12.171 10.1.3.3.0 Started
09/06/09 10:58:27.734 10.1.3.3.0 Started
09/06/09 11:14:31.718 10.1.3.3.0 Started
09/06/09 11:21:39.937 10.1.3.3.0 Started
09/06/09 11:25:17.234 10.1.3.3.0 Started
09/06/09 12:19:50.109 10.1.3.3.0 Started
09/06/09 12:29:24.937 10.1.3.3.0 Started
09/06/09 12:33:59.312 10.1.3.3.0 Started
09/06/09 12:36:10.906 10.1.3.3.0 Started
09/06/09 12:36:57.0 10.1.3.3.0 Started
09/06/09 12:47:05.437 10.1.3.3.0 Started
09/06/09 13:19:01.171 10.1.3.3.0 Started
09/06/09 15:40:40.546 10.1.3.3.0 Started
09/06/09 16:03:54.140 10.1.3.3.0 Started
09/06/09 16:12:42.468 10.1.3.3.0 Started
09/06/09 16:13:51.281 10.1.3.3.0 Started
09/06/09 16:15:56.171 10.1.3.3.0 Started
09/06/09 16:55:05.265 10.1.3.3.0 Started
09/06/09 17:42:52.843 10.1.3.3.0 Started
09/06/09 17:42:59.571 OblTrataparametrosWEB: 10.1.3.3.0 Started
09/06/09 18:03:38.230 10.1.3.3.0 Started
09/06/09 18:03:44.354 OblTrataparametrosWEB: 10.1.3.3.0 Started
09/06/10 10:25:06.226 10.1.3.3.0 Started
09/06/10 10:25:13.422 OblTrataparametrosWEB: 10.1.3.3.0 Started
09/06/10 10:48:11.596 10.1.3.3.0 Started
09/06/10 10:48:17.737 OblTrataparametrosWEB: 10.1.3.3.0 Started
09/06/10 10:51:58.673 10.1.3.3.0 Started
09/06/10 10:52:04.845 OblTrataparametrosWEB: 10.1.3.3.0 Started
09/06/10 10:57:09.125 10.1.3.3.0 Started
09/06/10 10:57:15.250 OblTrataparametrosWEB: 10.1.3.3.0 Started
09/06/10 10:58:59.985 10.1.3.3.0 Started
09/06/10 10:59:06.78 OblTrataparametrosWEB: 10.1.3.3.0 Started
09/06/10 11:00:31.766 10.1.3.3.0 Started
09/06/10 11:00:37.891 OblTrataparametrosWEB: 10.1.3.3.0 Started
09/06/10 12:48:00.443 10.1.3.3.0 Started
09/06/10 12:48:07.818 OblTrataparametrosWEB: 10.1.3.3.0 Started
09/06/10 12:50:49.849 OblTrataparametrosWEB: 10.1.3.3.0 Stopped
09/06/10 12:51:26.209 10.1.3.3.0 Started
09/06/10 12:51:33.693 OblTrataparametrosWEB: 10.1.3.3.0 Started
09/06/10 12:54:11.428 OblTrataparametrosWEB: 10.1.3.3.0 Stopped
09/06/10 12:54:49.881 10.1.3.3.0 Started
09/06/10 12:54:57.318 OblTrataparametrosWEB: 10.1.3.3.0 Started
09/06/10 13:07:57.97 OblTrataparametrosWEB: Servlet error
java.lang.NumberFormatException: For input string: "operadora"
	at java.lang.NumberFormatException.forInputString(NumberFormatException.java:48)
	at java.lang.Integer.parseInt(Integer.java:447)
	at java.lang.Integer.valueOf(Integer.java:526)
	at java.lang.Integer.decode(Integer.java:919)
	at com.br.brasilcap.arq.prm.prmfrmwrk.prmfiltro.PrmFilter.checaValoresLista(PrmFilter.java:188)
	at com.br.brasilcap.arq.prm.prmfrmwrk.prmfiltro.PrmFilter.doFilter(PrmFilter.java:119)
	at com.evermind[Oracle Containers for J2EE 10g (10.1.3.3.0) ].server.http.ServletRequestDispatcher.invoke(ServletRequestDispatcher.java:623)
	at com.evermind[Oracle Containers for J2EE 10g (10.1.3.3.0) ].server.http.ServletRequestDispatcher.forwardInternal(ServletRequestDispatcher.java:370)
	at com.evermind[Oracle Containers for J2EE 10g (10.1.3.3.0) ].server.http.HttpRequestHandler.doProcessRequest(HttpRequestHandler.java:871)
	at com.evermind[Oracle Containers for J2EE 10g (10.1.3.3.0) ].server.http.HttpRequestHandler.processRequest(HttpRequestHandler.java:453)
	at com.evermind[Oracle Containers for J2EE 10g (10.1.3.3.0) ].server.http.HttpRequestHandler.serveOneRequest(HttpRequestHandler.java:221)
	at com.evermind[Oracle Containers for J2EE 10g (10.1.3.3.0) ].server.http.HttpRequestHandler.run(HttpRequestHandler.java:122)
	at com.evermind[Oracle Containers for J2EE 10g (10.1.3.3.0) ].server.http.HttpRequestHandler.run(HttpRequestHandler.java:111)
	at oracle.oc4j.network.ServerSocketReadHandler$SafeRunnable.run(ServerSocketReadHandler.java:260)
	at oracle.oc4j.network.ServerSocketAcceptHandler.procClientSocket(ServerSocketAcceptHandler.java:239)
	at oracle.oc4j.network.ServerSocketAcceptHandler.access$700(ServerSocketAcceptHandler.java:34)
	at oracle.oc4j.network.ServerSocketAcceptHandler$AcceptHandlerHorse.run(ServerSocketAcceptHandler.java:880)
	at com.evermind[Oracle Containers for J2EE 10g (10.1.3.3.0) ].util.ReleasableResourcePooledExecutor$MyWorker.run(ReleasableResourcePooledExecutor.java:303)
	at java.lang.Thread.run(Thread.java:595)
09/06/10 13:14:13.954 OblTrataparametrosWEB: 10.1.3.3.0 Stopped
09/06/10 13:15:28.986 10.1.3.3.0 Started
09/06/10 13:15:36.439 OblTrataparametrosWEB: 10.1.3.3.0 Started
09/06/10 13:31:54.83 OblTrataparametrosWEB: 10.1.3.3.0 Stopped
09/06/10 13:38:14.193 10.1.3.3.0 Started
09/06/10 13:38:21.568 OblTrataparametrosWEB: 10.1.3.3.0 Started
09/06/10 13:40:20.52 10.1.3.3.0 Started
09/06/10 13:40:27.521 OblTrataparametrosWEB: 10.1.3.3.0 Started
09/06/10 15:33:49.65 10.1.3.3.0 Started
09/06/10 15:33:56.534 OblTrataparametrosWEB: 10.1.3.3.0 Started
09/06/10 15:38:25.721 OblTrataparametrosWEB: 10.1.3.3.0 Stopped
09/06/10 15:50:12.721 10.1.3.3.0 Started
09/06/10 15:50:20.127 OblTrataparametrosWEB: 10.1.3.3.0 Started
09/06/10 15:50:27.49 OblTrataparametrosWEB: Servlet error
java.lang.NumberFormatException: For input string: "operadora"
	at java.lang.NumberFormatException.forInputString(NumberFormatException.java:48)
	at java.lang.Integer.parseInt(Integer.java:447)
	at java.lang.Integer.valueOf(Integer.java:526)
	at java.lang.Integer.decode(Integer.java:919)
	at com.br.brasilcap.arq.prm.prmfrmwrk.prmfiltro.PrmFilter.checaValoresLista(PrmFilter.java:188)
	at com.br.brasilcap.arq.prm.prmfrmwrk.prmfiltro.PrmFilter.doFilter(PrmFilter.java:119)
	at com.evermind[Oracle Containers for J2EE 10g (10.1.3.3.0) ].server.http.ServletRequestDispatcher.invoke(ServletRequestDispatcher.java:623)
	at com.evermind[Oracle Containers for J2EE 10g (10.1.3.3.0) ].server.http.ServletRequestDispatcher.forwardInternal(ServletRequestDispatcher.java:370)
	at com.evermind[Oracle Containers for J2EE 10g (10.1.3.3.0) ].server.http.HttpRequestHandler.doProcessRequest(HttpRequestHandler.java:871)
	at com.evermind[Oracle Containers for J2EE 10g (10.1.3.3.0) ].server.http.HttpRequestHandler.processRequest(HttpRequestHandler.java:453)
	at com.evermind[Oracle Containers for J2EE 10g (10.1.3.3.0) ].server.http.HttpRequestHandler.serveOneRequest(HttpRequestHandler.java:221)
	at com.evermind[Oracle Containers for J2EE 10g (10.1.3.3.0) ].server.http.HttpRequestHandler.run(HttpRequestHandler.java:122)
	at com.evermind[Oracle Containers for J2EE 10g (10.1.3.3.0) ].server.http.HttpRequestHandler.run(HttpRequestHandler.java:111)
	at oracle.oc4j.network.ServerSocketReadHandler$SafeRunnable.run(ServerSocketReadHandler.java:260)
	at oracle.oc4j.network.ServerSocketAcceptHandler.procClientSocket(ServerSocketAcceptHandler.java:239)
	at oracle.oc4j.network.ServerSocketAcceptHandler.access$700(ServerSocketAcceptHandler.java:34)
	at oracle.oc4j.network.ServerSocketAcceptHandler$AcceptHandlerHorse.run(ServerSocketAcceptHandler.java:880)
	at com.evermind[Oracle Containers for J2EE 10g (10.1.3.3.0) ].util.ReleasableResourcePooledExecutor$MyWorker.run(ReleasableResourcePooledExecutor.java:298)
	at java.lang.Thread.run(Thread.java:595)
09/06/10 15:54:27.252 OblTrataparametrosWEB: 10.1.3.3.0 Stopped
09/06/10 16:13:15.601 10.1.3.3.0 Started
09/06/10 16:13:23.55 OblTrataparametrosWEB: 10.1.3.3.0 Started
09/06/10 16:15:36.930 OblTrataparametrosWEB: 10.1.3.3.0 Stopped
09/06/10 16:25:45.274 10.1.3.3.0 Started
09/06/10 16:25:52.696 OblTrataparametrosWEB: 10.1.3.3.0 Started
09/06/10 16:31:07.571 OblTrataparametrosWEB: 10.1.3.3.0 Stopped
09/06/10 16:40:00.39 10.1.3.3.0 Started
09/06/10 16:40:07.477 OblTrataparametrosWEB: 10.1.3.3.0 Started
09/06/10 16:46:57.508 OblTrataparametrosWEB: 10.1.3.3.0 Stopped
09/06/10 16:47:41.696 10.1.3.3.0 Started
09/06/10 16:48:02.852 10.1.3.3.0 Started
09/06/10 16:48:10.289 OblTrataparametrosWEB: 10.1.3.3.0 Started
09/06/10 16:48:42.696 10.1.3.3.0 Started
09/06/10 16:48:50.71 OblTrataparametrosWEB: 10.1.3.3.0 Started
09/06/10 17:04:43.196 OblTrataparametrosWEB: Servlet error
java.lang.NumberFormatException: For input string: "operadora"
	at java.lang.NumberFormatException.forInputString(NumberFormatException.java:48)
	at java.lang.Integer.parseInt(Integer.java:447)
	at java.lang.Integer.valueOf(Integer.java:526)
	at java.lang.Integer.decode(Integer.java:919)
	at com.br.brasilcap.arq.prm.prmfrmwrk.prmfiltro.PrmFilter.checaValoresLista(PrmFilter.java:188)
	at com.br.brasilcap.arq.prm.prmfrmwrk.prmfiltro.PrmFilter.doFilter(PrmFilter.java:119)
	at com.evermind[Oracle Containers for J2EE 10g (10.1.3.3.0) ].server.http.ServletRequestDispatcher.invoke(ServletRequestDispatcher.java:623)
	at com.evermind[Oracle Containers for J2EE 10g (10.1.3.3.0) ].server.http.ServletRequestDispatcher.forwardInternal(ServletRequestDispatcher.java:370)
	at com.evermind[Oracle Containers for J2EE 10g (10.1.3.3.0) ].server.http.HttpRequestHandler.doProcessRequest(HttpRequestHandler.java:871)
	at com.evermind[Oracle Containers for J2EE 10g (10.1.3.3.0) ].server.http.HttpRequestHandler.processRequest(HttpRequestHandler.java:453)
	at com.evermind[Oracle Containers for J2EE 10g (10.1.3.3.0) ].server.http.HttpRequestHandler.serveOneRequest(HttpRequestHandler.java:221)
	at com.evermind[Oracle Containers for J2EE 10g (10.1.3.3.0) ].server.http.HttpRequestHandler.run(HttpRequestHandler.java:122)
	at com.evermind[Oracle Containers for J2EE 10g (10.1.3.3.0) ].server.http.HttpRequestHandler.run(HttpRequestHandler.java:111)
	at oracle.oc4j.network.ServerSocketReadHandler$SafeRunnable.run(ServerSocketReadHandler.java:260)
	at oracle.oc4j.network.ServerSocketAcceptHandler.procClientSocket(ServerSocketAcceptHandler.java:239)
	at oracle.oc4j.network.ServerSocketAcceptHandler.access$700(ServerSocketAcceptHandler.java:34)
	at oracle.oc4j.network.ServerSocketAcceptHandler$AcceptHandlerHorse.run(ServerSocketAcceptHandler.java:880)
	at com.evermind[Oracle Containers for J2EE 10g (10.1.3.3.0) ].util.ReleasableResourcePooledExecutor$MyWorker.run(ReleasableResourcePooledExecutor.java:303)
	at java.lang.Thread.run(Thread.java:595)
09/06/12 10:40:52.203 10.1.3.3.0 Started
09/06/12 10:41:01.62 OblTrataparametrosWEB: 10.1.3.3.0 Started
09/06/12 10:47:13.328 10.1.3.3.0 Started
09/06/12 10:47:20.796 OblTrataparametrosWEB: 10.1.3.3.0 Started
09/06/12 10:51:44.609 OblTrataparametrosWEB: Servlet error
java.lang.NumberFormatException: For input string: "operadora"
	at java.lang.NumberFormatException.forInputString(NumberFormatException.java:48)
	at java.lang.Integer.parseInt(Integer.java:447)
	at java.lang.Integer.valueOf(Integer.java:526)
	at java.lang.Integer.decode(Integer.java:919)
	at com.br.brasilcap.arq.prm.prmfrmwrk.prmfiltro.PrmFilter.checaValoresLista(PrmFilter.java:188)
	at com.br.brasilcap.arq.prm.prmfrmwrk.prmfiltro.PrmFilter.doFilter(PrmFilter.java:119)
	at com.evermind[Oracle Containers for J2EE 10g (10.1.3.3.0) ].server.http.ServletRequestDispatcher.invoke(ServletRequestDispatcher.java:623)
	at com.evermind[Oracle Containers for J2EE 10g (10.1.3.3.0) ].server.http.ServletRequestDispatcher.forwardInternal(ServletRequestDispatcher.java:370)
	at com.evermind[Oracle Containers for J2EE 10g (10.1.3.3.0) ].server.http.HttpRequestHandler.doProcessRequest(HttpRequestHandler.java:871)
	at com.evermind[Oracle Containers for J2EE 10g (10.1.3.3.0) ].server.http.HttpRequestHandler.processRequest(HttpRequestHandler.java:453)
	at com.evermind[Oracle Containers for J2EE 10g (10.1.3.3.0) ].server.http.HttpRequestHandler.serveOneRequest(HttpRequestHandler.java:221)
	at com.evermind[Oracle Containers for J2EE 10g (10.1.3.3.0) ].server.http.HttpRequestHandler.run(HttpRequestHandler.java:122)
	at com.evermind[Oracle Containers for J2EE 10g (10.1.3.3.0) ].server.http.HttpRequestHandler.run(HttpRequestHandler.java:111)
	at oracle.oc4j.network.ServerSocketReadHandler$SafeRunnable.run(ServerSocketReadHandler.java:260)
	at oracle.oc4j.network.ServerSocketAcceptHandler.procClientSocket(ServerSocketAcceptHandler.java:239)
	at oracle.oc4j.network.ServerSocketAcceptHandler.access$700(ServerSocketAcceptHandler.java:34)
	at oracle.oc4j.network.ServerSocketAcceptHandler$AcceptHandlerHorse.run(ServerSocketAcceptHandler.java:880)
	at com.evermind[Oracle Containers for J2EE 10g (10.1.3.3.0) ].util.ReleasableResourcePooledExecutor$MyWorker.run(ReleasableResourcePooledExecutor.java:303)
	at java.lang.Thread.run(Thread.java:595)
09/06/12 10:54:44.656 OblTrataparametrosWEB: Servlet error
java.lang.NumberFormatException: For input string: "operadora"
	at java.lang.NumberFormatException.forInputString(NumberFormatException.java:48)
	at java.lang.Integer.parseInt(Integer.java:447)
	at java.lang.Integer.valueOf(Integer.java:526)
	at java.lang.Integer.decode(Integer.java:919)
	at com.br.brasilcap.arq.prm.prmfrmwrk.prmfiltro.PrmFilter.checaValoresLista(PrmFilter.java:188)
	at com.br.brasilcap.arq.prm.prmfrmwrk.prmfiltro.PrmFilter.doFilter(PrmFilter.java:119)
	at com.evermind[Oracle Containers for J2EE 10g (10.1.3.3.0) ].server.http.ServletRequestDispatcher.invoke(ServletRequestDispatcher.java:623)
	at com.evermind[Oracle Containers for J2EE 10g (10.1.3.3.0) ].server.http.ServletRequestDispatcher.forwardInternal(ServletRequestDispatcher.java:370)
	at com.evermind[Oracle Containers for J2EE 10g (10.1.3.3.0) ].server.http.HttpRequestHandler.doProcessRequest(HttpRequestHandler.java:871)
	at com.evermind[Oracle Containers for J2EE 10g (10.1.3.3.0) ].server.http.HttpRequestHandler.processRequest(HttpRequestHandler.java:453)
	at com.evermind[Oracle Containers for J2EE 10g (10.1.3.3.0) ].server.http.HttpRequestHandler.serveOneRequest(HttpRequestHandler.java:221)
	at com.evermind[Oracle Containers for J2EE 10g (10.1.3.3.0) ].server.http.HttpRequestHandler.run(HttpRequestHandler.java:122)
	at com.evermind[Oracle Containers for J2EE 10g (10.1.3.3.0) ].server.http.HttpRequestHandler.run(HttpRequestHandler.java:111)
	at oracle.oc4j.network.ServerSocketReadHandler$SafeRunnable.run(ServerSocketReadHandler.java:260)
	at oracle.oc4j.network.ServerSocketAcceptHandler.procClientSocket(ServerSocketAcceptHandler.java:239)
	at oracle.oc4j.network.ServerSocketAcceptHandler.access$700(ServerSocketAcceptHandler.java:34)
	at oracle.oc4j.network.ServerSocketAcceptHandler$AcceptHandlerHorse.run(ServerSocketAcceptHandler.java:880)
	at com.evermind[Oracle Containers for J2EE 10g (10.1.3.3.0) ].util.ReleasableResourcePooledExecutor$MyWorker.run(ReleasableResourcePooledExecutor.java:303)
	at java.lang.Thread.run(Thread.java:595)
09/06/12 11:01:33.296 OblTrataparametrosWEB: Servlet error
java.lang.NumberFormatException: For input string: "operadora"
	at java.lang.NumberFormatException.forInputString(NumberFormatException.java:48)
	at java.lang.Integer.parseInt(Integer.java:447)
	at java.lang.Integer.valueOf(Integer.java:526)
	at java.lang.Integer.decode(Integer.java:919)
	at com.br.brasilcap.arq.prm.prmfrmwrk.prmfiltro.PrmFilter.checaValoresLista(PrmFilter.java:188)
	at com.br.brasilcap.arq.prm.prmfrmwrk.prmfiltro.PrmFilter.doFilter(PrmFilter.java:119)
	at com.evermind[Oracle Containers for J2EE 10g (10.1.3.3.0) ].server.http.ServletRequestDispatcher.invoke(ServletRequestDispatcher.java:623)
	at com.evermind[Oracle Containers for J2EE 10g (10.1.3.3.0) ].server.http.ServletRequestDispatcher.forwardInternal(ServletRequestDispatcher.java:370)
	at com.evermind[Oracle Containers for J2EE 10g (10.1.3.3.0) ].server.http.HttpRequestHandler.doProcessRequest(HttpRequestHandler.java:871)
	at com.evermind[Oracle Containers for J2EE 10g (10.1.3.3.0) ].server.http.HttpRequestHandler.processRequest(HttpRequestHandler.java:453)
	at com.evermind[Oracle Containers for J2EE 10g (10.1.3.3.0) ].server.http.HttpRequestHandler.serveOneRequest(HttpRequestHandler.java:221)
	at com.evermind[Oracle Containers for J2EE 10g (10.1.3.3.0) ].server.http.HttpRequestHandler.run(HttpRequestHandler.java:122)
	at com.evermind[Oracle Containers for J2EE 10g (10.1.3.3.0) ].server.http.HttpRequestHandler.run(HttpRequestHandler.java:111)
	at oracle.oc4j.network.ServerSocketReadHandler$SafeRunnable.run(ServerSocketReadHandler.java:260)
	at oracle.oc4j.network.ServerSocketAcceptHandler.procClientSocket(ServerSocketAcceptHandler.java:239)
	at oracle.oc4j.network.ServerSocketAcceptHandler.access$700(ServerSocketAcceptHandler.java:34)
	at oracle.oc4j.network.ServerSocketAcceptHandler$AcceptHandlerHorse.run(ServerSocketAcceptHandler.java:880)
	at com.evermind[Oracle Containers for J2EE 10g (10.1.3.3.0) ].util.ReleasableResourcePooledExecutor$MyWorker.run(ReleasableResourcePooledExecutor.java:303)
	at java.lang.Thread.run(Thread.java:595)
09/06/12 11:02:35.406 OblTrataparametrosWEB: Servlet error
java.lang.NumberFormatException: For input string: "operadora"
	at java.lang.NumberFormatException.forInputString(NumberFormatException.java:48)
	at java.lang.Integer.parseInt(Integer.java:447)
	at java.lang.Integer.valueOf(Integer.java:526)
	at java.lang.Integer.decode(Integer.java:919)
	at com.br.brasilcap.arq.prm.prmfrmwrk.prmfiltro.PrmFilter.checaValoresLista(PrmFilter.java:188)
	at com.br.brasilcap.arq.prm.prmfrmwrk.prmfiltro.PrmFilter.doFilter(PrmFilter.java:119)
	at com.evermind[Oracle Containers for J2EE 10g (10.1.3.3.0) ].server.http.ServletRequestDispatcher.invoke(ServletRequestDispatcher.java:623)
	at com.evermind[Oracle Containers for J2EE 10g (10.1.3.3.0) ].server.http.ServletRequestDispatcher.forwardInternal(ServletRequestDispatcher.java:370)
	at com.evermind[Oracle Containers for J2EE 10g (10.1.3.3.0) ].server.http.HttpRequestHandler.doProcessRequest(HttpRequestHandler.java:871)
	at com.evermind[Oracle Containers for J2EE 10g (10.1.3.3.0) ].server.http.HttpRequestHandler.processRequest(HttpRequestHandler.java:453)
	at com.evermind[Oracle Containers for J2EE 10g (10.1.3.3.0) ].server.http.HttpRequestHandler.serveOneRequest(HttpRequestHandler.java:221)
	at com.evermind[Oracle Containers for J2EE 10g (10.1.3.3.0) ].server.http.HttpRequestHandler.run(HttpRequestHandler.java:122)
	at com.evermind[Oracle Containers for J2EE 10g (10.1.3.3.0) ].server.http.HttpRequestHandler.run(HttpRequestHandler.java:111)
	at oracle.oc4j.network.ServerSocketReadHandler$SafeRunnable.run(ServerSocketReadHandler.java:260)
	at oracle.oc4j.network.ServerSocketAcceptHandler.procClientSocket(ServerSocketAcceptHandler.java:239)
	at oracle.oc4j.network.ServerSocketAcceptHandler.access$700(ServerSocketAcceptHandler.java:34)
	at oracle.oc4j.network.ServerSocketAcceptHandler$AcceptHandlerHorse.run(ServerSocketAcceptHandler.java:880)
	at com.evermind[Oracle Containers for J2EE 10g (10.1.3.3.0) ].util.ReleasableResourcePooledExecutor$MyWorker.run(ReleasableResourcePooledExecutor.java:303)
	at java.lang.Thread.run(Thread.java:595)
09/06/12 11:54:11.14 10.1.3.3.0 Started
09/06/12 11:54:18.452 OblTrataparametrosWEB: 10.1.3.3.0 Started
09/06/12 12:07:48.310 10.1.3.3.0 Started
09/06/12 12:07:55.857 OblTrataparametrosWEB: 10.1.3.3.0 Started
09/06/12 12:08:52.810 10.1.3.3.0 Started
09/06/12 12:09:00.982 OblTrataparametrosWEB: 10.1.3.3.0 Started
09/06/12 12:09:25.716 OblTrataparametrosWEB: Servlet error
java.lang.NumberFormatException: For input string: "operadora"
	at java.lang.NumberFormatException.forInputString(NumberFormatException.java:48)
	at java.lang.Integer.parseInt(Integer.java:447)
	at java.lang.Integer.valueOf(Integer.java:526)
	at java.lang.Integer.decode(Integer.java:919)
	at com.br.brasilcap.arq.prm.prmfrmwrk.prmfiltro.PrmFilter.checaValoresLista(PrmFilter.java:188)
	at com.br.brasilcap.arq.prm.prmfrmwrk.prmfiltro.PrmFilter.doFilter(PrmFilter.java:119)
	at com.evermind[Oracle Containers for J2EE 10g (10.1.3.3.0) ].server.http.ServletRequestDispatcher.invoke(ServletRequestDispatcher.java:623)
	at com.evermind[Oracle Containers for J2EE 10g (10.1.3.3.0) ].server.http.ServletRequestDispatcher.forwardInternal(ServletRequestDispatcher.java:370)
	at com.evermind[Oracle Containers for J2EE 10g (10.1.3.3.0) ].server.http.HttpRequestHandler.doProcessRequest(HttpRequestHandler.java:871)
	at com.evermind[Oracle Containers for J2EE 10g (10.1.3.3.0) ].server.http.HttpRequestHandler.processRequest(HttpRequestHandler.java:453)
	at com.evermind[Oracle Containers for J2EE 10g (10.1.3.3.0) ].server.http.HttpRequestHandler.serveOneRequest(HttpRequestHandler.java:221)
	at com.evermind[Oracle Containers for J2EE 10g (10.1.3.3.0) ].server.http.HttpRequestHandler.run(HttpRequestHandler.java:122)
	at com.evermind[Oracle Containers for J2EE 10g (10.1.3.3.0) ].server.http.HttpRequestHandler.run(HttpRequestHandler.java:111)
	at oracle.oc4j.network.ServerSocketReadHandler$SafeRunnable.run(ServerSocketReadHandler.java:260)
	at oracle.oc4j.network.ServerSocketAcceptHandler.procClientSocket(ServerSocketAcceptHandler.java:239)
	at oracle.oc4j.network.ServerSocketAcceptHandler.access$700(ServerSocketAcceptHandler.java:34)
	at oracle.oc4j.network.ServerSocketAcceptHandler$AcceptHandlerHorse.run(ServerSocketAcceptHandler.java:880)
	at com.evermind[Oracle Containers for J2EE 10g (10.1.3.3.0) ].util.ReleasableResourcePooledExecutor$MyWorker.run(ReleasableResourcePooledExecutor.java:298)
	at java.lang.Thread.run(Thread.java:595)
09/06/12 12:58:35.513 10.1.3.3.0 Started
09/06/12 12:58:43.466 OblTrataparametrosWEB: 10.1.3.3.0 Started
09/06/12 13:05:33.169 10.1.3.3.0 Started
09/06/12 13:05:40.716 OblTrataparametrosWEB: 10.1.3.3.0 Started
09/06/12 13:07:19.497 10.1.3.3.0 Started
09/06/12 13:07:26.982 OblTrataparametrosWEB: 10.1.3.3.0 Started
09/06/12 13:10:22.615 10.1.3.3.0 Started
09/06/12 13:10:30.240 OblTrataparametrosWEB: 10.1.3.3.0 Started
09/06/12 13:17:17.292 10.1.3.3.0 Started
09/06/12 13:17:25.214 OblTrataparametrosWEB: 10.1.3.3.0 Started
09/06/12 13:20:27.623 10.1.3.3.0 Started
09/06/12 13:20:35.279 OblTrataparametrosWEB: 10.1.3.3.0 Started
09/06/12 15:01:41.164 10.1.3.3.0 Started
09/06/12 15:01:48.476 OblTrataparametrosWEB: 10.1.3.3.0 Started
09/06/12 15:01:54.633 OblTrataparametrosWEB: Servlet error
java.lang.NumberFormatException: For input string: "operadora"
	at java.lang.NumberFormatException.forInputString(NumberFormatException.java:48)
	at java.lang.Integer.parseInt(Integer.java:447)
	at java.lang.Integer.valueOf(Integer.java:526)
	at java.lang.Integer.decode(Integer.java:919)
	at com.br.brasilcap.arq.prm.prmfrmwrk.prmfiltro.PrmFilter.checaValoresLista(PrmFilter.java:188)
	at com.br.brasilcap.arq.prm.prmfrmwrk.prmfiltro.PrmFilter.doFilter(PrmFilter.java:119)
	at com.evermind[Oracle Containers for J2EE 10g (10.1.3.3.0) ].server.http.ServletRequestDispatcher.invoke(ServletRequestDispatcher.java:623)
	at com.evermind[Oracle Containers for J2EE 10g (10.1.3.3.0) ].server.http.ServletRequestDispatcher.forwardInternal(ServletRequestDispatcher.java:370)
	at com.evermind[Oracle Containers for J2EE 10g (10.1.3.3.0) ].server.http.HttpRequestHandler.doProcessRequest(HttpRequestHandler.java:871)
	at com.evermind[Oracle Containers for J2EE 10g (10.1.3.3.0) ].server.http.HttpRequestHandler.processRequest(HttpRequestHandler.java:453)
	at com.evermind[Oracle Containers for J2EE 10g (10.1.3.3.0) ].server.http.HttpRequestHandler.serveOneRequest(HttpRequestHandler.java:221)
	at com.evermind[Oracle Containers for J2EE 10g (10.1.3.3.0) ].server.http.HttpRequestHandler.run(HttpRequestHandler.java:122)
	at com.evermind[Oracle Containers for J2EE 10g (10.1.3.3.0) ].server.http.HttpRequestHandler.run(HttpRequestHandler.java:111)
	at oracle.oc4j.network.ServerSocketReadHandler$SafeRunnable.run(ServerSocketReadHandler.java:260)
	at oracle.oc4j.network.ServerSocketAcceptHandler.procClientSocket(ServerSocketAcceptHandler.java:239)
	at oracle.oc4j.network.ServerSocketAcceptHandler.access$700(ServerSocketAcceptHandler.java:34)
	at oracle.oc4j.network.ServerSocketAcceptHandler$AcceptHandlerHorse.run(ServerSocketAcceptHandler.java:880)
	at com.evermind[Oracle Containers for J2EE 10g (10.1.3.3.0) ].util.ReleasableResourcePooledExecutor$MyWorker.run(ReleasableResourcePooledExecutor.java:298)
	at java.lang.Thread.run(Thread.java:595)
09/06/12 15:03:38.648 10.1.3.3.0 Started
09/06/12 15:03:46.8 OblTrataparametrosWEB: 10.1.3.3.0 Started
09/06/12 15:04:50.461 10.1.3.3.0 Started
09/06/12 15:04:57.804 OblTrataparametrosWEB: 10.1.3.3.0 Started
09/06/12 15:29:47.957 10.1.3.3.0 Started
09/06/12 15:29:55.488 OblTrataparametrosWEB: 10.1.3.3.0 Started
09/06/12 15:36:09.66 10.1.3.3.0 Started
09/06/12 15:36:16.550 OblTrataparametrosWEB: 10.1.3.3.0 Started
09/06/12 15:37:37.238 OblTrataparametrosWEB: Servlet error
java.lang.NumberFormatException: For input string: "operadora"
	at java.lang.NumberFormatException.forInputString(NumberFormatException.java:48)
	at java.lang.Integer.parseInt(Integer.java:447)
	at java.lang.Integer.valueOf(Integer.java:526)
	at java.lang.Integer.decode(Integer.java:919)
	at com.br.brasilcap.arq.prm.prmfrmwrk.prmfiltro.PrmFilter.checaValoresLista(PrmFilter.java:188)
	at com.br.brasilcap.arq.prm.prmfrmwrk.prmfiltro.PrmFilter.doFilter(PrmFilter.java:119)
	at com.evermind[Oracle Containers for J2EE 10g (10.1.3.3.0) ].server.http.ServletRequestDispatcher.invoke(ServletRequestDispatcher.java:623)
	at com.evermind[Oracle Containers for J2EE 10g (10.1.3.3.0) ].server.http.ServletRequestDispatcher.forwardInternal(ServletRequestDispatcher.java:370)
	at com.evermind[Oracle Containers for J2EE 10g (10.1.3.3.0) ].server.http.HttpRequestHandler.doProcessRequest(HttpRequestHandler.java:871)
	at com.evermind[Oracle Containers for J2EE 10g (10.1.3.3.0) ].server.http.HttpRequestHandler.processRequest(HttpRequestHandler.java:453)
	at com.evermind[Oracle Containers for J2EE 10g (10.1.3.3.0) ].server.http.HttpRequestHandler.serveOneRequest(HttpRequestHandler.java:221)
	at com.evermind[Oracle Containers for J2EE 10g (10.1.3.3.0) ].server.http.HttpRequestHandler.run(HttpRequestHandler.java:122)
	at com.evermind[Oracle Containers for J2EE 10g (10.1.3.3.0) ].server.http.HttpRequestHandler.run(HttpRequestHandler.java:111)
	at oracle.oc4j.network.ServerSocketReadHandler$SafeRunnable.run(ServerSocketReadHandler.java:260)
	at oracle.oc4j.network.ServerSocketAcceptHandler.procClientSocket(ServerSocketAcceptHandler.java:239)
	at oracle.oc4j.network.ServerSocketAcceptHandler.access$700(ServerSocketAcceptHandler.java:34)
	at oracle.oc4j.network.ServerSocketAcceptHandler$AcceptHandlerHorse.run(ServerSocketAcceptHandler.java:880)
	at com.evermind[Oracle Containers for J2EE 10g (10.1.3.3.0) ].util.ReleasableResourcePooledExecutor$MyWorker.run(ReleasableResourcePooledExecutor.java:298)
	at java.lang.Thread.run(Thread.java:595)
09/06/12 16:01:58.488 10.1.3.3.0 Started
09/06/12 16:02:06.50 OblTrataparametrosWEB: 10.1.3.3.0 Started
09/06/12 16:04:49.707 10.1.3.3.0 Started
09/06/12 16:04:57.175 OblTrataparametrosWEB: 10.1.3.3.0 Started
09/06/12 16:38:30.457 OblTrataparametrosWEB: Servlet error
java.lang.NumberFormatException: For input string: "operadora"
	at java.lang.NumberFormatException.forInputString(NumberFormatException.java:48)
	at java.lang.Integer.parseInt(Integer.java:447)
	at java.lang.Integer.valueOf(Integer.java:526)
	at java.lang.Integer.decode(Integer.java:919)
	at com.br.brasilcap.arq.prm.prmfrmwrk.prmfiltro.PrmFilter.checaValoresLista(PrmFilter.java:188)
	at com.br.brasilcap.arq.prm.prmfrmwrk.prmfiltro.PrmFilter.doFilter(PrmFilter.java:119)
	at com.evermind[Oracle Containers for J2EE 10g (10.1.3.3.0) ].server.http.ServletRequestDispatcher.invoke(ServletRequestDispatcher.java:623)
	at com.evermind[Oracle Containers for J2EE 10g (10.1.3.3.0) ].server.http.ServletRequestDispatcher.forwardInternal(ServletRequestDispatcher.java:370)
	at com.evermind[Oracle Containers for J2EE 10g (10.1.3.3.0) ].server.http.HttpRequestHandler.doProcessRequest(HttpRequestHandler.java:871)
	at com.evermind[Oracle Containers for J2EE 10g (10.1.3.3.0) ].server.http.HttpRequestHandler.processRequest(HttpRequestHandler.java:453)
	at com.evermind[Oracle Containers for J2EE 10g (10.1.3.3.0) ].server.http.HttpRequestHandler.serveOneRequest(HttpRequestHandler.java:221)
	at com.evermind[Oracle Containers for J2EE 10g (10.1.3.3.0) ].server.http.HttpRequestHandler.run(HttpRequestHandler.java:122)
	at com.evermind[Oracle Containers for J2EE 10g (10.1.3.3.0) ].server.http.HttpRequestHandler.run(HttpRequestHandler.java:111)
	at oracle.oc4j.network.ServerSocketReadHandler$SafeRunnable.run(ServerSocketReadHandler.java:260)
	at oracle.oc4j.network.ServerSocketAcceptHandler.procClientSocket(ServerSocketAcceptHandler.java:239)
	at oracle.oc4j.network.ServerSocketAcceptHandler.access$700(ServerSocketAcceptHandler.java:34)
	at oracle.oc4j.network.ServerSocketAcceptHandler$AcceptHandlerHorse.run(ServerSocketAcceptHandler.java:880)
	at com.evermind[Oracle Containers for J2EE 10g (10.1.3.3.0) ].util.ReleasableResourcePooledExecutor$MyWorker.run(ReleasableResourcePooledExecutor.java:298)
	at java.lang.Thread.run(Thread.java:595)
09/06/12 16:43:22.410 10.1.3.3.0 Started
09/06/12 16:43:29.925 OblTrataparametrosWEB: 10.1.3.3.0 Started
09/06/12 17:08:36.582 10.1.3.3.0 Started
09/06/12 17:08:44.129 OblTrataparametrosWEB: 10.1.3.3.0 Started
09/06/12 17:10:58.826 10.1.3.3.0 Started
09/06/12 17:11:06.374 OblTrataparametrosWEB: 10.1.3.3.0 Started
09/06/12 17:15:20.888 10.1.3.3.0 Started
09/06/12 17:15:28.451 OblTrataparametrosWEB: 10.1.3.3.0 Started
09/06/12 17:15:37.654 OblTrataparametrosWEB: Servlet error
java.lang.NumberFormatException: For input string: "operadora"
	at java.lang.NumberFormatException.forInputString(NumberFormatException.java:48)
	at java.lang.Integer.parseInt(Integer.java:447)
	at java.lang.Integer.valueOf(Integer.java:526)
	at java.lang.Integer.decode(Integer.java:919)
	at com.br.brasilcap.arq.prm.prmfrmwrk.prmfiltro.PrmFilter.checaValoresLista(PrmFilter.java:188)
	at com.br.brasilcap.arq.prm.prmfrmwrk.prmfiltro.PrmFilter.doFilter(PrmFilter.java:119)
	at com.evermind[Oracle Containers for J2EE 10g (10.1.3.3.0) ].server.http.ServletRequestDispatcher.invoke(ServletRequestDispatcher.java:623)
	at com.evermind[Oracle Containers for J2EE 10g (10.1.3.3.0) ].server.http.ServletRequestDispatcher.forwardInternal(ServletRequestDispatcher.java:370)
	at com.evermind[Oracle Containers for J2EE 10g (10.1.3.3.0) ].server.http.HttpRequestHandler.doProcessRequest(HttpRequestHandler.java:871)
	at com.evermind[Oracle Containers for J2EE 10g (10.1.3.3.0) ].server.http.HttpRequestHandler.processRequest(HttpRequestHandler.java:453)
	at com.evermind[Oracle Containers for J2EE 10g (10.1.3.3.0) ].server.http.HttpRequestHandler.serveOneRequest(HttpRequestHandler.java:221)
	at com.evermind[Oracle Containers for J2EE 10g (10.1.3.3.0) ].server.http.HttpRequestHandler.run(HttpRequestHandler.java:122)
	at com.evermind[Oracle Containers for J2EE 10g (10.1.3.3.0) ].server.http.HttpRequestHandler.run(HttpRequestHandler.java:111)
	at oracle.oc4j.network.ServerSocketReadHandler$SafeRunnable.run(ServerSocketReadHandler.java:260)
	at oracle.oc4j.network.ServerSocketAcceptHandler.procClientSocket(ServerSocketAcceptHandler.java:239)
	at oracle.oc4j.network.ServerSocketAcceptHandler.access$700(ServerSocketAcceptHandler.java:34)
	at oracle.oc4j.network.ServerSocketAcceptHandler$AcceptHandlerHorse.run(ServerSocketAcceptHandler.java:880)
	at com.evermind[Oracle Containers for J2EE 10g (10.1.3.3.0) ].util.ReleasableResourcePooledExecutor$MyWorker.run(ReleasableResourcePooledExecutor.java:298)
	at java.lang.Thread.run(Thread.java:595)
09/06/12 17:40:59.194 OblTrataparametrosWEB: Servlet error
java.lang.NumberFormatException: For input string: "operadora"
	at java.lang.NumberFormatException.forInputString(NumberFormatException.java:48)
	at java.lang.Integer.parseInt(Integer.java:447)
	at java.lang.Integer.valueOf(Integer.java:526)
	at java.lang.Integer.decode(Integer.java:919)
	at com.br.brasilcap.arq.prm.prmfrmwrk.prmfiltro.PrmFilter.checaValoresLista(PrmFilter.java:188)
	at com.br.brasilcap.arq.prm.prmfrmwrk.prmfiltro.PrmFilter.doFilter(PrmFilter.java:119)
	at com.evermind[Oracle Containers for J2EE 10g (10.1.3.3.0) ].server.http.ServletRequestDispatcher.invoke(ServletRequestDispatcher.java:623)
	at com.evermind[Oracle Containers for J2EE 10g (10.1.3.3.0) ].server.http.ServletRequestDispatcher.forwardInternal(ServletRequestDispatcher.java:370)
	at com.evermind[Oracle Containers for J2EE 10g (10.1.3.3.0) ].server.http.HttpRequestHandler.doProcessRequest(HttpRequestHandler.java:871)
	at com.evermind[Oracle Containers for J2EE 10g (10.1.3.3.0) ].server.http.HttpRequestHandler.processRequest(HttpRequestHandler.java:453)
	at com.evermind[Oracle Containers for J2EE 10g (10.1.3.3.0) ].server.http.HttpRequestHandler.serveOneRequest(HttpRequestHandler.java:221)
	at com.evermind[Oracle Containers for J2EE 10g (10.1.3.3.0) ].server.http.HttpRequestHandler.run(HttpRequestHandler.java:122)
	at com.evermind[Oracle Containers for J2EE 10g (10.1.3.3.0) ].server.http.HttpRequestHandler.run(HttpRequestHandler.java:111)
	at oracle.oc4j.network.ServerSocketReadHandler$SafeRunnable.run(ServerSocketReadHandler.java:260)
	at oracle.oc4j.network.ServerSocketAcceptHandler.procClientSocket(ServerSocketAcceptHandler.java:239)
	at oracle.oc4j.network.ServerSocketAcceptHandler.access$700(ServerSocketAcceptHandler.java:34)
	at oracle.oc4j.network.ServerSocketAcceptHandler$AcceptHandlerHorse.run(ServerSocketAcceptHandler.java:880)
	at com.evermind[Oracle Containers for J2EE 10g (10.1.3.3.0) ].util.ReleasableResourcePooledExecutor$MyWorker.run(ReleasableResourcePooledExecutor.java:303)
	at java.lang.Thread.run(Thread.java:595)
09/06/12 17:42:33.476 10.1.3.3.0 Started
09/06/12 17:42:40.757 OblTrataparametrosWEB: 10.1.3.3.0 Started
09/06/12 17:42:41.7 OblTrataparametrosWEB: Servlet error
java.lang.NumberFormatException: For input string: "operadora"
	at java.lang.NumberFormatException.forInputString(NumberFormatException.java:48)
	at java.lang.Integer.parseInt(Integer.java:447)
	at java.lang.Integer.valueOf(Integer.java:526)
	at java.lang.Integer.decode(Integer.java:919)
	at com.br.brasilcap.arq.prm.prmfrmwrk.prmfiltro.PrmFilter.checaValoresLista(PrmFilter.java:188)
	at com.br.brasilcap.arq.prm.prmfrmwrk.prmfiltro.PrmFilter.doFilter(PrmFilter.java:119)
	at com.evermind[Oracle Containers for J2EE 10g (10.1.3.3.0) ].server.http.ServletRequestDispatcher.invoke(ServletRequestDispatcher.java:623)
	at com.evermind[Oracle Containers for J2EE 10g (10.1.3.3.0) ].server.http.ServletRequestDispatcher.forwardInternal(ServletRequestDispatcher.java:370)
	at com.evermind[Oracle Containers for J2EE 10g (10.1.3.3.0) ].server.http.HttpRequestHandler.doProcessRequest(HttpRequestHandler.java:871)
	at com.evermind[Oracle Containers for J2EE 10g (10.1.3.3.0) ].server.http.HttpRequestHandler.processRequest(HttpRequestHandler.java:453)
	at com.evermind[Oracle Containers for J2EE 10g (10.1.3.3.0) ].server.http.HttpRequestHandler.serveOneRequest(HttpRequestHandler.java:221)
	at com.evermind[Oracle Containers for J2EE 10g (10.1.3.3.0) ].server.http.HttpRequestHandler.run(HttpRequestHandler.java:122)
	at com.evermind[Oracle Containers for J2EE 10g (10.1.3.3.0) ].server.http.HttpRequestHandler.run(HttpRequestHandler.java:111)
	at oracle.oc4j.network.ServerSocketReadHandler$SafeRunnable.run(ServerSocketReadHandler.java:260)
	at oracle.oc4j.network.ServerSocketAcceptHandler.procClientSocket(ServerSocketAcceptHandler.java:239)
	at oracle.oc4j.network.ServerSocketAcceptHandler.access$700(ServerSocketAcceptHandler.java:34)
	at oracle.oc4j.network.ServerSocketAcceptHandler$AcceptHandlerHorse.run(ServerSocketAcceptHandler.java:880)
	at com.evermind[Oracle Containers for J2EE 10g (10.1.3.3.0) ].util.ReleasableResourcePooledExecutor$MyWorker.run(ReleasableResourcePooledExecutor.java:298)
	at java.lang.Thread.run(Thread.java:595)
09/06/15 10:44:16.640 10.1.3.3.0 Started
09/06/15 10:44:26.234 OblTrataparametrosWEB: 10.1.3.3.0 Started
09/06/15 10:56:23.750 10.1.3.3.0 Started
09/06/15 10:56:31.437 OblTrataparametrosWEB: 10.1.3.3.0 Started
09/06/15 16:16:48.453 10.1.3.3.0 Started
09/06/15 16:17:11.390 OblTrataparametrosWEB: 10.1.3.3.0 Started
09/06/15 16:18:35.593 10.1.3.3.0 Started
09/06/15 16:18:43.718 OblTrataparametrosWEB: 10.1.3.3.0 Started
09/06/15 17:04:32.609 10.1.3.3.0 Started
09/06/15 17:04:43.656 OblTrataparametrosWEB: 10.1.3.3.0 Started
09/06/15 17:08:32.93 10.1.3.3.0 Started
09/06/15 17:08:39.875 OblTrataparametrosWEB: 10.1.3.3.0 Started
09/06/15 17:10:50.359 10.1.3.3.0 Started
09/06/15 17:10:57.921 OblTrataparametrosWEB: 10.1.3.3.0 Started
09/06/15 17:16:10.687 10.1.3.3.0 Started
09/06/15 17:16:18.218 OblTrataparametrosWEB: 10.1.3.3.0 Started
09/06/15 18:37:12.406 10.1.3.3.0 Started
09/06/15 18:37:20.140 OblTrataparametrosWEB: 10.1.3.3.0 Started
09/06/15 18:37:40.156 10.1.3.3.0 Started
09/06/15 18:37:47.750 OblTrataparametrosWEB: 10.1.3.3.0 Started
09/06/15 19:15:26.390 10.1.3.3.0 Started
09/06/15 19:15:34.0 OblTrataparametrosWEB: 10.1.3.3.0 Started
09/06/15 19:26:28.546 10.1.3.3.0 Started
09/06/15 19:26:36.171 OblTrataparametrosWEB: 10.1.3.3.0 Started
09/06/15 19:27:40.765 10.1.3.3.0 Started
09/06/15 19:27:48.265 OblTrataparametrosWEB: 10.1.3.3.0 Started
09/06/15 19:30:20.250 10.1.3.3.0 Started
09/06/15 19:30:27.703 OblTrataparametrosWEB: 10.1.3.3.0 Started
09/06/15 19:32:48.328 OblTrataparametrosWEB: Servlet error
java.lang.NumberFormatException: For input string: "operadora"
	at java.lang.NumberFormatException.forInputString(NumberFormatException.java:48)
	at java.lang.Integer.parseInt(Integer.java:447)
	at java.lang.Integer.valueOf(Integer.java:526)
	at java.lang.Integer.decode(Integer.java:919)
	at com.br.brasilcap.arq.prm.prmfrmwrk.prmfiltro.PrmFilter.checaValoresLista(PrmFilter.java:188)
	at com.br.brasilcap.arq.prm.prmfrmwrk.prmfiltro.PrmFilter.doFilter(PrmFilter.java:119)
	at com.evermind[Oracle Containers for J2EE 10g (10.1.3.3.0) ].server.http.ServletRequestDispatcher.invoke(ServletRequestDispatcher.java:623)
	at com.evermind[Oracle Containers for J2EE 10g (10.1.3.3.0) ].server.http.ServletRequestDispatcher.forwardInternal(ServletRequestDispatcher.java:370)
	at com.evermind[Oracle Containers for J2EE 10g (10.1.3.3.0) ].server.http.HttpRequestHandler.doProcessRequest(HttpRequestHandler.java:871)
	at com.evermind[Oracle Containers for J2EE 10g (10.1.3.3.0) ].server.http.HttpRequestHandler.processRequest(HttpRequestHandler.java:453)
	at com.evermind[Oracle Containers for J2EE 10g (10.1.3.3.0) ].server.http.HttpRequestHandler.serveOneRequest(HttpRequestHandler.java:221)
	at com.evermind[Oracle Containers for J2EE 10g (10.1.3.3.0) ].server.http.HttpRequestHandler.run(HttpRequestHandler.java:122)
	at com.evermind[Oracle Containers for J2EE 10g (10.1.3.3.0) ].server.http.HttpRequestHandler.run(HttpRequestHandler.java:111)
	at oracle.oc4j.network.ServerSocketReadHandler$SafeRunnable.run(ServerSocketReadHandler.java:260)
	at oracle.oc4j.network.ServerSocketAcceptHandler.procClientSocket(ServerSocketAcceptHandler.java:239)
	at oracle.oc4j.network.ServerSocketAcceptHandler.access$700(ServerSocketAcceptHandler.java:34)
	at oracle.oc4j.network.ServerSocketAcceptHandler$AcceptHandlerHorse.run(ServerSocketAcceptHandler.java:880)
	at com.evermind[Oracle Containers for J2EE 10g (10.1.3.3.0) ].util.ReleasableResourcePooledExecutor$MyWorker.run(ReleasableResourcePooledExecutor.java:303)
	at java.lang.Thread.run(Thread.java:595)
09/06/15 19:35:06.281 OblTrataparametrosWEB: Servlet error
java.lang.NumberFormatException: For input string: "operadora"
	at java.lang.NumberFormatException.forInputString(NumberFormatException.java:48)
	at java.lang.Integer.parseInt(Integer.java:447)
	at java.lang.Integer.valueOf(Integer.java:526)
	at java.lang.Integer.decode(Integer.java:919)
	at com.br.brasilcap.arq.prm.prmfrmwrk.prmfiltro.PrmFilter.checaValoresLista(PrmFilter.java:188)
	at com.br.brasilcap.arq.prm.prmfrmwrk.prmfiltro.PrmFilter.doFilter(PrmFilter.java:119)
	at com.evermind[Oracle Containers for J2EE 10g (10.1.3.3.0) ].server.http.ServletRequestDispatcher.invoke(ServletRequestDispatcher.java:623)
	at com.evermind[Oracle Containers for J2EE 10g (10.1.3.3.0) ].server.http.ServletRequestDispatcher.forwardInternal(ServletRequestDispatcher.java:370)
	at com.evermind[Oracle Containers for J2EE 10g (10.1.3.3.0) ].server.http.HttpRequestHandler.doProcessRequest(HttpRequestHandler.java:871)
	at com.evermind[Oracle Containers for J2EE 10g (10.1.3.3.0) ].server.http.HttpRequestHandler.processRequest(HttpRequestHandler.java:453)
	at com.evermind[Oracle Containers for J2EE 10g (10.1.3.3.0) ].server.http.HttpRequestHandler.serveOneRequest(HttpRequestHandler.java:221)
	at com.evermind[Oracle Containers for J2EE 10g (10.1.3.3.0) ].server.http.HttpRequestHandler.run(HttpRequestHandler.java:122)
	at com.evermind[Oracle Containers for J2EE 10g (10.1.3.3.0) ].server.http.HttpRequestHandler.run(HttpRequestHandler.java:111)
	at oracle.oc4j.network.ServerSocketReadHandler$SafeRunnable.run(ServerSocketReadHandler.java:260)
	at oracle.oc4j.network.ServerSocketAcceptHandler.procClientSocket(ServerSocketAcceptHandler.java:239)
	at oracle.oc4j.network.ServerSocketAcceptHandler.access$700(ServerSocketAcceptHandler.java:34)
	at oracle.oc4j.network.ServerSocketAcceptHandler$AcceptHandlerHorse.run(ServerSocketAcceptHandler.java:880)
	at com.evermind[Oracle Containers for J2EE 10g (10.1.3.3.0) ].util.ReleasableResourcePooledExecutor$MyWorker.run(ReleasableResourcePooledExecutor.java:303)
	at java.lang.Thread.run(Thread.java:595)
09/06/15 19:36:06.296 10.1.3.3.0 Started
09/06/15 19:36:13.718 OblTrataparametrosWEB: 10.1.3.3.0 Started
09/06/16 11:29:47.160 10.1.3.3.0 Started
09/06/16 11:29:55.894 OblTrataparametrosWEB: 10.1.3.3.0 Started
09/06/16 11:35:57.332 10.1.3.3.0 Started
09/06/16 11:36:04.957 OblTrataparametrosWEB: 10.1.3.3.0 Started
09/06/16 11:37:24.707 10.1.3.3.0 Started
09/06/16 11:37:32.144 OblTrataparametrosWEB: 10.1.3.3.0 Started
09/06/16 11:44:34.51 10.1.3.3.0 Started
09/06/16 11:44:41.457 OblTrataparametrosWEB: 10.1.3.3.0 Started
09/06/16 11:45:05.676 10.1.3.3.0 Started
09/06/16 11:45:12.988 OblTrataparametrosWEB: 10.1.3.3.0 Started
09/06/16 11:49:39.144 10.1.3.3.0 Started
09/06/16 11:49:46.660 OblTrataparametrosWEB: 10.1.3.3.0 Started
09/06/16 11:59:32.51 10.1.3.3.0 Started
09/06/16 11:59:39.629 OblTrataparametrosWEB: 10.1.3.3.0 Started
09/06/16 12:17:36.598 10.1.3.3.0 Started
09/06/16 12:17:44.129 OblTrataparametrosWEB: 10.1.3.3.0 Started
09/06/16 12:26:05.785 10.1.3.3.0 Started
09/06/16 12:26:13.301 OblTrataparametrosWEB: 10.1.3.3.0 Started
09/06/16 12:29:27.66 10.1.3.3.0 Started
09/06/16 12:29:34.848 OblTrataparametrosWEB: 10.1.3.3.0 Started
09/06/18 11:19:06.399 10.1.3.3.0 Started
09/06/18 11:19:15.539 OblTrataparametrosWEB: 10.1.3.3.0 Started
09/06/18 12:13:11.710 10.1.3.3.0 Started
09/06/18 12:13:19.616 OblTrataparametrosWEB: 10.1.3.3.0 Started
09/06/18 12:16:26.820 10.1.3.3.0 Started
09/06/18 12:16:34.288 OblTrataparametrosWEB: 10.1.3.3.0 Started
09/06/18 12:31:35.554 10.1.3.3.0 Started
09/06/18 12:31:57.960 10.1.3.3.0 Started
09/06/18 12:32:05.554 OblTrataparametrosWEB: 10.1.3.3.0 Started
09/06/18 12:54:58.282 10.1.3.3.0 Started
09/06/18 12:55:26.407 10.1.3.3.0 Started
09/06/18 12:55:34.1 OblTrataparametrosWEB: 10.1.3.3.0 Started
09/06/18 13:08:14.720 10.1.3.3.0 Started
09/06/18 13:08:22.204 OblTrataparametrosWEB: 10.1.3.3.0 Started
09/06/18 17:17:52.334 10.1.3.3.0 Started
09/06/18 17:17:59.912 OblTrataparametrosWEB: 10.1.3.3.0 Started
