!SESSION 2018-10-11 20:17:51.883 -----------------------------------------------
eclipse.buildId=M20080221-1800
java.version=1.8.0_77
java.vendor=Oracle Corporation
BootLoader constants: OS=win32, ARCH=x86, WS=win32, NL=pt_BR
Framework arguments:  org.eclipse.platform -Dosgi.requiredJavaVersion=1.5 -Xms40m -Xmx512m
Command-line arguments:  -os win32 -ws win32 -arch x86 org.eclipse.platform -Dosgi.requiredJavaVersion=1.5 -Xms40m -Xmx512m

!ENTRY org.eclipse.osgi 4 0 2018-10-11 20:18:10.234
!MESSAGE Startup error
!STACK 1
java.lang.NumberFormatException: For input string: ""
	at java.lang.NumberFormatException.forInputString(NumberFormatException.java:65)
	at java.lang.Integer.parseInt(Integer.java:592)
	at java.lang.Integer.parseInt(Integer.java:615)
	at org.eclipse.osgi.storagemanager.StorageManager.updateTable(StorageManager.java:512)
	at org.eclipse.osgi.storagemanager.StorageManager.open(StorageManager.java:702)
	at org.eclipse.osgi.internal.baseadaptor.BaseStorage.initFileManager(BaseStorage.java:162)
	at org.eclipse.osgi.internal.baseadaptor.BaseStorage.initialize(BaseStorage.java:139)
	at org.eclipse.osgi.baseadaptor.BaseAdaptor.initializeStorage(BaseAdaptor.java:124)
	at org.eclipse.osgi.framework.internal.core.Framework.initialize(Framework.java:174)
	at org.eclipse.osgi.framework.internal.core.Framework.<init>(Framework.java:147)
	at org.eclipse.osgi.framework.internal.core.OSGi.createFramework(OSGi.java:90)
	at org.eclipse.osgi.framework.internal.core.OSGi.<init>(OSGi.java:31)
	at org.eclipse.core.runtime.adaptor.EclipseStarter.startup(EclipseStarter.java:283)
	at org.eclipse.core.runtime.adaptor.EclipseStarter.run(EclipseStarter.java:172)
	at sun.reflect.NativeMethodAccessorImpl.invoke0(Native Method)
	at sun.reflect.NativeMethodAccessorImpl.invoke(NativeMethodAccessorImpl.java:62)
	at sun.reflect.DelegatingMethodAccessorImpl.invoke(DelegatingMethodAccessorImpl.java:43)
	at java.lang.reflect.Method.invoke(Method.java:498)
	at org.eclipse.equinox.launcher.Main.invokeFramework(Main.java:508)
	at org.eclipse.equinox.launcher.Main.basicRun(Main.java:447)
	at org.eclipse.equinox.launcher.Main.run(Main.java:1173)
