#
# A fatal error has been detected by the Java Runtime Environment:
#
#  EXCEPTION_ACCESS_VIOLATION (0xc0000005) at pc=0x6d94fff3, pid=9200, tid=2868
#
# JRE version: 6.0_30-b12
# Java VM: Java HotSpot(TM) Client VM (20.5-b03 mixed mode, sharing windows-x86 )
# Problematic frame:
# V  [jvm.dll+0x8fff3]
#
# If you would like to submit a bug report, please visit:
#   http://java.sun.com/webapps/bugreport/crash.jsp
#

---------------  T H R E A D  ---------------

Current thread (0x003bac00):  JavaThread "main" [_thread_in_vm, id=2868, stack(0x00340000,0x00390000)]

siginfo: ExceptionCode=0xc0000005, reading address 0x37afaeb0

Registers:
EAX=0x6daec524, EBX=0x00000012, ECX=0x37afaea8, EDX=0x7a13f7ae
ESP=0x0038efa4, EBP=0x0038efa4, ESI=0x3913d6a4, EDI=0x37afaea8
EIP=0x6d94fff3, EFLAGS=0x00010246

Top of Stack: (sp=0x0038efa4)
0x0038efa4:   0038efc0 6d8e2996 6daec524 00000012
0x0038efb4:   00000012 7a13f7ae 6daec524 0038efe4
0x0038efc4:   6d8e29fc 00000c14 6daec524 00000012
0x0038efd4:   7a13f7ae 6daec524 6daec740 003bac00
0x0038efe4:   0038f074 6d95e065 6daec524 00000012
0x0038eff4:   0038f060 0038f0d0 003bad28 003bac00
0x0038f004:   6dad8af4 003bac00 00000000 00000050
0x0038f014:   00000042 00000000 00000000 0038f050 

Instructions: (pc=0x6d94fff3)
0x6d94ffd3:   75 08 8a 14 31 88 54 08 0a 41 3b cf 7c f4 5e 5b
0x6d94ffe3:   5f 5d c2 0c 00 cc cc cc cc cc cc cc cc 55 8b ec
0x6d94fff3:   0f b7 41 08 3b 45 0c 74 06 32 c0 5d c2 08 00 85
0x6d950003:   c0 53 56 7e 19 8b 75 08 eb 03 8d 49 00 8a 54 30 


Register to memory mapping:

EAX=0x6daec524 is an unknown value
EBX=0x00000012 is an unknown value
ECX=0x37afaea8 is an unallocated location in the heap
EDX=0x7a13f7ae is an unknown value
ESP=0x0038efa4 is pointing into the stack for thread: 0x003bac00
EBP=0x0038efa4 is pointing into the stack for thread: 0x003bac00
ESI=0x3913d6a4 is an unknown value
EDI=0x37afaea8 is an unallocated location in the heap


Stack: [0x00340000,0x00390000],  sp=0x0038efa4,  free space=315k
Native frames: (J=compiled Java code, j=interpreted, Vv=VM code, C=native code)
V  [jvm.dll+0x8fff3]
V  [jvm.dll+0x22996]
V  [jvm.dll+0x229fc]
V  [jvm.dll+0x9e065]
V  [jvm.dll+0xea283]
j  sun.misc.Unsafe.registerNatives()V+0
j  sun.misc.Unsafe.<clinit>()V+0
v  ~StubRoutines::call_stub
V  [jvm.dll+0xfac3b]
V  [jvm.dll+0x18c3a1]
V  [jvm.dll+0xfacbd]
V  [jvm.dll+0x7ddf7]
V  [jvm.dll+0x7ec5e]
V  [jvm.dll+0x7ef49]
V  [jvm.dll+0x7f066]
V  [jvm.dll+0x4d739]
V  [jvm.dll+0x4de9f]
V  [jvm.dll+0x4e070]
V  [jvm.dll+0x4ac71]
j  sun.misc.SharedSecrets.<clinit>()V+0
v  ~StubRoutines::call_stub
V  [jvm.dll+0xfac3b]
V  [jvm.dll+0x18c3a1]
V  [jvm.dll+0xfacbd]
V  [jvm.dll+0x7ddf7]
V  [jvm.dll+0x7ec5e]
V  [jvm.dll+0x7ef49]
V  [jvm.dll+0x7f066]
V  [jvm.dll+0x4d739]
V  [jvm.dll+0x4de9f]
V  [jvm.dll+0x4e070]
V  [jvm.dll+0x4ac71]
j  java.security.AccessControlContext.<clinit>()V+15
v  ~StubRoutines::call_stub
V  [jvm.dll+0xfac3b]
V  [jvm.dll+0x18c3a1]
V  [jvm.dll+0xfacbd]
V  [jvm.dll+0x7ddf7]
V  [jvm.dll+0x7ec5e]
V  [jvm.dll+0x7ef49]
V  [jvm.dll+0x7f066]
V  [jvm.dll+0x1ef47]
V  [jvm.dll+0xbb96e]
j  java.security.AccessController.getStackAccessControlContext()Ljava/security/AccessControlContext;+0
j  java.security.AccessController.getContext()Ljava/security/AccessControlContext;+0
j  java.lang.Thread.init(Ljava/lang/ThreadGroup;Ljava/lang/Runnable;Ljava/lang/String;J)V+135
j  java.lang.Thread.<init>(Ljava/lang/ThreadGroup;Ljava/lang/String;)V+45
v  ~StubRoutines::call_stub
V  [jvm.dll+0xfac3b]
V  [jvm.dll+0x18c3a1]
V  [jvm.dll+0xfaf7a]
V  [jvm.dll+0xfb0ae]
V  [jvm.dll+0x11549d]
V  [jvm.dll+0x118948]
V  [jvm.dll+0x9eb60]
C  [javaw.exe+0x1657]
C  [javaw.exe+0x1e2c]
C  [javaw.exe+0x8614]
C  [kernel32.dll+0x51114]  BaseThreadInitThunk+0x12
C  [ntdll.dll+0x5b299]  RtlInitializeExceptionChain+0x63
C  [ntdll.dll+0x5b26c]  RtlInitializeExceptionChain+0x36

Java frames: (J=compiled Java code, j=interpreted, Vv=VM code)
j  sun.misc.Unsafe.registerNatives()V+0
j  sun.misc.Unsafe.<clinit>()V+0
v  ~StubRoutines::call_stub
j  sun.misc.SharedSecrets.<clinit>()V+0
v  ~StubRoutines::call_stub
j  java.security.AccessControlContext.<clinit>()V+15
v  ~StubRoutines::call_stub
j  java.security.AccessController.getStackAccessControlContext()Ljava/security/AccessControlContext;+0
j  java.security.AccessController.getContext()Ljava/security/AccessControlContext;+0
j  java.lang.Thread.init(Ljava/lang/ThreadGroup;Ljava/lang/Runnable;Ljava/lang/String;J)V+135
j  java.lang.Thread.<init>(Ljava/lang/ThreadGroup;Ljava/lang/String;)V+45
v  ~StubRoutines::call_stub

---------------  P R O C E S S  ---------------

Java Threads: ( => current thread )
=>0x003bac00 JavaThread "main" [_thread_in_vm, id=2868, stack(0x00340000,0x00390000)]

Other Threads:
  0x019c1c00 VMThread [stack: 0x03b40000,0x03b90000] [id=3220]

VM state:not at safepoint (normal execution)

VM Mutex/Monitor currently owned by a thread: None

Heap
 def new generation   total 4928K, used 88K [0x23b10000, 0x24060000, 0x29060000)
  eden space 4416K,   2% used [0x23b10000, 0x23b26160, 0x23f60000)
  from space 512K,   0% used [0x23f60000, 0x23f60000, 0x23fe0000)
  to   space 512K,   0% used [0x23fe0000, 0x23fe0000, 0x24060000)
 tenured generation   total 10944K, used 0K [0x29060000, 0x29b10000, 0x33b10000)
   the space 10944K,   0% used [0x29060000, 0x29060000, 0x29060200, 0x29b10000)
 compacting perm gen  total 12288K, used 7K [0x33b10000, 0x34710000, 0x37b10000)
   the space 12288K,   0% used [0x33b10000, 0x33b11e48, 0x33b12000, 0x34710000)
    ro space 10240K,  54% used [0x37b10000, 0x3808e4a8, 0x3808e600, 0x38510000)
    rw space 12288K,  55% used [0x38510000, 0x38bb22a0, 0x38bb2400, 0x39110000)

Code Cache  [0x01a90000, 0x01ad8000, 0x03a90000)
 total_blobs=64 nmethods=0 adapters=41 free_code_cache=33272192 largest_free_block=128

Dynamic libraries:
0x00400000 - 0x00425000 	C:\JDK\jdk1.6.0_30\bin\javaw.exe
0x77070000 - 0x771ac000 	C:\Windows\SYSTEM32\ntdll.dll
0x757b0000 - 0x75884000 	C:\Windows\system32\kernel32.dll
0x75450000 - 0x7549a000 	C:\Windows\system32\KERNELBASE.dll
0x75710000 - 0x757b0000 	C:\Windows\system32\ADVAPI32.dll
0x76b60000 - 0x76c0c000 	C:\Windows\system32\msvcrt.dll
0x76c40000 - 0x76c59000 	C:\Windows\SYSTEM32\sechost.dll
0x76fc0000 - 0x77061000 	C:\Windows\system32\RPCRT4.dll
0x76e90000 - 0x76f59000 	C:\Windows\system32\USER32.dll
0x756c0000 - 0x7570e000 	C:\Windows\system32\GDI32.dll
0x771d0000 - 0x771da000 	C:\Windows\system32\LPK.dll
0x759b0000 - 0x75a4d000 	C:\Windows\system32\USP10.dll
0x769a0000 - 0x769bf000 	C:\Windows\system32\IMM32.DLL
0x75a50000 - 0x75b1c000 	C:\Windows\system32\MSCTF.dll
0x7c340000 - 0x7c396000 	C:\JDK\jdk1.6.0_30\jre\bin\msvcr71.dll
0x6d8c0000 - 0x6db6f000 	C:\JDK\jdk1.6.0_30\jre\bin\client\jvm.dll
0x733e0000 - 0x73412000 	C:\Windows\system32\WINMM.dll
0x75130000 - 0x7517b000 	C:\Windows\system32\apphelp.dll
0x6d870000 - 0x6d87c000 	C:\JDK\jdk1.6.0_30\jre\bin\verify.dll
0x6d3d0000 - 0x6d3ef000 	C:\JDK\jdk1.6.0_30\jre\bin\java.dll
0x6d8b0000 - 0x6d8bf000 	C:\JDK\jdk1.6.0_30\jre\bin\zip.dll
0x771e0000 - 0x771e5000 	C:\Windows\system32\PSAPI.DLL

VM Arguments:
jvm_args: -Dant.home=C:\GeradorJava\jet\eclipse\plugins\org.apache.ant_1.7.0.v200706080842 -Dant.library.dir=C:\GeradorJava\jet\eclipse\plugins\org.apache.ant_1.7.0.v200706080842\lib -Djava.library.path=C:\GeradorJava\jet\eclipse;C:\Windows\Sun\Java\bin;C:\Windows\system32;C:\Windows;C:\Program Files\Java\jre6\bin\client;C:\Program Files\Java\jre6\bin;C:\Program Files\Common Files\Microsoft Shared\Windows Live;C:\Windows\system32;C:\Windows;C:\Windows\System32\Wbem;C:\Windows\System32\WindowsPowerShell\v1.0\;C:\Program Files\Microsoft\Web Platform Installer\;c:\Program Files\Microsoft ASP.NET\ASP.NET Web Pages\v1.0\;C:\Program Files\Windows Live\Shared;C:\Android-SDK - Old\platform-tools;.;C:\GeradorJava\jet\eclipse\configuration\org.eclipse.osgi\bundles\334\1\.cp 
java_command: org.eclipse.ant.internal.ui.antsupport.InternalAntRunner -Dorg.eclipse.ant.core.ANT_PROCESS_ID=1351374447334 -Declipse.connect.port=56871 -Declipse.pdebuild.home=/C:/GeradorJava/jet/eclipse/plugins/org.eclipse.pde.build_3.3.2.v20071019/./ -Declipse.pdebuild.scripts=/C:/GeradorJava/jet/eclipse/plugins/org.eclipse.pde.build_3.3.2.v20071019/scripts/ -Declipse.pdebuild.templates=/C:/GeradorJava/jet/eclipse/plugins/org.eclipse.pde.build_3.3.2.v20071019/templates/ -Dant.home=C:\GeradorJava\jet\eclipse\plugins\org.apache.ant_1.7.0.v200706080842 -logger org.eclipse.ant.internal.ui.antsupport.logger.RemoteAntBuildLogger -inputhandler org.eclipse.ant.internal.ui.antsupport.inputhandler.ProxyInputHandler -buildfile C:\GeradorJava\jet\WorkspaceEMF\GeradorJavaTemplate\build.xml
Launcher Type: SUN_STANDARD

Environment Variables:
JAVA_HOME=C:\JDK\jdk1.6.0_30
PATH=C:\Program Files\Java\jre6\bin\client;C:\Program Files\Java\jre6\bin;C:\Program Files\Common Files\Microsoft Shared\Windows Live;C:\Windows\system32;C:\Windows;C:\Windows\System32\Wbem;C:\Windows\System32\WindowsPowerShell\v1.0\;C:\Program Files\Microsoft\Web Platform Installer\;c:\Program Files\Microsoft ASP.NET\ASP.NET Web Pages\v1.0\;C:\Program Files\Windows Live\Shared;C:\Android-SDK - Old\platform-tools
USERNAME=Paulo
OS=Windows_NT
PROCESSOR_IDENTIFIER=x86 Family 6 Model 23 Stepping 10, GenuineIntel



---------------  S Y S T E M  ---------------

OS: Windows 7 Build 7600 

CPU:total 2 (2 cores per cpu, 1 threads per core) family 6 model 23 stepping 10, cmov, cx8, fxsr, mmx, sse, sse2, sse3, ssse3

Memory: 4k page, physical 3135672k(991812k free), swap 6269580k(3363872k free)

vm_info: Java HotSpot(TM) Client VM (20.5-b03) for windows-x86 JRE (1.6.0_30-b12), built on Nov 10 2011 01:51:00 by "java_re" with MS VC++ 7.1 (VS2003)

time: Sat Oct 27 19:47:27 2012
elapsed time: 0 seconds

