#
# A fatal error has been detected by the Java Runtime Environment:
#
#  EXCEPTION_ACCESS_VIOLATION (0xc0000005) at pc=0x6d8cdd89, pid=19756, tid=6640
#
# JRE version: 6.0_30-b12
# Java VM: Java HotSpot(TM) Client VM (20.5-b03 mixed mode, sharing windows-x86 )
# Problematic frame:
# V  [jvm.dll+0xdd89]
#
# If you would like to submit a bug report, please visit:
#   http://java.sun.com/webapps/bugreport/crash.jsp
#

---------------  T H R E A D  ---------------

Current thread (0x01232000):  VMThread [stack: 0x01b90000,0x01be0000] [id=6640]

siginfo: ExceptionCode=0xc0000005, reading address 0x0000000c

Registers:
EAX=0x00000008, EBX=0x33d950c8, ECX=0x23b19080, EDX=0x00000008
ESP=0x01bdf900, EBP=0x01bdf904, ESI=0x23b19080, EDI=0x01211fe8
EIP=0x6d8cdd89, EFLAGS=0x00010202

Top of Stack: (sp=0x01bdf900)
0x01bdf900:   23b19080 01bdf924 6d91a91f 00000008
0x01bdf910:   01bdfa54 2405b29c 33d950c8 01211fe8
0x01bdf920:   00000010 01bdf944 6d93ace1 23b19080
0x01bdf930:   2405fff8 2405b290 01bdfa54 33d950d0
0x01bdf940:   33d94f78 01bdf964 6d927a48 2405b290
0x01bdf950:   2405b2a8 01211fe8 01bdfa54 00000000
0x01bdf960:   01c0f008 01bdf978 6d91968d 01bdfa54
0x01bdf970:   01c0ee70 00000000 01bdf98c 6d91ecda 

Instructions: (pc=0x6d8cdd89)
0x6d8cdd69:   30 8b c1 c1 e9 02 f3 a5 8b c8 83 e1 03 f3 a4 5f
0x6d8cdd79:   5e 5d c2 04 00 cc cc 55 8b ec 8b 55 08 56 8b f1
0x6d8cdd89:   8b 4a 04 8b c1 c1 f8 02 85 c9 89 4d 08 7f 35 7d
0x6d8cdd99:   2b 8b 76 08 8b 45 08 8b 15 3c 0c b3 6d 83 e1 3f 


Register to memory mapping:

EAX=0x00000008 is an unknown value
EBX=0x33d950c8 is an oop
{instance class} 
 - klass: {other class}
ECX=0x23b19080 is an oop
[C 
 - klass: {type array char}
 - length: 16
EDX=0x00000008 is an unknown value
ESP=0x01bdf900 is an unknown value
EBP=0x01bdf904 is an unknown value
ESI=0x23b19080 is an oop
[C 
 - klass: {type array char}
 - length: 16
EDI=0x01211fe8 is an unknown value


Stack: [0x01b90000,0x01be0000],  sp=0x01bdf900,  free space=318k
Native frames: (J=compiled Java code, j=interpreted, Vv=VM code, C=native code)
V  [jvm.dll+0xdd89]
V  [jvm.dll+0x5a91f]
V  [jvm.dll+0x7ace1]
V  [jvm.dll+0x67a48]
V  [jvm.dll+0x5968d]
V  [jvm.dll+0x5ecda]
V  [jvm.dll+0x59ac7]
V  [jvm.dll+0x5fcf8]
V  [jvm.dll+0x5799b]
V  [jvm.dll+0x13afe7]
V  [jvm.dll+0x11d8d3]
V  [jvm.dll+0x11cb9e]
V  [jvm.dll+0x11cec2]
V  [jvm.dll+0x11d2d2]
V  [jvm.dll+0x140ffc]
C  [msvcr71.dll+0x9565]  endthreadex+0xa0
C  [kernel32.dll+0x51154]  BaseThreadInitThunk+0x12
C  [ntdll.dll+0x5b299]  RtlInitializeExceptionChain+0x63
C  [ntdll.dll+0x5b26c]  RtlInitializeExceptionChain+0x36

VM_Operation (0x011fd924): GenCollectForAllocation, mode: safepoint, requested by thread 0x01c0b000


---------------  P R O C E S S  ---------------

Java Threads: ( => current thread )
  0x0129d000 JavaThread "Low Memory Detector" daemon [_thread_blocked, id=23916, stack(0x03da0000,0x03df0000)]
  0x01281000 JavaThread "C1 CompilerThread0" daemon [_thread_blocked, id=22496, stack(0x03d50000,0x03da0000)]
  0x0127e400 JavaThread "Attach Listener" daemon [_thread_blocked, id=23988, stack(0x03d00000,0x03d50000)]
  0x0127b400 JavaThread "Signal Dispatcher" daemon [_thread_blocked, id=12248, stack(0x03cb0000,0x03d00000)]
  0x01270400 JavaThread "Finalizer" daemon [_thread_blocked, id=7016, stack(0x03c60000,0x03cb0000)]
  0x0126ec00 JavaThread "Reference Handler" daemon [_thread_blocked, id=6700, stack(0x03c10000,0x03c60000)]
  0x01c0b000 JavaThread "main" [_thread_blocked, id=22192, stack(0x011b0000,0x01200000)]

Other Threads:
=>0x01232000 VMThread [stack: 0x01b90000,0x01be0000] [id=6640]
  0x012a5c00 WatcherThread [stack: 0x03df0000,0x03e40000] [id=9972]

VM state:at safepoint (normal execution)

VM Mutex/Monitor currently owned by a thread:  ([mutex/lock_event])
[0x01c09128] Threads_lock - owner thread: 0x01232000
[0x01c09538] Heap_lock - owner thread: 0x01c0b000

Heap
 def new generation   total 4928K, used 4567K [0x23b10000, 0x24060000, 0x29060000)
  eden space 4416K, 100% used [0x23b10000, 0x23f60000, 0x23f60000)
  from space 512K,  29% used [0x23f60000, 0x23f85f40, 0x23fe0000)
  to   space 512K,  99% used [0x23fe0000, 0x2405fff8, 0x24060000)
 tenured generation   total 10944K, used 630K [0x29060000, 0x29b10000, 0x33b10000)
   the space 10944K,   5% used [0x29060000, 0x290fda68, 0x290fdc00, 0x29b10000)
 compacting perm gen  total 12288K, used 2687K [0x33b10000, 0x34710000, 0x37b10000)
   the space 12288K,  21% used [0x33b10000, 0x33dafde8, 0x33dafe00, 0x34710000)
    ro space 10240K,  54% used [0x37b10000, 0x3808e4a8, 0x3808e600, 0x38510000)
    rw space 12288K,  55% used [0x38510000, 0x38bb22a0, 0x38bb2400, 0x39110000)

Code Cache  [0x01c10000, 0x01cd0000, 0x03c10000)
 total_blobs=313 nmethods=176 adapters=73 free_code_cache=32777152 largest_free_block=0

Dynamic libraries:
0x00400000 - 0x00425000 	C:\JDK\jdk1.6.0_30\bin\javaw.exe
0x76e20000 - 0x76f5c000 	C:\Windows\SYSTEM32\ntdll.dll
0x767a0000 - 0x76874000 	C:\Windows\system32\kernel32.dll
0x75030000 - 0x7507b000 	C:\Windows\system32\KERNELBASE.dll
0x75730000 - 0x757d0000 	C:\Windows\system32\ADVAPI32.dll
0x76bf0000 - 0x76c9c000 	C:\Windows\system32\msvcrt.dll
0x76d50000 - 0x76d69000 	C:\Windows\SYSTEM32\sechost.dll
0x76d70000 - 0x76e11000 	C:\Windows\system32\RPCRT4.dll
0x766d0000 - 0x76799000 	C:\Windows\system32\USER32.dll
0x75380000 - 0x753ce000 	C:\Windows\system32\GDI32.dll
0x76f60000 - 0x76f6a000 	C:\Windows\system32\LPK.dll
0x752b0000 - 0x7534d000 	C:\Windows\system32\USP10.dll
0x758f0000 - 0x7590f000 	C:\Windows\system32\IMM32.DLL
0x76570000 - 0x7663c000 	C:\Windows\system32\MSCTF.dll
0x7c340000 - 0x7c396000 	C:\JDK\jdk1.6.0_30\jre\bin\msvcr71.dll
0x6d8c0000 - 0x6db6f000 	C:\JDK\jdk1.6.0_30\jre\bin\client\jvm.dll
0x72a70000 - 0x72aa2000 	C:\Windows\system32\WINMM.dll
0x74eb0000 - 0x74efb000 	C:\Windows\system32\apphelp.dll
0x6d870000 - 0x6d87c000 	C:\JDK\jdk1.6.0_30\jre\bin\verify.dll
0x6d3d0000 - 0x6d3ef000 	C:\JDK\jdk1.6.0_30\jre\bin\java.dll
0x6d8b0000 - 0x6d8bf000 	C:\JDK\jdk1.6.0_30\jre\bin\zip.dll
0x6d6b0000 - 0x6d6c3000 	C:\JDK\jdk1.6.0_30\jre\bin\net.dll
0x76f70000 - 0x76fa5000 	C:\Windows\system32\WS2_32.dll
0x76be0000 - 0x76be6000 	C:\Windows\system32\NSI.dll
0x749f0000 - 0x74a2c000 	C:\Windows\system32\mswsock.dll
0x749e0000 - 0x749e6000 	C:\Windows\System32\wship6.dll
0x74500000 - 0x74505000 	C:\Windows\System32\wshtcpip.dll
0x76fb0000 - 0x76fb5000 	C:\Windows\system32\PSAPI.DLL

VM Arguments:
jvm_args: -Dant.home=C:\GeradorJava\jet\eclipse\plugins\org.apache.ant_1.7.0.v200706080842 -Dant.library.dir=C:\GeradorJava\jet\eclipse\plugins\org.apache.ant_1.7.0.v200706080842\lib -Djava.library.path=C:\GeradorJava\jet\eclipse;C:\Windows\Sun\Java\bin;C:\Windows\system32;C:\Windows;C:\Program Files\Java\jre7\bin\client;C:\Program Files\Java\jre7\bin;C:\Program Files\Common Files\Microsoft Shared\Windows Live;C:\Windows\system32;C:\Windows;C:\Windows\System32\Wbem;C:\Windows\System32\WindowsPowerShell\v1.0\;C:\Program Files\Microsoft\Web Platform Installer\;c:\Program Files\Microsoft ASP.NET\ASP.NET Web Pages\v1.0\;C:\Android-SDK - Old\platform-tools;C:\Program Files\Windows Live\Shared;C:\Program Files\Microsoft SQL Server\110\Tools\Binn\;.;C:\GeradorJava\jet\eclipse\configuration\org.eclipse.osgi\bundles\334\1\.cp 
java_command: org.eclipse.ant.internal.ui.antsupport.InternalAntRunner -Dorg.eclipse.ant.core.ANT_PROCESS_ID=1355964519489 -Declipse.connect.port=56917 -Declipse.pdebuild.home=/C:/GeradorJava/jet/eclipse/plugins/org.eclipse.pde.build_3.3.2.v20071019/./ -Declipse.pdebuild.scripts=/C:/GeradorJava/jet/eclipse/plugins/org.eclipse.pde.build_3.3.2.v20071019/scripts/ -Declipse.pdebuild.templates=/C:/GeradorJava/jet/eclipse/plugins/org.eclipse.pde.build_3.3.2.v20071019/templates/ -Dant.home=C:\GeradorJava\jet\eclipse\plugins\org.apache.ant_1.7.0.v200706080842 -logger org.eclipse.ant.internal.ui.antsupport.logger.RemoteAntBuildLogger -inputhandler org.eclipse.ant.internal.ui.antsupport.inputhandler.ProxyInputHandler -buildfile C:\GeradorJava\jet\WorkspaceEMF\GeradorJavaTemplate\build.xml
Launcher Type: SUN_STANDARD

Environment Variables:
JAVA_HOME=C:\JDK\jdk1.6.0_30
PATH=C:\Program Files\Java\jre7\bin\client;C:\Program Files\Java\jre7\bin;C:\Program Files\Common Files\Microsoft Shared\Windows Live;C:\Windows\system32;C:\Windows;C:\Windows\System32\Wbem;C:\Windows\System32\WindowsPowerShell\v1.0\;C:\Program Files\Microsoft\Web Platform Installer\;c:\Program Files\Microsoft ASP.NET\ASP.NET Web Pages\v1.0\;C:\Android-SDK - Old\platform-tools;C:\Program Files\Windows Live\Shared;C:\Program Files\Microsoft SQL Server\110\Tools\Binn\
USERNAME=Paulo
OS=Windows_NT
PROCESSOR_IDENTIFIER=x86 Family 6 Model 23 Stepping 10, GenuineIntel



---------------  S Y S T E M  ---------------

OS: Windows 7 Build 7600 

CPU:total 2 (2 cores per cpu, 1 threads per core) family 6 model 23 stepping 10, cmov, cx8, fxsr, mmx, sse, sse2, sse3, ssse3

Memory: 4k page, physical 3135672k(1238744k free), swap 6269580k(3773352k free)

vm_info: Java HotSpot(TM) Client VM (20.5-b03) for windows-x86 JRE (1.6.0_30-b12), built on Nov 10 2011 01:51:00 by "java_re" with MS VC++ 7.1 (VS2003)

time: Wed Dec 19 22:48:40 2012
elapsed time: 0 seconds

